17/03/16 12:13:58 WARN util.NativeCodeLoader: Unable to load native-hadoop library for your platform... using builtin-java classes where applicable
17/03/16 12:13:59 INFO fs.TrashPolicyDefault: Namenode trash configuration: Deletion interval = 0 minutes, Emptier interval = 0 minutes.
Deleted sahad-output/miami/miami-u-e-8/40threads/1
use Local MultiThread? true
set Number of Map Tasks = 8
set number of threads: 40
17/03/16 12:14:00 WARN util.NativeCodeLoader: Unable to load native-hadoop library for your platform... using builtin-java classes where applicable
Get map collective runner
17/03/16 12:14:01 INFO client.RMProxy: Connecting to ResourceManager at j-011/172.16.0.11:8032
17/03/16 12:14:01 INFO input.FileInputFormat: Total input paths to process : 8
17/03/16 12:14:01 INFO fileformat.MultiFileInputFormat: NUMBER OF FILES: 8
17/03/16 12:14:01 INFO fileformat.MultiFileInputFormat: NUMBER OF MAPS: 8
17/03/16 12:14:01 INFO fileformat.MultiFileInputFormat: Split on host: j-066.juliet.futuresystems.org j-056.juliet.futuresystems.org j-062.juliet.futuresystems.org 
17/03/16 12:14:01 INFO fileformat.MultiFileInputFormat: Split on host: j-059.juliet.futuresystems.org j-012.juliet.futuresystems.org j-065.juliet.futuresystems.org 
17/03/16 12:14:01 INFO fileformat.MultiFileInputFormat: Split on host: j-012.juliet.futuresystems.org j-058.juliet.futuresystems.org j-054.juliet.futuresystems.org 
17/03/16 12:14:01 INFO fileformat.MultiFileInputFormat: Split on host: j-053.juliet.futuresystems.org j-065.juliet.futuresystems.org j-058.juliet.futuresystems.org 
17/03/16 12:14:01 INFO fileformat.MultiFileInputFormat: Split on host: j-066.juliet.futuresystems.org j-057.juliet.futuresystems.org j-055.juliet.futuresystems.org 
17/03/16 12:14:01 INFO fileformat.MultiFileInputFormat: Split on host: j-066.juliet.futuresystems.org j-059.juliet.futuresystems.org j-013.juliet.futuresystems.org 
17/03/16 12:14:01 INFO fileformat.MultiFileInputFormat: Split on host: j-056.juliet.futuresystems.org j-012.juliet.futuresystems.org j-060.juliet.futuresystems.org 
17/03/16 12:14:01 INFO fileformat.MultiFileInputFormat: Split on host: j-061.juliet.futuresystems.org j-057.juliet.futuresystems.org j-062.juliet.futuresystems.org 
17/03/16 12:14:01 INFO fileformat.MultiFileInputFormat: Total # of splits: 8
17/03/16 12:14:01 INFO mapreduce.JobSubmitter: number of splits:8
17/03/16 12:14:01 INFO mapreduce.JobSubmitter: Submitting tokens for job: job_1489165733656_0222
command: $JAVA_HOME/bin/java -Dlog4j.configuration=container-log4j.properties -Dyarn.app.container.log.dir=<LOG_DIR> -Dyarn.app.container.log.filesize=0 -Dhadoop.root.logger=INFO,CLA  -Xmx1024m org.apache.hadoop.mapreduce.v2.app.MapCollectiveAppMaster 1><LOG_DIR>/stdout 2><LOG_DIR>/stderr 
17/03/16 12:14:02 INFO impl.YarnClientImpl: Submitted application application_1489165733656_0222
17/03/16 12:14:02 INFO mapreduce.Job: The url to track the job: http://j-011:8088/proxy/application_1489165733656_0222/
17/03/16 12:14:02 INFO mapreduce.Job: Running job: job_1489165733656_0222
17/03/16 12:14:07 INFO mapreduce.Job: Job job_1489165733656_0222 running in uber mode : false
17/03/16 12:14:07 INFO mapreduce.Job:  map 0% reduce 0%
17/03/16 12:14:17 INFO mapreduce.Job:  map 75% reduce 0%
17/03/16 12:14:18 INFO mapreduce.Job:  map 100% reduce 0%
17/03/16 12:16:09 INFO mapreduce.Job: Job job_1489165733656_0222 completed successfully
17/03/16 12:16:09 INFO mapreduce.Job: Counters: 30
	File System Counters
		FILE: Number of bytes read=0
		FILE: Number of bytes written=850616
		FILE: Number of read operations=0
		FILE: Number of large read operations=0
		FILE: Number of write operations=0
		HDFS: Number of bytes read=775113045
		HDFS: Number of bytes written=22
		HDFS: Number of read operations=64
		HDFS: Number of large read operations=0
		HDFS: Number of write operations=16
	Job Counters 
		Launched map tasks=8
		Other local map tasks=8
		Total time spent by all maps in occupied slots (ms)=952038
		Total time spent by all reduces in occupied slots (ms)=0
		Total time spent by all map tasks (ms)=952038
		Total vcore-seconds taken by all map tasks=952038
		Total megabyte-seconds taken by all map tasks=974886912
	Map-Reduce Framework
		Map input records=8
		Map output records=1
		Input split bytes=864
		Spilled Records=0
		Failed Shuffles=0
		Merged Map outputs=0
		GC time elapsed (ms)=13479
		CPU time spent (ms)=2298240
		Physical memory (bytes) snapshot=111764750336
		Virtual memory (bytes) snapshot=649208500224
		Total committed heap usage (bytes)=592705486848
	File Input Format Counters 
		Bytes Read=0
	File Output Format Counters 
		Bytes Written=22
129895ms
17/03/16 12:16:11 WARN util.NativeCodeLoader: Unable to load native-hadoop library for your platform... using builtin-java classes where applicable
finalCount	3749578902
[The 1 times] Above experiment is: ./runHarpSgcr.sh /N/u/mengli/harp-sahad/experiments/template/u3-1.t sahad-data/miami/miami-u-e-8 sahad-output/miami/miami-u-e-8/40threads/1 8 40
17/03/16 12:16:12 WARN util.NativeCodeLoader: Unable to load native-hadoop library for your platform... using builtin-java classes where applicable
17/03/16 12:16:13 INFO fs.TrashPolicyDefault: Namenode trash configuration: Deletion interval = 0 minutes, Emptier interval = 0 minutes.
Deleted sahad-output/miami/miami-u-e-8/40threads/1
use Local MultiThread? true
set Number of Map Tasks = 8
set number of threads: 40
17/03/16 12:16:14 WARN util.NativeCodeLoader: Unable to load native-hadoop library for your platform... using builtin-java classes where applicable
Get map collective runner
17/03/16 12:16:14 INFO client.RMProxy: Connecting to ResourceManager at j-011/172.16.0.11:8032
17/03/16 12:16:15 INFO input.FileInputFormat: Total input paths to process : 8
17/03/16 12:16:15 INFO fileformat.MultiFileInputFormat: NUMBER OF FILES: 8
17/03/16 12:16:15 INFO fileformat.MultiFileInputFormat: NUMBER OF MAPS: 8
17/03/16 12:16:15 INFO fileformat.MultiFileInputFormat: Split on host: j-056.juliet.futuresystems.org j-066.juliet.futuresystems.org j-062.juliet.futuresystems.org 
17/03/16 12:16:15 INFO fileformat.MultiFileInputFormat: Split on host: j-059.juliet.futuresystems.org j-012.juliet.futuresystems.org j-065.juliet.futuresystems.org 
17/03/16 12:16:15 INFO fileformat.MultiFileInputFormat: Split on host: j-012.juliet.futuresystems.org j-058.juliet.futuresystems.org j-054.juliet.futuresystems.org 
17/03/16 12:16:15 INFO fileformat.MultiFileInputFormat: Split on host: j-053.juliet.futuresystems.org j-065.juliet.futuresystems.org j-058.juliet.futuresystems.org 
17/03/16 12:16:15 INFO fileformat.MultiFileInputFormat: Split on host: j-066.juliet.futuresystems.org j-057.juliet.futuresystems.org j-055.juliet.futuresystems.org 
17/03/16 12:16:15 INFO fileformat.MultiFileInputFormat: Split on host: j-066.juliet.futuresystems.org j-059.juliet.futuresystems.org j-013.juliet.futuresystems.org 
17/03/16 12:16:15 INFO fileformat.MultiFileInputFormat: Split on host: j-056.juliet.futuresystems.org j-012.juliet.futuresystems.org j-060.juliet.futuresystems.org 
17/03/16 12:16:15 INFO fileformat.MultiFileInputFormat: Split on host: j-061.juliet.futuresystems.org j-057.juliet.futuresystems.org j-062.juliet.futuresystems.org 
17/03/16 12:16:15 INFO fileformat.MultiFileInputFormat: Total # of splits: 8
17/03/16 12:16:15 INFO mapreduce.JobSubmitter: number of splits:8
17/03/16 12:16:15 INFO mapreduce.JobSubmitter: Submitting tokens for job: job_1489165733656_0223
command: $JAVA_HOME/bin/java -Dlog4j.configuration=container-log4j.properties -Dyarn.app.container.log.dir=<LOG_DIR> -Dyarn.app.container.log.filesize=0 -Dhadoop.root.logger=INFO,CLA  -Xmx1024m org.apache.hadoop.mapreduce.v2.app.MapCollectiveAppMaster 1><LOG_DIR>/stdout 2><LOG_DIR>/stderr 
17/03/16 12:16:15 INFO impl.YarnClientImpl: Submitted application application_1489165733656_0223
17/03/16 12:16:15 INFO mapreduce.Job: The url to track the job: http://j-011:8088/proxy/application_1489165733656_0223/
17/03/16 12:16:15 INFO mapreduce.Job: Running job: job_1489165733656_0223
17/03/16 12:16:20 INFO mapreduce.Job: Job job_1489165733656_0223 running in uber mode : false
17/03/16 12:16:20 INFO mapreduce.Job:  map 0% reduce 0%
17/03/16 12:16:30 INFO mapreduce.Job:  map 100% reduce 0%
17/03/16 12:18:24 INFO mapreduce.Job: Job job_1489165733656_0223 completed successfully
17/03/16 12:18:24 INFO mapreduce.Job: Counters: 30
	File System Counters
		FILE: Number of bytes read=0
		FILE: Number of bytes written=850616
		FILE: Number of read operations=0
		FILE: Number of large read operations=0
		FILE: Number of write operations=0
		HDFS: Number of bytes read=775113045
		HDFS: Number of bytes written=26
		HDFS: Number of read operations=64
		HDFS: Number of large read operations=0
		HDFS: Number of write operations=16
	Job Counters 
		Launched map tasks=8
		Other local map tasks=8
		Total time spent by all maps in occupied slots (ms)=961849
		Total time spent by all reduces in occupied slots (ms)=0
		Total time spent by all map tasks (ms)=961849
		Total vcore-seconds taken by all map tasks=961849
		Total megabyte-seconds taken by all map tasks=984933376
	Map-Reduce Framework
		Map input records=8
		Map output records=1
		Input split bytes=864
		Spilled Records=0
		Failed Shuffles=0
		Merged Map outputs=0
		GC time elapsed (ms)=6198
		CPU time spent (ms)=2055840
		Physical memory (bytes) snapshot=150254469120
		Virtual memory (bytes) snapshot=649094443008
		Total committed heap usage (bytes)=592705486848
	File Input Format Counters 
		Bytes Read=0
	File Output Format Counters 
		Bytes Written=26
130934ms
17/03/16 12:18:25 WARN util.NativeCodeLoader: Unable to load native-hadoop library for your platform... using builtin-java classes where applicable
finalCount	23061862762734
[The 1 times] Above experiment is: ./runHarpSgcr.sh /N/u/mengli/harp-sahad/experiments/template/u5-1.t sahad-data/miami/miami-u-e-8 sahad-output/miami/miami-u-e-8/40threads/1 8 40
17/03/16 12:18:27 WARN util.NativeCodeLoader: Unable to load native-hadoop library for your platform... using builtin-java classes where applicable
17/03/16 12:18:27 INFO fs.TrashPolicyDefault: Namenode trash configuration: Deletion interval = 0 minutes, Emptier interval = 0 minutes.
Deleted sahad-output/miami/miami-u-e-8/40threads/1
use Local MultiThread? true
set Number of Map Tasks = 8
set number of threads: 40
17/03/16 12:18:29 WARN util.NativeCodeLoader: Unable to load native-hadoop library for your platform... using builtin-java classes where applicable
Get map collective runner
17/03/16 12:18:29 INFO client.RMProxy: Connecting to ResourceManager at j-011/172.16.0.11:8032
17/03/16 12:18:30 INFO input.FileInputFormat: Total input paths to process : 8
17/03/16 12:18:30 INFO fileformat.MultiFileInputFormat: NUMBER OF FILES: 8
17/03/16 12:18:30 INFO fileformat.MultiFileInputFormat: NUMBER OF MAPS: 8
17/03/16 12:18:30 INFO fileformat.MultiFileInputFormat: Split on host: j-056.juliet.futuresystems.org j-066.juliet.futuresystems.org j-062.juliet.futuresystems.org 
17/03/16 12:18:30 INFO fileformat.MultiFileInputFormat: Split on host: j-059.juliet.futuresystems.org j-012.juliet.futuresystems.org j-065.juliet.futuresystems.org 
17/03/16 12:18:30 INFO fileformat.MultiFileInputFormat: Split on host: j-012.juliet.futuresystems.org j-058.juliet.futuresystems.org j-054.juliet.futuresystems.org 
17/03/16 12:18:30 INFO fileformat.MultiFileInputFormat: Split on host: j-053.juliet.futuresystems.org j-065.juliet.futuresystems.org j-058.juliet.futuresystems.org 
17/03/16 12:18:30 INFO fileformat.MultiFileInputFormat: Split on host: j-066.juliet.futuresystems.org j-055.juliet.futuresystems.org j-057.juliet.futuresystems.org 
17/03/16 12:18:30 INFO fileformat.MultiFileInputFormat: Split on host: j-066.juliet.futuresystems.org j-059.juliet.futuresystems.org j-013.juliet.futuresystems.org 
17/03/16 12:18:30 INFO fileformat.MultiFileInputFormat: Split on host: j-056.juliet.futuresystems.org j-012.juliet.futuresystems.org j-060.juliet.futuresystems.org 
17/03/16 12:18:30 INFO fileformat.MultiFileInputFormat: Split on host: j-061.juliet.futuresystems.org j-057.juliet.futuresystems.org j-062.juliet.futuresystems.org 
17/03/16 12:18:30 INFO fileformat.MultiFileInputFormat: Total # of splits: 8
17/03/16 12:18:30 INFO mapreduce.JobSubmitter: number of splits:8
17/03/16 12:18:30 INFO mapreduce.JobSubmitter: Submitting tokens for job: job_1489165733656_0224
command: $JAVA_HOME/bin/java -Dlog4j.configuration=container-log4j.properties -Dyarn.app.container.log.dir=<LOG_DIR> -Dyarn.app.container.log.filesize=0 -Dhadoop.root.logger=INFO,CLA  -Xmx1024m org.apache.hadoop.mapreduce.v2.app.MapCollectiveAppMaster 1><LOG_DIR>/stdout 2><LOG_DIR>/stderr 
17/03/16 12:18:30 INFO impl.YarnClientImpl: Submitted application application_1489165733656_0224
17/03/16 12:18:30 INFO mapreduce.Job: The url to track the job: http://j-011:8088/proxy/application_1489165733656_0224/
17/03/16 12:18:30 INFO mapreduce.Job: Running job: job_1489165733656_0224
17/03/16 12:18:35 INFO mapreduce.Job: Job job_1489165733656_0224 running in uber mode : false
17/03/16 12:18:35 INFO mapreduce.Job:  map 0% reduce 0%
17/03/16 12:18:45 INFO mapreduce.Job:  map 100% reduce 0%
17/03/16 12:20:36 INFO mapreduce.Job: Job job_1489165733656_0224 completed successfully
17/03/16 12:20:36 INFO mapreduce.Job: Counters: 30
	File System Counters
		FILE: Number of bytes read=0
		FILE: Number of bytes written=850616
		FILE: Number of read operations=0
		FILE: Number of large read operations=0
		FILE: Number of write operations=0
		HDFS: Number of bytes read=775113045
		HDFS: Number of bytes written=26
		HDFS: Number of read operations=64
		HDFS: Number of large read operations=0
		HDFS: Number of write operations=16
	Job Counters 
		Launched map tasks=8
		Other local map tasks=8
		Total time spent by all maps in occupied slots (ms)=946493
		Total time spent by all reduces in occupied slots (ms)=0
		Total time spent by all map tasks (ms)=946493
		Total vcore-seconds taken by all map tasks=946493
		Total megabyte-seconds taken by all map tasks=969208832
	Map-Reduce Framework
		Map input records=8
		Map output records=1
		Input split bytes=864
		Spilled Records=0
		Failed Shuffles=0
		Merged Map outputs=0
		GC time elapsed (ms)=5730
		CPU time spent (ms)=2038970
		Physical memory (bytes) snapshot=147446530048
		Virtual memory (bytes) snapshot=649123704832
		Total committed heap usage (bytes)=592705486848
	File Input Format Counters 
		Bytes Read=0
	File Output Format Counters 
		Bytes Written=26
127935ms
17/03/16 12:20:37 WARN util.NativeCodeLoader: Unable to load native-hadoop library for your platform... using builtin-java classes where applicable
finalCount	29835568565703
[The 1 times] Above experiment is: ./runHarpSgcr.sh /N/u/mengli/harp-sahad/experiments/template/u5-2.t sahad-data/miami/miami-u-e-8 sahad-output/miami/miami-u-e-8/40threads/1 8 40
17/03/16 12:20:39 WARN util.NativeCodeLoader: Unable to load native-hadoop library for your platform... using builtin-java classes where applicable
17/03/16 12:20:39 INFO fs.TrashPolicyDefault: Namenode trash configuration: Deletion interval = 0 minutes, Emptier interval = 0 minutes.
Deleted sahad-output/miami/miami-u-e-8/40threads/1
use Local MultiThread? true
set Number of Map Tasks = 8
set number of threads: 40
17/03/16 12:20:40 WARN util.NativeCodeLoader: Unable to load native-hadoop library for your platform... using builtin-java classes where applicable
Get map collective runner
17/03/16 12:20:41 INFO client.RMProxy: Connecting to ResourceManager at j-011/172.16.0.11:8032
17/03/16 12:20:41 INFO input.FileInputFormat: Total input paths to process : 8
17/03/16 12:20:41 INFO fileformat.MultiFileInputFormat: NUMBER OF FILES: 8
17/03/16 12:20:41 INFO fileformat.MultiFileInputFormat: NUMBER OF MAPS: 8
17/03/16 12:20:41 INFO fileformat.MultiFileInputFormat: Split on host: j-056.juliet.futuresystems.org j-066.juliet.futuresystems.org j-062.juliet.futuresystems.org 
17/03/16 12:20:41 INFO fileformat.MultiFileInputFormat: Split on host: j-059.juliet.futuresystems.org j-012.juliet.futuresystems.org j-065.juliet.futuresystems.org 
17/03/16 12:20:41 INFO fileformat.MultiFileInputFormat: Split on host: j-012.juliet.futuresystems.org j-058.juliet.futuresystems.org j-054.juliet.futuresystems.org 
17/03/16 12:20:41 INFO fileformat.MultiFileInputFormat: Split on host: j-053.juliet.futuresystems.org j-065.juliet.futuresystems.org j-058.juliet.futuresystems.org 
17/03/16 12:20:41 INFO fileformat.MultiFileInputFormat: Split on host: j-066.juliet.futuresystems.org j-057.juliet.futuresystems.org j-055.juliet.futuresystems.org 
17/03/16 12:20:41 INFO fileformat.MultiFileInputFormat: Split on host: j-066.juliet.futuresystems.org j-059.juliet.futuresystems.org j-013.juliet.futuresystems.org 
17/03/16 12:20:41 INFO fileformat.MultiFileInputFormat: Split on host: j-056.juliet.futuresystems.org j-012.juliet.futuresystems.org j-060.juliet.futuresystems.org 
17/03/16 12:20:41 INFO fileformat.MultiFileInputFormat: Split on host: j-061.juliet.futuresystems.org j-057.juliet.futuresystems.org j-062.juliet.futuresystems.org 
17/03/16 12:20:41 INFO fileformat.MultiFileInputFormat: Total # of splits: 8
17/03/16 12:20:41 INFO mapreduce.JobSubmitter: number of splits:8
17/03/16 12:20:41 INFO mapreduce.JobSubmitter: Submitting tokens for job: job_1489165733656_0225
command: $JAVA_HOME/bin/java -Dlog4j.configuration=container-log4j.properties -Dyarn.app.container.log.dir=<LOG_DIR> -Dyarn.app.container.log.filesize=0 -Dhadoop.root.logger=INFO,CLA  -Xmx1024m org.apache.hadoop.mapreduce.v2.app.MapCollectiveAppMaster 1><LOG_DIR>/stdout 2><LOG_DIR>/stderr 
17/03/16 12:20:42 INFO impl.YarnClientImpl: Submitted application application_1489165733656_0225
17/03/16 12:20:42 INFO mapreduce.Job: The url to track the job: http://j-011:8088/proxy/application_1489165733656_0225/
17/03/16 12:20:42 INFO mapreduce.Job: Running job: job_1489165733656_0225
17/03/16 12:20:47 INFO mapreduce.Job: Job job_1489165733656_0225 running in uber mode : false
17/03/16 12:20:47 INFO mapreduce.Job:  map 0% reduce 0%
17/03/16 12:20:57 INFO mapreduce.Job:  map 50% reduce 0%
17/03/16 12:20:58 INFO mapreduce.Job:  map 100% reduce 0%
17/03/16 12:23:32 INFO mapreduce.Job: Job job_1489165733656_0225 completed successfully
17/03/16 12:23:32 INFO mapreduce.Job: Counters: 30
	File System Counters
		FILE: Number of bytes read=0
		FILE: Number of bytes written=850616
		FILE: Number of read operations=0
		FILE: Number of large read operations=0
		FILE: Number of write operations=0
		HDFS: Number of bytes read=775113045
		HDFS: Number of bytes written=25
		HDFS: Number of read operations=64
		HDFS: Number of large read operations=0
		HDFS: Number of write operations=16
	Job Counters 
		Launched map tasks=8
		Other local map tasks=8
		Total time spent by all maps in occupied slots (ms)=1290153
		Total time spent by all reduces in occupied slots (ms)=0
		Total time spent by all map tasks (ms)=1290153
		Total vcore-seconds taken by all map tasks=1290153
		Total megabyte-seconds taken by all map tasks=1321116672
	Map-Reduce Framework
		Map input records=8
		Map output records=1
		Input split bytes=864
		Spilled Records=0
		Failed Shuffles=0
		Merged Map outputs=0
		GC time elapsed (ms)=8948
		CPU time spent (ms)=2891780
		Physical memory (bytes) snapshot=161065152512
		Virtual memory (bytes) snapshot=649151803392
		Total committed heap usage (bytes)=592705486848
	File Input Format Counters 
		Bytes Read=0
	File Output Format Counters 
		Bytes Written=25
172061ms
17/03/16 12:23:33 WARN util.NativeCodeLoader: Unable to load native-hadoop library for your platform... using builtin-java classes where applicable
finalCount	3993576504296
[The 1 times] Above experiment is: ./runHarpSgcr.sh /N/u/mengli/harp-sahad/experiments/template/u5-3.t sahad-data/miami/miami-u-e-8 sahad-output/miami/miami-u-e-8/40threads/1 8 40
