17/03/19 12:06:48 WARN util.NativeCodeLoader: Unable to load native-hadoop library for your platform... using builtin-java classes where applicable
rm: `sahad-output/miami/miami-u-cld0-4/40threads/1': No such file or directory
use Local MultiThread? true
set Number of Map Tasks = 4
set number of threads: 40
17/03/19 12:06:49 WARN util.NativeCodeLoader: Unable to load native-hadoop library for your platform... using builtin-java classes where applicable
Get map collective runner
17/03/19 12:06:50 INFO client.RMProxy: Connecting to ResourceManager at j-011/172.16.0.11:8032
17/03/19 12:06:50 INFO input.FileInputFormat: Total input paths to process : 4
17/03/19 12:06:50 INFO fileformat.MultiFileInputFormat: NUMBER OF FILES: 4
17/03/19 12:06:50 INFO fileformat.MultiFileInputFormat: NUMBER OF MAPS: 4
17/03/19 12:06:50 INFO fileformat.MultiFileInputFormat: Split on host: j-056.juliet.futuresystems.org j-063.juliet.futuresystems.org j-059.juliet.futuresystems.org j-057.juliet.futuresystems.org 
17/03/19 12:06:50 INFO fileformat.MultiFileInputFormat: Split on host: j-057.juliet.futuresystems.org j-062.juliet.futuresystems.org j-065.juliet.futuresystems.org j-058.juliet.futuresystems.org j-054.juliet.futuresystems.org j-013.juliet.futuresystems.org 
17/03/19 12:06:50 INFO fileformat.MultiFileInputFormat: Split on host: j-066.juliet.futuresystems.org j-055.juliet.futuresystems.org j-065.juliet.futuresystems.org j-054.juliet.futuresystems.org j-013.juliet.futuresystems.org 
17/03/19 12:06:50 INFO fileformat.MultiFileInputFormat: Split on host: j-056.juliet.futuresystems.org j-053.juliet.futuresystems.org j-062.juliet.futuresystems.org j-058.juliet.futuresystems.org 
17/03/19 12:06:50 INFO fileformat.MultiFileInputFormat: Total # of splits: 4
17/03/19 12:06:50 INFO mapreduce.JobSubmitter: number of splits:4
17/03/19 12:06:51 INFO mapreduce.JobSubmitter: Submitting tokens for job: job_1489165733656_0369
command: $JAVA_HOME/bin/java -Dlog4j.configuration=container-log4j.properties -Dyarn.app.container.log.dir=<LOG_DIR> -Dyarn.app.container.log.filesize=0 -Dhadoop.root.logger=INFO,CLA  -Xmx1024m org.apache.hadoop.mapreduce.v2.app.MapCollectiveAppMaster 1><LOG_DIR>/stdout 2><LOG_DIR>/stderr 
17/03/19 12:06:51 INFO impl.YarnClientImpl: Submitted application application_1489165733656_0369
17/03/19 12:06:51 INFO mapreduce.Job: The url to track the job: http://j-011:8088/proxy/application_1489165733656_0369/
17/03/19 12:06:51 INFO mapreduce.Job: Running job: job_1489165733656_0369
17/03/19 12:06:56 INFO mapreduce.Job: Job job_1489165733656_0369 running in uber mode : false
17/03/19 12:06:56 INFO mapreduce.Job:  map 0% reduce 0%
17/03/19 12:07:06 INFO mapreduce.Job:  map 100% reduce 0%
17/03/19 12:08:58 INFO mapreduce.Job: Job job_1489165733656_0369 completed successfully
17/03/19 12:08:58 INFO mapreduce.Job: Counters: 30
	File System Counters
		FILE: Number of bytes read=0
		FILE: Number of bytes written=425344
		FILE: Number of read operations=0
		FILE: Number of large read operations=0
		FILE: Number of write operations=0
		HDFS: Number of bytes read=831789100
		HDFS: Number of bytes written=26
		HDFS: Number of read operations=32
		HDFS: Number of large read operations=0
		HDFS: Number of write operations=8
	Job Counters 
		Launched map tasks=4
		Other local map tasks=4
		Total time spent by all maps in occupied slots (ms)=476447
		Total time spent by all reduces in occupied slots (ms)=0
		Total time spent by all map tasks (ms)=476447
		Total vcore-seconds taken by all map tasks=476447
		Total megabyte-seconds taken by all map tasks=487881728
	Map-Reduce Framework
		Map input records=4
		Map output records=1
		Input split bytes=480
		Spilled Records=0
		Failed Shuffles=0
		Merged Map outputs=0
		GC time elapsed (ms)=6264
		CPU time spent (ms)=1407460
		Physical memory (bytes) snapshot=99525599232
		Virtual memory (bytes) snapshot=324537769984
		Total committed heap usage (bytes)=296352743424
	File Input Format Counters 
		Bytes Read=0
	File Output Format Counters 
		Bytes Written=26
128991ms
17/03/19 12:08:59 WARN util.NativeCodeLoader: Unable to load native-hadoop library for your platform... using builtin-java classes where applicable
finalCount	21551965926067
[The 1 times] Above experiment is: ./runHarpSgcr.sh /N/u/mengli/harp-sahad/experiments/template/u5-1.t sahad-data/miami/miami-u-cld0-4 sahad-output/miami/miami-u-cld0-4/40threads/1 4 40
17/03/19 12:09:00 WARN util.NativeCodeLoader: Unable to load native-hadoop library for your platform... using builtin-java classes where applicable
rm: `sahad-output/miami/miami-u-cld1-4/40threads/1': No such file or directory
use Local MultiThread? true
set Number of Map Tasks = 4
set number of threads: 40
17/03/19 12:09:02 WARN util.NativeCodeLoader: Unable to load native-hadoop library for your platform... using builtin-java classes where applicable
Get map collective runner
17/03/19 12:09:02 INFO client.RMProxy: Connecting to ResourceManager at j-011/172.16.0.11:8032
17/03/19 12:09:03 INFO input.FileInputFormat: Total input paths to process : 4
17/03/19 12:09:03 INFO fileformat.MultiFileInputFormat: NUMBER OF FILES: 4
17/03/19 12:09:03 INFO fileformat.MultiFileInputFormat: NUMBER OF MAPS: 4
17/03/19 12:09:03 INFO fileformat.MultiFileInputFormat: Split on host: j-066.juliet.futuresystems.org j-063.juliet.futuresystems.org j-059.juliet.futuresystems.org j-062.juliet.futuresystems.org j-013.juliet.futuresystems.org 
17/03/19 12:09:03 INFO fileformat.MultiFileInputFormat: Split on host: j-056.juliet.futuresystems.org j-063.juliet.futuresystems.org j-012.juliet.futuresystems.org j-053.juliet.futuresystems.org j-064.juliet.futuresystems.org j-013.juliet.futuresystems.org 
17/03/19 12:09:03 INFO fileformat.MultiFileInputFormat: Split on host: j-063.juliet.futuresystems.org j-062.juliet.futuresystems.org j-065.juliet.futuresystems.org j-058.juliet.futuresystems.org j-054.juliet.futuresystems.org 
17/03/19 12:09:03 INFO fileformat.MultiFileInputFormat: Split on host: j-059.juliet.futuresystems.org j-063.juliet.futuresystems.org j-057.juliet.futuresystems.org j-064.juliet.futuresystems.org j-058.juliet.futuresystems.org j-054.juliet.futuresystems.org 
17/03/19 12:09:03 INFO fileformat.MultiFileInputFormat: Total # of splits: 4
17/03/19 12:09:03 INFO mapreduce.JobSubmitter: number of splits:4
17/03/19 12:09:03 INFO mapreduce.JobSubmitter: Submitting tokens for job: job_1489165733656_0370
command: $JAVA_HOME/bin/java -Dlog4j.configuration=container-log4j.properties -Dyarn.app.container.log.dir=<LOG_DIR> -Dyarn.app.container.log.filesize=0 -Dhadoop.root.logger=INFO,CLA  -Xmx1024m org.apache.hadoop.mapreduce.v2.app.MapCollectiveAppMaster 1><LOG_DIR>/stdout 2><LOG_DIR>/stderr 
17/03/19 12:09:03 INFO impl.YarnClientImpl: Submitted application application_1489165733656_0370
17/03/19 12:09:03 INFO mapreduce.Job: The url to track the job: http://j-011:8088/proxy/application_1489165733656_0370/
17/03/19 12:09:03 INFO mapreduce.Job: Running job: job_1489165733656_0370
17/03/19 12:09:08 INFO mapreduce.Job: Job job_1489165733656_0370 running in uber mode : false
17/03/19 12:09:08 INFO mapreduce.Job:  map 0% reduce 0%
17/03/19 12:09:20 INFO mapreduce.Job:  map 100% reduce 0%
17/03/19 12:11:11 INFO mapreduce.Job: Job job_1489165733656_0370 completed successfully
17/03/19 12:11:11 INFO mapreduce.Job: Counters: 30
	File System Counters
		FILE: Number of bytes read=0
		FILE: Number of bytes written=425344
		FILE: Number of read operations=0
		FILE: Number of large read operations=0
		FILE: Number of write operations=0
		HDFS: Number of bytes read=988088131
		HDFS: Number of bytes written=26
		HDFS: Number of read operations=32
		HDFS: Number of large read operations=0
		HDFS: Number of write operations=8
	Job Counters 
		Launched map tasks=4
		Other local map tasks=4
		Total time spent by all maps in occupied slots (ms)=477480
		Total time spent by all reduces in occupied slots (ms)=0
		Total time spent by all map tasks (ms)=477480
		Total vcore-seconds taken by all map tasks=477480
		Total megabyte-seconds taken by all map tasks=488939520
	Map-Reduce Framework
		Map input records=4
		Map output records=1
		Input split bytes=480
		Spilled Records=0
		Failed Shuffles=0
		Merged Map outputs=0
		GC time elapsed (ms)=5386
		CPU time spent (ms)=1545980
		Physical memory (bytes) snapshot=96523304960
		Virtual memory (bytes) snapshot=324591853568
		Total committed heap usage (bytes)=296352743424
	File Input Format Counters 
		Bytes Read=0
	File Output Format Counters 
		Bytes Written=26
129848ms
17/03/19 12:11:12 WARN util.NativeCodeLoader: Unable to load native-hadoop library for your platform... using builtin-java classes where applicable
finalCount	32634236170598
[The 1 times] Above experiment is: ./runHarpSgcr.sh /N/u/mengli/harp-sahad/experiments/template/u5-1.t sahad-data/miami/miami-u-cld1-4 sahad-output/miami/miami-u-cld1-4/40threads/1 4 40
17/03/19 12:11:14 WARN util.NativeCodeLoader: Unable to load native-hadoop library for your platform... using builtin-java classes where applicable
rm: `sahad-output/miami/miami-u-cld2-4/40threads/1': No such file or directory
use Local MultiThread? true
set Number of Map Tasks = 4
set number of threads: 40
17/03/19 12:11:15 WARN util.NativeCodeLoader: Unable to load native-hadoop library for your platform... using builtin-java classes where applicable
Get map collective runner
17/03/19 12:11:16 INFO client.RMProxy: Connecting to ResourceManager at j-011/172.16.0.11:8032
17/03/19 12:11:17 INFO input.FileInputFormat: Total input paths to process : 4
17/03/19 12:11:17 INFO fileformat.MultiFileInputFormat: NUMBER OF FILES: 4
17/03/19 12:11:17 INFO fileformat.MultiFileInputFormat: NUMBER OF MAPS: 4
17/03/19 12:11:17 INFO fileformat.MultiFileInputFormat: Split on host: j-059.juliet.futuresystems.org j-063.juliet.futuresystems.org j-057.juliet.futuresystems.org j-012.juliet.futuresystems.org j-053.juliet.futuresystems.org j-062.juliet.futuresystems.org j-058.juliet.futuresystems.org j-054.juliet.futuresystems.org 
17/03/19 12:11:17 INFO fileformat.MultiFileInputFormat: Split on host: j-063.juliet.futuresystems.org j-059.juliet.futuresystems.org j-057.juliet.futuresystems.org j-012.juliet.futuresystems.org j-065.juliet.futuresystems.org j-058.juliet.futuresystems.org j-060.juliet.futuresystems.org j-054.juliet.futuresystems.org 
17/03/19 12:11:17 INFO fileformat.MultiFileInputFormat: Split on host: j-059.juliet.futuresystems.org j-063.juliet.futuresystems.org j-053.juliet.futuresystems.org j-065.juliet.futuresystems.org j-058.juliet.futuresystems.org j-054.juliet.futuresystems.org 
17/03/19 12:11:17 INFO fileformat.MultiFileInputFormat: Split on host: j-066.juliet.futuresystems.org j-063.juliet.futuresystems.org j-061.juliet.futuresystems.org j-057.juliet.futuresystems.org j-055.juliet.futuresystems.org j-053.juliet.futuresystems.org j-062.juliet.futuresystems.org 
17/03/19 12:11:17 INFO fileformat.MultiFileInputFormat: Total # of splits: 4
17/03/19 12:11:17 INFO mapreduce.JobSubmitter: number of splits:4
17/03/19 12:11:17 INFO mapreduce.JobSubmitter: Submitting tokens for job: job_1489165733656_0371
command: $JAVA_HOME/bin/java -Dlog4j.configuration=container-log4j.properties -Dyarn.app.container.log.dir=<LOG_DIR> -Dyarn.app.container.log.filesize=0 -Dhadoop.root.logger=INFO,CLA  -Xmx1024m org.apache.hadoop.mapreduce.v2.app.MapCollectiveAppMaster 1><LOG_DIR>/stdout 2><LOG_DIR>/stderr 
17/03/19 12:11:17 INFO impl.YarnClientImpl: Submitted application application_1489165733656_0371
17/03/19 12:11:17 INFO mapreduce.Job: The url to track the job: http://j-011:8088/proxy/application_1489165733656_0371/
17/03/19 12:11:17 INFO mapreduce.Job: Running job: job_1489165733656_0371
17/03/19 12:11:22 INFO mapreduce.Job: Job job_1489165733656_0371 running in uber mode : false
17/03/19 12:11:22 INFO mapreduce.Job:  map 0% reduce 0%
17/03/19 12:11:32 INFO mapreduce.Job:  map 50% reduce 0%
17/03/19 12:11:33 INFO mapreduce.Job:  map 100% reduce 0%
17/03/19 12:16:55 INFO mapreduce.Job: Job job_1489165733656_0371 completed successfully
17/03/19 12:16:55 INFO mapreduce.Job: Counters: 30
	File System Counters
		FILE: Number of bytes read=0
		FILE: Number of bytes written=425344
		FILE: Number of read operations=0
		FILE: Number of large read operations=0
		FILE: Number of write operations=0
		HDFS: Number of bytes read=1144483266
		HDFS: Number of bytes written=26
		HDFS: Number of read operations=32
		HDFS: Number of large read operations=0
		HDFS: Number of write operations=8
	Job Counters 
		Launched map tasks=4
		Other local map tasks=4
		Total time spent by all maps in occupied slots (ms)=1322344
		Total time spent by all reduces in occupied slots (ms)=0
		Total time spent by all map tasks (ms)=1322344
		Total vcore-seconds taken by all map tasks=1322344
		Total megabyte-seconds taken by all map tasks=1354080256
	Map-Reduce Framework
		Map input records=4
		Map output records=1
		Input split bytes=480
		Spilled Records=0
		Failed Shuffles=0
		Merged Map outputs=0
		GC time elapsed (ms)=25443
		CPU time spent (ms)=7996080
		Physical memory (bytes) snapshot=95348326400
		Virtual memory (bytes) snapshot=324592250880
		Total committed heap usage (bytes)=296352743424
	File Input Format Counters 
		Bytes Read=0
	File Output Format Counters 
		Bytes Written=26
340570ms
17/03/19 12:16:57 WARN util.NativeCodeLoader: Unable to load native-hadoop library for your platform... using builtin-java classes where applicable
finalCount	49153565021406
[The 1 times] Above experiment is: ./runHarpSgcr.sh /N/u/mengli/harp-sahad/experiments/template/u5-1.t sahad-data/miami/miami-u-cld2-4 sahad-output/miami/miami-u-cld2-4/40threads/1 4 40
17/03/19 12:16:58 WARN util.NativeCodeLoader: Unable to load native-hadoop library for your platform... using builtin-java classes where applicable
rm: `sahad-output/miami/miami-u-cld3-4/40threads/1': No such file or directory
use Local MultiThread? true
set Number of Map Tasks = 4
set number of threads: 40
17/03/19 12:17:00 WARN util.NativeCodeLoader: Unable to load native-hadoop library for your platform... using builtin-java classes where applicable
Get map collective runner
17/03/19 12:17:00 INFO client.RMProxy: Connecting to ResourceManager at j-011/172.16.0.11:8032
17/03/19 12:17:01 INFO input.FileInputFormat: Total input paths to process : 4
17/03/19 12:17:01 INFO fileformat.MultiFileInputFormat: NUMBER OF FILES: 4
17/03/19 12:17:01 INFO fileformat.MultiFileInputFormat: NUMBER OF MAPS: 4
17/03/19 12:17:01 INFO fileformat.MultiFileInputFormat: Split on host: j-059.juliet.futuresystems.org j-061.juliet.futuresystems.org j-055.juliet.futuresystems.org j-062.juliet.futuresystems.org j-065.juliet.futuresystems.org j-064.juliet.futuresystems.org j-058.juliet.futuresystems.org 
17/03/19 12:17:01 INFO fileformat.MultiFileInputFormat: Split on host: j-066.juliet.futuresystems.org j-063.juliet.futuresystems.org j-057.juliet.futuresystems.org j-062.juliet.futuresystems.org j-065.juliet.futuresystems.org j-013.juliet.futuresystems.org j-054.juliet.futuresystems.org 
17/03/19 12:17:01 INFO fileformat.MultiFileInputFormat: Split on host: j-056.juliet.futuresystems.org j-066.juliet.futuresystems.org j-063.juliet.futuresystems.org j-061.juliet.futuresystems.org j-053.juliet.futuresystems.org j-062.juliet.futuresystems.org j-013.juliet.futuresystems.org 
17/03/19 12:17:01 INFO fileformat.MultiFileInputFormat: Split on host: j-066.juliet.futuresystems.org j-059.juliet.futuresystems.org j-063.juliet.futuresystems.org j-055.juliet.futuresystems.org j-062.juliet.futuresystems.org j-064.juliet.futuresystems.org j-060.juliet.futuresystems.org j-013.juliet.futuresystems.org 
17/03/19 12:17:01 INFO fileformat.MultiFileInputFormat: Total # of splits: 4
17/03/19 12:17:01 INFO mapreduce.JobSubmitter: number of splits:4
17/03/19 12:17:01 INFO mapreduce.JobSubmitter: Submitting tokens for job: job_1489165733656_0372
command: $JAVA_HOME/bin/java -Dlog4j.configuration=container-log4j.properties -Dyarn.app.container.log.dir=<LOG_DIR> -Dyarn.app.container.log.filesize=0 -Dhadoop.root.logger=INFO,CLA  -Xmx1024m org.apache.hadoop.mapreduce.v2.app.MapCollectiveAppMaster 1><LOG_DIR>/stdout 2><LOG_DIR>/stderr 
17/03/19 12:17:01 INFO impl.YarnClientImpl: Submitted application application_1489165733656_0372
17/03/19 12:17:01 INFO mapreduce.Job: The url to track the job: http://j-011:8088/proxy/application_1489165733656_0372/
17/03/19 12:17:01 INFO mapreduce.Job: Running job: job_1489165733656_0372
17/03/19 12:17:06 INFO mapreduce.Job: Job job_1489165733656_0372 running in uber mode : false
17/03/19 12:17:06 INFO mapreduce.Job:  map 0% reduce 0%
17/03/19 12:17:16 INFO mapreduce.Job:  map 100% reduce 0%
17/03/19 12:20:37 INFO mapreduce.Job: Job job_1489165733656_0372 completed successfully
17/03/19 12:20:37 INFO mapreduce.Job: Counters: 30
	File System Counters
		FILE: Number of bytes read=0
		FILE: Number of bytes written=425344
		FILE: Number of read operations=0
		FILE: Number of large read operations=0
		FILE: Number of write operations=0
		HDFS: Number of bytes read=1300440368
		HDFS: Number of bytes written=26
		HDFS: Number of read operations=32
		HDFS: Number of large read operations=0
		HDFS: Number of write operations=8
	Job Counters 
		Launched map tasks=4
		Other local map tasks=4
		Total time spent by all maps in occupied slots (ms)=834471
		Total time spent by all reduces in occupied slots (ms)=0
		Total time spent by all map tasks (ms)=834471
		Total vcore-seconds taken by all map tasks=834471
		Total megabyte-seconds taken by all map tasks=854498304
	Map-Reduce Framework
		Map input records=4
		Map output records=1
		Input split bytes=480
		Spilled Records=0
		Failed Shuffles=0
		Merged Map outputs=0
		GC time elapsed (ms)=19626
		CPU time spent (ms)=4067330
		Physical memory (bytes) snapshot=97951825920
		Virtual memory (bytes) snapshot=324614746112
		Total committed heap usage (bytes)=296352743424
	File Input Format Counters 
		Bytes Read=0
	File Output Format Counters 
		Bytes Written=26
218236ms
17/03/19 12:20:38 WARN util.NativeCodeLoader: Unable to load native-hadoop library for your platform... using builtin-java classes where applicable
finalCount	72574911746067
[The 1 times] Above experiment is: ./runHarpSgcr.sh /N/u/mengli/harp-sahad/experiments/template/u5-1.t sahad-data/miami/miami-u-cld3-4 sahad-output/miami/miami-u-cld3-4/40threads/1 4 40
17/03/19 12:20:40 WARN util.NativeCodeLoader: Unable to load native-hadoop library for your platform... using builtin-java classes where applicable
rm: `sahad-output/miami/miami-u-cld4-4/40threads/1': No such file or directory
use Local MultiThread? true
set Number of Map Tasks = 4
set number of threads: 40
17/03/19 12:20:42 WARN util.NativeCodeLoader: Unable to load native-hadoop library for your platform... using builtin-java classes where applicable
Get map collective runner
17/03/19 12:20:42 INFO client.RMProxy: Connecting to ResourceManager at j-011/172.16.0.11:8032
17/03/19 12:20:43 INFO input.FileInputFormat: Total input paths to process : 4
17/03/19 12:20:43 INFO fileformat.MultiFileInputFormat: NUMBER OF FILES: 4
17/03/19 12:20:43 INFO fileformat.MultiFileInputFormat: NUMBER OF MAPS: 4
17/03/19 12:20:43 INFO fileformat.MultiFileInputFormat: Split on host: j-056.juliet.futuresystems.org j-059.juliet.futuresystems.org j-061.juliet.futuresystems.org j-057.juliet.futuresystems.org j-012.juliet.futuresystems.org j-065.juliet.futuresystems.org j-058.juliet.futuresystems.org j-060.juliet.futuresystems.org 
17/03/19 12:20:43 INFO fileformat.MultiFileInputFormat: Split on host: j-066.juliet.futuresystems.org j-056.juliet.futuresystems.org j-059.juliet.futuresystems.org j-053.juliet.futuresystems.org j-062.juliet.futuresystems.org j-064.juliet.futuresystems.org j-058.juliet.futuresystems.org j-060.juliet.futuresystems.org 
17/03/19 12:20:43 INFO fileformat.MultiFileInputFormat: Split on host: j-056.juliet.futuresystems.org j-063.juliet.futuresystems.org j-012.juliet.futuresystems.org j-053.juliet.futuresystems.org j-065.juliet.futuresystems.org j-064.juliet.futuresystems.org j-060.juliet.futuresystems.org j-013.juliet.futuresystems.org j-054.juliet.futuresystems.org 
17/03/19 12:20:43 INFO fileformat.MultiFileInputFormat: Split on host: j-056.juliet.futuresystems.org j-061.juliet.futuresystems.org j-055.juliet.futuresystems.org j-057.juliet.futuresystems.org j-062.juliet.futuresystems.org j-065.juliet.futuresystems.org j-064.juliet.futuresystems.org j-060.juliet.futuresystems.org 
17/03/19 12:20:43 INFO fileformat.MultiFileInputFormat: Total # of splits: 4
17/03/19 12:20:43 INFO mapreduce.JobSubmitter: number of splits:4
17/03/19 12:20:43 INFO mapreduce.JobSubmitter: Submitting tokens for job: job_1489165733656_0373
command: $JAVA_HOME/bin/java -Dlog4j.configuration=container-log4j.properties -Dyarn.app.container.log.dir=<LOG_DIR> -Dyarn.app.container.log.filesize=0 -Dhadoop.root.logger=INFO,CLA  -Xmx1024m org.apache.hadoop.mapreduce.v2.app.MapCollectiveAppMaster 1><LOG_DIR>/stdout 2><LOG_DIR>/stderr 
17/03/19 12:20:43 INFO impl.YarnClientImpl: Submitted application application_1489165733656_0373
17/03/19 12:20:43 INFO mapreduce.Job: The url to track the job: http://j-011:8088/proxy/application_1489165733656_0373/
17/03/19 12:20:43 INFO mapreduce.Job: Running job: job_1489165733656_0373
17/03/19 12:20:48 INFO mapreduce.Job: Job job_1489165733656_0373 running in uber mode : false
17/03/19 12:20:48 INFO mapreduce.Job:  map 0% reduce 0%
17/03/19 12:20:58 INFO mapreduce.Job:  map 100% reduce 0%
17/03/19 12:22:48 INFO mapreduce.Job: Job job_1489165733656_0373 completed successfully
17/03/19 12:22:48 INFO mapreduce.Job: Counters: 30
	File System Counters
		FILE: Number of bytes read=0
		FILE: Number of bytes written=425344
		FILE: Number of read operations=0
		FILE: Number of large read operations=0
		FILE: Number of write operations=0
		HDFS: Number of bytes read=1456796171
		HDFS: Number of bytes written=27
		HDFS: Number of read operations=32
		HDFS: Number of large read operations=0
		HDFS: Number of write operations=8
	Job Counters 
		Launched map tasks=4
		Other local map tasks=4
		Total time spent by all maps in occupied slots (ms)=470259
		Total time spent by all reduces in occupied slots (ms)=0
		Total time spent by all map tasks (ms)=470259
		Total vcore-seconds taken by all map tasks=470259
		Total megabyte-seconds taken by all map tasks=481545216
	Map-Reduce Framework
		Map input records=4
		Map output records=1
		Input split bytes=480
		Spilled Records=0
		Failed Shuffles=0
		Merged Map outputs=0
		GC time elapsed (ms)=5298
		CPU time spent (ms)=1935030
		Physical memory (bytes) snapshot=100391526400
		Virtual memory (bytes) snapshot=324540006400
		Total committed heap usage (bytes)=296352743424
	File Input Format Counters 
		Bytes Read=0
	File Output Format Counters 
		Bytes Written=27
126918ms
17/03/19 12:22:49 WARN util.NativeCodeLoader: Unable to load native-hadoop library for your platform... using builtin-java classes where applicable
finalCount	104982204769140
[The 1 times] Above experiment is: ./runHarpSgcr.sh /N/u/mengli/harp-sahad/experiments/template/u5-1.t sahad-data/miami/miami-u-cld4-4 sahad-output/miami/miami-u-cld4-4/40threads/1 4 40
17/03/19 12:22:51 WARN util.NativeCodeLoader: Unable to load native-hadoop library for your platform... using builtin-java classes where applicable
rm: `sahad-output/miami/miami-u-cld5-4/40threads/1': No such file or directory
use Local MultiThread? true
set Number of Map Tasks = 4
set number of threads: 40
17/03/19 12:22:52 WARN util.NativeCodeLoader: Unable to load native-hadoop library for your platform... using builtin-java classes where applicable
Get map collective runner
17/03/19 12:22:53 INFO client.RMProxy: Connecting to ResourceManager at j-011/172.16.0.11:8032
17/03/19 12:22:53 INFO input.FileInputFormat: Total input paths to process : 4
17/03/19 12:22:53 INFO fileformat.MultiFileInputFormat: NUMBER OF FILES: 4
17/03/19 12:22:53 INFO fileformat.MultiFileInputFormat: NUMBER OF MAPS: 4
17/03/19 12:22:53 INFO fileformat.MultiFileInputFormat: Split on host: j-063.juliet.futuresystems.org j-061.juliet.futuresystems.org j-057.juliet.futuresystems.org j-053.juliet.futuresystems.org j-062.juliet.futuresystems.org j-065.juliet.futuresystems.org j-064.juliet.futuresystems.org j-054.juliet.futuresystems.org j-013.juliet.futuresystems.org 
17/03/19 12:22:53 INFO fileformat.MultiFileInputFormat: Split on host: j-066.juliet.futuresystems.org j-056.juliet.futuresystems.org j-063.juliet.futuresystems.org j-061.juliet.futuresystems.org j-055.juliet.futuresystems.org j-057.juliet.futuresystems.org j-058.juliet.futuresystems.org j-060.juliet.futuresystems.org j-013.juliet.futuresystems.org 
17/03/19 12:22:54 INFO fileformat.MultiFileInputFormat: Split on host: j-066.juliet.futuresystems.org j-056.juliet.futuresystems.org j-063.juliet.futuresystems.org j-061.juliet.futuresystems.org j-055.juliet.futuresystems.org j-057.juliet.futuresystems.org j-012.juliet.futuresystems.org j-062.juliet.futuresystems.org j-064.juliet.futuresystems.org j-058.juliet.futuresystems.org j-054.juliet.futuresystems.org 
17/03/19 12:22:54 INFO fileformat.MultiFileInputFormat: Split on host: j-056.juliet.futuresystems.org j-063.juliet.futuresystems.org j-055.juliet.futuresystems.org j-012.juliet.futuresystems.org j-053.juliet.futuresystems.org j-062.juliet.futuresystems.org j-064.juliet.futuresystems.org j-058.juliet.futuresystems.org j-060.juliet.futuresystems.org j-054.juliet.futuresystems.org 
17/03/19 12:22:54 INFO fileformat.MultiFileInputFormat: Total # of splits: 4
17/03/19 12:22:54 INFO mapreduce.JobSubmitter: number of splits:4
17/03/19 12:22:54 INFO mapreduce.JobSubmitter: Submitting tokens for job: job_1489165733656_0374
command: $JAVA_HOME/bin/java -Dlog4j.configuration=container-log4j.properties -Dyarn.app.container.log.dir=<LOG_DIR> -Dyarn.app.container.log.filesize=0 -Dhadoop.root.logger=INFO,CLA  -Xmx1024m org.apache.hadoop.mapreduce.v2.app.MapCollectiveAppMaster 1><LOG_DIR>/stdout 2><LOG_DIR>/stderr 
17/03/19 12:22:54 INFO impl.YarnClientImpl: Submitted application application_1489165733656_0374
17/03/19 12:22:54 INFO mapreduce.Job: The url to track the job: http://j-011:8088/proxy/application_1489165733656_0374/
17/03/19 12:22:54 INFO mapreduce.Job: Running job: job_1489165733656_0374
17/03/19 12:22:59 INFO mapreduce.Job: Job job_1489165733656_0374 running in uber mode : false
17/03/19 12:22:59 INFO mapreduce.Job:  map 0% reduce 0%
17/03/19 12:23:10 INFO mapreduce.Job:  map 100% reduce 0%
17/03/19 12:25:10 INFO mapreduce.Job: Job job_1489165733656_0374 completed successfully
17/03/19 12:25:10 INFO mapreduce.Job: Counters: 30
	File System Counters
		FILE: Number of bytes read=0
		FILE: Number of bytes written=425344
		FILE: Number of read operations=0
		FILE: Number of large read operations=0
		FILE: Number of write operations=0
		HDFS: Number of bytes read=1613032459
		HDFS: Number of bytes written=27
		HDFS: Number of read operations=32
		HDFS: Number of large read operations=0
		HDFS: Number of write operations=8
	Job Counters 
		Launched map tasks=4
		Other local map tasks=4
		Total time spent by all maps in occupied slots (ms)=513479
		Total time spent by all reduces in occupied slots (ms)=0
		Total time spent by all map tasks (ms)=513479
		Total vcore-seconds taken by all map tasks=513479
		Total megabyte-seconds taken by all map tasks=525802496
	Map-Reduce Framework
		Map input records=4
		Map output records=1
		Input split bytes=480
		Spilled Records=0
		Failed Shuffles=0
		Merged Map outputs=0
		GC time elapsed (ms)=6505
		CPU time spent (ms)=2129060
		Physical memory (bytes) snapshot=99875102720
		Virtual memory (bytes) snapshot=324537335808
		Total committed heap usage (bytes)=296352743424
	File Input Format Counters 
		Bytes Read=0
	File Output Format Counters 
		Bytes Written=27
138012ms
17/03/19 12:25:11 WARN util.NativeCodeLoader: Unable to load native-hadoop library for your platform... using builtin-java classes where applicable
finalCount	148386636926848
[The 1 times] Above experiment is: ./runHarpSgcr.sh /N/u/mengli/harp-sahad/experiments/template/u5-1.t sahad-data/miami/miami-u-cld5-4 sahad-output/miami/miami-u-cld5-4/40threads/1 4 40
17/03/19 12:25:13 WARN util.NativeCodeLoader: Unable to load native-hadoop library for your platform... using builtin-java classes where applicable
rm: `sahad-output/miami/miami-u-cld6-4/40threads/1': No such file or directory
use Local MultiThread? true
set Number of Map Tasks = 4
set number of threads: 40
17/03/19 12:25:14 WARN util.NativeCodeLoader: Unable to load native-hadoop library for your platform... using builtin-java classes where applicable
Get map collective runner
17/03/19 12:25:15 INFO client.RMProxy: Connecting to ResourceManager at j-011/172.16.0.11:8032
17/03/19 12:25:15 INFO input.FileInputFormat: Total input paths to process : 4
17/03/19 12:25:15 INFO fileformat.MultiFileInputFormat: NUMBER OF FILES: 4
17/03/19 12:25:15 INFO fileformat.MultiFileInputFormat: NUMBER OF MAPS: 4
17/03/19 12:25:15 INFO fileformat.MultiFileInputFormat: Split on host: j-066.juliet.futuresystems.org j-059.juliet.futuresystems.org j-061.juliet.futuresystems.org j-057.juliet.futuresystems.org j-055.juliet.futuresystems.org j-012.juliet.futuresystems.org j-065.juliet.futuresystems.org j-058.juliet.futuresystems.org j-060.juliet.futuresystems.org 
17/03/19 12:25:15 INFO fileformat.MultiFileInputFormat: Split on host: j-059.juliet.futuresystems.org j-061.juliet.futuresystems.org j-055.juliet.futuresystems.org j-012.juliet.futuresystems.org j-062.juliet.futuresystems.org j-065.juliet.futuresystems.org j-064.juliet.futuresystems.org j-054.juliet.futuresystems.org j-013.juliet.futuresystems.org 
17/03/19 12:25:15 INFO fileformat.MultiFileInputFormat: Split on host: j-056.juliet.futuresystems.org j-063.juliet.futuresystems.org j-061.juliet.futuresystems.org j-057.juliet.futuresystems.org j-053.juliet.futuresystems.org j-062.juliet.futuresystems.org j-065.juliet.futuresystems.org j-058.juliet.futuresystems.org j-060.juliet.futuresystems.org j-013.juliet.futuresystems.org 
17/03/19 12:25:15 INFO fileformat.MultiFileInputFormat: Split on host: j-066.juliet.futuresystems.org j-059.juliet.futuresystems.org j-055.juliet.futuresystems.org j-012.juliet.futuresystems.org j-053.juliet.futuresystems.org j-062.juliet.futuresystems.org j-065.juliet.futuresystems.org j-058.juliet.futuresystems.org j-060.juliet.futuresystems.org j-054.juliet.futuresystems.org j-013.juliet.futuresystems.org 
17/03/19 12:25:15 INFO fileformat.MultiFileInputFormat: Total # of splits: 4
17/03/19 12:25:15 INFO mapreduce.JobSubmitter: number of splits:4
17/03/19 12:25:15 INFO mapreduce.JobSubmitter: Submitting tokens for job: job_1489165733656_0375
command: $JAVA_HOME/bin/java -Dlog4j.configuration=container-log4j.properties -Dyarn.app.container.log.dir=<LOG_DIR> -Dyarn.app.container.log.filesize=0 -Dhadoop.root.logger=INFO,CLA  -Xmx1024m org.apache.hadoop.mapreduce.v2.app.MapCollectiveAppMaster 1><LOG_DIR>/stdout 2><LOG_DIR>/stderr 
17/03/19 12:25:16 INFO impl.YarnClientImpl: Submitted application application_1489165733656_0375
17/03/19 12:25:16 INFO mapreduce.Job: The url to track the job: http://j-011:8088/proxy/application_1489165733656_0375/
17/03/19 12:25:16 INFO mapreduce.Job: Running job: job_1489165733656_0375
17/03/19 12:25:21 INFO mapreduce.Job: Job job_1489165733656_0375 running in uber mode : false
17/03/19 12:25:21 INFO mapreduce.Job:  map 0% reduce 0%
17/03/19 12:25:31 INFO mapreduce.Job:  map 100% reduce 0%
17/03/19 12:27:32 INFO mapreduce.Job: Job job_1489165733656_0375 completed successfully
17/03/19 12:27:33 INFO mapreduce.Job: Counters: 30
	File System Counters
		FILE: Number of bytes read=0
		FILE: Number of bytes written=425344
		FILE: Number of read operations=0
		FILE: Number of large read operations=0
		FILE: Number of write operations=0
		HDFS: Number of bytes read=1769396433
		HDFS: Number of bytes written=27
		HDFS: Number of read operations=32
		HDFS: Number of large read operations=0
		HDFS: Number of write operations=8
	Job Counters 
		Launched map tasks=4
		Other local map tasks=4
		Total time spent by all maps in occupied slots (ms)=517097
		Total time spent by all reduces in occupied slots (ms)=0
		Total time spent by all map tasks (ms)=517097
		Total vcore-seconds taken by all map tasks=517097
		Total megabyte-seconds taken by all map tasks=529507328
	Map-Reduce Framework
		Map input records=4
		Map output records=1
		Input split bytes=480
		Spilled Records=0
		Failed Shuffles=0
		Merged Map outputs=0
		GC time elapsed (ms)=7913
		CPU time spent (ms)=2244010
		Physical memory (bytes) snapshot=106063192064
		Virtual memory (bytes) snapshot=324546478080
		Total committed heap usage (bytes)=296352743424
	File Input Format Counters 
		Bytes Read=0
	File Output Format Counters 
		Bytes Written=27
138932ms
17/03/19 12:27:34 WARN util.NativeCodeLoader: Unable to load native-hadoop library for your platform... using builtin-java classes where applicable
finalCount	205292782928359
[The 1 times] Above experiment is: ./runHarpSgcr.sh /N/u/mengli/harp-sahad/experiments/template/u5-1.t sahad-data/miami/miami-u-cld6-4 sahad-output/miami/miami-u-cld6-4/40threads/1 4 40
17/03/19 12:27:35 WARN util.NativeCodeLoader: Unable to load native-hadoop library for your platform... using builtin-java classes where applicable
rm: `sahad-output/miami/miami-u-cld7-4/40threads/1': No such file or directory
use Local MultiThread? true
set Number of Map Tasks = 4
set number of threads: 40
17/03/19 12:27:37 WARN util.NativeCodeLoader: Unable to load native-hadoop library for your platform... using builtin-java classes where applicable
Get map collective runner
17/03/19 12:27:37 INFO client.RMProxy: Connecting to ResourceManager at j-011/172.16.0.11:8032
17/03/19 12:27:38 INFO input.FileInputFormat: Total input paths to process : 4
17/03/19 12:27:38 INFO fileformat.MultiFileInputFormat: NUMBER OF FILES: 4
17/03/19 12:27:38 INFO fileformat.MultiFileInputFormat: NUMBER OF MAPS: 4
17/03/19 12:27:38 INFO fileformat.MultiFileInputFormat: Split on host: j-066.juliet.futuresystems.org j-063.juliet.futuresystems.org j-055.juliet.futuresystems.org j-053.juliet.futuresystems.org j-062.juliet.futuresystems.org j-064.juliet.futuresystems.org j-013.juliet.futuresystems.org j-054.juliet.futuresystems.org 
17/03/19 12:27:38 INFO fileformat.MultiFileInputFormat: Split on host: j-066.juliet.futuresystems.org j-059.juliet.futuresystems.org j-063.juliet.futuresystems.org j-061.juliet.futuresystems.org j-055.juliet.futuresystems.org j-053.juliet.futuresystems.org j-012.juliet.futuresystems.org j-065.juliet.futuresystems.org j-064.juliet.futuresystems.org j-060.juliet.futuresystems.org j-013.juliet.futuresystems.org 
17/03/19 12:27:38 INFO fileformat.MultiFileInputFormat: Split on host: j-056.juliet.futuresystems.org j-063.juliet.futuresystems.org j-059.juliet.futuresystems.org j-061.juliet.futuresystems.org j-055.juliet.futuresystems.org j-057.juliet.futuresystems.org j-012.juliet.futuresystems.org j-062.juliet.futuresystems.org j-064.juliet.futuresystems.org j-060.juliet.futuresystems.org j-013.juliet.futuresystems.org 
17/03/19 12:27:38 INFO fileformat.MultiFileInputFormat: Split on host: j-066.juliet.futuresystems.org j-059.juliet.futuresystems.org j-057.juliet.futuresystems.org j-012.juliet.futuresystems.org j-062.juliet.futuresystems.org j-065.juliet.futuresystems.org j-058.juliet.futuresystems.org j-060.juliet.futuresystems.org j-054.juliet.futuresystems.org j-013.juliet.futuresystems.org 
17/03/19 12:27:38 INFO fileformat.MultiFileInputFormat: Total # of splits: 4
17/03/19 12:27:38 INFO mapreduce.JobSubmitter: number of splits:4
17/03/19 12:27:38 INFO mapreduce.JobSubmitter: Submitting tokens for job: job_1489165733656_0376
command: $JAVA_HOME/bin/java -Dlog4j.configuration=container-log4j.properties -Dyarn.app.container.log.dir=<LOG_DIR> -Dyarn.app.container.log.filesize=0 -Dhadoop.root.logger=INFO,CLA  -Xmx1024m org.apache.hadoop.mapreduce.v2.app.MapCollectiveAppMaster 1><LOG_DIR>/stdout 2><LOG_DIR>/stderr 
17/03/19 12:27:38 INFO impl.YarnClientImpl: Submitted application application_1489165733656_0376
17/03/19 12:27:38 INFO mapreduce.Job: The url to track the job: http://j-011:8088/proxy/application_1489165733656_0376/
17/03/19 12:27:38 INFO mapreduce.Job: Running job: job_1489165733656_0376
17/03/19 12:27:43 INFO mapreduce.Job: Job job_1489165733656_0376 running in uber mode : false
17/03/19 12:27:43 INFO mapreduce.Job:  map 0% reduce 0%
17/03/19 12:27:54 INFO mapreduce.Job:  map 75% reduce 0%
17/03/19 12:27:55 INFO mapreduce.Job:  map 100% reduce 0%
17/03/19 12:31:20 INFO mapreduce.Job: Job job_1489165733656_0376 completed successfully
17/03/19 12:31:21 INFO mapreduce.Job: Counters: 30
	File System Counters
		FILE: Number of bytes read=0
		FILE: Number of bytes written=425344
		FILE: Number of read operations=0
		FILE: Number of large read operations=0
		FILE: Number of write operations=0
		HDFS: Number of bytes read=1925439360
		HDFS: Number of bytes written=27
		HDFS: Number of read operations=32
		HDFS: Number of large read operations=0
		HDFS: Number of write operations=8
	Job Counters 
		Launched map tasks=4
		Other local map tasks=4
		Total time spent by all maps in occupied slots (ms)=856754
		Total time spent by all reduces in occupied slots (ms)=0
		Total time spent by all map tasks (ms)=856754
		Total vcore-seconds taken by all map tasks=856754
		Total megabyte-seconds taken by all map tasks=877316096
	Map-Reduce Framework
		Map input records=4
		Map output records=1
		Input split bytes=480
		Spilled Records=0
		Failed Shuffles=0
		Merged Map outputs=0
		GC time elapsed (ms)=21179
		CPU time spent (ms)=5451740
		Physical memory (bytes) snapshot=107468283904
		Virtual memory (bytes) snapshot=324649320448
		Total committed heap usage (bytes)=296352743424
	File Input Format Counters 
		Bytes Read=0
	File Output Format Counters 
		Bytes Written=27
224222ms
17/03/19 12:31:22 WARN util.NativeCodeLoader: Unable to load native-hadoop library for your platform... using builtin-java classes where applicable
finalCount	277895261047005
[The 1 times] Above experiment is: ./runHarpSgcr.sh /N/u/mengli/harp-sahad/experiments/template/u5-1.t sahad-data/miami/miami-u-cld7-4 sahad-output/miami/miami-u-cld7-4/40threads/1 4 40
17/03/19 12:31:23 WARN util.NativeCodeLoader: Unable to load native-hadoop library for your platform... using builtin-java classes where applicable
rm: `sahad-output/miami/miami-u-cld8-4/40threads/1': No such file or directory
use Local MultiThread? true
set Number of Map Tasks = 4
set number of threads: 40
17/03/19 12:31:25 WARN util.NativeCodeLoader: Unable to load native-hadoop library for your platform... using builtin-java classes where applicable
Get map collective runner
17/03/19 12:31:25 INFO client.RMProxy: Connecting to ResourceManager at j-011/172.16.0.11:8032
17/03/19 12:31:26 INFO input.FileInputFormat: Total input paths to process : 4
17/03/19 12:31:26 INFO fileformat.MultiFileInputFormat: NUMBER OF FILES: 4
17/03/19 12:31:26 INFO fileformat.MultiFileInputFormat: NUMBER OF MAPS: 4
17/03/19 12:31:26 INFO fileformat.MultiFileInputFormat: Split on host: j-056.juliet.futuresystems.org j-066.juliet.futuresystems.org j-059.juliet.futuresystems.org j-063.juliet.futuresystems.org j-057.juliet.futuresystems.org j-055.juliet.futuresystems.org j-058.juliet.futuresystems.org j-060.juliet.futuresystems.org j-054.juliet.futuresystems.org 
17/03/19 12:31:26 INFO fileformat.MultiFileInputFormat: Split on host: j-056.juliet.futuresystems.org j-063.juliet.futuresystems.org j-059.juliet.futuresystems.org j-061.juliet.futuresystems.org j-057.juliet.futuresystems.org j-055.juliet.futuresystems.org j-012.juliet.futuresystems.org j-065.juliet.futuresystems.org j-058.juliet.futuresystems.org 
17/03/19 12:31:26 INFO fileformat.MultiFileInputFormat: Split on host: j-063.juliet.futuresystems.org j-059.juliet.futuresystems.org j-061.juliet.futuresystems.org j-053.juliet.futuresystems.org j-065.juliet.futuresystems.org j-064.juliet.futuresystems.org j-058.juliet.futuresystems.org j-060.juliet.futuresystems.org j-013.juliet.futuresystems.org 
17/03/19 12:31:26 INFO fileformat.MultiFileInputFormat: Split on host: j-056.juliet.futuresystems.org j-055.juliet.futuresystems.org j-057.juliet.futuresystems.org j-053.juliet.futuresystems.org j-062.juliet.futuresystems.org j-065.juliet.futuresystems.org j-058.juliet.futuresystems.org j-060.juliet.futuresystems.org j-054.juliet.futuresystems.org j-013.juliet.futuresystems.org 
17/03/19 12:31:26 INFO fileformat.MultiFileInputFormat: Total # of splits: 4
17/03/19 12:31:26 INFO mapreduce.JobSubmitter: number of splits:4
17/03/19 12:31:26 INFO mapreduce.JobSubmitter: Submitting tokens for job: job_1489165733656_0377
command: $JAVA_HOME/bin/java -Dlog4j.configuration=container-log4j.properties -Dyarn.app.container.log.dir=<LOG_DIR> -Dyarn.app.container.log.filesize=0 -Dhadoop.root.logger=INFO,CLA  -Xmx1024m org.apache.hadoop.mapreduce.v2.app.MapCollectiveAppMaster 1><LOG_DIR>/stdout 2><LOG_DIR>/stderr 
17/03/19 12:31:26 INFO impl.YarnClientImpl: Submitted application application_1489165733656_0377
17/03/19 12:31:26 INFO mapreduce.Job: The url to track the job: http://j-011:8088/proxy/application_1489165733656_0377/
17/03/19 12:31:26 INFO mapreduce.Job: Running job: job_1489165733656_0377
17/03/19 12:31:32 INFO mapreduce.Job: Job job_1489165733656_0377 running in uber mode : false
17/03/19 12:31:32 INFO mapreduce.Job:  map 0% reduce 0%
17/03/19 12:31:42 INFO mapreduce.Job:  map 100% reduce 0%
17/03/19 12:33:42 INFO mapreduce.Job: Job job_1489165733656_0377 completed successfully
17/03/19 12:33:42 INFO mapreduce.Job: Counters: 30
	File System Counters
		FILE: Number of bytes read=0
		FILE: Number of bytes written=425344
		FILE: Number of read operations=0
		FILE: Number of large read operations=0
		FILE: Number of write operations=0
		HDFS: Number of bytes read=2081596448
		HDFS: Number of bytes written=27
		HDFS: Number of read operations=32
		HDFS: Number of large read operations=0
		HDFS: Number of write operations=8
	Job Counters 
		Launched map tasks=4
		Other local map tasks=4
		Total time spent by all maps in occupied slots (ms)=513153
		Total time spent by all reduces in occupied slots (ms)=0
		Total time spent by all map tasks (ms)=513153
		Total vcore-seconds taken by all map tasks=513153
		Total megabyte-seconds taken by all map tasks=525468672
	Map-Reduce Framework
		Map input records=4
		Map output records=1
		Input split bytes=480
		Spilled Records=0
		Failed Shuffles=0
		Merged Map outputs=0
		GC time elapsed (ms)=7816
		CPU time spent (ms)=2433900
		Physical memory (bytes) snapshot=106626273280
		Virtual memory (bytes) snapshot=324540473344
		Total committed heap usage (bytes)=296352743424
	File Input Format Counters 
		Bytes Read=0
	File Output Format Counters 
		Bytes Written=27
138065ms
17/03/19 12:33:43 WARN util.NativeCodeLoader: Unable to load native-hadoop library for your platform... using builtin-java classes where applicable
finalCount	369710780297786
[The 1 times] Above experiment is: ./runHarpSgcr.sh /N/u/mengli/harp-sahad/experiments/template/u5-1.t sahad-data/miami/miami-u-cld8-4 sahad-output/miami/miami-u-cld8-4/40threads/1 4 40
17/03/19 12:33:45 WARN util.NativeCodeLoader: Unable to load native-hadoop library for your platform... using builtin-java classes where applicable
rm: `sahad-output/miami/miami-u-cld9-4/40threads/1': No such file or directory
use Local MultiThread? true
set Number of Map Tasks = 4
set number of threads: 40
17/03/19 12:33:47 WARN util.NativeCodeLoader: Unable to load native-hadoop library for your platform... using builtin-java classes where applicable
Get map collective runner
17/03/19 12:33:47 INFO client.RMProxy: Connecting to ResourceManager at j-011/172.16.0.11:8032
17/03/19 12:33:48 INFO input.FileInputFormat: Total input paths to process : 4
17/03/19 12:33:48 INFO fileformat.MultiFileInputFormat: NUMBER OF FILES: 4
17/03/19 12:33:48 INFO fileformat.MultiFileInputFormat: NUMBER OF MAPS: 4
17/03/19 12:33:48 INFO fileformat.MultiFileInputFormat: Split on host: j-066.juliet.futuresystems.org j-063.juliet.futuresystems.org j-061.juliet.futuresystems.org j-055.juliet.futuresystems.org j-057.juliet.futuresystems.org j-053.juliet.futuresystems.org j-065.juliet.futuresystems.org j-064.juliet.futuresystems.org j-058.juliet.futuresystems.org j-013.juliet.futuresystems.org j-054.juliet.futuresystems.org 
17/03/19 12:33:48 INFO fileformat.MultiFileInputFormat: Split on host: j-056.juliet.futuresystems.org j-063.juliet.futuresystems.org j-059.juliet.futuresystems.org j-061.juliet.futuresystems.org j-055.juliet.futuresystems.org j-057.juliet.futuresystems.org j-053.juliet.futuresystems.org j-012.juliet.futuresystems.org j-065.juliet.futuresystems.org j-064.juliet.futuresystems.org j-058.juliet.futuresystems.org j-054.juliet.futuresystems.org 
17/03/19 12:33:48 INFO fileformat.MultiFileInputFormat: Split on host: j-066.juliet.futuresystems.org j-059.juliet.futuresystems.org j-057.juliet.futuresystems.org j-055.juliet.futuresystems.org j-012.juliet.futuresystems.org j-053.juliet.futuresystems.org j-062.juliet.futuresystems.org j-065.juliet.futuresystems.org j-058.juliet.futuresystems.org j-060.juliet.futuresystems.org j-054.juliet.futuresystems.org 
17/03/19 12:33:48 INFO fileformat.MultiFileInputFormat: Split on host: j-066.juliet.futuresystems.org j-059.juliet.futuresystems.org j-061.juliet.futuresystems.org j-012.juliet.futuresystems.org j-053.juliet.futuresystems.org j-065.juliet.futuresystems.org j-056.juliet.futuresystems.org j-063.juliet.futuresystems.org j-055.juliet.futuresystems.org j-057.juliet.futuresystems.org j-062.juliet.futuresystems.org j-058.juliet.futuresystems.org j-054.juliet.futuresystems.org 
17/03/19 12:33:48 INFO fileformat.MultiFileInputFormat: Total # of splits: 4
17/03/19 12:33:48 INFO mapreduce.JobSubmitter: number of splits:4
17/03/19 12:33:48 INFO mapreduce.JobSubmitter: Submitting tokens for job: job_1489165733656_0378
command: $JAVA_HOME/bin/java -Dlog4j.configuration=container-log4j.properties -Dyarn.app.container.log.dir=<LOG_DIR> -Dyarn.app.container.log.filesize=0 -Dhadoop.root.logger=INFO,CLA  -Xmx1024m org.apache.hadoop.mapreduce.v2.app.MapCollectiveAppMaster 1><LOG_DIR>/stdout 2><LOG_DIR>/stderr 
17/03/19 12:33:48 INFO impl.YarnClientImpl: Submitted application application_1489165733656_0378
17/03/19 12:33:48 INFO mapreduce.Job: The url to track the job: http://j-011:8088/proxy/application_1489165733656_0378/
17/03/19 12:33:48 INFO mapreduce.Job: Running job: job_1489165733656_0378
17/03/19 12:33:53 INFO mapreduce.Job: Job job_1489165733656_0378 running in uber mode : false
17/03/19 12:33:53 INFO mapreduce.Job:  map 0% reduce 0%
17/03/19 12:34:03 INFO mapreduce.Job:  map 75% reduce 0%
17/03/19 12:34:04 INFO mapreduce.Job:  map 100% reduce 0%
17/03/19 12:36:06 INFO mapreduce.Job: Job job_1489165733656_0378 completed successfully
17/03/19 12:36:06 INFO mapreduce.Job: Counters: 30
	File System Counters
		FILE: Number of bytes read=0
		FILE: Number of bytes written=425344
		FILE: Number of read operations=0
		FILE: Number of large read operations=0
		FILE: Number of write operations=0
		HDFS: Number of bytes read=2238135334
		HDFS: Number of bytes written=27
		HDFS: Number of read operations=32
		HDFS: Number of large read operations=0
		HDFS: Number of write operations=8
	Job Counters 
		Launched map tasks=4
		Other local map tasks=4
		Total time spent by all maps in occupied slots (ms)=522720
		Total time spent by all reduces in occupied slots (ms)=0
		Total time spent by all map tasks (ms)=522720
		Total vcore-seconds taken by all map tasks=522720
		Total megabyte-seconds taken by all map tasks=535265280
	Map-Reduce Framework
		Map input records=4
		Map output records=1
		Input split bytes=480
		Spilled Records=0
		Failed Shuffles=0
		Merged Map outputs=0
		GC time elapsed (ms)=8408
		CPU time spent (ms)=2573230
		Physical memory (bytes) snapshot=107918217216
		Virtual memory (bytes) snapshot=324541751296
		Total committed heap usage (bytes)=296352743424
	File Input Format Counters 
		Bytes Read=0
	File Output Format Counters 
		Bytes Written=27
139973ms
17/03/19 12:36:07 WARN util.NativeCodeLoader: Unable to load native-hadoop library for your platform... using builtin-java classes where applicable
finalCount	483621159162474
[The 1 times] Above experiment is: ./runHarpSgcr.sh /N/u/mengli/harp-sahad/experiments/template/u5-1.t sahad-data/miami/miami-u-cld9-4 sahad-output/miami/miami-u-cld9-4/40threads/1 4 40
17/03/19 12:36:09 WARN util.NativeCodeLoader: Unable to load native-hadoop library for your platform... using builtin-java classes where applicable
rm: `sahad-output/miami/miami-u-cld0-4/40threads/2': No such file or directory
use Local MultiThread? true
set Number of Map Tasks = 4
set number of threads: 40
17/03/19 12:36:10 WARN util.NativeCodeLoader: Unable to load native-hadoop library for your platform... using builtin-java classes where applicable
Get map collective runner
17/03/19 12:36:11 INFO client.RMProxy: Connecting to ResourceManager at j-011/172.16.0.11:8032
17/03/19 12:36:11 INFO input.FileInputFormat: Total input paths to process : 4
17/03/19 12:36:11 INFO fileformat.MultiFileInputFormat: NUMBER OF FILES: 4
17/03/19 12:36:11 INFO fileformat.MultiFileInputFormat: NUMBER OF MAPS: 4
17/03/19 12:36:11 INFO fileformat.MultiFileInputFormat: Split on host: j-056.juliet.futuresystems.org j-063.juliet.futuresystems.org j-059.juliet.futuresystems.org j-057.juliet.futuresystems.org 
17/03/19 12:36:11 INFO fileformat.MultiFileInputFormat: Split on host: j-057.juliet.futuresystems.org j-062.juliet.futuresystems.org j-065.juliet.futuresystems.org j-058.juliet.futuresystems.org j-013.juliet.futuresystems.org j-054.juliet.futuresystems.org 
17/03/19 12:36:11 INFO fileformat.MultiFileInputFormat: Split on host: j-066.juliet.futuresystems.org j-055.juliet.futuresystems.org j-065.juliet.futuresystems.org j-054.juliet.futuresystems.org j-013.juliet.futuresystems.org 
17/03/19 12:36:11 INFO fileformat.MultiFileInputFormat: Split on host: j-056.juliet.futuresystems.org j-053.juliet.futuresystems.org j-062.juliet.futuresystems.org j-058.juliet.futuresystems.org 
17/03/19 12:36:11 INFO fileformat.MultiFileInputFormat: Total # of splits: 4
17/03/19 12:36:12 INFO mapreduce.JobSubmitter: number of splits:4
17/03/19 12:36:12 INFO mapreduce.JobSubmitter: Submitting tokens for job: job_1489165733656_0379
command: $JAVA_HOME/bin/java -Dlog4j.configuration=container-log4j.properties -Dyarn.app.container.log.dir=<LOG_DIR> -Dyarn.app.container.log.filesize=0 -Dhadoop.root.logger=INFO,CLA  -Xmx1024m org.apache.hadoop.mapreduce.v2.app.MapCollectiveAppMaster 1><LOG_DIR>/stdout 2><LOG_DIR>/stderr 
17/03/19 12:36:12 INFO impl.YarnClientImpl: Submitted application application_1489165733656_0379
17/03/19 12:36:12 INFO mapreduce.Job: The url to track the job: http://j-011:8088/proxy/application_1489165733656_0379/
17/03/19 12:36:12 INFO mapreduce.Job: Running job: job_1489165733656_0379
17/03/19 12:36:17 INFO mapreduce.Job: Job job_1489165733656_0379 running in uber mode : false
17/03/19 12:36:17 INFO mapreduce.Job:  map 0% reduce 0%
17/03/19 12:36:27 INFO mapreduce.Job:  map 100% reduce 0%
17/03/19 12:41:23 INFO mapreduce.Job: Job job_1489165733656_0379 completed successfully
17/03/19 12:41:23 INFO mapreduce.Job: Counters: 30
	File System Counters
		FILE: Number of bytes read=0
		FILE: Number of bytes written=425344
		FILE: Number of read operations=0
		FILE: Number of large read operations=0
		FILE: Number of write operations=0
		HDFS: Number of bytes read=831789100
		HDFS: Number of bytes written=26
		HDFS: Number of read operations=32
		HDFS: Number of large read operations=0
		HDFS: Number of write operations=8
	Job Counters 
		Launched map tasks=4
		Other local map tasks=4
		Total time spent by all maps in occupied slots (ms)=1214243
		Total time spent by all reduces in occupied slots (ms)=0
		Total time spent by all map tasks (ms)=1214243
		Total vcore-seconds taken by all map tasks=1214243
		Total megabyte-seconds taken by all map tasks=1243384832
	Map-Reduce Framework
		Map input records=4
		Map output records=1
		Input split bytes=480
		Spilled Records=0
		Failed Shuffles=0
		Merged Map outputs=0
		GC time elapsed (ms)=26212
		CPU time spent (ms)=5896710
		Physical memory (bytes) snapshot=98239119360
		Virtual memory (bytes) snapshot=324547371008
		Total committed heap usage (bytes)=296352743424
	File Input Format Counters 
		Bytes Read=0
	File Output Format Counters 
		Bytes Written=26
313565ms
17/03/19 12:41:24 WARN util.NativeCodeLoader: Unable to load native-hadoop library for your platform... using builtin-java classes where applicable
finalCount	21540026494479
[The 2 times] Above experiment is: ./runHarpSgcr.sh /N/u/mengli/harp-sahad/experiments/template/u5-1.t sahad-data/miami/miami-u-cld0-4 sahad-output/miami/miami-u-cld0-4/40threads/2 4 40
17/03/19 12:41:26 WARN util.NativeCodeLoader: Unable to load native-hadoop library for your platform... using builtin-java classes where applicable
rm: `sahad-output/miami/miami-u-cld1-4/40threads/2': No such file or directory
use Local MultiThread? true
set Number of Map Tasks = 4
set number of threads: 40
17/03/19 12:41:28 WARN util.NativeCodeLoader: Unable to load native-hadoop library for your platform... using builtin-java classes where applicable
Get map collective runner
17/03/19 12:41:28 INFO client.RMProxy: Connecting to ResourceManager at j-011/172.16.0.11:8032
17/03/19 12:41:29 INFO input.FileInputFormat: Total input paths to process : 4
17/03/19 12:41:29 INFO fileformat.MultiFileInputFormat: NUMBER OF FILES: 4
17/03/19 12:41:29 INFO fileformat.MultiFileInputFormat: NUMBER OF MAPS: 4
17/03/19 12:41:29 INFO fileformat.MultiFileInputFormat: Split on host: j-066.juliet.futuresystems.org j-063.juliet.futuresystems.org j-059.juliet.futuresystems.org j-062.juliet.futuresystems.org j-013.juliet.futuresystems.org 
17/03/19 12:41:29 INFO fileformat.MultiFileInputFormat: Split on host: j-056.juliet.futuresystems.org j-063.juliet.futuresystems.org j-012.juliet.futuresystems.org j-053.juliet.futuresystems.org j-064.juliet.futuresystems.org j-013.juliet.futuresystems.org 
17/03/19 12:41:29 INFO fileformat.MultiFileInputFormat: Split on host: j-063.juliet.futuresystems.org j-062.juliet.futuresystems.org j-065.juliet.futuresystems.org j-058.juliet.futuresystems.org j-054.juliet.futuresystems.org 
17/03/19 12:41:29 INFO fileformat.MultiFileInputFormat: Split on host: j-059.juliet.futuresystems.org j-063.juliet.futuresystems.org j-057.juliet.futuresystems.org j-064.juliet.futuresystems.org j-058.juliet.futuresystems.org j-054.juliet.futuresystems.org 
17/03/19 12:41:29 INFO fileformat.MultiFileInputFormat: Total # of splits: 4
17/03/19 12:41:29 INFO mapreduce.JobSubmitter: number of splits:4
17/03/19 12:41:29 INFO mapreduce.JobSubmitter: Submitting tokens for job: job_1489165733656_0380
command: $JAVA_HOME/bin/java -Dlog4j.configuration=container-log4j.properties -Dyarn.app.container.log.dir=<LOG_DIR> -Dyarn.app.container.log.filesize=0 -Dhadoop.root.logger=INFO,CLA  -Xmx1024m org.apache.hadoop.mapreduce.v2.app.MapCollectiveAppMaster 1><LOG_DIR>/stdout 2><LOG_DIR>/stderr 
17/03/19 12:41:29 INFO impl.YarnClientImpl: Submitted application application_1489165733656_0380
17/03/19 12:41:29 INFO mapreduce.Job: The url to track the job: http://j-011:8088/proxy/application_1489165733656_0380/
17/03/19 12:41:29 INFO mapreduce.Job: Running job: job_1489165733656_0380
17/03/19 12:41:34 INFO mapreduce.Job: Job job_1489165733656_0380 running in uber mode : false
17/03/19 12:41:34 INFO mapreduce.Job:  map 0% reduce 0%
17/03/19 12:41:44 INFO mapreduce.Job:  map 100% reduce 0%
17/03/19 12:46:23 INFO mapreduce.Job: Job job_1489165733656_0380 completed successfully
17/03/19 12:46:24 INFO mapreduce.Job: Counters: 30
	File System Counters
		FILE: Number of bytes read=0
		FILE: Number of bytes written=425344
		FILE: Number of read operations=0
		FILE: Number of large read operations=0
		FILE: Number of write operations=0
		HDFS: Number of bytes read=988088131
		HDFS: Number of bytes written=26
		HDFS: Number of read operations=32
		HDFS: Number of large read operations=0
		HDFS: Number of write operations=8
	Job Counters 
		Launched map tasks=4
		Other local map tasks=4
		Total time spent by all maps in occupied slots (ms)=1146707
		Total time spent by all reduces in occupied slots (ms)=0
		Total time spent by all map tasks (ms)=1146707
		Total vcore-seconds taken by all map tasks=1146707
		Total megabyte-seconds taken by all map tasks=1174227968
	Map-Reduce Framework
		Map input records=4
		Map output records=1
		Input split bytes=480
		Spilled Records=0
		Failed Shuffles=0
		Merged Map outputs=0
		GC time elapsed (ms)=21606
		CPU time spent (ms)=6919050
		Physical memory (bytes) snapshot=96379887616
		Virtual memory (bytes) snapshot=324557111296
		Total committed heap usage (bytes)=296352743424
	File Input Format Counters 
		Bytes Read=0
	File Output Format Counters 
		Bytes Written=26
296560ms
17/03/19 12:46:25 WARN util.NativeCodeLoader: Unable to load native-hadoop library for your platform... using builtin-java classes where applicable
finalCount	32626248220520
[The 2 times] Above experiment is: ./runHarpSgcr.sh /N/u/mengli/harp-sahad/experiments/template/u5-1.t sahad-data/miami/miami-u-cld1-4 sahad-output/miami/miami-u-cld1-4/40threads/2 4 40
17/03/19 12:46:26 WARN util.NativeCodeLoader: Unable to load native-hadoop library for your platform... using builtin-java classes where applicable
rm: `sahad-output/miami/miami-u-cld2-4/40threads/2': No such file or directory
use Local MultiThread? true
set Number of Map Tasks = 4
set number of threads: 40
17/03/19 12:46:28 WARN util.NativeCodeLoader: Unable to load native-hadoop library for your platform... using builtin-java classes where applicable
Get map collective runner
17/03/19 12:46:29 INFO client.RMProxy: Connecting to ResourceManager at j-011/172.16.0.11:8032
17/03/19 12:46:29 INFO input.FileInputFormat: Total input paths to process : 4
17/03/19 12:46:29 INFO fileformat.MultiFileInputFormat: NUMBER OF FILES: 4
17/03/19 12:46:29 INFO fileformat.MultiFileInputFormat: NUMBER OF MAPS: 4
17/03/19 12:46:29 INFO fileformat.MultiFileInputFormat: Split on host: j-059.juliet.futuresystems.org j-063.juliet.futuresystems.org j-057.juliet.futuresystems.org j-012.juliet.futuresystems.org j-053.juliet.futuresystems.org j-062.juliet.futuresystems.org j-058.juliet.futuresystems.org j-054.juliet.futuresystems.org 
17/03/19 12:46:29 INFO fileformat.MultiFileInputFormat: Split on host: j-063.juliet.futuresystems.org j-059.juliet.futuresystems.org j-057.juliet.futuresystems.org j-012.juliet.futuresystems.org j-065.juliet.futuresystems.org j-058.juliet.futuresystems.org j-060.juliet.futuresystems.org j-054.juliet.futuresystems.org 
17/03/19 12:46:29 INFO fileformat.MultiFileInputFormat: Split on host: j-063.juliet.futuresystems.org j-059.juliet.futuresystems.org j-053.juliet.futuresystems.org j-065.juliet.futuresystems.org j-058.juliet.futuresystems.org j-054.juliet.futuresystems.org 
17/03/19 12:46:29 INFO fileformat.MultiFileInputFormat: Split on host: j-066.juliet.futuresystems.org j-063.juliet.futuresystems.org j-061.juliet.futuresystems.org j-055.juliet.futuresystems.org j-057.juliet.futuresystems.org j-053.juliet.futuresystems.org j-062.juliet.futuresystems.org 
17/03/19 12:46:29 INFO fileformat.MultiFileInputFormat: Total # of splits: 4
17/03/19 12:46:29 INFO mapreduce.JobSubmitter: number of splits:4
17/03/19 12:46:29 INFO mapreduce.JobSubmitter: Submitting tokens for job: job_1489165733656_0381
command: $JAVA_HOME/bin/java -Dlog4j.configuration=container-log4j.properties -Dyarn.app.container.log.dir=<LOG_DIR> -Dyarn.app.container.log.filesize=0 -Dhadoop.root.logger=INFO,CLA  -Xmx1024m org.apache.hadoop.mapreduce.v2.app.MapCollectiveAppMaster 1><LOG_DIR>/stdout 2><LOG_DIR>/stderr 
17/03/19 12:46:29 INFO impl.YarnClientImpl: Submitted application application_1489165733656_0381
17/03/19 12:46:30 INFO mapreduce.Job: The url to track the job: http://j-011:8088/proxy/application_1489165733656_0381/
17/03/19 12:46:30 INFO mapreduce.Job: Running job: job_1489165733656_0381
17/03/19 12:46:35 INFO mapreduce.Job: Job job_1489165733656_0381 running in uber mode : false
17/03/19 12:46:35 INFO mapreduce.Job:  map 0% reduce 0%
17/03/19 12:46:45 INFO mapreduce.Job:  map 100% reduce 0%
17/03/19 12:48:39 INFO mapreduce.Job: Job job_1489165733656_0381 completed successfully
17/03/19 12:48:39 INFO mapreduce.Job: Counters: 30
	File System Counters
		FILE: Number of bytes read=0
		FILE: Number of bytes written=425344
		FILE: Number of read operations=0
		FILE: Number of large read operations=0
		FILE: Number of write operations=0
		HDFS: Number of bytes read=1144483266
		HDFS: Number of bytes written=26
		HDFS: Number of read operations=32
		HDFS: Number of large read operations=0
		HDFS: Number of write operations=8
	Job Counters 
		Launched map tasks=4
		Other local map tasks=4
		Total time spent by all maps in occupied slots (ms)=490863
		Total time spent by all reduces in occupied slots (ms)=0
		Total time spent by all map tasks (ms)=490863
		Total vcore-seconds taken by all map tasks=490863
		Total megabyte-seconds taken by all map tasks=502643712
	Map-Reduce Framework
		Map input records=4
		Map output records=1
		Input split bytes=480
		Spilled Records=0
		Failed Shuffles=0
		Merged Map outputs=0
		GC time elapsed (ms)=5515
		CPU time spent (ms)=1656470
		Physical memory (bytes) snapshot=95860772864
		Virtual memory (bytes) snapshot=324539666432
		Total committed heap usage (bytes)=296352743424
	File Input Format Counters 
		Bytes Read=0
	File Output Format Counters 
		Bytes Written=26
132021ms
17/03/19 12:48:41 WARN util.NativeCodeLoader: Unable to load native-hadoop library for your platform... using builtin-java classes where applicable
finalCount	49151413071354
[The 2 times] Above experiment is: ./runHarpSgcr.sh /N/u/mengli/harp-sahad/experiments/template/u5-1.t sahad-data/miami/miami-u-cld2-4 sahad-output/miami/miami-u-cld2-4/40threads/2 4 40
17/03/19 12:48:42 WARN util.NativeCodeLoader: Unable to load native-hadoop library for your platform... using builtin-java classes where applicable
rm: `sahad-output/miami/miami-u-cld3-4/40threads/2': No such file or directory
use Local MultiThread? true
set Number of Map Tasks = 4
set number of threads: 40
17/03/19 12:48:44 WARN util.NativeCodeLoader: Unable to load native-hadoop library for your platform... using builtin-java classes where applicable
Get map collective runner
17/03/19 12:48:44 INFO client.RMProxy: Connecting to ResourceManager at j-011/172.16.0.11:8032
17/03/19 12:48:45 INFO input.FileInputFormat: Total input paths to process : 4
17/03/19 12:48:45 INFO fileformat.MultiFileInputFormat: NUMBER OF FILES: 4
17/03/19 12:48:45 INFO fileformat.MultiFileInputFormat: NUMBER OF MAPS: 4
17/03/19 12:48:45 INFO fileformat.MultiFileInputFormat: Split on host: j-059.juliet.futuresystems.org j-061.juliet.futuresystems.org j-055.juliet.futuresystems.org j-062.juliet.futuresystems.org j-065.juliet.futuresystems.org j-064.juliet.futuresystems.org j-058.juliet.futuresystems.org 
17/03/19 12:48:45 INFO fileformat.MultiFileInputFormat: Split on host: j-066.juliet.futuresystems.org j-063.juliet.futuresystems.org j-057.juliet.futuresystems.org j-062.juliet.futuresystems.org j-065.juliet.futuresystems.org j-054.juliet.futuresystems.org j-013.juliet.futuresystems.org 
17/03/19 12:48:45 INFO fileformat.MultiFileInputFormat: Split on host: j-056.juliet.futuresystems.org j-066.juliet.futuresystems.org j-063.juliet.futuresystems.org j-061.juliet.futuresystems.org j-053.juliet.futuresystems.org j-062.juliet.futuresystems.org j-013.juliet.futuresystems.org 
17/03/19 12:48:45 INFO fileformat.MultiFileInputFormat: Split on host: j-066.juliet.futuresystems.org j-059.juliet.futuresystems.org j-063.juliet.futuresystems.org j-055.juliet.futuresystems.org j-062.juliet.futuresystems.org j-064.juliet.futuresystems.org j-060.juliet.futuresystems.org j-013.juliet.futuresystems.org 
17/03/19 12:48:45 INFO fileformat.MultiFileInputFormat: Total # of splits: 4
17/03/19 12:48:45 INFO mapreduce.JobSubmitter: number of splits:4
17/03/19 12:48:45 INFO mapreduce.JobSubmitter: Submitting tokens for job: job_1489165733656_0382
command: $JAVA_HOME/bin/java -Dlog4j.configuration=container-log4j.properties -Dyarn.app.container.log.dir=<LOG_DIR> -Dyarn.app.container.log.filesize=0 -Dhadoop.root.logger=INFO,CLA  -Xmx1024m org.apache.hadoop.mapreduce.v2.app.MapCollectiveAppMaster 1><LOG_DIR>/stdout 2><LOG_DIR>/stderr 
17/03/19 12:48:45 INFO impl.YarnClientImpl: Submitted application application_1489165733656_0382
17/03/19 12:48:45 INFO mapreduce.Job: The url to track the job: http://j-011:8088/proxy/application_1489165733656_0382/
17/03/19 12:48:45 INFO mapreduce.Job: Running job: job_1489165733656_0382
17/03/19 12:48:50 INFO mapreduce.Job: Job job_1489165733656_0382 running in uber mode : false
17/03/19 12:48:50 INFO mapreduce.Job:  map 0% reduce 0%
17/03/19 12:49:00 INFO mapreduce.Job:  map 100% reduce 0%
17/03/19 12:50:58 INFO mapreduce.Job: Job job_1489165733656_0382 completed successfully
17/03/19 12:50:58 INFO mapreduce.Job: Counters: 30
	File System Counters
		FILE: Number of bytes read=0
		FILE: Number of bytes written=425344
		FILE: Number of read operations=0
		FILE: Number of large read operations=0
		FILE: Number of write operations=0
		HDFS: Number of bytes read=1300440368
		HDFS: Number of bytes written=26
		HDFS: Number of read operations=32
		HDFS: Number of large read operations=0
		HDFS: Number of write operations=8
	Job Counters 
		Launched map tasks=4
		Other local map tasks=4
		Total time spent by all maps in occupied slots (ms)=499295
		Total time spent by all reduces in occupied slots (ms)=0
		Total time spent by all map tasks (ms)=499295
		Total vcore-seconds taken by all map tasks=499295
		Total megabyte-seconds taken by all map tasks=511278080
	Map-Reduce Framework
		Map input records=4
		Map output records=1
		Input split bytes=480
		Spilled Records=0
		Failed Shuffles=0
		Merged Map outputs=0
		GC time elapsed (ms)=5943
		CPU time spent (ms)=1857890
		Physical memory (bytes) snapshot=99785080832
		Virtual memory (bytes) snapshot=324592869376
		Total committed heap usage (bytes)=296352743424
	File Input Format Counters 
		Bytes Read=0
	File Output Format Counters 
		Bytes Written=26
134950ms
17/03/19 12:50:59 WARN util.NativeCodeLoader: Unable to load native-hadoop library for your platform... using builtin-java classes where applicable
finalCount	72573219098203
[The 2 times] Above experiment is: ./runHarpSgcr.sh /N/u/mengli/harp-sahad/experiments/template/u5-1.t sahad-data/miami/miami-u-cld3-4 sahad-output/miami/miami-u-cld3-4/40threads/2 4 40
17/03/19 12:51:01 WARN util.NativeCodeLoader: Unable to load native-hadoop library for your platform... using builtin-java classes where applicable
rm: `sahad-output/miami/miami-u-cld4-4/40threads/2': No such file or directory
use Local MultiThread? true
set Number of Map Tasks = 4
set number of threads: 40
17/03/19 12:51:03 WARN util.NativeCodeLoader: Unable to load native-hadoop library for your platform... using builtin-java classes where applicable
Get map collective runner
17/03/19 12:51:03 INFO client.RMProxy: Connecting to ResourceManager at j-011/172.16.0.11:8032
17/03/19 12:51:04 INFO input.FileInputFormat: Total input paths to process : 4
17/03/19 12:51:04 INFO fileformat.MultiFileInputFormat: NUMBER OF FILES: 4
17/03/19 12:51:04 INFO fileformat.MultiFileInputFormat: NUMBER OF MAPS: 4
17/03/19 12:51:04 INFO fileformat.MultiFileInputFormat: Split on host: j-056.juliet.futuresystems.org j-059.juliet.futuresystems.org j-061.juliet.futuresystems.org j-057.juliet.futuresystems.org j-012.juliet.futuresystems.org j-065.juliet.futuresystems.org j-058.juliet.futuresystems.org j-060.juliet.futuresystems.org 
17/03/19 12:51:04 INFO fileformat.MultiFileInputFormat: Split on host: j-066.juliet.futuresystems.org j-056.juliet.futuresystems.org j-059.juliet.futuresystems.org j-053.juliet.futuresystems.org j-062.juliet.futuresystems.org j-064.juliet.futuresystems.org j-058.juliet.futuresystems.org j-060.juliet.futuresystems.org 
17/03/19 12:51:04 INFO fileformat.MultiFileInputFormat: Split on host: j-056.juliet.futuresystems.org j-063.juliet.futuresystems.org j-053.juliet.futuresystems.org j-012.juliet.futuresystems.org j-065.juliet.futuresystems.org j-064.juliet.futuresystems.org j-060.juliet.futuresystems.org j-054.juliet.futuresystems.org j-013.juliet.futuresystems.org 
17/03/19 12:51:04 INFO fileformat.MultiFileInputFormat: Split on host: j-056.juliet.futuresystems.org j-061.juliet.futuresystems.org j-055.juliet.futuresystems.org j-057.juliet.futuresystems.org j-062.juliet.futuresystems.org j-065.juliet.futuresystems.org j-064.juliet.futuresystems.org j-060.juliet.futuresystems.org 
17/03/19 12:51:04 INFO fileformat.MultiFileInputFormat: Total # of splits: 4
17/03/19 12:51:04 INFO mapreduce.JobSubmitter: number of splits:4
17/03/19 12:51:04 INFO mapreduce.JobSubmitter: Submitting tokens for job: job_1489165733656_0383
command: $JAVA_HOME/bin/java -Dlog4j.configuration=container-log4j.properties -Dyarn.app.container.log.dir=<LOG_DIR> -Dyarn.app.container.log.filesize=0 -Dhadoop.root.logger=INFO,CLA  -Xmx1024m org.apache.hadoop.mapreduce.v2.app.MapCollectiveAppMaster 1><LOG_DIR>/stdout 2><LOG_DIR>/stderr 
17/03/19 12:51:04 INFO impl.YarnClientImpl: Submitted application application_1489165733656_0383
17/03/19 12:51:04 INFO mapreduce.Job: The url to track the job: http://j-011:8088/proxy/application_1489165733656_0383/
17/03/19 12:51:04 INFO mapreduce.Job: Running job: job_1489165733656_0383
17/03/19 12:51:09 INFO mapreduce.Job: Job job_1489165733656_0383 running in uber mode : false
17/03/19 12:51:09 INFO mapreduce.Job:  map 0% reduce 0%
17/03/19 12:51:19 INFO mapreduce.Job:  map 50% reduce 0%
17/03/19 12:51:20 INFO mapreduce.Job:  map 100% reduce 0%
17/03/19 12:53:20 INFO mapreduce.Job: Job job_1489165733656_0383 completed successfully
17/03/19 12:53:20 INFO mapreduce.Job: Counters: 30
	File System Counters
		FILE: Number of bytes read=0
		FILE: Number of bytes written=425344
		FILE: Number of read operations=0
		FILE: Number of large read operations=0
		FILE: Number of write operations=0
		HDFS: Number of bytes read=1456796171
		HDFS: Number of bytes written=27
		HDFS: Number of read operations=32
		HDFS: Number of large read operations=0
		HDFS: Number of write operations=8
	Job Counters 
		Launched map tasks=4
		Other local map tasks=4
		Total time spent by all maps in occupied slots (ms)=511602
		Total time spent by all reduces in occupied slots (ms)=0
		Total time spent by all map tasks (ms)=511602
		Total vcore-seconds taken by all map tasks=511602
		Total megabyte-seconds taken by all map tasks=523880448
	Map-Reduce Framework
		Map input records=4
		Map output records=1
		Input split bytes=480
		Spilled Records=0
		Failed Shuffles=0
		Merged Map outputs=0
		GC time elapsed (ms)=5114
		CPU time spent (ms)=1947820
		Physical memory (bytes) snapshot=99868987392
		Virtual memory (bytes) snapshot=324543823872
		Total committed heap usage (bytes)=296352743424
	File Input Format Counters 
		Bytes Read=0
	File Output Format Counters 
		Bytes Written=27
137954ms
17/03/19 12:53:21 WARN util.NativeCodeLoader: Unable to load native-hadoop library for your platform... using builtin-java classes where applicable
finalCount	105008934813697
[The 2 times] Above experiment is: ./runHarpSgcr.sh /N/u/mengli/harp-sahad/experiments/template/u5-1.t sahad-data/miami/miami-u-cld4-4 sahad-output/miami/miami-u-cld4-4/40threads/2 4 40
17/03/19 12:53:23 WARN util.NativeCodeLoader: Unable to load native-hadoop library for your platform... using builtin-java classes where applicable
rm: `sahad-output/miami/miami-u-cld5-4/40threads/2': No such file or directory
use Local MultiThread? true
set Number of Map Tasks = 4
set number of threads: 40
17/03/19 12:53:24 WARN util.NativeCodeLoader: Unable to load native-hadoop library for your platform... using builtin-java classes where applicable
Get map collective runner
17/03/19 12:53:25 INFO client.RMProxy: Connecting to ResourceManager at j-011/172.16.0.11:8032
17/03/19 12:53:25 INFO input.FileInputFormat: Total input paths to process : 4
17/03/19 12:53:25 INFO fileformat.MultiFileInputFormat: NUMBER OF FILES: 4
17/03/19 12:53:25 INFO fileformat.MultiFileInputFormat: NUMBER OF MAPS: 4
17/03/19 12:53:25 INFO fileformat.MultiFileInputFormat: Split on host: j-063.juliet.futuresystems.org j-061.juliet.futuresystems.org j-057.juliet.futuresystems.org j-053.juliet.futuresystems.org j-062.juliet.futuresystems.org j-065.juliet.futuresystems.org j-064.juliet.futuresystems.org j-054.juliet.futuresystems.org j-013.juliet.futuresystems.org 
17/03/19 12:53:25 INFO fileformat.MultiFileInputFormat: Split on host: j-066.juliet.futuresystems.org j-056.juliet.futuresystems.org j-063.juliet.futuresystems.org j-061.juliet.futuresystems.org j-055.juliet.futuresystems.org j-057.juliet.futuresystems.org j-058.juliet.futuresystems.org j-060.juliet.futuresystems.org j-013.juliet.futuresystems.org 
17/03/19 12:53:25 INFO fileformat.MultiFileInputFormat: Split on host: j-066.juliet.futuresystems.org j-056.juliet.futuresystems.org j-063.juliet.futuresystems.org j-061.juliet.futuresystems.org j-055.juliet.futuresystems.org j-057.juliet.futuresystems.org j-012.juliet.futuresystems.org j-062.juliet.futuresystems.org j-064.juliet.futuresystems.org j-058.juliet.futuresystems.org j-054.juliet.futuresystems.org 
17/03/19 12:53:25 INFO fileformat.MultiFileInputFormat: Split on host: j-056.juliet.futuresystems.org j-063.juliet.futuresystems.org j-055.juliet.futuresystems.org j-012.juliet.futuresystems.org j-053.juliet.futuresystems.org j-062.juliet.futuresystems.org j-064.juliet.futuresystems.org j-058.juliet.futuresystems.org j-060.juliet.futuresystems.org j-054.juliet.futuresystems.org 
17/03/19 12:53:25 INFO fileformat.MultiFileInputFormat: Total # of splits: 4
17/03/19 12:53:25 INFO mapreduce.JobSubmitter: number of splits:4
17/03/19 12:53:26 INFO mapreduce.JobSubmitter: Submitting tokens for job: job_1489165733656_0384
command: $JAVA_HOME/bin/java -Dlog4j.configuration=container-log4j.properties -Dyarn.app.container.log.dir=<LOG_DIR> -Dyarn.app.container.log.filesize=0 -Dhadoop.root.logger=INFO,CLA  -Xmx1024m org.apache.hadoop.mapreduce.v2.app.MapCollectiveAppMaster 1><LOG_DIR>/stdout 2><LOG_DIR>/stderr 
17/03/19 12:53:26 INFO impl.YarnClientImpl: Submitted application application_1489165733656_0384
17/03/19 12:53:26 INFO mapreduce.Job: The url to track the job: http://j-011:8088/proxy/application_1489165733656_0384/
17/03/19 12:53:26 INFO mapreduce.Job: Running job: job_1489165733656_0384
17/03/19 12:53:31 INFO mapreduce.Job: Job job_1489165733656_0384 running in uber mode : false
17/03/19 12:53:31 INFO mapreduce.Job:  map 0% reduce 0%
17/03/19 12:53:41 INFO mapreduce.Job:  map 100% reduce 0%
17/03/19 12:55:40 INFO mapreduce.Job: Job job_1489165733656_0384 completed successfully
17/03/19 12:55:40 INFO mapreduce.Job: Counters: 30
	File System Counters
		FILE: Number of bytes read=0
		FILE: Number of bytes written=425344
		FILE: Number of read operations=0
		FILE: Number of large read operations=0
		FILE: Number of write operations=0
		HDFS: Number of bytes read=1613032459
		HDFS: Number of bytes written=27
		HDFS: Number of read operations=32
		HDFS: Number of large read operations=0
		HDFS: Number of write operations=8
	Job Counters 
		Launched map tasks=4
		Other local map tasks=4
		Total time spent by all maps in occupied slots (ms)=505147
		Total time spent by all reduces in occupied slots (ms)=0
		Total time spent by all map tasks (ms)=505147
		Total vcore-seconds taken by all map tasks=505147
		Total megabyte-seconds taken by all map tasks=517270528
	Map-Reduce Framework
		Map input records=4
		Map output records=1
		Input split bytes=480
		Spilled Records=0
		Failed Shuffles=0
		Merged Map outputs=0
		GC time elapsed (ms)=5828
		CPU time spent (ms)=2195180
		Physical memory (bytes) snapshot=98861764608
		Virtual memory (bytes) snapshot=324567760896
		Total committed heap usage (bytes)=296352743424
	File Input Format Counters 
		Bytes Read=0
	File Output Format Counters 
		Bytes Written=27
135969ms
17/03/19 12:55:41 WARN util.NativeCodeLoader: Unable to load native-hadoop library for your platform... using builtin-java classes where applicable
finalCount	148410152373255
[The 2 times] Above experiment is: ./runHarpSgcr.sh /N/u/mengli/harp-sahad/experiments/template/u5-1.t sahad-data/miami/miami-u-cld5-4 sahad-output/miami/miami-u-cld5-4/40threads/2 4 40
17/03/19 12:55:42 WARN util.NativeCodeLoader: Unable to load native-hadoop library for your platform... using builtin-java classes where applicable
rm: `sahad-output/miami/miami-u-cld6-4/40threads/2': No such file or directory
use Local MultiThread? true
set Number of Map Tasks = 4
set number of threads: 40
17/03/19 12:55:44 WARN util.NativeCodeLoader: Unable to load native-hadoop library for your platform... using builtin-java classes where applicable
Get map collective runner
17/03/19 12:55:45 INFO client.RMProxy: Connecting to ResourceManager at j-011/172.16.0.11:8032
17/03/19 12:55:45 INFO input.FileInputFormat: Total input paths to process : 4
17/03/19 12:55:45 INFO fileformat.MultiFileInputFormat: NUMBER OF FILES: 4
17/03/19 12:55:45 INFO fileformat.MultiFileInputFormat: NUMBER OF MAPS: 4
17/03/19 12:55:45 INFO fileformat.MultiFileInputFormat: Split on host: j-066.juliet.futuresystems.org j-059.juliet.futuresystems.org j-061.juliet.futuresystems.org j-057.juliet.futuresystems.org j-055.juliet.futuresystems.org j-012.juliet.futuresystems.org j-065.juliet.futuresystems.org j-058.juliet.futuresystems.org j-060.juliet.futuresystems.org 
17/03/19 12:55:45 INFO fileformat.MultiFileInputFormat: Split on host: j-059.juliet.futuresystems.org j-061.juliet.futuresystems.org j-055.juliet.futuresystems.org j-012.juliet.futuresystems.org j-062.juliet.futuresystems.org j-065.juliet.futuresystems.org j-064.juliet.futuresystems.org j-054.juliet.futuresystems.org j-013.juliet.futuresystems.org 
17/03/19 12:55:45 INFO fileformat.MultiFileInputFormat: Split on host: j-056.juliet.futuresystems.org j-063.juliet.futuresystems.org j-061.juliet.futuresystems.org j-057.juliet.futuresystems.org j-053.juliet.futuresystems.org j-062.juliet.futuresystems.org j-065.juliet.futuresystems.org j-058.juliet.futuresystems.org j-060.juliet.futuresystems.org j-013.juliet.futuresystems.org 
17/03/19 12:55:45 INFO fileformat.MultiFileInputFormat: Split on host: j-066.juliet.futuresystems.org j-059.juliet.futuresystems.org j-055.juliet.futuresystems.org j-012.juliet.futuresystems.org j-053.juliet.futuresystems.org j-062.juliet.futuresystems.org j-065.juliet.futuresystems.org j-058.juliet.futuresystems.org j-060.juliet.futuresystems.org j-054.juliet.futuresystems.org j-013.juliet.futuresystems.org 
17/03/19 12:55:45 INFO fileformat.MultiFileInputFormat: Total # of splits: 4
17/03/19 12:55:45 INFO mapreduce.JobSubmitter: number of splits:4
17/03/19 12:55:45 INFO mapreduce.JobSubmitter: Submitting tokens for job: job_1489165733656_0385
command: $JAVA_HOME/bin/java -Dlog4j.configuration=container-log4j.properties -Dyarn.app.container.log.dir=<LOG_DIR> -Dyarn.app.container.log.filesize=0 -Dhadoop.root.logger=INFO,CLA  -Xmx1024m org.apache.hadoop.mapreduce.v2.app.MapCollectiveAppMaster 1><LOG_DIR>/stdout 2><LOG_DIR>/stderr 
17/03/19 12:55:45 INFO impl.YarnClientImpl: Submitted application application_1489165733656_0385
17/03/19 12:55:45 INFO mapreduce.Job: The url to track the job: http://j-011:8088/proxy/application_1489165733656_0385/
17/03/19 12:55:45 INFO mapreduce.Job: Running job: job_1489165733656_0385
17/03/19 12:55:51 INFO mapreduce.Job: Job job_1489165733656_0385 running in uber mode : false
17/03/19 12:55:51 INFO mapreduce.Job:  map 0% reduce 0%
17/03/19 12:56:01 INFO mapreduce.Job:  map 75% reduce 0%
17/03/19 12:56:02 INFO mapreduce.Job:  map 100% reduce 0%
17/03/19 12:58:07 INFO mapreduce.Job: Job job_1489165733656_0385 completed successfully
17/03/19 12:58:07 INFO mapreduce.Job: Counters: 30
	File System Counters
		FILE: Number of bytes read=0
		FILE: Number of bytes written=425344
		FILE: Number of read operations=0
		FILE: Number of large read operations=0
		FILE: Number of write operations=0
		HDFS: Number of bytes read=1769396433
		HDFS: Number of bytes written=27
		HDFS: Number of read operations=32
		HDFS: Number of large read operations=0
		HDFS: Number of write operations=8
	Job Counters 
		Launched map tasks=4
		Other local map tasks=4
		Total time spent by all maps in occupied slots (ms)=535391
		Total time spent by all reduces in occupied slots (ms)=0
		Total time spent by all map tasks (ms)=535391
		Total vcore-seconds taken by all map tasks=535391
		Total megabyte-seconds taken by all map tasks=548240384
	Map-Reduce Framework
		Map input records=4
		Map output records=1
		Input split bytes=480
		Spilled Records=0
		Failed Shuffles=0
		Merged Map outputs=0
		GC time elapsed (ms)=8003
		CPU time spent (ms)=2415280
		Physical memory (bytes) snapshot=105856659456
		Virtual memory (bytes) snapshot=324598382592
		Total committed heap usage (bytes)=296352743424
	File Input Format Counters 
		Bytes Read=0
	File Output Format Counters 
		Bytes Written=27
143953ms
17/03/19 12:58:09 WARN util.NativeCodeLoader: Unable to load native-hadoop library for your platform... using builtin-java classes where applicable
finalCount	205300826940234
[The 2 times] Above experiment is: ./runHarpSgcr.sh /N/u/mengli/harp-sahad/experiments/template/u5-1.t sahad-data/miami/miami-u-cld6-4 sahad-output/miami/miami-u-cld6-4/40threads/2 4 40
17/03/19 12:58:10 WARN util.NativeCodeLoader: Unable to load native-hadoop library for your platform... using builtin-java classes where applicable
rm: `sahad-output/miami/miami-u-cld7-4/40threads/2': No such file or directory
use Local MultiThread? true
set Number of Map Tasks = 4
set number of threads: 40
17/03/19 12:58:12 WARN util.NativeCodeLoader: Unable to load native-hadoop library for your platform... using builtin-java classes where applicable
Get map collective runner
17/03/19 12:58:12 INFO client.RMProxy: Connecting to ResourceManager at j-011/172.16.0.11:8032
17/03/19 12:58:13 INFO input.FileInputFormat: Total input paths to process : 4
17/03/19 12:58:13 INFO fileformat.MultiFileInputFormat: NUMBER OF FILES: 4
17/03/19 12:58:13 INFO fileformat.MultiFileInputFormat: NUMBER OF MAPS: 4
17/03/19 12:58:13 INFO fileformat.MultiFileInputFormat: Split on host: j-066.juliet.futuresystems.org j-063.juliet.futuresystems.org j-055.juliet.futuresystems.org j-053.juliet.futuresystems.org j-062.juliet.futuresystems.org j-064.juliet.futuresystems.org j-013.juliet.futuresystems.org j-054.juliet.futuresystems.org 
17/03/19 12:58:13 INFO fileformat.MultiFileInputFormat: Split on host: j-066.juliet.futuresystems.org j-059.juliet.futuresystems.org j-063.juliet.futuresystems.org j-061.juliet.futuresystems.org j-055.juliet.futuresystems.org j-053.juliet.futuresystems.org j-012.juliet.futuresystems.org j-065.juliet.futuresystems.org j-064.juliet.futuresystems.org j-060.juliet.futuresystems.org j-013.juliet.futuresystems.org 
17/03/19 12:58:13 INFO fileformat.MultiFileInputFormat: Split on host: j-056.juliet.futuresystems.org j-063.juliet.futuresystems.org j-059.juliet.futuresystems.org j-061.juliet.futuresystems.org j-055.juliet.futuresystems.org j-057.juliet.futuresystems.org j-012.juliet.futuresystems.org j-062.juliet.futuresystems.org j-064.juliet.futuresystems.org j-060.juliet.futuresystems.org j-013.juliet.futuresystems.org 
17/03/19 12:58:13 INFO fileformat.MultiFileInputFormat: Split on host: j-066.juliet.futuresystems.org j-059.juliet.futuresystems.org j-057.juliet.futuresystems.org j-012.juliet.futuresystems.org j-062.juliet.futuresystems.org j-065.juliet.futuresystems.org j-058.juliet.futuresystems.org j-060.juliet.futuresystems.org j-054.juliet.futuresystems.org j-013.juliet.futuresystems.org 
17/03/19 12:58:13 INFO fileformat.MultiFileInputFormat: Total # of splits: 4
17/03/19 12:58:13 INFO mapreduce.JobSubmitter: number of splits:4
17/03/19 12:58:13 INFO mapreduce.JobSubmitter: Submitting tokens for job: job_1489165733656_0386
command: $JAVA_HOME/bin/java -Dlog4j.configuration=container-log4j.properties -Dyarn.app.container.log.dir=<LOG_DIR> -Dyarn.app.container.log.filesize=0 -Dhadoop.root.logger=INFO,CLA  -Xmx1024m org.apache.hadoop.mapreduce.v2.app.MapCollectiveAppMaster 1><LOG_DIR>/stdout 2><LOG_DIR>/stderr 
17/03/19 12:58:13 INFO impl.YarnClientImpl: Submitted application application_1489165733656_0386
17/03/19 12:58:13 INFO mapreduce.Job: The url to track the job: http://j-011:8088/proxy/application_1489165733656_0386/
17/03/19 12:58:13 INFO mapreduce.Job: Running job: job_1489165733656_0386
17/03/19 12:58:18 INFO mapreduce.Job: Job job_1489165733656_0386 running in uber mode : false
17/03/19 12:58:18 INFO mapreduce.Job:  map 0% reduce 0%
17/03/19 12:58:28 INFO mapreduce.Job:  map 25% reduce 0%
17/03/19 12:58:29 INFO mapreduce.Job:  map 100% reduce 0%
17/03/19 13:04:29 INFO mapreduce.Job: Job job_1489165733656_0386 completed successfully
17/03/19 13:04:29 INFO mapreduce.Job: Counters: 30
	File System Counters
		FILE: Number of bytes read=0
		FILE: Number of bytes written=425344
		FILE: Number of read operations=0
		FILE: Number of large read operations=0
		FILE: Number of write operations=0
		HDFS: Number of bytes read=1925439360
		HDFS: Number of bytes written=27
		HDFS: Number of read operations=32
		HDFS: Number of large read operations=0
		HDFS: Number of write operations=8
	Job Counters 
		Launched map tasks=4
		Other local map tasks=4
		Total time spent by all maps in occupied slots (ms)=1468275
		Total time spent by all reduces in occupied slots (ms)=0
		Total time spent by all map tasks (ms)=1468275
		Total vcore-seconds taken by all map tasks=1468275
		Total megabyte-seconds taken by all map tasks=1503513600
	Map-Reduce Framework
		Map input records=4
		Map output records=1
		Input split bytes=480
		Spilled Records=0
		Failed Shuffles=0
		Merged Map outputs=0
		GC time elapsed (ms)=31276
		CPU time spent (ms)=10035400
		Physical memory (bytes) snapshot=108008824832
		Virtual memory (bytes) snapshot=324546584576
		Total committed heap usage (bytes)=296352743424
	File Input Format Counters 
		Bytes Read=0
	File Output Format Counters 
		Bytes Written=27
377683ms
17/03/19 13:04:30 WARN util.NativeCodeLoader: Unable to load native-hadoop library for your platform... using builtin-java classes where applicable
finalCount	277972988605078
[The 2 times] Above experiment is: ./runHarpSgcr.sh /N/u/mengli/harp-sahad/experiments/template/u5-1.t sahad-data/miami/miami-u-cld7-4 sahad-output/miami/miami-u-cld7-4/40threads/2 4 40
17/03/19 13:04:32 WARN util.NativeCodeLoader: Unable to load native-hadoop library for your platform... using builtin-java classes where applicable
rm: `sahad-output/miami/miami-u-cld8-4/40threads/2': No such file or directory
use Local MultiThread? true
set Number of Map Tasks = 4
set number of threads: 40
17/03/19 13:04:33 WARN util.NativeCodeLoader: Unable to load native-hadoop library for your platform... using builtin-java classes where applicable
Get map collective runner
17/03/19 13:04:34 INFO client.RMProxy: Connecting to ResourceManager at j-011/172.16.0.11:8032
17/03/19 13:04:34 INFO input.FileInputFormat: Total input paths to process : 4
17/03/19 13:04:34 INFO fileformat.MultiFileInputFormat: NUMBER OF FILES: 4
17/03/19 13:04:34 INFO fileformat.MultiFileInputFormat: NUMBER OF MAPS: 4
17/03/19 13:04:34 INFO fileformat.MultiFileInputFormat: Split on host: j-056.juliet.futuresystems.org j-066.juliet.futuresystems.org j-059.juliet.futuresystems.org j-063.juliet.futuresystems.org j-057.juliet.futuresystems.org j-055.juliet.futuresystems.org j-058.juliet.futuresystems.org j-060.juliet.futuresystems.org j-054.juliet.futuresystems.org 
17/03/19 13:04:34 INFO fileformat.MultiFileInputFormat: Split on host: j-056.juliet.futuresystems.org j-063.juliet.futuresystems.org j-059.juliet.futuresystems.org j-061.juliet.futuresystems.org j-057.juliet.futuresystems.org j-055.juliet.futuresystems.org j-012.juliet.futuresystems.org j-065.juliet.futuresystems.org j-058.juliet.futuresystems.org 
17/03/19 13:04:34 INFO fileformat.MultiFileInputFormat: Split on host: j-059.juliet.futuresystems.org j-063.juliet.futuresystems.org j-061.juliet.futuresystems.org j-053.juliet.futuresystems.org j-065.juliet.futuresystems.org j-064.juliet.futuresystems.org j-058.juliet.futuresystems.org j-060.juliet.futuresystems.org j-013.juliet.futuresystems.org 
17/03/19 13:04:34 INFO fileformat.MultiFileInputFormat: Split on host: j-056.juliet.futuresystems.org j-055.juliet.futuresystems.org j-057.juliet.futuresystems.org j-053.juliet.futuresystems.org j-062.juliet.futuresystems.org j-065.juliet.futuresystems.org j-058.juliet.futuresystems.org j-060.juliet.futuresystems.org j-054.juliet.futuresystems.org j-013.juliet.futuresystems.org 
17/03/19 13:04:34 INFO fileformat.MultiFileInputFormat: Total # of splits: 4
17/03/19 13:04:34 INFO mapreduce.JobSubmitter: number of splits:4
17/03/19 13:04:35 INFO mapreduce.JobSubmitter: Submitting tokens for job: job_1489165733656_0387
command: $JAVA_HOME/bin/java -Dlog4j.configuration=container-log4j.properties -Dyarn.app.container.log.dir=<LOG_DIR> -Dyarn.app.container.log.filesize=0 -Dhadoop.root.logger=INFO,CLA  -Xmx1024m org.apache.hadoop.mapreduce.v2.app.MapCollectiveAppMaster 1><LOG_DIR>/stdout 2><LOG_DIR>/stderr 
17/03/19 13:04:35 INFO impl.YarnClientImpl: Submitted application application_1489165733656_0387
17/03/19 13:04:35 INFO mapreduce.Job: The url to track the job: http://j-011:8088/proxy/application_1489165733656_0387/
17/03/19 13:04:35 INFO mapreduce.Job: Running job: job_1489165733656_0387
17/03/19 13:04:40 INFO mapreduce.Job: Job job_1489165733656_0387 running in uber mode : false
17/03/19 13:04:40 INFO mapreduce.Job:  map 0% reduce 0%
17/03/19 13:04:50 INFO mapreduce.Job:  map 100% reduce 0%
17/03/19 13:06:57 INFO mapreduce.Job: Job job_1489165733656_0387 completed successfully
17/03/19 13:06:57 INFO mapreduce.Job: Counters: 30
	File System Counters
		FILE: Number of bytes read=0
		FILE: Number of bytes written=425344
		FILE: Number of read operations=0
		FILE: Number of large read operations=0
		FILE: Number of write operations=0
		HDFS: Number of bytes read=2081596448
		HDFS: Number of bytes written=27
		HDFS: Number of read operations=32
		HDFS: Number of large read operations=0
		HDFS: Number of write operations=8
	Job Counters 
		Launched map tasks=4
		Other local map tasks=4
		Total time spent by all maps in occupied slots (ms)=540341
		Total time spent by all reduces in occupied slots (ms)=0
		Total time spent by all map tasks (ms)=540341
		Total vcore-seconds taken by all map tasks=540341
		Total megabyte-seconds taken by all map tasks=553309184
	Map-Reduce Framework
		Map input records=4
		Map output records=1
		Input split bytes=480
		Spilled Records=0
		Failed Shuffles=0
		Merged Map outputs=0
		GC time elapsed (ms)=7475
		CPU time spent (ms)=2520530
		Physical memory (bytes) snapshot=106723237888
		Virtual memory (bytes) snapshot=324604751872
		Total committed heap usage (bytes)=296352743424
	File Input Format Counters 
		Bytes Read=0
	File Output Format Counters 
		Bytes Written=27
144020ms
17/03/19 13:06:58 WARN util.NativeCodeLoader: Unable to load native-hadoop library for your platform... using builtin-java classes where applicable
finalCount	369699648355755
[The 2 times] Above experiment is: ./runHarpSgcr.sh /N/u/mengli/harp-sahad/experiments/template/u5-1.t sahad-data/miami/miami-u-cld8-4 sahad-output/miami/miami-u-cld8-4/40threads/2 4 40
17/03/19 13:06:59 WARN util.NativeCodeLoader: Unable to load native-hadoop library for your platform... using builtin-java classes where applicable
rm: `sahad-output/miami/miami-u-cld9-4/40threads/2': No such file or directory
use Local MultiThread? true
set Number of Map Tasks = 4
set number of threads: 40
17/03/19 13:07:01 WARN util.NativeCodeLoader: Unable to load native-hadoop library for your platform... using builtin-java classes where applicable
Get map collective runner
17/03/19 13:07:02 INFO client.RMProxy: Connecting to ResourceManager at j-011/172.16.0.11:8032
17/03/19 13:07:02 INFO input.FileInputFormat: Total input paths to process : 4
17/03/19 13:07:02 INFO fileformat.MultiFileInputFormat: NUMBER OF FILES: 4
17/03/19 13:07:02 INFO fileformat.MultiFileInputFormat: NUMBER OF MAPS: 4
17/03/19 13:07:02 INFO fileformat.MultiFileInputFormat: Split on host: j-066.juliet.futuresystems.org j-063.juliet.futuresystems.org j-061.juliet.futuresystems.org j-055.juliet.futuresystems.org j-057.juliet.futuresystems.org j-053.juliet.futuresystems.org j-065.juliet.futuresystems.org j-064.juliet.futuresystems.org j-058.juliet.futuresystems.org j-013.juliet.futuresystems.org j-054.juliet.futuresystems.org 
17/03/19 13:07:02 INFO fileformat.MultiFileInputFormat: Split on host: j-056.juliet.futuresystems.org j-063.juliet.futuresystems.org j-059.juliet.futuresystems.org j-061.juliet.futuresystems.org j-055.juliet.futuresystems.org j-057.juliet.futuresystems.org j-053.juliet.futuresystems.org j-012.juliet.futuresystems.org j-065.juliet.futuresystems.org j-064.juliet.futuresystems.org j-058.juliet.futuresystems.org j-054.juliet.futuresystems.org 
17/03/19 13:07:02 INFO fileformat.MultiFileInputFormat: Split on host: j-066.juliet.futuresystems.org j-059.juliet.futuresystems.org j-057.juliet.futuresystems.org j-055.juliet.futuresystems.org j-012.juliet.futuresystems.org j-053.juliet.futuresystems.org j-062.juliet.futuresystems.org j-065.juliet.futuresystems.org j-058.juliet.futuresystems.org j-060.juliet.futuresystems.org j-054.juliet.futuresystems.org 
17/03/19 13:07:02 INFO fileformat.MultiFileInputFormat: Split on host: j-066.juliet.futuresystems.org j-059.juliet.futuresystems.org j-061.juliet.futuresystems.org j-053.juliet.futuresystems.org j-012.juliet.futuresystems.org j-065.juliet.futuresystems.org j-056.juliet.futuresystems.org j-063.juliet.futuresystems.org j-055.juliet.futuresystems.org j-057.juliet.futuresystems.org j-062.juliet.futuresystems.org j-058.juliet.futuresystems.org j-054.juliet.futuresystems.org 
17/03/19 13:07:02 INFO fileformat.MultiFileInputFormat: Total # of splits: 4
17/03/19 13:07:02 INFO mapreduce.JobSubmitter: number of splits:4
17/03/19 13:07:02 INFO mapreduce.JobSubmitter: Submitting tokens for job: job_1489165733656_0388
command: $JAVA_HOME/bin/java -Dlog4j.configuration=container-log4j.properties -Dyarn.app.container.log.dir=<LOG_DIR> -Dyarn.app.container.log.filesize=0 -Dhadoop.root.logger=INFO,CLA  -Xmx1024m org.apache.hadoop.mapreduce.v2.app.MapCollectiveAppMaster 1><LOG_DIR>/stdout 2><LOG_DIR>/stderr 
17/03/19 13:07:02 INFO impl.YarnClientImpl: Submitted application application_1489165733656_0388
17/03/19 13:07:03 INFO mapreduce.Job: The url to track the job: http://j-011:8088/proxy/application_1489165733656_0388/
17/03/19 13:07:03 INFO mapreduce.Job: Running job: job_1489165733656_0388
17/03/19 13:07:08 INFO mapreduce.Job: Job job_1489165733656_0388 running in uber mode : false
17/03/19 13:07:08 INFO mapreduce.Job:  map 0% reduce 0%
17/03/19 13:07:18 INFO mapreduce.Job:  map 75% reduce 0%
17/03/19 13:07:19 INFO mapreduce.Job:  map 100% reduce 0%
17/03/19 13:14:11 INFO mapreduce.Job: Job job_1489165733656_0388 completed successfully
17/03/19 13:14:11 INFO mapreduce.Job: Counters: 30
	File System Counters
		FILE: Number of bytes read=0
		FILE: Number of bytes written=425344
		FILE: Number of read operations=0
		FILE: Number of large read operations=0
		FILE: Number of write operations=0
		HDFS: Number of bytes read=2238135334
		HDFS: Number of bytes written=27
		HDFS: Number of read operations=32
		HDFS: Number of large read operations=0
		HDFS: Number of write operations=8
	Job Counters 
		Launched map tasks=4
		Other local map tasks=4
		Total time spent by all maps in occupied slots (ms)=1684001
		Total time spent by all reduces in occupied slots (ms)=0
		Total time spent by all map tasks (ms)=1684001
		Total vcore-seconds taken by all map tasks=1684001
		Total megabyte-seconds taken by all map tasks=1724417024
	Map-Reduce Framework
		Map input records=4
		Map output records=1
		Input split bytes=480
		Spilled Records=0
		Failed Shuffles=0
		Merged Map outputs=0
		GC time elapsed (ms)=29701
		CPU time spent (ms)=14352840
		Physical memory (bytes) snapshot=107961339904
		Virtual memory (bytes) snapshot=324536733696
		Total committed heap usage (bytes)=296352743424
	File Input Format Counters 
		Bytes Read=0
	File Output Format Counters 
		Bytes Written=27
430966ms
17/03/19 13:14:12 WARN util.NativeCodeLoader: Unable to load native-hadoop library for your platform... using builtin-java classes where applicable
finalCount	483632014403229
[The 2 times] Above experiment is: ./runHarpSgcr.sh /N/u/mengli/harp-sahad/experiments/template/u5-1.t sahad-data/miami/miami-u-cld9-4 sahad-output/miami/miami-u-cld9-4/40threads/2 4 40
