17/03/15 22:46:06 WARN util.NativeCodeLoader: Unable to load native-hadoop library for your platform... using builtin-java classes where applicable
17/03/15 22:46:06 INFO fs.TrashPolicyDefault: Namenode trash configuration: Deletion interval = 0 minutes, Emptier interval = 0 minutes.
Deleted sahad-output/miami/miami-u-e-8/40threads/1
use Local MultiThread? true
set Number of Map Tasks = 8
set number of threads: 40
17/03/15 22:46:07 WARN util.NativeCodeLoader: Unable to load native-hadoop library for your platform... using builtin-java classes where applicable
Get map collective runner
17/03/15 22:46:08 INFO client.RMProxy: Connecting to ResourceManager at j-011/172.16.0.11:8032
17/03/15 22:46:08 INFO input.FileInputFormat: Total input paths to process : 8
17/03/15 22:46:08 INFO fileformat.MultiFileInputFormat: NUMBER OF FILES: 8
17/03/15 22:46:08 INFO fileformat.MultiFileInputFormat: NUMBER OF MAPS: 8
17/03/15 22:46:08 INFO fileformat.MultiFileInputFormat: Split on host: j-056.juliet.futuresystems.org j-066.juliet.futuresystems.org j-062.juliet.futuresystems.org 
17/03/15 22:46:08 INFO fileformat.MultiFileInputFormat: Split on host: j-059.juliet.futuresystems.org j-012.juliet.futuresystems.org j-065.juliet.futuresystems.org 
17/03/15 22:46:08 INFO fileformat.MultiFileInputFormat: Split on host: j-012.juliet.futuresystems.org j-058.juliet.futuresystems.org j-054.juliet.futuresystems.org 
17/03/15 22:46:08 INFO fileformat.MultiFileInputFormat: Split on host: j-053.juliet.futuresystems.org j-065.juliet.futuresystems.org j-058.juliet.futuresystems.org 
17/03/15 22:46:08 INFO fileformat.MultiFileInputFormat: Split on host: j-066.juliet.futuresystems.org j-055.juliet.futuresystems.org j-057.juliet.futuresystems.org 
17/03/15 22:46:08 INFO fileformat.MultiFileInputFormat: Split on host: j-066.juliet.futuresystems.org j-059.juliet.futuresystems.org j-013.juliet.futuresystems.org 
17/03/15 22:46:08 INFO fileformat.MultiFileInputFormat: Split on host: j-056.juliet.futuresystems.org j-012.juliet.futuresystems.org j-060.juliet.futuresystems.org 
17/03/15 22:46:08 INFO fileformat.MultiFileInputFormat: Split on host: j-061.juliet.futuresystems.org j-057.juliet.futuresystems.org j-062.juliet.futuresystems.org 
17/03/15 22:46:08 INFO fileformat.MultiFileInputFormat: Total # of splits: 8
17/03/15 22:46:08 INFO mapreduce.JobSubmitter: number of splits:8
17/03/15 22:46:09 INFO mapreduce.JobSubmitter: Submitting tokens for job: job_1489165733656_0171
command: $JAVA_HOME/bin/java -Dlog4j.configuration=container-log4j.properties -Dyarn.app.container.log.dir=<LOG_DIR> -Dyarn.app.container.log.filesize=0 -Dhadoop.root.logger=INFO,CLA  -Xmx1024m org.apache.hadoop.mapreduce.v2.app.MapCollectiveAppMaster 1><LOG_DIR>/stdout 2><LOG_DIR>/stderr 
17/03/15 22:46:09 INFO impl.YarnClientImpl: Submitted application application_1489165733656_0171
17/03/15 22:46:09 INFO mapreduce.Job: The url to track the job: http://j-011:8088/proxy/application_1489165733656_0171/
17/03/15 22:46:09 INFO mapreduce.Job: Running job: job_1489165733656_0171
17/03/15 22:46:14 INFO mapreduce.Job: Job job_1489165733656_0171 running in uber mode : false
17/03/15 22:46:14 INFO mapreduce.Job:  map 0% reduce 0%
17/03/15 22:46:24 INFO mapreduce.Job:  map 100% reduce 0%
17/03/15 23:40:50 INFO mapreduce.Job: Job job_1489165733656_0171 failed with state FAILED due to: Task failed task_1489165733656_0171_m_000005
Job failed as tasks failed. failedMaps:1 failedReduces:0

17/03/15 23:40:50 INFO mapreduce.Job: Counters: 9
	Job Counters 
		Failed map tasks=1
		Killed map tasks=7
		Launched map tasks=8
		Other local map tasks=8
		Total time spent by all maps in occupied slots (ms)=26190792
		Total time spent by all reduces in occupied slots (ms)=0
		Total time spent by all map tasks (ms)=26190792
		Total vcore-seconds taken by all map tasks=26190792
		Total megabyte-seconds taken by all map tasks=26819371008
3283262ms
17/03/15 23:40:51 WARN util.NativeCodeLoader: Unable to load native-hadoop library for your platform... using builtin-java classes where applicable
cat: `sahad-output/miami/miami-u-e-8/40threads/1/*': No such file or directory
[The 1 times] Above experiment is: ./runHarpSgcr.sh /N/u/mengli/harp-sahad/experiments/template/u10-1.t sahad-data/miami/miami-u-e-8 sahad-output/miami/miami-u-e-8/40threads/1 8 40
