17/03/18 13:43:14 WARN util.NativeCodeLoader: Unable to load native-hadoop library for your platform... using builtin-java classes where applicable
rm: `sahad-output/miami/miami-u-cl5-4/40threads/1': No such file or directory
use Local MultiThread? true
set Number of Map Tasks = 4
set number of threads: 40
17/03/18 13:43:16 WARN util.NativeCodeLoader: Unable to load native-hadoop library for your platform... using builtin-java classes where applicable
Get map collective runner
17/03/18 13:43:16 INFO client.RMProxy: Connecting to ResourceManager at j-011/172.16.0.11:8032
17/03/18 13:43:17 INFO input.FileInputFormat: Total input paths to process : 4
17/03/18 13:43:17 INFO fileformat.MultiFileInputFormat: NUMBER OF FILES: 4
17/03/18 13:43:17 INFO fileformat.MultiFileInputFormat: NUMBER OF MAPS: 4
17/03/18 13:43:17 INFO fileformat.MultiFileInputFormat: Split on host: j-056.juliet.futuresystems.org j-063.juliet.futuresystems.org j-057.juliet.futuresystems.org j-055.juliet.futuresystems.org j-058.juliet.futuresystems.org j-054.juliet.futuresystems.org 
17/03/18 13:43:17 INFO fileformat.MultiFileInputFormat: Split on host: j-059.juliet.futuresystems.org j-053.juliet.futuresystems.org j-062.juliet.futuresystems.org j-065.juliet.futuresystems.org j-064.juliet.futuresystems.org j-058.juliet.futuresystems.org j-060.juliet.futuresystems.org j-054.juliet.futuresystems.org 
17/03/18 13:43:17 INFO fileformat.MultiFileInputFormat: Split on host: j-066.juliet.futuresystems.org j-059.juliet.futuresystems.org j-057.juliet.futuresystems.org j-053.juliet.futuresystems.org j-065.juliet.futuresystems.org j-064.juliet.futuresystems.org j-058.juliet.futuresystems.org j-013.juliet.futuresystems.org j-054.juliet.futuresystems.org 
17/03/18 13:43:17 INFO fileformat.MultiFileInputFormat: Split on host: j-061.juliet.futuresystems.org j-055.juliet.futuresystems.org j-053.juliet.futuresystems.org j-012.juliet.futuresystems.org j-065.juliet.futuresystems.org j-064.juliet.futuresystems.org j-058.juliet.futuresystems.org j-060.juliet.futuresystems.org j-013.juliet.futuresystems.org j-054.juliet.futuresystems.org 
17/03/18 13:43:17 INFO fileformat.MultiFileInputFormat: Total # of splits: 4
17/03/18 13:43:17 INFO mapreduce.JobSubmitter: number of splits:4
17/03/18 13:43:17 INFO mapreduce.JobSubmitter: Submitting tokens for job: job_1489165733656_0345
command: $JAVA_HOME/bin/java -Dlog4j.configuration=container-log4j.properties -Dyarn.app.container.log.dir=<LOG_DIR> -Dyarn.app.container.log.filesize=0 -Dhadoop.root.logger=INFO,CLA  -Xmx1024m org.apache.hadoop.mapreduce.v2.app.MapCollectiveAppMaster 1><LOG_DIR>/stdout 2><LOG_DIR>/stderr 
17/03/18 13:43:17 INFO impl.YarnClientImpl: Submitted application application_1489165733656_0345
17/03/18 13:43:17 INFO mapreduce.Job: The url to track the job: http://j-011:8088/proxy/application_1489165733656_0345/
17/03/18 13:43:17 INFO mapreduce.Job: Running job: job_1489165733656_0345
17/03/18 13:43:22 INFO mapreduce.Job: Job job_1489165733656_0345 running in uber mode : false
17/03/18 13:43:22 INFO mapreduce.Job:  map 0% reduce 0%
17/03/18 13:43:32 INFO mapreduce.Job:  map 25% reduce 0%
17/03/18 13:43:33 INFO mapreduce.Job:  map 100% reduce 0%
17/03/18 13:45:39 INFO mapreduce.Job: Job job_1489165733656_0345 completed successfully
17/03/18 13:45:39 INFO mapreduce.Job: Counters: 30
	File System Counters
		FILE: Number of bytes read=0
		FILE: Number of bytes written=425332
		FILE: Number of read operations=0
		FILE: Number of large read operations=0
		FILE: Number of write operations=0
		HDFS: Number of bytes read=1613032419
		HDFS: Number of bytes written=27
		HDFS: Number of read operations=32
		HDFS: Number of large read operations=0
		HDFS: Number of write operations=8
	Job Counters 
		Launched map tasks=4
		Other local map tasks=4
		Total time spent by all maps in occupied slots (ms)=536671
		Total time spent by all reduces in occupied slots (ms)=0
		Total time spent by all map tasks (ms)=536671
		Total vcore-seconds taken by all map tasks=536671
		Total megabyte-seconds taken by all map tasks=549551104
	Map-Reduce Framework
		Map input records=4
		Map output records=1
		Input split bytes=440
		Spilled Records=0
		Failed Shuffles=0
		Merged Map outputs=0
		GC time elapsed (ms)=5492
		CPU time spent (ms)=2183050
		Physical memory (bytes) snapshot=100252983296
		Virtual memory (bytes) snapshot=324610740224
		Total committed heap usage (bytes)=296352743424
	File Input Format Counters 
		Bytes Read=0
	File Output Format Counters 
		Bytes Written=27
143966ms
17/03/18 13:45:40 WARN util.NativeCodeLoader: Unable to load native-hadoop library for your platform... using builtin-java classes where applicable
finalCount	148372595466484
[The 1 times] Above experiment is: ./runHarpSgcr.sh /N/u/mengli/harp-sahad/experiments/template/u5-1.t sahad-data/miami/miami-u-cl5-4 sahad-output/miami/miami-u-cl5-4/40threads/1 4 40
17/03/18 13:45:42 WARN util.NativeCodeLoader: Unable to load native-hadoop library for your platform... using builtin-java classes where applicable
rm: `sahad-output/miami/miami-u-cl6-4/40threads/1': No such file or directory
use Local MultiThread? true
set Number of Map Tasks = 4
set number of threads: 40
17/03/18 13:45:43 WARN util.NativeCodeLoader: Unable to load native-hadoop library for your platform... using builtin-java classes where applicable
Get map collective runner
17/03/18 13:45:44 INFO client.RMProxy: Connecting to ResourceManager at j-011/172.16.0.11:8032
17/03/18 13:45:44 INFO input.FileInputFormat: Total input paths to process : 4
17/03/18 13:45:44 INFO fileformat.MultiFileInputFormat: NUMBER OF FILES: 4
17/03/18 13:45:44 INFO fileformat.MultiFileInputFormat: NUMBER OF MAPS: 4
17/03/18 13:45:44 INFO fileformat.MultiFileInputFormat: Split on host: j-056.juliet.futuresystems.org j-063.juliet.futuresystems.org j-061.juliet.futuresystems.org j-057.juliet.futuresystems.org j-055.juliet.futuresystems.org j-062.juliet.futuresystems.org j-058.juliet.futuresystems.org j-054.juliet.futuresystems.org 
17/03/18 13:45:44 INFO fileformat.MultiFileInputFormat: Split on host: j-066.juliet.futuresystems.org j-059.juliet.futuresystems.org j-061.juliet.futuresystems.org j-057.juliet.futuresystems.org j-055.juliet.futuresystems.org j-062.juliet.futuresystems.org j-058.juliet.futuresystems.org j-013.juliet.futuresystems.org 
17/03/18 13:45:44 INFO fileformat.MultiFileInputFormat: Split on host: j-066.juliet.futuresystems.org j-059.juliet.futuresystems.org j-063.juliet.futuresystems.org j-055.juliet.futuresystems.org j-012.juliet.futuresystems.org j-053.juliet.futuresystems.org j-065.juliet.futuresystems.org j-058.juliet.futuresystems.org j-054.juliet.futuresystems.org j-013.juliet.futuresystems.org 
17/03/18 13:45:44 INFO fileformat.MultiFileInputFormat: Split on host: j-066.juliet.futuresystems.org j-059.juliet.futuresystems.org j-063.juliet.futuresystems.org j-057.juliet.futuresystems.org j-012.juliet.futuresystems.org j-053.juliet.futuresystems.org j-062.juliet.futuresystems.org j-065.juliet.futuresystems.org j-064.juliet.futuresystems.org j-060.juliet.futuresystems.org j-013.juliet.futuresystems.org 
17/03/18 13:45:44 INFO fileformat.MultiFileInputFormat: Total # of splits: 4
17/03/18 13:45:44 INFO mapreduce.JobSubmitter: number of splits:4
17/03/18 13:45:45 INFO mapreduce.JobSubmitter: Submitting tokens for job: job_1489165733656_0346
command: $JAVA_HOME/bin/java -Dlog4j.configuration=container-log4j.properties -Dyarn.app.container.log.dir=<LOG_DIR> -Dyarn.app.container.log.filesize=0 -Dhadoop.root.logger=INFO,CLA  -Xmx1024m org.apache.hadoop.mapreduce.v2.app.MapCollectiveAppMaster 1><LOG_DIR>/stdout 2><LOG_DIR>/stderr 
17/03/18 13:45:45 INFO impl.YarnClientImpl: Submitted application application_1489165733656_0346
17/03/18 13:45:45 INFO mapreduce.Job: The url to track the job: http://j-011:8088/proxy/application_1489165733656_0346/
17/03/18 13:45:45 INFO mapreduce.Job: Running job: job_1489165733656_0346
17/03/18 13:45:50 INFO mapreduce.Job: Job job_1489165733656_0346 running in uber mode : false
17/03/18 13:45:50 INFO mapreduce.Job:  map 0% reduce 0%
17/03/18 13:46:01 INFO mapreduce.Job:  map 100% reduce 0%
17/03/18 13:48:07 INFO mapreduce.Job: Job job_1489165733656_0346 completed successfully
17/03/18 13:48:07 INFO mapreduce.Job: Counters: 30
	File System Counters
		FILE: Number of bytes read=0
		FILE: Number of bytes written=425332
		FILE: Number of read operations=0
		FILE: Number of large read operations=0
		FILE: Number of write operations=0
		HDFS: Number of bytes read=1769396393
		HDFS: Number of bytes written=27
		HDFS: Number of read operations=32
		HDFS: Number of large read operations=0
		HDFS: Number of write operations=8
	Job Counters 
		Launched map tasks=4
		Other local map tasks=4
		Total time spent by all maps in occupied slots (ms)=533904
		Total time spent by all reduces in occupied slots (ms)=0
		Total time spent by all map tasks (ms)=533904
		Total vcore-seconds taken by all map tasks=533904
		Total megabyte-seconds taken by all map tasks=546717696
	Map-Reduce Framework
		Map input records=4
		Map output records=1
		Input split bytes=440
		Spilled Records=0
		Failed Shuffles=0
		Merged Map outputs=0
		GC time elapsed (ms)=6735
		CPU time spent (ms)=2373220
		Physical memory (bytes) snapshot=103110881280
		Virtual memory (bytes) snapshot=324594032640
		Total committed heap usage (bytes)=296352743424
	File Input Format Counters 
		Bytes Read=0
	File Output Format Counters 
		Bytes Written=27
143873ms
17/03/18 13:48:08 WARN util.NativeCodeLoader: Unable to load native-hadoop library for your platform... using builtin-java classes where applicable
finalCount	205340244334322
[The 1 times] Above experiment is: ./runHarpSgcr.sh /N/u/mengli/harp-sahad/experiments/template/u5-1.t sahad-data/miami/miami-u-cl6-4 sahad-output/miami/miami-u-cl6-4/40threads/1 4 40
17/03/18 13:48:09 WARN util.NativeCodeLoader: Unable to load native-hadoop library for your platform... using builtin-java classes where applicable
rm: `sahad-output/miami/miami-u-cl7-4/40threads/1': No such file or directory
use Local MultiThread? true
set Number of Map Tasks = 4
set number of threads: 40
17/03/18 13:48:11 WARN util.NativeCodeLoader: Unable to load native-hadoop library for your platform... using builtin-java classes where applicable
Get map collective runner
17/03/18 13:48:12 INFO client.RMProxy: Connecting to ResourceManager at j-011/172.16.0.11:8032
17/03/18 13:48:12 INFO input.FileInputFormat: Total input paths to process : 4
17/03/18 13:48:12 INFO fileformat.MultiFileInputFormat: NUMBER OF FILES: 4
17/03/18 13:48:12 INFO fileformat.MultiFileInputFormat: NUMBER OF MAPS: 4
17/03/18 13:48:12 INFO fileformat.MultiFileInputFormat: Split on host: j-066.juliet.futuresystems.org j-059.juliet.futuresystems.org j-063.juliet.futuresystems.org j-055.juliet.futuresystems.org j-012.juliet.futuresystems.org j-053.juliet.futuresystems.org j-064.juliet.futuresystems.org j-058.juliet.futuresystems.org j-054.juliet.futuresystems.org 
17/03/18 13:48:12 INFO fileformat.MultiFileInputFormat: Split on host: j-066.juliet.futuresystems.org j-056.juliet.futuresystems.org j-061.juliet.futuresystems.org j-055.juliet.futuresystems.org j-053.juliet.futuresystems.org j-012.juliet.futuresystems.org j-062.juliet.futuresystems.org j-065.juliet.futuresystems.org j-064.juliet.futuresystems.org j-058.juliet.futuresystems.org j-060.juliet.futuresystems.org j-054.juliet.futuresystems.org 
17/03/18 13:48:12 INFO fileformat.MultiFileInputFormat: Split on host: j-063.juliet.futuresystems.org j-061.juliet.futuresystems.org j-057.juliet.futuresystems.org j-053.juliet.futuresystems.org j-012.juliet.futuresystems.org j-062.juliet.futuresystems.org j-065.juliet.futuresystems.org j-064.juliet.futuresystems.org j-058.juliet.futuresystems.org j-013.juliet.futuresystems.org 
17/03/18 13:48:12 INFO fileformat.MultiFileInputFormat: Split on host: j-056.juliet.futuresystems.org j-063.juliet.futuresystems.org j-059.juliet.futuresystems.org j-055.juliet.futuresystems.org j-053.juliet.futuresystems.org j-062.juliet.futuresystems.org j-064.juliet.futuresystems.org j-058.juliet.futuresystems.org j-060.juliet.futuresystems.org j-054.juliet.futuresystems.org j-013.juliet.futuresystems.org 
17/03/18 13:48:12 INFO fileformat.MultiFileInputFormat: Total # of splits: 4
17/03/18 13:48:12 INFO mapreduce.JobSubmitter: number of splits:4
17/03/18 13:48:12 INFO mapreduce.JobSubmitter: Submitting tokens for job: job_1489165733656_0347
command: $JAVA_HOME/bin/java -Dlog4j.configuration=container-log4j.properties -Dyarn.app.container.log.dir=<LOG_DIR> -Dyarn.app.container.log.filesize=0 -Dhadoop.root.logger=INFO,CLA  -Xmx1024m org.apache.hadoop.mapreduce.v2.app.MapCollectiveAppMaster 1><LOG_DIR>/stdout 2><LOG_DIR>/stderr 
17/03/18 13:48:12 INFO impl.YarnClientImpl: Submitted application application_1489165733656_0347
17/03/18 13:48:12 INFO mapreduce.Job: The url to track the job: http://j-011:8088/proxy/application_1489165733656_0347/
17/03/18 13:48:12 INFO mapreduce.Job: Running job: job_1489165733656_0347
17/03/18 13:48:18 INFO mapreduce.Job: Job job_1489165733656_0347 running in uber mode : false
17/03/18 13:48:18 INFO mapreduce.Job:  map 0% reduce 0%
17/03/18 13:48:28 INFO mapreduce.Job:  map 100% reduce 0%
17/03/18 13:50:29 INFO mapreduce.Job: Job job_1489165733656_0347 completed successfully
17/03/18 13:50:29 INFO mapreduce.Job: Counters: 30
	File System Counters
		FILE: Number of bytes read=0
		FILE: Number of bytes written=425332
		FILE: Number of read operations=0
		FILE: Number of large read operations=0
		FILE: Number of write operations=0
		HDFS: Number of bytes read=1925439320
		HDFS: Number of bytes written=27
		HDFS: Number of read operations=32
		HDFS: Number of large read operations=0
		HDFS: Number of write operations=8
	Job Counters 
		Launched map tasks=4
		Other local map tasks=4
		Total time spent by all maps in occupied slots (ms)=516268
		Total time spent by all reduces in occupied slots (ms)=0
		Total time spent by all map tasks (ms)=516268
		Total vcore-seconds taken by all map tasks=516268
		Total megabyte-seconds taken by all map tasks=528658432
	Map-Reduce Framework
		Map input records=4
		Map output records=1
		Input split bytes=440
		Spilled Records=0
		Failed Shuffles=0
		Merged Map outputs=0
		GC time elapsed (ms)=5930
		CPU time spent (ms)=2233090
		Physical memory (bytes) snapshot=102018506752
		Virtual memory (bytes) snapshot=324616704000
		Total committed heap usage (bytes)=296352743424
	File Input Format Counters 
		Bytes Read=0
	File Output Format Counters 
		Bytes Written=27
138975ms
17/03/18 13:50:30 WARN util.NativeCodeLoader: Unable to load native-hadoop library for your platform... using builtin-java classes where applicable
finalCount	277972479525234
[The 1 times] Above experiment is: ./runHarpSgcr.sh /N/u/mengli/harp-sahad/experiments/template/u5-1.t sahad-data/miami/miami-u-cl7-4 sahad-output/miami/miami-u-cl7-4/40threads/1 4 40
17/03/18 13:50:32 WARN util.NativeCodeLoader: Unable to load native-hadoop library for your platform... using builtin-java classes where applicable
rm: `sahad-output/miami/miami-u-cl8-4/40threads/1': No such file or directory
use Local MultiThread? true
set Number of Map Tasks = 4
set number of threads: 40
17/03/18 13:50:34 WARN util.NativeCodeLoader: Unable to load native-hadoop library for your platform... using builtin-java classes where applicable
Get map collective runner
17/03/18 13:50:34 INFO client.RMProxy: Connecting to ResourceManager at j-011/172.16.0.11:8032
17/03/18 13:50:35 INFO input.FileInputFormat: Total input paths to process : 4
17/03/18 13:50:35 INFO fileformat.MultiFileInputFormat: NUMBER OF FILES: 4
17/03/18 13:50:35 INFO fileformat.MultiFileInputFormat: NUMBER OF MAPS: 4
17/03/18 13:50:35 INFO fileformat.MultiFileInputFormat: Split on host: j-059.juliet.futuresystems.org j-057.juliet.futuresystems.org j-055.juliet.futuresystems.org j-012.juliet.futuresystems.org j-064.juliet.futuresystems.org j-058.juliet.futuresystems.org j-060.juliet.futuresystems.org j-054.juliet.futuresystems.org 
17/03/18 13:50:35 INFO fileformat.MultiFileInputFormat: Split on host: j-066.juliet.futuresystems.org j-056.juliet.futuresystems.org j-063.juliet.futuresystems.org j-059.juliet.futuresystems.org j-061.juliet.futuresystems.org j-053.juliet.futuresystems.org j-065.juliet.futuresystems.org j-058.juliet.futuresystems.org j-060.juliet.futuresystems.org j-013.juliet.futuresystems.org 
17/03/18 13:50:35 INFO fileformat.MultiFileInputFormat: Split on host: j-056.juliet.futuresystems.org j-061.juliet.futuresystems.org j-055.juliet.futuresystems.org j-057.juliet.futuresystems.org j-053.juliet.futuresystems.org j-065.juliet.futuresystems.org j-064.juliet.futuresystems.org j-058.juliet.futuresystems.org j-060.juliet.futuresystems.org j-013.juliet.futuresystems.org 
17/03/18 13:50:35 INFO fileformat.MultiFileInputFormat: Split on host: j-066.juliet.futuresystems.org j-059.juliet.futuresystems.org j-061.juliet.futuresystems.org j-012.juliet.futuresystems.org j-053.juliet.futuresystems.org j-065.juliet.futuresystems.org j-064.juliet.futuresystems.org j-060.juliet.futuresystems.org j-063.juliet.futuresystems.org j-055.juliet.futuresystems.org j-057.juliet.futuresystems.org j-062.juliet.futuresystems.org j-058.juliet.futuresystems.org j-013.juliet.futuresystems.org j-054.juliet.futuresystems.org 
17/03/18 13:50:35 INFO fileformat.MultiFileInputFormat: Total # of splits: 4
17/03/18 13:50:35 INFO mapreduce.JobSubmitter: number of splits:4
17/03/18 13:50:35 INFO mapreduce.JobSubmitter: Submitting tokens for job: job_1489165733656_0348
command: $JAVA_HOME/bin/java -Dlog4j.configuration=container-log4j.properties -Dyarn.app.container.log.dir=<LOG_DIR> -Dyarn.app.container.log.filesize=0 -Dhadoop.root.logger=INFO,CLA  -Xmx1024m org.apache.hadoop.mapreduce.v2.app.MapCollectiveAppMaster 1><LOG_DIR>/stdout 2><LOG_DIR>/stderr 
17/03/18 13:50:35 INFO impl.YarnClientImpl: Submitted application application_1489165733656_0348
17/03/18 13:50:35 INFO mapreduce.Job: The url to track the job: http://j-011:8088/proxy/application_1489165733656_0348/
17/03/18 13:50:35 INFO mapreduce.Job: Running job: job_1489165733656_0348
17/03/18 13:50:40 INFO mapreduce.Job: Job job_1489165733656_0348 running in uber mode : false
17/03/18 13:50:40 INFO mapreduce.Job:  map 0% reduce 0%
17/03/18 13:50:50 INFO mapreduce.Job:  map 100% reduce 0%
17/03/18 13:52:58 INFO mapreduce.Job: Job job_1489165733656_0348 completed successfully
17/03/18 13:52:58 INFO mapreduce.Job: Counters: 30
	File System Counters
		FILE: Number of bytes read=0
		FILE: Number of bytes written=425332
		FILE: Number of read operations=0
		FILE: Number of large read operations=0
		FILE: Number of write operations=0
		HDFS: Number of bytes read=2081596408
		HDFS: Number of bytes written=27
		HDFS: Number of read operations=32
		HDFS: Number of large read operations=0
		HDFS: Number of write operations=8
	Job Counters 
		Launched map tasks=4
		Other local map tasks=4
		Total time spent by all maps in occupied slots (ms)=541676
		Total time spent by all reduces in occupied slots (ms)=0
		Total time spent by all map tasks (ms)=541676
		Total vcore-seconds taken by all map tasks=541676
		Total megabyte-seconds taken by all map tasks=554676224
	Map-Reduce Framework
		Map input records=4
		Map output records=1
		Input split bytes=440
		Spilled Records=0
		Failed Shuffles=0
		Merged Map outputs=0
		GC time elapsed (ms)=6931
		CPU time spent (ms)=2369330
		Physical memory (bytes) snapshot=104371376128
		Virtual memory (bytes) snapshot=324564824064
		Total committed heap usage (bytes)=296352743424
	File Input Format Counters 
		Bytes Read=0
	File Output Format Counters 
		Bytes Written=27
144986ms
17/03/18 13:52:59 WARN util.NativeCodeLoader: Unable to load native-hadoop library for your platform... using builtin-java classes where applicable
finalCount	369617610940208
[The 1 times] Above experiment is: ./runHarpSgcr.sh /N/u/mengli/harp-sahad/experiments/template/u5-1.t sahad-data/miami/miami-u-cl8-4 sahad-output/miami/miami-u-cl8-4/40threads/1 4 40
17/03/18 13:53:01 WARN util.NativeCodeLoader: Unable to load native-hadoop library for your platform... using builtin-java classes where applicable
rm: `sahad-output/miami/miami-u-cl9-4/40threads/1': No such file or directory
use Local MultiThread? true
set Number of Map Tasks = 4
set number of threads: 40
17/03/18 13:53:02 WARN util.NativeCodeLoader: Unable to load native-hadoop library for your platform... using builtin-java classes where applicable
Get map collective runner
17/03/18 13:53:03 INFO client.RMProxy: Connecting to ResourceManager at j-011/172.16.0.11:8032
17/03/18 13:53:03 INFO input.FileInputFormat: Total input paths to process : 4
17/03/18 13:53:03 INFO fileformat.MultiFileInputFormat: NUMBER OF FILES: 4
17/03/18 13:53:03 INFO fileformat.MultiFileInputFormat: NUMBER OF MAPS: 4
17/03/18 13:53:03 INFO fileformat.MultiFileInputFormat: Split on host: j-059.juliet.futuresystems.org j-061.juliet.futuresystems.org j-055.juliet.futuresystems.org j-012.juliet.futuresystems.org j-053.juliet.futuresystems.org j-064.juliet.futuresystems.org j-058.juliet.futuresystems.org j-060.juliet.futuresystems.org j-054.juliet.futuresystems.org j-013.juliet.futuresystems.org 
17/03/18 13:53:03 INFO fileformat.MultiFileInputFormat: Split on host: j-056.juliet.futuresystems.org j-066.juliet.futuresystems.org j-061.juliet.futuresystems.org j-057.juliet.futuresystems.org j-055.juliet.futuresystems.org j-062.juliet.futuresystems.org j-058.juliet.futuresystems.org j-060.juliet.futuresystems.org 
17/03/18 13:53:04 INFO fileformat.MultiFileInputFormat: Split on host: j-056.juliet.futuresystems.org j-057.juliet.futuresystems.org j-055.juliet.futuresystems.org j-053.juliet.futuresystems.org j-062.juliet.futuresystems.org j-065.juliet.futuresystems.org j-064.juliet.futuresystems.org j-060.juliet.futuresystems.org j-013.juliet.futuresystems.org j-054.juliet.futuresystems.org 
17/03/18 13:53:04 INFO fileformat.MultiFileInputFormat: Split on host: j-066.juliet.futuresystems.org j-059.juliet.futuresystems.org j-061.juliet.futuresystems.org j-012.juliet.futuresystems.org j-064.juliet.futuresystems.org j-060.juliet.futuresystems.org j-056.juliet.futuresystems.org j-063.juliet.futuresystems.org j-057.juliet.futuresystems.org j-055.juliet.futuresystems.org j-058.juliet.futuresystems.org j-013.juliet.futuresystems.org j-054.juliet.futuresystems.org 
17/03/18 13:53:04 INFO fileformat.MultiFileInputFormat: Total # of splits: 4
17/03/18 13:53:04 INFO mapreduce.JobSubmitter: number of splits:4
17/03/18 13:53:04 INFO mapreduce.JobSubmitter: Submitting tokens for job: job_1489165733656_0349
command: $JAVA_HOME/bin/java -Dlog4j.configuration=container-log4j.properties -Dyarn.app.container.log.dir=<LOG_DIR> -Dyarn.app.container.log.filesize=0 -Dhadoop.root.logger=INFO,CLA  -Xmx1024m org.apache.hadoop.mapreduce.v2.app.MapCollectiveAppMaster 1><LOG_DIR>/stdout 2><LOG_DIR>/stderr 
17/03/18 13:53:04 INFO impl.YarnClientImpl: Submitted application application_1489165733656_0349
17/03/18 13:53:04 INFO mapreduce.Job: The url to track the job: http://j-011:8088/proxy/application_1489165733656_0349/
17/03/18 13:53:04 INFO mapreduce.Job: Running job: job_1489165733656_0349
17/03/18 13:53:09 INFO mapreduce.Job: Job job_1489165733656_0349 running in uber mode : false
17/03/18 13:53:09 INFO mapreduce.Job:  map 0% reduce 0%
17/03/18 13:53:19 INFO mapreduce.Job:  map 100% reduce 0%
17/03/18 13:55:30 INFO mapreduce.Job: Job job_1489165733656_0349 completed successfully
17/03/18 13:55:30 INFO mapreduce.Job: Counters: 30
	File System Counters
		FILE: Number of bytes read=0
		FILE: Number of bytes written=425332
		FILE: Number of read operations=0
		FILE: Number of large read operations=0
		FILE: Number of write operations=0
		HDFS: Number of bytes read=2238135294
		HDFS: Number of bytes written=27
		HDFS: Number of read operations=32
		HDFS: Number of large read operations=0
		HDFS: Number of write operations=8
	Job Counters 
		Launched map tasks=4
		Other local map tasks=4
		Total time spent by all maps in occupied slots (ms)=554135
		Total time spent by all reduces in occupied slots (ms)=0
		Total time spent by all map tasks (ms)=554135
		Total vcore-seconds taken by all map tasks=554135
		Total megabyte-seconds taken by all map tasks=567434240
	Map-Reduce Framework
		Map input records=4
		Map output records=1
		Input split bytes=440
		Spilled Records=0
		Failed Shuffles=0
		Merged Map outputs=0
		GC time elapsed (ms)=7869
		CPU time spent (ms)=2488220
		Physical memory (bytes) snapshot=105657909248
		Virtual memory (bytes) snapshot=324591443968
		Total committed heap usage (bytes)=296352743424
	File Input Format Counters 
		Bytes Read=0
	File Output Format Counters 
		Bytes Written=27
148041ms
17/03/18 13:55:31 WARN util.NativeCodeLoader: Unable to load native-hadoop library for your platform... using builtin-java classes where applicable
finalCount	483589519596536
[The 1 times] Above experiment is: ./runHarpSgcr.sh /N/u/mengli/harp-sahad/experiments/template/u5-1.t sahad-data/miami/miami-u-cl9-4 sahad-output/miami/miami-u-cl9-4/40threads/1 4 40
17/03/18 13:55:33 WARN util.NativeCodeLoader: Unable to load native-hadoop library for your platform... using builtin-java classes where applicable
rm: `sahad-output/miami/miami-u-cl5-4/40threads/2': No such file or directory
use Local MultiThread? true
set Number of Map Tasks = 4
set number of threads: 40
17/03/18 13:55:34 WARN util.NativeCodeLoader: Unable to load native-hadoop library for your platform... using builtin-java classes where applicable
Get map collective runner
17/03/18 13:55:35 INFO client.RMProxy: Connecting to ResourceManager at j-011/172.16.0.11:8032
17/03/18 13:55:35 INFO input.FileInputFormat: Total input paths to process : 4
17/03/18 13:55:35 INFO fileformat.MultiFileInputFormat: NUMBER OF FILES: 4
17/03/18 13:55:35 INFO fileformat.MultiFileInputFormat: NUMBER OF MAPS: 4
17/03/18 13:55:35 INFO fileformat.MultiFileInputFormat: Split on host: j-056.juliet.futuresystems.org j-063.juliet.futuresystems.org j-057.juliet.futuresystems.org j-055.juliet.futuresystems.org j-058.juliet.futuresystems.org j-054.juliet.futuresystems.org 
17/03/18 13:55:35 INFO fileformat.MultiFileInputFormat: Split on host: j-059.juliet.futuresystems.org j-053.juliet.futuresystems.org j-062.juliet.futuresystems.org j-065.juliet.futuresystems.org j-064.juliet.futuresystems.org j-058.juliet.futuresystems.org j-060.juliet.futuresystems.org j-054.juliet.futuresystems.org 
17/03/18 13:55:35 INFO fileformat.MultiFileInputFormat: Split on host: j-066.juliet.futuresystems.org j-059.juliet.futuresystems.org j-057.juliet.futuresystems.org j-053.juliet.futuresystems.org j-065.juliet.futuresystems.org j-064.juliet.futuresystems.org j-058.juliet.futuresystems.org j-013.juliet.futuresystems.org j-054.juliet.futuresystems.org 
17/03/18 13:55:35 INFO fileformat.MultiFileInputFormat: Split on host: j-061.juliet.futuresystems.org j-055.juliet.futuresystems.org j-053.juliet.futuresystems.org j-012.juliet.futuresystems.org j-065.juliet.futuresystems.org j-064.juliet.futuresystems.org j-058.juliet.futuresystems.org j-060.juliet.futuresystems.org j-013.juliet.futuresystems.org j-054.juliet.futuresystems.org 
17/03/18 13:55:35 INFO fileformat.MultiFileInputFormat: Total # of splits: 4
17/03/18 13:55:35 INFO mapreduce.JobSubmitter: number of splits:4
17/03/18 13:55:36 INFO mapreduce.JobSubmitter: Submitting tokens for job: job_1489165733656_0350
command: $JAVA_HOME/bin/java -Dlog4j.configuration=container-log4j.properties -Dyarn.app.container.log.dir=<LOG_DIR> -Dyarn.app.container.log.filesize=0 -Dhadoop.root.logger=INFO,CLA  -Xmx1024m org.apache.hadoop.mapreduce.v2.app.MapCollectiveAppMaster 1><LOG_DIR>/stdout 2><LOG_DIR>/stderr 
17/03/18 13:55:36 INFO impl.YarnClientImpl: Submitted application application_1489165733656_0350
17/03/18 13:55:36 INFO mapreduce.Job: The url to track the job: http://j-011:8088/proxy/application_1489165733656_0350/
17/03/18 13:55:36 INFO mapreduce.Job: Running job: job_1489165733656_0350
17/03/18 13:55:41 INFO mapreduce.Job: Job job_1489165733656_0350 running in uber mode : false
17/03/18 13:55:41 INFO mapreduce.Job:  map 0% reduce 0%
17/03/18 13:55:51 INFO mapreduce.Job:  map 100% reduce 0%
17/03/18 13:57:55 INFO mapreduce.Job: Job job_1489165733656_0350 completed successfully
17/03/18 13:57:55 INFO mapreduce.Job: Counters: 30
	File System Counters
		FILE: Number of bytes read=0
		FILE: Number of bytes written=425332
		FILE: Number of read operations=0
		FILE: Number of large read operations=0
		FILE: Number of write operations=0
		HDFS: Number of bytes read=1613032419
		HDFS: Number of bytes written=27
		HDFS: Number of read operations=32
		HDFS: Number of large read operations=0
		HDFS: Number of write operations=8
	Job Counters 
		Launched map tasks=4
		Other local map tasks=4
		Total time spent by all maps in occupied slots (ms)=523375
		Total time spent by all reduces in occupied slots (ms)=0
		Total time spent by all map tasks (ms)=523375
		Total vcore-seconds taken by all map tasks=523375
		Total megabyte-seconds taken by all map tasks=535936000
	Map-Reduce Framework
		Map input records=4
		Map output records=1
		Input split bytes=440
		Spilled Records=0
		Failed Shuffles=0
		Merged Map outputs=0
		GC time elapsed (ms)=6116
		CPU time spent (ms)=2179970
		Physical memory (bytes) snapshot=100626575360
		Virtual memory (bytes) snapshot=324538064896
		Total committed heap usage (bytes)=296352743424
	File Input Format Counters 
		Bytes Read=0
	File Output Format Counters 
		Bytes Written=27
141009ms
17/03/18 13:57:56 WARN util.NativeCodeLoader: Unable to load native-hadoop library for your platform... using builtin-java classes where applicable
finalCount	148446715355677
[The 2 times] Above experiment is: ./runHarpSgcr.sh /N/u/mengli/harp-sahad/experiments/template/u5-1.t sahad-data/miami/miami-u-cl5-4 sahad-output/miami/miami-u-cl5-4/40threads/2 4 40
17/03/18 13:57:57 WARN util.NativeCodeLoader: Unable to load native-hadoop library for your platform... using builtin-java classes where applicable
rm: `sahad-output/miami/miami-u-cl6-4/40threads/2': No such file or directory
use Local MultiThread? true
set Number of Map Tasks = 4
set number of threads: 40
17/03/18 13:57:59 WARN util.NativeCodeLoader: Unable to load native-hadoop library for your platform... using builtin-java classes where applicable
Get map collective runner
17/03/18 13:58:00 INFO client.RMProxy: Connecting to ResourceManager at j-011/172.16.0.11:8032
17/03/18 13:58:00 INFO input.FileInputFormat: Total input paths to process : 4
17/03/18 13:58:00 INFO fileformat.MultiFileInputFormat: NUMBER OF FILES: 4
17/03/18 13:58:00 INFO fileformat.MultiFileInputFormat: NUMBER OF MAPS: 4
17/03/18 13:58:00 INFO fileformat.MultiFileInputFormat: Split on host: j-056.juliet.futuresystems.org j-063.juliet.futuresystems.org j-061.juliet.futuresystems.org j-057.juliet.futuresystems.org j-055.juliet.futuresystems.org j-062.juliet.futuresystems.org j-058.juliet.futuresystems.org j-054.juliet.futuresystems.org 
17/03/18 13:58:00 INFO fileformat.MultiFileInputFormat: Split on host: j-066.juliet.futuresystems.org j-059.juliet.futuresystems.org j-061.juliet.futuresystems.org j-057.juliet.futuresystems.org j-055.juliet.futuresystems.org j-062.juliet.futuresystems.org j-058.juliet.futuresystems.org j-013.juliet.futuresystems.org 
17/03/18 13:58:00 INFO fileformat.MultiFileInputFormat: Split on host: j-066.juliet.futuresystems.org j-059.juliet.futuresystems.org j-063.juliet.futuresystems.org j-055.juliet.futuresystems.org j-012.juliet.futuresystems.org j-053.juliet.futuresystems.org j-065.juliet.futuresystems.org j-058.juliet.futuresystems.org j-054.juliet.futuresystems.org j-013.juliet.futuresystems.org 
17/03/18 13:58:00 INFO fileformat.MultiFileInputFormat: Split on host: j-066.juliet.futuresystems.org j-059.juliet.futuresystems.org j-063.juliet.futuresystems.org j-057.juliet.futuresystems.org j-012.juliet.futuresystems.org j-053.juliet.futuresystems.org j-062.juliet.futuresystems.org j-065.juliet.futuresystems.org j-064.juliet.futuresystems.org j-060.juliet.futuresystems.org j-013.juliet.futuresystems.org 
17/03/18 13:58:00 INFO fileformat.MultiFileInputFormat: Total # of splits: 4
17/03/18 13:58:00 INFO mapreduce.JobSubmitter: number of splits:4
17/03/18 13:58:00 INFO mapreduce.JobSubmitter: Submitting tokens for job: job_1489165733656_0351
command: $JAVA_HOME/bin/java -Dlog4j.configuration=container-log4j.properties -Dyarn.app.container.log.dir=<LOG_DIR> -Dyarn.app.container.log.filesize=0 -Dhadoop.root.logger=INFO,CLA  -Xmx1024m org.apache.hadoop.mapreduce.v2.app.MapCollectiveAppMaster 1><LOG_DIR>/stdout 2><LOG_DIR>/stderr 
17/03/18 13:58:01 INFO impl.YarnClientImpl: Submitted application application_1489165733656_0351
17/03/18 13:58:01 INFO mapreduce.Job: The url to track the job: http://j-011:8088/proxy/application_1489165733656_0351/
17/03/18 13:58:01 INFO mapreduce.Job: Running job: job_1489165733656_0351
17/03/18 13:58:06 INFO mapreduce.Job: Job job_1489165733656_0351 running in uber mode : false
17/03/18 13:58:06 INFO mapreduce.Job:  map 0% reduce 0%
17/03/18 13:58:17 INFO mapreduce.Job:  map 100% reduce 0%
17/03/18 14:00:20 INFO mapreduce.Job: Job job_1489165733656_0351 completed successfully
17/03/18 14:00:21 INFO mapreduce.Job: Counters: 30
	File System Counters
		FILE: Number of bytes read=0
		FILE: Number of bytes written=425332
		FILE: Number of read operations=0
		FILE: Number of large read operations=0
		FILE: Number of write operations=0
		HDFS: Number of bytes read=1769396393
		HDFS: Number of bytes written=27
		HDFS: Number of read operations=32
		HDFS: Number of large read operations=0
		HDFS: Number of write operations=8
	Job Counters 
		Launched map tasks=4
		Other local map tasks=4
		Total time spent by all maps in occupied slots (ms)=527129
		Total time spent by all reduces in occupied slots (ms)=0
		Total time spent by all map tasks (ms)=527129
		Total vcore-seconds taken by all map tasks=527129
		Total megabyte-seconds taken by all map tasks=539780096
	Map-Reduce Framework
		Map input records=4
		Map output records=1
		Input split bytes=440
		Spilled Records=0
		Failed Shuffles=0
		Merged Map outputs=0
		GC time elapsed (ms)=7236
		CPU time spent (ms)=2111030
		Physical memory (bytes) snapshot=102681108480
		Virtual memory (bytes) snapshot=324546887680
		Total committed heap usage (bytes)=296352743424
	File Input Format Counters 
		Bytes Read=0
	File Output Format Counters 
		Bytes Written=27
141980ms
17/03/18 14:00:22 WARN util.NativeCodeLoader: Unable to load native-hadoop library for your platform... using builtin-java classes where applicable
finalCount	205257994200572
[The 2 times] Above experiment is: ./runHarpSgcr.sh /N/u/mengli/harp-sahad/experiments/template/u5-1.t sahad-data/miami/miami-u-cl6-4 sahad-output/miami/miami-u-cl6-4/40threads/2 4 40
17/03/18 14:00:23 WARN util.NativeCodeLoader: Unable to load native-hadoop library for your platform... using builtin-java classes where applicable
rm: `sahad-output/miami/miami-u-cl7-4/40threads/2': No such file or directory
use Local MultiThread? true
set Number of Map Tasks = 4
set number of threads: 40
17/03/18 14:00:25 WARN util.NativeCodeLoader: Unable to load native-hadoop library for your platform... using builtin-java classes where applicable
Get map collective runner
17/03/18 14:00:25 INFO client.RMProxy: Connecting to ResourceManager at j-011/172.16.0.11:8032
17/03/18 14:00:26 INFO input.FileInputFormat: Total input paths to process : 4
17/03/18 14:00:26 INFO fileformat.MultiFileInputFormat: NUMBER OF FILES: 4
17/03/18 14:00:26 INFO fileformat.MultiFileInputFormat: NUMBER OF MAPS: 4
17/03/18 14:00:26 INFO fileformat.MultiFileInputFormat: Split on host: j-066.juliet.futuresystems.org j-059.juliet.futuresystems.org j-063.juliet.futuresystems.org j-055.juliet.futuresystems.org j-012.juliet.futuresystems.org j-053.juliet.futuresystems.org j-064.juliet.futuresystems.org j-058.juliet.futuresystems.org j-054.juliet.futuresystems.org 
17/03/18 14:00:26 INFO fileformat.MultiFileInputFormat: Split on host: j-066.juliet.futuresystems.org j-056.juliet.futuresystems.org j-061.juliet.futuresystems.org j-055.juliet.futuresystems.org j-053.juliet.futuresystems.org j-012.juliet.futuresystems.org j-062.juliet.futuresystems.org j-065.juliet.futuresystems.org j-064.juliet.futuresystems.org j-058.juliet.futuresystems.org j-060.juliet.futuresystems.org j-054.juliet.futuresystems.org 
17/03/18 14:00:26 INFO fileformat.MultiFileInputFormat: Split on host: j-063.juliet.futuresystems.org j-061.juliet.futuresystems.org j-057.juliet.futuresystems.org j-053.juliet.futuresystems.org j-012.juliet.futuresystems.org j-062.juliet.futuresystems.org j-065.juliet.futuresystems.org j-064.juliet.futuresystems.org j-058.juliet.futuresystems.org j-013.juliet.futuresystems.org 
17/03/18 14:00:26 INFO fileformat.MultiFileInputFormat: Split on host: j-056.juliet.futuresystems.org j-063.juliet.futuresystems.org j-059.juliet.futuresystems.org j-055.juliet.futuresystems.org j-053.juliet.futuresystems.org j-062.juliet.futuresystems.org j-064.juliet.futuresystems.org j-058.juliet.futuresystems.org j-060.juliet.futuresystems.org j-054.juliet.futuresystems.org j-013.juliet.futuresystems.org 
17/03/18 14:00:26 INFO fileformat.MultiFileInputFormat: Total # of splits: 4
17/03/18 14:00:26 INFO mapreduce.JobSubmitter: number of splits:4
17/03/18 14:00:26 INFO mapreduce.JobSubmitter: Submitting tokens for job: job_1489165733656_0352
command: $JAVA_HOME/bin/java -Dlog4j.configuration=container-log4j.properties -Dyarn.app.container.log.dir=<LOG_DIR> -Dyarn.app.container.log.filesize=0 -Dhadoop.root.logger=INFO,CLA  -Xmx1024m org.apache.hadoop.mapreduce.v2.app.MapCollectiveAppMaster 1><LOG_DIR>/stdout 2><LOG_DIR>/stderr 
17/03/18 14:00:26 INFO impl.YarnClientImpl: Submitted application application_1489165733656_0352
17/03/18 14:00:26 INFO mapreduce.Job: The url to track the job: http://j-011:8088/proxy/application_1489165733656_0352/
17/03/18 14:00:26 INFO mapreduce.Job: Running job: job_1489165733656_0352
17/03/18 14:00:31 INFO mapreduce.Job: Job job_1489165733656_0352 running in uber mode : false
17/03/18 14:00:31 INFO mapreduce.Job:  map 0% reduce 0%
17/03/18 14:00:41 INFO mapreduce.Job:  map 25% reduce 0%
17/03/18 14:00:42 INFO mapreduce.Job:  map 100% reduce 0%
17/03/18 14:06:22 INFO mapreduce.Job: Job job_1489165733656_0352 completed successfully
17/03/18 14:06:22 INFO mapreduce.Job: Counters: 30
	File System Counters
		FILE: Number of bytes read=0
		FILE: Number of bytes written=425332
		FILE: Number of read operations=0
		FILE: Number of large read operations=0
		FILE: Number of write operations=0
		HDFS: Number of bytes read=1925439320
		HDFS: Number of bytes written=27
		HDFS: Number of read operations=32
		HDFS: Number of large read operations=0
		HDFS: Number of write operations=8
	Job Counters 
		Launched map tasks=4
		Other local map tasks=4
		Total time spent by all maps in occupied slots (ms)=1389568
		Total time spent by all reduces in occupied slots (ms)=0
		Total time spent by all map tasks (ms)=1389568
		Total vcore-seconds taken by all map tasks=1389568
		Total megabyte-seconds taken by all map tasks=1422917632
	Map-Reduce Framework
		Map input records=4
		Map output records=1
		Input split bytes=440
		Spilled Records=0
		Failed Shuffles=0
		Merged Map outputs=0
		GC time elapsed (ms)=19370
		CPU time spent (ms)=10145430
		Physical memory (bytes) snapshot=101079023616
		Virtual memory (bytes) snapshot=324563120128
		Total committed heap usage (bytes)=296352743424
	File Input Format Counters 
		Bytes Read=0
	File Output Format Counters 
		Bytes Written=27
357728ms
17/03/18 14:06:23 WARN util.NativeCodeLoader: Unable to load native-hadoop library for your platform... using builtin-java classes where applicable
finalCount	277871809160130
[The 2 times] Above experiment is: ./runHarpSgcr.sh /N/u/mengli/harp-sahad/experiments/template/u5-1.t sahad-data/miami/miami-u-cl7-4 sahad-output/miami/miami-u-cl7-4/40threads/2 4 40
17/03/18 14:06:25 WARN util.NativeCodeLoader: Unable to load native-hadoop library for your platform... using builtin-java classes where applicable
rm: `sahad-output/miami/miami-u-cl8-4/40threads/2': No such file or directory
use Local MultiThread? true
set Number of Map Tasks = 4
set number of threads: 40
17/03/18 14:06:26 WARN util.NativeCodeLoader: Unable to load native-hadoop library for your platform... using builtin-java classes where applicable
Get map collective runner
17/03/18 14:06:27 INFO client.RMProxy: Connecting to ResourceManager at j-011/172.16.0.11:8032
17/03/18 14:06:27 INFO input.FileInputFormat: Total input paths to process : 4
17/03/18 14:06:27 INFO fileformat.MultiFileInputFormat: NUMBER OF FILES: 4
17/03/18 14:06:27 INFO fileformat.MultiFileInputFormat: NUMBER OF MAPS: 4
17/03/18 14:06:27 INFO fileformat.MultiFileInputFormat: Split on host: j-059.juliet.futuresystems.org j-057.juliet.futuresystems.org j-055.juliet.futuresystems.org j-012.juliet.futuresystems.org j-064.juliet.futuresystems.org j-058.juliet.futuresystems.org j-060.juliet.futuresystems.org j-054.juliet.futuresystems.org 
17/03/18 14:06:27 INFO fileformat.MultiFileInputFormat: Split on host: j-066.juliet.futuresystems.org j-056.juliet.futuresystems.org j-063.juliet.futuresystems.org j-059.juliet.futuresystems.org j-061.juliet.futuresystems.org j-053.juliet.futuresystems.org j-065.juliet.futuresystems.org j-058.juliet.futuresystems.org j-060.juliet.futuresystems.org j-013.juliet.futuresystems.org 
17/03/18 14:06:27 INFO fileformat.MultiFileInputFormat: Split on host: j-056.juliet.futuresystems.org j-061.juliet.futuresystems.org j-055.juliet.futuresystems.org j-057.juliet.futuresystems.org j-053.juliet.futuresystems.org j-065.juliet.futuresystems.org j-064.juliet.futuresystems.org j-058.juliet.futuresystems.org j-060.juliet.futuresystems.org j-013.juliet.futuresystems.org 
17/03/18 14:06:27 INFO fileformat.MultiFileInputFormat: Split on host: j-066.juliet.futuresystems.org j-059.juliet.futuresystems.org j-061.juliet.futuresystems.org j-053.juliet.futuresystems.org j-012.juliet.futuresystems.org j-065.juliet.futuresystems.org j-064.juliet.futuresystems.org j-060.juliet.futuresystems.org j-063.juliet.futuresystems.org j-055.juliet.futuresystems.org j-057.juliet.futuresystems.org j-062.juliet.futuresystems.org j-058.juliet.futuresystems.org j-013.juliet.futuresystems.org j-054.juliet.futuresystems.org 
17/03/18 14:06:27 INFO fileformat.MultiFileInputFormat: Total # of splits: 4
17/03/18 14:06:27 INFO mapreduce.JobSubmitter: number of splits:4
17/03/18 14:06:28 INFO mapreduce.JobSubmitter: Submitting tokens for job: job_1489165733656_0353
command: $JAVA_HOME/bin/java -Dlog4j.configuration=container-log4j.properties -Dyarn.app.container.log.dir=<LOG_DIR> -Dyarn.app.container.log.filesize=0 -Dhadoop.root.logger=INFO,CLA  -Xmx1024m org.apache.hadoop.mapreduce.v2.app.MapCollectiveAppMaster 1><LOG_DIR>/stdout 2><LOG_DIR>/stderr 
17/03/18 14:06:28 INFO impl.YarnClientImpl: Submitted application application_1489165733656_0353
17/03/18 14:06:28 INFO mapreduce.Job: The url to track the job: http://j-011:8088/proxy/application_1489165733656_0353/
17/03/18 14:06:28 INFO mapreduce.Job: Running job: job_1489165733656_0353
17/03/18 14:06:33 INFO mapreduce.Job: Job job_1489165733656_0353 running in uber mode : false
17/03/18 14:06:33 INFO mapreduce.Job:  map 0% reduce 0%
17/03/18 14:06:43 INFO mapreduce.Job:  map 50% reduce 0%
17/03/18 14:06:44 INFO mapreduce.Job:  map 100% reduce 0%
17/03/18 14:13:16 INFO mapreduce.Job: Job job_1489165733656_0353 completed successfully
17/03/18 14:13:16 INFO mapreduce.Job: Counters: 30
	File System Counters
		FILE: Number of bytes read=0
		FILE: Number of bytes written=425332
		FILE: Number of read operations=0
		FILE: Number of large read operations=0
		FILE: Number of write operations=0
		HDFS: Number of bytes read=2081596408
		HDFS: Number of bytes written=27
		HDFS: Number of read operations=32
		HDFS: Number of large read operations=0
		HDFS: Number of write operations=8
	Job Counters 
		Launched map tasks=4
		Other local map tasks=4
		Total time spent by all maps in occupied slots (ms)=1602464
		Total time spent by all reduces in occupied slots (ms)=0
		Total time spent by all map tasks (ms)=1602464
		Total vcore-seconds taken by all map tasks=1602464
		Total megabyte-seconds taken by all map tasks=1640923136
	Map-Reduce Framework
		Map input records=4
		Map output records=1
		Input split bytes=440
		Spilled Records=0
		Failed Shuffles=0
		Merged Map outputs=0
		GC time elapsed (ms)=20317
		CPU time spent (ms)=13492560
		Physical memory (bytes) snapshot=103498829824
		Virtual memory (bytes) snapshot=324654968832
		Total committed heap usage (bytes)=296352743424
	File Input Format Counters 
		Bytes Read=0
	File Output Format Counters 
		Bytes Written=27
409940ms
17/03/18 14:13:17 WARN util.NativeCodeLoader: Unable to load native-hadoop library for your platform... using builtin-java classes where applicable
finalCount	369649969199609
[The 2 times] Above experiment is: ./runHarpSgcr.sh /N/u/mengli/harp-sahad/experiments/template/u5-1.t sahad-data/miami/miami-u-cl8-4 sahad-output/miami/miami-u-cl8-4/40threads/2 4 40
17/03/18 14:13:18 WARN util.NativeCodeLoader: Unable to load native-hadoop library for your platform... using builtin-java classes where applicable
rm: `sahad-output/miami/miami-u-cl9-4/40threads/2': No such file or directory
use Local MultiThread? true
set Number of Map Tasks = 4
set number of threads: 40
17/03/18 14:13:20 WARN util.NativeCodeLoader: Unable to load native-hadoop library for your platform... using builtin-java classes where applicable
Get map collective runner
17/03/18 14:13:21 INFO client.RMProxy: Connecting to ResourceManager at j-011/172.16.0.11:8032
17/03/18 14:13:21 INFO input.FileInputFormat: Total input paths to process : 4
17/03/18 14:13:21 INFO fileformat.MultiFileInputFormat: NUMBER OF FILES: 4
17/03/18 14:13:21 INFO fileformat.MultiFileInputFormat: NUMBER OF MAPS: 4
17/03/18 14:13:21 INFO fileformat.MultiFileInputFormat: Split on host: j-059.juliet.futuresystems.org j-061.juliet.futuresystems.org j-055.juliet.futuresystems.org j-053.juliet.futuresystems.org j-012.juliet.futuresystems.org j-064.juliet.futuresystems.org j-058.juliet.futuresystems.org j-060.juliet.futuresystems.org j-054.juliet.futuresystems.org j-013.juliet.futuresystems.org 
17/03/18 14:13:21 INFO fileformat.MultiFileInputFormat: Split on host: j-056.juliet.futuresystems.org j-066.juliet.futuresystems.org j-061.juliet.futuresystems.org j-055.juliet.futuresystems.org j-057.juliet.futuresystems.org j-062.juliet.futuresystems.org j-058.juliet.futuresystems.org j-060.juliet.futuresystems.org 
17/03/18 14:13:21 INFO fileformat.MultiFileInputFormat: Split on host: j-056.juliet.futuresystems.org j-057.juliet.futuresystems.org j-055.juliet.futuresystems.org j-053.juliet.futuresystems.org j-062.juliet.futuresystems.org j-065.juliet.futuresystems.org j-064.juliet.futuresystems.org j-060.juliet.futuresystems.org j-013.juliet.futuresystems.org j-054.juliet.futuresystems.org 
17/03/18 14:13:21 INFO fileformat.MultiFileInputFormat: Split on host: j-066.juliet.futuresystems.org j-059.juliet.futuresystems.org j-061.juliet.futuresystems.org j-012.juliet.futuresystems.org j-064.juliet.futuresystems.org j-060.juliet.futuresystems.org j-056.juliet.futuresystems.org j-063.juliet.futuresystems.org j-057.juliet.futuresystems.org j-055.juliet.futuresystems.org j-058.juliet.futuresystems.org j-013.juliet.futuresystems.org j-054.juliet.futuresystems.org 
17/03/18 14:13:21 INFO fileformat.MultiFileInputFormat: Total # of splits: 4
17/03/18 14:13:21 INFO mapreduce.JobSubmitter: number of splits:4
17/03/18 14:13:21 INFO mapreduce.JobSubmitter: Submitting tokens for job: job_1489165733656_0354
command: $JAVA_HOME/bin/java -Dlog4j.configuration=container-log4j.properties -Dyarn.app.container.log.dir=<LOG_DIR> -Dyarn.app.container.log.filesize=0 -Dhadoop.root.logger=INFO,CLA  -Xmx1024m org.apache.hadoop.mapreduce.v2.app.MapCollectiveAppMaster 1><LOG_DIR>/stdout 2><LOG_DIR>/stderr 
17/03/18 14:13:22 INFO impl.YarnClientImpl: Submitted application application_1489165733656_0354
17/03/18 14:13:22 INFO mapreduce.Job: The url to track the job: http://j-011:8088/proxy/application_1489165733656_0354/
17/03/18 14:13:22 INFO mapreduce.Job: Running job: job_1489165733656_0354
17/03/18 14:13:27 INFO mapreduce.Job: Job job_1489165733656_0354 running in uber mode : false
17/03/18 14:13:27 INFO mapreduce.Job:  map 0% reduce 0%
17/03/18 14:13:37 INFO mapreduce.Job:  map 50% reduce 0%
17/03/18 14:13:38 INFO mapreduce.Job:  map 100% reduce 0%
17/03/18 14:15:45 INFO mapreduce.Job: Job job_1489165733656_0354 completed successfully
17/03/18 14:15:46 INFO mapreduce.Job: Counters: 30
	File System Counters
		FILE: Number of bytes read=0
		FILE: Number of bytes written=425332
		FILE: Number of read operations=0
		FILE: Number of large read operations=0
		FILE: Number of write operations=0
		HDFS: Number of bytes read=2238135294
		HDFS: Number of bytes written=27
		HDFS: Number of read operations=32
		HDFS: Number of large read operations=0
		HDFS: Number of write operations=8
	Job Counters 
		Launched map tasks=4
		Other local map tasks=4
		Total time spent by all maps in occupied slots (ms)=543161
		Total time spent by all reduces in occupied slots (ms)=0
		Total time spent by all map tasks (ms)=543161
		Total vcore-seconds taken by all map tasks=543161
		Total megabyte-seconds taken by all map tasks=556196864
	Map-Reduce Framework
		Map input records=4
		Map output records=1
		Input split bytes=440
		Spilled Records=0
		Failed Shuffles=0
		Merged Map outputs=0
		GC time elapsed (ms)=7476
		CPU time spent (ms)=2436740
		Physical memory (bytes) snapshot=105453731840
		Virtual memory (bytes) snapshot=324572327936
		Total committed heap usage (bytes)=296352743424
	File Input Format Counters 
		Bytes Read=0
	File Output Format Counters 
		Bytes Written=27
146062ms
17/03/18 14:15:47 WARN util.NativeCodeLoader: Unable to load native-hadoop library for your platform... using builtin-java classes where applicable
finalCount	483748966823125
[The 2 times] Above experiment is: ./runHarpSgcr.sh /N/u/mengli/harp-sahad/experiments/template/u5-1.t sahad-data/miami/miami-u-cl9-4 sahad-output/miami/miami-u-cl9-4/40threads/2 4 40
