17/03/14 22:36:55 WARN util.NativeCodeLoader: Unable to load native-hadoop library for your platform... using builtin-java classes where applicable
17/03/14 22:36:56 INFO fs.TrashPolicyDefault: Namenode trash configuration: Deletion interval = 0 minutes, Emptier interval = 0 minutes.
Deleted sahad-output/nyc/nyc-u-e-4/40threads/1
use Local MultiThread? true
set Number of Map Tasks = 4
set number of threads: 40
17/03/14 22:36:57 WARN util.NativeCodeLoader: Unable to load native-hadoop library for your platform... using builtin-java classes where applicable
Get map collective runner
17/03/14 22:36:57 INFO client.RMProxy: Connecting to ResourceManager at j-011/172.16.0.11:8032
17/03/14 22:36:58 INFO input.FileInputFormat: Total input paths to process : 4
17/03/14 22:36:58 INFO fileformat.MultiFileInputFormat: NUMBER OF FILES: 4
17/03/14 22:36:58 INFO fileformat.MultiFileInputFormat: NUMBER OF MAPS: 4
17/03/14 22:36:58 INFO fileformat.MultiFileInputFormat: Split on host: j-066.juliet.futuresystems.org j-059.juliet.futuresystems.org j-061.juliet.futuresystems.org j-012.juliet.futuresystems.org j-053.juliet.futuresystems.org j-065.juliet.futuresystems.org j-064.juliet.futuresystems.org j-060.juliet.futuresystems.org j-056.juliet.futuresystems.org j-063.juliet.futuresystems.org j-055.juliet.futuresystems.org j-057.juliet.futuresystems.org j-062.juliet.futuresystems.org j-054.juliet.futuresystems.org j-013.juliet.futuresystems.org 
17/03/14 22:36:58 INFO fileformat.MultiFileInputFormat: Split on host: j-066.juliet.futuresystems.org j-059.juliet.futuresystems.org j-012.juliet.futuresystems.org j-053.juliet.futuresystems.org j-065.juliet.futuresystems.org j-064.juliet.futuresystems.org j-060.juliet.futuresystems.org j-056.juliet.futuresystems.org j-063.juliet.futuresystems.org j-055.juliet.futuresystems.org j-057.juliet.futuresystems.org j-062.juliet.futuresystems.org j-058.juliet.futuresystems.org j-013.juliet.futuresystems.org j-054.juliet.futuresystems.org 
17/03/14 22:36:58 INFO fileformat.MultiFileInputFormat: Split on host: j-066.juliet.futuresystems.org j-059.juliet.futuresystems.org j-061.juliet.futuresystems.org j-012.juliet.futuresystems.org j-053.juliet.futuresystems.org j-065.juliet.futuresystems.org j-064.juliet.futuresystems.org j-060.juliet.futuresystems.org j-056.juliet.futuresystems.org j-063.juliet.futuresystems.org j-057.juliet.futuresystems.org j-055.juliet.futuresystems.org j-062.juliet.futuresystems.org j-058.juliet.futuresystems.org j-013.juliet.futuresystems.org j-054.juliet.futuresystems.org 
17/03/14 22:36:58 INFO fileformat.MultiFileInputFormat: Split on host: j-066.juliet.futuresystems.org j-059.juliet.futuresystems.org j-061.juliet.futuresystems.org j-012.juliet.futuresystems.org j-053.juliet.futuresystems.org j-065.juliet.futuresystems.org j-060.juliet.futuresystems.org j-056.juliet.futuresystems.org j-063.juliet.futuresystems.org j-055.juliet.futuresystems.org j-057.juliet.futuresystems.org j-062.juliet.futuresystems.org j-058.juliet.futuresystems.org j-013.juliet.futuresystems.org j-054.juliet.futuresystems.org 
17/03/14 22:36:58 INFO fileformat.MultiFileInputFormat: Total # of splits: 4
17/03/14 22:36:58 INFO mapreduce.JobSubmitter: number of splits:4
17/03/14 22:36:58 INFO mapreduce.JobSubmitter: Submitting tokens for job: job_1489165733656_0160
command: $JAVA_HOME/bin/java -Dlog4j.configuration=container-log4j.properties -Dyarn.app.container.log.dir=<LOG_DIR> -Dyarn.app.container.log.filesize=0 -Dhadoop.root.logger=INFO,CLA  -Xmx1024m org.apache.hadoop.mapreduce.v2.app.MapCollectiveAppMaster 1><LOG_DIR>/stdout 2><LOG_DIR>/stderr 
17/03/14 22:36:58 INFO impl.YarnClientImpl: Submitted application application_1489165733656_0160
17/03/14 22:36:58 INFO mapreduce.Job: The url to track the job: http://j-011:8088/proxy/application_1489165733656_0160/
17/03/14 22:36:58 INFO mapreduce.Job: Running job: job_1489165733656_0160
17/03/14 22:37:03 INFO mapreduce.Job: Job job_1489165733656_0160 running in uber mode : false
17/03/14 22:37:03 INFO mapreduce.Job:  map 0% reduce 0%
17/03/14 22:37:13 INFO mapreduce.Job:  map 50% reduce 0%
17/03/14 22:37:14 INFO mapreduce.Job:  map 100% reduce 0%
17/03/15 00:35:55 INFO mapreduce.Job: Job job_1489165733656_0160 completed successfully
17/03/15 00:35:55 INFO mapreduce.Job: Counters: 30
	File System Counters
		FILE: Number of bytes read=0
		FILE: Number of bytes written=425260
		FILE: Number of read operations=0
		FILE: Number of large read operations=0
		FILE: Number of write operations=0
		HDFS: Number of bytes read=8237093811
		HDFS: Number of bytes written=27
		HDFS: Number of read operations=32
		HDFS: Number of large read operations=0
		HDFS: Number of write operations=8
	Job Counters 
		Launched map tasks=4
		Other local map tasks=4
		Total time spent by all maps in occupied slots (ms)=28513888
		Total time spent by all reduces in occupied slots (ms)=0
		Total time spent by all map tasks (ms)=28513888
		Total vcore-seconds taken by all map tasks=28513888
		Total megabyte-seconds taken by all map tasks=29198221312
	Map-Reduce Framework
		Map input records=4
		Map output records=1
		Input split bytes=416
		Spilled Records=0
		Failed Shuffles=0
		Merged Map outputs=0
		GC time elapsed (ms)=703537
		CPU time spent (ms)=63309670
		Physical memory (bytes) snapshot=282254471168
		Virtual memory (bytes) snapshot=324665991168
		Total committed heap usage (bytes)=274897829888
	File Input Format Counters 
		Bytes Read=0
	File Output Format Counters 
		Bytes Written=27
7138568ms
17/03/15 00:35:56 WARN util.NativeCodeLoader: Unable to load native-hadoop library for your platform... using builtin-java classes where applicable
finalCount	350262477958906
[The 1 times] Above experiment is: ./runHarpSgcr.sh /N/u/mengli/harp-sahad/experiments/template/u5-2.t sahad-data/nyc/nyc-u-e-4 sahad-output/nyc/nyc-u-e-4/40threads/1 4 40
17/03/15 00:35:57 WARN util.NativeCodeLoader: Unable to load native-hadoop library for your platform... using builtin-java classes where applicable
17/03/15 00:35:58 INFO fs.TrashPolicyDefault: Namenode trash configuration: Deletion interval = 0 minutes, Emptier interval = 0 minutes.
Deleted sahad-output/nyc/nyc-u-e-4/40threads/1
use Local MultiThread? true
set Number of Map Tasks = 4
set number of threads: 40
17/03/15 00:35:59 WARN util.NativeCodeLoader: Unable to load native-hadoop library for your platform... using builtin-java classes where applicable
Get map collective runner
17/03/15 00:36:00 INFO client.RMProxy: Connecting to ResourceManager at j-011/172.16.0.11:8032
17/03/15 00:36:00 INFO input.FileInputFormat: Total input paths to process : 4
17/03/15 00:36:00 INFO fileformat.MultiFileInputFormat: NUMBER OF FILES: 4
17/03/15 00:36:00 INFO fileformat.MultiFileInputFormat: NUMBER OF MAPS: 4
17/03/15 00:36:00 INFO fileformat.MultiFileInputFormat: Split on host: j-066.juliet.futuresystems.org j-059.juliet.futuresystems.org j-061.juliet.futuresystems.org j-012.juliet.futuresystems.org j-053.juliet.futuresystems.org j-065.juliet.futuresystems.org j-064.juliet.futuresystems.org j-060.juliet.futuresystems.org j-056.juliet.futuresystems.org j-063.juliet.futuresystems.org j-055.juliet.futuresystems.org j-057.juliet.futuresystems.org j-062.juliet.futuresystems.org j-054.juliet.futuresystems.org j-013.juliet.futuresystems.org 
17/03/15 00:36:00 INFO fileformat.MultiFileInputFormat: Split on host: j-066.juliet.futuresystems.org j-059.juliet.futuresystems.org j-012.juliet.futuresystems.org j-053.juliet.futuresystems.org j-065.juliet.futuresystems.org j-064.juliet.futuresystems.org j-060.juliet.futuresystems.org j-056.juliet.futuresystems.org j-063.juliet.futuresystems.org j-055.juliet.futuresystems.org j-057.juliet.futuresystems.org j-062.juliet.futuresystems.org j-058.juliet.futuresystems.org j-054.juliet.futuresystems.org j-013.juliet.futuresystems.org 
17/03/15 00:36:00 INFO fileformat.MultiFileInputFormat: Split on host: j-066.juliet.futuresystems.org j-059.juliet.futuresystems.org j-061.juliet.futuresystems.org j-012.juliet.futuresystems.org j-053.juliet.futuresystems.org j-065.juliet.futuresystems.org j-064.juliet.futuresystems.org j-060.juliet.futuresystems.org j-056.juliet.futuresystems.org j-063.juliet.futuresystems.org j-057.juliet.futuresystems.org j-055.juliet.futuresystems.org j-062.juliet.futuresystems.org j-058.juliet.futuresystems.org j-013.juliet.futuresystems.org j-054.juliet.futuresystems.org 
17/03/15 00:36:00 INFO fileformat.MultiFileInputFormat: Split on host: j-066.juliet.futuresystems.org j-059.juliet.futuresystems.org j-061.juliet.futuresystems.org j-012.juliet.futuresystems.org j-053.juliet.futuresystems.org j-065.juliet.futuresystems.org j-060.juliet.futuresystems.org j-056.juliet.futuresystems.org j-063.juliet.futuresystems.org j-055.juliet.futuresystems.org j-057.juliet.futuresystems.org j-062.juliet.futuresystems.org j-058.juliet.futuresystems.org j-013.juliet.futuresystems.org j-054.juliet.futuresystems.org 
17/03/15 00:36:00 INFO fileformat.MultiFileInputFormat: Total # of splits: 4
17/03/15 00:36:00 INFO mapreduce.JobSubmitter: number of splits:4
17/03/15 00:36:00 INFO mapreduce.JobSubmitter: Submitting tokens for job: job_1489165733656_0161
command: $JAVA_HOME/bin/java -Dlog4j.configuration=container-log4j.properties -Dyarn.app.container.log.dir=<LOG_DIR> -Dyarn.app.container.log.filesize=0 -Dhadoop.root.logger=INFO,CLA  -Xmx1024m org.apache.hadoop.mapreduce.v2.app.MapCollectiveAppMaster 1><LOG_DIR>/stdout 2><LOG_DIR>/stderr 
17/03/15 00:36:01 INFO impl.YarnClientImpl: Submitted application application_1489165733656_0161
17/03/15 00:36:01 INFO mapreduce.Job: The url to track the job: http://j-011:8088/proxy/application_1489165733656_0161/
17/03/15 00:36:01 INFO mapreduce.Job: Running job: job_1489165733656_0161
17/03/15 00:36:06 INFO mapreduce.Job: Job job_1489165733656_0161 running in uber mode : false
17/03/15 00:36:06 INFO mapreduce.Job:  map 0% reduce 0%
17/03/15 00:36:16 INFO mapreduce.Job:  map 100% reduce 0%
17/03/15 02:55:52 INFO mapreduce.Job: Job job_1489165733656_0161 completed successfully
17/03/15 02:55:52 INFO mapreduce.Job: Counters: 30
	File System Counters
		FILE: Number of bytes read=0
		FILE: Number of bytes written=425260
		FILE: Number of read operations=0
		FILE: Number of large read operations=0
		FILE: Number of write operations=0
		HDFS: Number of bytes read=8237093811
		HDFS: Number of bytes written=26
		HDFS: Number of read operations=32
		HDFS: Number of large read operations=0
		HDFS: Number of write operations=8
	Job Counters 
		Launched map tasks=4
		Other local map tasks=4
		Total time spent by all maps in occupied slots (ms)=33537239
		Total time spent by all reduces in occupied slots (ms)=0
		Total time spent by all map tasks (ms)=33537239
		Total vcore-seconds taken by all map tasks=33537239
		Total megabyte-seconds taken by all map tasks=34342132736
	Map-Reduce Framework
		Map input records=4
		Map output records=1
		Input split bytes=416
		Spilled Records=0
		Failed Shuffles=0
		Merged Map outputs=0
		GC time elapsed (ms)=259167
		CPU time spent (ms)=48720880
		Physical memory (bytes) snapshot=277933932544
		Virtual memory (bytes) snapshot=324639354880
		Total committed heap usage (bytes)=279053860864
	File Input Format Counters 
		Bytes Read=0
	File Output Format Counters 
		Bytes Written=26
8393665ms
17/03/15 02:55:53 WARN util.NativeCodeLoader: Unable to load native-hadoop library for your platform... using builtin-java classes where applicable
finalCount	44833130431562
[The 1 times] Above experiment is: ./runHarpSgcr.sh /N/u/mengli/harp-sahad/experiments/template/u5-3.t sahad-data/nyc/nyc-u-e-4 sahad-output/nyc/nyc-u-e-4/40threads/1 4 40
17/03/15 02:55:55 WARN util.NativeCodeLoader: Unable to load native-hadoop library for your platform... using builtin-java classes where applicable
17/03/15 02:55:55 INFO fs.TrashPolicyDefault: Namenode trash configuration: Deletion interval = 0 minutes, Emptier interval = 0 minutes.
Deleted sahad-output/nyc/nyc-u-e-4/40threads/1
use Local MultiThread? true
set Number of Map Tasks = 4
set number of threads: 40
17/03/15 02:55:56 WARN util.NativeCodeLoader: Unable to load native-hadoop library for your platform... using builtin-java classes where applicable
Get map collective runner
17/03/15 02:55:57 INFO client.RMProxy: Connecting to ResourceManager at j-011/172.16.0.11:8032
17/03/15 02:55:58 INFO input.FileInputFormat: Total input paths to process : 4
17/03/15 02:55:58 INFO fileformat.MultiFileInputFormat: NUMBER OF FILES: 4
17/03/15 02:55:58 INFO fileformat.MultiFileInputFormat: NUMBER OF MAPS: 4
17/03/15 02:55:58 INFO fileformat.MultiFileInputFormat: Split on host: j-066.juliet.futuresystems.org j-059.juliet.futuresystems.org j-061.juliet.futuresystems.org j-012.juliet.futuresystems.org j-053.juliet.futuresystems.org j-065.juliet.futuresystems.org j-064.juliet.futuresystems.org j-060.juliet.futuresystems.org j-056.juliet.futuresystems.org j-063.juliet.futuresystems.org j-055.juliet.futuresystems.org j-057.juliet.futuresystems.org j-062.juliet.futuresystems.org j-054.juliet.futuresystems.org j-013.juliet.futuresystems.org 
17/03/15 02:55:58 INFO fileformat.MultiFileInputFormat: Split on host: j-066.juliet.futuresystems.org j-059.juliet.futuresystems.org j-012.juliet.futuresystems.org j-053.juliet.futuresystems.org j-065.juliet.futuresystems.org j-064.juliet.futuresystems.org j-060.juliet.futuresystems.org j-056.juliet.futuresystems.org j-063.juliet.futuresystems.org j-055.juliet.futuresystems.org j-057.juliet.futuresystems.org j-062.juliet.futuresystems.org j-058.juliet.futuresystems.org j-054.juliet.futuresystems.org j-013.juliet.futuresystems.org 
17/03/15 02:55:58 INFO fileformat.MultiFileInputFormat: Split on host: j-066.juliet.futuresystems.org j-059.juliet.futuresystems.org j-061.juliet.futuresystems.org j-012.juliet.futuresystems.org j-053.juliet.futuresystems.org j-065.juliet.futuresystems.org j-064.juliet.futuresystems.org j-060.juliet.futuresystems.org j-056.juliet.futuresystems.org j-063.juliet.futuresystems.org j-057.juliet.futuresystems.org j-055.juliet.futuresystems.org j-062.juliet.futuresystems.org j-058.juliet.futuresystems.org j-013.juliet.futuresystems.org j-054.juliet.futuresystems.org 
17/03/15 02:55:58 INFO fileformat.MultiFileInputFormat: Split on host: j-066.juliet.futuresystems.org j-059.juliet.futuresystems.org j-061.juliet.futuresystems.org j-012.juliet.futuresystems.org j-053.juliet.futuresystems.org j-065.juliet.futuresystems.org j-060.juliet.futuresystems.org j-056.juliet.futuresystems.org j-063.juliet.futuresystems.org j-055.juliet.futuresystems.org j-057.juliet.futuresystems.org j-062.juliet.futuresystems.org j-058.juliet.futuresystems.org j-013.juliet.futuresystems.org j-054.juliet.futuresystems.org 
17/03/15 02:55:58 INFO fileformat.MultiFileInputFormat: Total # of splits: 4
17/03/15 02:55:58 INFO mapreduce.JobSubmitter: number of splits:4
17/03/15 02:55:58 INFO mapreduce.JobSubmitter: Submitting tokens for job: job_1489165733656_0162
command: $JAVA_HOME/bin/java -Dlog4j.configuration=container-log4j.properties -Dyarn.app.container.log.dir=<LOG_DIR> -Dyarn.app.container.log.filesize=0 -Dhadoop.root.logger=INFO,CLA  -Xmx1024m org.apache.hadoop.mapreduce.v2.app.MapCollectiveAppMaster 1><LOG_DIR>/stdout 2><LOG_DIR>/stderr 
17/03/15 02:55:58 INFO impl.YarnClientImpl: Submitted application application_1489165733656_0162
17/03/15 02:55:58 INFO mapreduce.Job: The url to track the job: http://j-011:8088/proxy/application_1489165733656_0162/
17/03/15 02:55:58 INFO mapreduce.Job: Running job: job_1489165733656_0162
17/03/15 02:56:03 INFO mapreduce.Job: Job job_1489165733656_0162 running in uber mode : false
17/03/15 02:56:03 INFO mapreduce.Job:  map 0% reduce 0%
17/03/15 02:56:13 INFO mapreduce.Job:  map 100% reduce 0%
17/03/15 05:54:01 INFO mapreduce.Job: Job job_1489165733656_0162 failed with state FAILED due to: Task failed task_1489165733656_0162_m_000000
Job failed as tasks failed. failedMaps:1 failedReduces:0

17/03/15 05:54:01 INFO mapreduce.Job: Counters: 9
	Job Counters 
		Failed map tasks=1
		Killed map tasks=3
		Launched map tasks=4
		Other local map tasks=4
		Total time spent by all maps in occupied slots (ms)=42702369
		Total time spent by all reduces in occupied slots (ms)=0
		Total time spent by all map tasks (ms)=42702369
		Total vcore-seconds taken by all map tasks=42702369
		Total megabyte-seconds taken by all map tasks=43727225856
10685221ms
17/03/15 05:54:02 WARN util.NativeCodeLoader: Unable to load native-hadoop library for your platform... using builtin-java classes where applicable
cat: `sahad-output/nyc/nyc-u-e-4/40threads/1/*': No such file or directory
[The 1 times] Above experiment is: ./runHarpSgcr.sh /N/u/mengli/harp-sahad/experiments/template/u10-1.t sahad-data/nyc/nyc-u-e-4 sahad-output/nyc/nyc-u-e-4/40threads/1 4 40
17/03/15 05:54:04 WARN util.NativeCodeLoader: Unable to load native-hadoop library for your platform... using builtin-java classes where applicable
17/03/15 05:54:04 INFO fs.TrashPolicyDefault: Namenode trash configuration: Deletion interval = 0 minutes, Emptier interval = 0 minutes.
Deleted sahad-output/nyc/nyc-u-e-4/40threads/2
use Local MultiThread? true
set Number of Map Tasks = 4
set number of threads: 40
17/03/15 05:54:05 WARN util.NativeCodeLoader: Unable to load native-hadoop library for your platform... using builtin-java classes where applicable
Get map collective runner
17/03/15 05:54:06 INFO client.RMProxy: Connecting to ResourceManager at j-011/172.16.0.11:8032
17/03/15 05:54:07 INFO input.FileInputFormat: Total input paths to process : 4
17/03/15 05:54:07 INFO fileformat.MultiFileInputFormat: NUMBER OF FILES: 4
17/03/15 05:54:07 INFO fileformat.MultiFileInputFormat: NUMBER OF MAPS: 4
17/03/15 05:54:07 INFO fileformat.MultiFileInputFormat: Split on host: j-066.juliet.futuresystems.org j-059.juliet.futuresystems.org j-061.juliet.futuresystems.org j-012.juliet.futuresystems.org j-053.juliet.futuresystems.org j-065.juliet.futuresystems.org j-064.juliet.futuresystems.org j-060.juliet.futuresystems.org j-056.juliet.futuresystems.org j-063.juliet.futuresystems.org j-055.juliet.futuresystems.org j-057.juliet.futuresystems.org j-062.juliet.futuresystems.org j-054.juliet.futuresystems.org j-013.juliet.futuresystems.org 
17/03/15 05:54:07 INFO fileformat.MultiFileInputFormat: Split on host: j-066.juliet.futuresystems.org j-059.juliet.futuresystems.org j-012.juliet.futuresystems.org j-053.juliet.futuresystems.org j-065.juliet.futuresystems.org j-064.juliet.futuresystems.org j-060.juliet.futuresystems.org j-056.juliet.futuresystems.org j-063.juliet.futuresystems.org j-055.juliet.futuresystems.org j-057.juliet.futuresystems.org j-062.juliet.futuresystems.org j-058.juliet.futuresystems.org j-054.juliet.futuresystems.org j-013.juliet.futuresystems.org 
17/03/15 05:54:07 INFO fileformat.MultiFileInputFormat: Split on host: j-066.juliet.futuresystems.org j-059.juliet.futuresystems.org j-061.juliet.futuresystems.org j-012.juliet.futuresystems.org j-053.juliet.futuresystems.org j-065.juliet.futuresystems.org j-064.juliet.futuresystems.org j-060.juliet.futuresystems.org j-056.juliet.futuresystems.org j-063.juliet.futuresystems.org j-057.juliet.futuresystems.org j-055.juliet.futuresystems.org j-062.juliet.futuresystems.org j-058.juliet.futuresystems.org j-013.juliet.futuresystems.org j-054.juliet.futuresystems.org 
17/03/15 05:54:07 INFO fileformat.MultiFileInputFormat: Split on host: j-066.juliet.futuresystems.org j-059.juliet.futuresystems.org j-061.juliet.futuresystems.org j-012.juliet.futuresystems.org j-053.juliet.futuresystems.org j-065.juliet.futuresystems.org j-060.juliet.futuresystems.org j-056.juliet.futuresystems.org j-063.juliet.futuresystems.org j-055.juliet.futuresystems.org j-057.juliet.futuresystems.org j-062.juliet.futuresystems.org j-058.juliet.futuresystems.org j-013.juliet.futuresystems.org j-054.juliet.futuresystems.org 
17/03/15 05:54:07 INFO fileformat.MultiFileInputFormat: Total # of splits: 4
17/03/15 05:54:07 INFO mapreduce.JobSubmitter: number of splits:4
17/03/15 05:54:07 INFO mapreduce.JobSubmitter: Submitting tokens for job: job_1489165733656_0163
command: $JAVA_HOME/bin/java -Dlog4j.configuration=container-log4j.properties -Dyarn.app.container.log.dir=<LOG_DIR> -Dyarn.app.container.log.filesize=0 -Dhadoop.root.logger=INFO,CLA  -Xmx1024m org.apache.hadoop.mapreduce.v2.app.MapCollectiveAppMaster 1><LOG_DIR>/stdout 2><LOG_DIR>/stderr 
17/03/15 05:54:07 INFO impl.YarnClientImpl: Submitted application application_1489165733656_0163
17/03/15 05:54:07 INFO mapreduce.Job: The url to track the job: http://j-011:8088/proxy/application_1489165733656_0163/
17/03/15 05:54:07 INFO mapreduce.Job: Running job: job_1489165733656_0163
17/03/15 05:54:12 INFO mapreduce.Job: Job job_1489165733656_0163 running in uber mode : false
17/03/15 05:54:12 INFO mapreduce.Job:  map 0% reduce 0%
17/03/15 05:54:22 INFO mapreduce.Job:  map 100% reduce 0%
17/03/15 07:46:45 INFO mapreduce.Job: Job job_1489165733656_0163 completed successfully
17/03/15 07:46:45 INFO mapreduce.Job: Counters: 30
	File System Counters
		FILE: Number of bytes read=0
		FILE: Number of bytes written=425260
		FILE: Number of read operations=0
		FILE: Number of large read operations=0
		FILE: Number of write operations=0
		HDFS: Number of bytes read=8237093811
		HDFS: Number of bytes written=27
		HDFS: Number of read operations=32
		HDFS: Number of large read operations=0
		HDFS: Number of write operations=8
	Job Counters 
		Launched map tasks=4
		Other local map tasks=4
		Total time spent by all maps in occupied slots (ms)=27000777
		Total time spent by all reduces in occupied slots (ms)=0
		Total time spent by all map tasks (ms)=27000777
		Total vcore-seconds taken by all map tasks=27000777
		Total megabyte-seconds taken by all map tasks=27648795648
	Map-Reduce Framework
		Map input records=4
		Map output records=1
		Input split bytes=416
		Spilled Records=0
		Failed Shuffles=0
		Merged Map outputs=0
		GC time elapsed (ms)=754890
		CPU time spent (ms)=63043500
		Physical memory (bytes) snapshot=293246672896
		Virtual memory (bytes) snapshot=324593532928
		Total committed heap usage (bytes)=274877906944
	File Input Format Counters 
		Bytes Read=0
	File Output Format Counters 
		Bytes Written=27
6759698ms
17/03/15 07:46:46 WARN util.NativeCodeLoader: Unable to load native-hadoop library for your platform... using builtin-java classes where applicable
finalCount	350329031453776
[The 2 times] Above experiment is: ./runHarpSgcr.sh /N/u/mengli/harp-sahad/experiments/template/u5-2.t sahad-data/nyc/nyc-u-e-4 sahad-output/nyc/nyc-u-e-4/40threads/2 4 40
17/03/15 07:46:47 WARN util.NativeCodeLoader: Unable to load native-hadoop library for your platform... using builtin-java classes where applicable
17/03/15 07:46:48 INFO fs.TrashPolicyDefault: Namenode trash configuration: Deletion interval = 0 minutes, Emptier interval = 0 minutes.
Deleted sahad-output/nyc/nyc-u-e-4/40threads/2
use Local MultiThread? true
set Number of Map Tasks = 4
set number of threads: 40
17/03/15 07:46:49 WARN util.NativeCodeLoader: Unable to load native-hadoop library for your platform... using builtin-java classes where applicable
Get map collective runner
17/03/15 07:46:50 INFO client.RMProxy: Connecting to ResourceManager at j-011/172.16.0.11:8032
17/03/15 07:46:50 INFO input.FileInputFormat: Total input paths to process : 4
17/03/15 07:46:50 INFO fileformat.MultiFileInputFormat: NUMBER OF FILES: 4
17/03/15 07:46:50 INFO fileformat.MultiFileInputFormat: NUMBER OF MAPS: 4
17/03/15 07:46:50 INFO fileformat.MultiFileInputFormat: Split on host: j-066.juliet.futuresystems.org j-059.juliet.futuresystems.org j-061.juliet.futuresystems.org j-012.juliet.futuresystems.org j-053.juliet.futuresystems.org j-065.juliet.futuresystems.org j-064.juliet.futuresystems.org j-060.juliet.futuresystems.org j-056.juliet.futuresystems.org j-063.juliet.futuresystems.org j-055.juliet.futuresystems.org j-057.juliet.futuresystems.org j-062.juliet.futuresystems.org j-054.juliet.futuresystems.org j-013.juliet.futuresystems.org 
17/03/15 07:46:50 INFO fileformat.MultiFileInputFormat: Split on host: j-066.juliet.futuresystems.org j-059.juliet.futuresystems.org j-012.juliet.futuresystems.org j-053.juliet.futuresystems.org j-065.juliet.futuresystems.org j-064.juliet.futuresystems.org j-060.juliet.futuresystems.org j-056.juliet.futuresystems.org j-063.juliet.futuresystems.org j-055.juliet.futuresystems.org j-057.juliet.futuresystems.org j-062.juliet.futuresystems.org j-058.juliet.futuresystems.org j-013.juliet.futuresystems.org j-054.juliet.futuresystems.org 
17/03/15 07:46:50 INFO fileformat.MultiFileInputFormat: Split on host: j-066.juliet.futuresystems.org j-059.juliet.futuresystems.org j-061.juliet.futuresystems.org j-012.juliet.futuresystems.org j-053.juliet.futuresystems.org j-065.juliet.futuresystems.org j-064.juliet.futuresystems.org j-060.juliet.futuresystems.org j-056.juliet.futuresystems.org j-063.juliet.futuresystems.org j-057.juliet.futuresystems.org j-055.juliet.futuresystems.org j-062.juliet.futuresystems.org j-058.juliet.futuresystems.org j-013.juliet.futuresystems.org j-054.juliet.futuresystems.org 
17/03/15 07:46:50 INFO fileformat.MultiFileInputFormat: Split on host: j-066.juliet.futuresystems.org j-059.juliet.futuresystems.org j-061.juliet.futuresystems.org j-012.juliet.futuresystems.org j-053.juliet.futuresystems.org j-065.juliet.futuresystems.org j-060.juliet.futuresystems.org j-056.juliet.futuresystems.org j-063.juliet.futuresystems.org j-055.juliet.futuresystems.org j-057.juliet.futuresystems.org j-062.juliet.futuresystems.org j-058.juliet.futuresystems.org j-013.juliet.futuresystems.org j-054.juliet.futuresystems.org 
17/03/15 07:46:50 INFO fileformat.MultiFileInputFormat: Total # of splits: 4
17/03/15 07:46:50 INFO mapreduce.JobSubmitter: number of splits:4
17/03/15 07:46:50 INFO mapreduce.JobSubmitter: Submitting tokens for job: job_1489165733656_0164
command: $JAVA_HOME/bin/java -Dlog4j.configuration=container-log4j.properties -Dyarn.app.container.log.dir=<LOG_DIR> -Dyarn.app.container.log.filesize=0 -Dhadoop.root.logger=INFO,CLA  -Xmx1024m org.apache.hadoop.mapreduce.v2.app.MapCollectiveAppMaster 1><LOG_DIR>/stdout 2><LOG_DIR>/stderr 
17/03/15 07:46:51 INFO impl.YarnClientImpl: Submitted application application_1489165733656_0164
17/03/15 07:46:51 INFO mapreduce.Job: The url to track the job: http://j-011:8088/proxy/application_1489165733656_0164/
17/03/15 07:46:51 INFO mapreduce.Job: Running job: job_1489165733656_0164
17/03/15 07:46:56 INFO mapreduce.Job: Job job_1489165733656_0164 running in uber mode : false
17/03/15 07:46:56 INFO mapreduce.Job:  map 0% reduce 0%
17/03/15 07:47:06 INFO mapreduce.Job:  map 100% reduce 0%
17/03/15 10:03:51 INFO mapreduce.Job: Job job_1489165733656_0164 completed successfully
17/03/15 10:03:51 INFO mapreduce.Job: Counters: 30
	File System Counters
		FILE: Number of bytes read=0
		FILE: Number of bytes written=425260
		FILE: Number of read operations=0
		FILE: Number of large read operations=0
		FILE: Number of write operations=0
		HDFS: Number of bytes read=8237093811
		HDFS: Number of bytes written=26
		HDFS: Number of read operations=32
		HDFS: Number of large read operations=0
		HDFS: Number of write operations=8
	Job Counters 
		Launched map tasks=4
		Other local map tasks=4
		Total time spent by all maps in occupied slots (ms)=32850295
		Total time spent by all reduces in occupied slots (ms)=0
		Total time spent by all map tasks (ms)=32850295
		Total vcore-seconds taken by all map tasks=32850295
		Total megabyte-seconds taken by all map tasks=33638702080
	Map-Reduce Framework
		Map input records=4
		Map output records=1
		Input split bytes=416
		Spilled Records=0
		Failed Shuffles=0
		Merged Map outputs=0
		GC time elapsed (ms)=268011
		CPU time spent (ms)=47884670
		Physical memory (bytes) snapshot=279810703360
		Virtual memory (bytes) snapshot=324634333184
		Total committed heap usage (bytes)=284438298624
	File Input Format Counters 
		Bytes Read=0
	File Output Format Counters 
		Bytes Written=26
8222226ms
17/03/15 10:03:52 WARN util.NativeCodeLoader: Unable to load native-hadoop library for your platform... using builtin-java classes where applicable
finalCount	44827304581666
[The 2 times] Above experiment is: ./runHarpSgcr.sh /N/u/mengli/harp-sahad/experiments/template/u5-3.t sahad-data/nyc/nyc-u-e-4 sahad-output/nyc/nyc-u-e-4/40threads/2 4 40
17/03/15 10:03:54 WARN util.NativeCodeLoader: Unable to load native-hadoop library for your platform... using builtin-java classes where applicable
17/03/15 10:03:54 INFO fs.TrashPolicyDefault: Namenode trash configuration: Deletion interval = 0 minutes, Emptier interval = 0 minutes.
Deleted sahad-output/nyc/nyc-u-e-4/40threads/2
use Local MultiThread? true
set Number of Map Tasks = 4
set number of threads: 40
17/03/15 10:03:55 WARN util.NativeCodeLoader: Unable to load native-hadoop library for your platform... using builtin-java classes where applicable
Get map collective runner
17/03/15 10:03:56 INFO client.RMProxy: Connecting to ResourceManager at j-011/172.16.0.11:8032
17/03/15 10:03:56 INFO input.FileInputFormat: Total input paths to process : 4
17/03/15 10:03:56 INFO fileformat.MultiFileInputFormat: NUMBER OF FILES: 4
17/03/15 10:03:56 INFO fileformat.MultiFileInputFormat: NUMBER OF MAPS: 4
17/03/15 10:03:56 INFO fileformat.MultiFileInputFormat: Split on host: j-066.juliet.futuresystems.org j-059.juliet.futuresystems.org j-061.juliet.futuresystems.org j-012.juliet.futuresystems.org j-053.juliet.futuresystems.org j-065.juliet.futuresystems.org j-064.juliet.futuresystems.org j-060.juliet.futuresystems.org j-056.juliet.futuresystems.org j-063.juliet.futuresystems.org j-055.juliet.futuresystems.org j-057.juliet.futuresystems.org j-062.juliet.futuresystems.org j-054.juliet.futuresystems.org j-013.juliet.futuresystems.org 
17/03/15 10:03:56 INFO fileformat.MultiFileInputFormat: Split on host: j-066.juliet.futuresystems.org j-059.juliet.futuresystems.org j-012.juliet.futuresystems.org j-053.juliet.futuresystems.org j-065.juliet.futuresystems.org j-064.juliet.futuresystems.org j-060.juliet.futuresystems.org j-056.juliet.futuresystems.org j-063.juliet.futuresystems.org j-055.juliet.futuresystems.org j-057.juliet.futuresystems.org j-062.juliet.futuresystems.org j-058.juliet.futuresystems.org j-013.juliet.futuresystems.org j-054.juliet.futuresystems.org 
17/03/15 10:03:56 INFO fileformat.MultiFileInputFormat: Split on host: j-066.juliet.futuresystems.org j-059.juliet.futuresystems.org j-061.juliet.futuresystems.org j-012.juliet.futuresystems.org j-053.juliet.futuresystems.org j-065.juliet.futuresystems.org j-064.juliet.futuresystems.org j-060.juliet.futuresystems.org j-056.juliet.futuresystems.org j-063.juliet.futuresystems.org j-057.juliet.futuresystems.org j-055.juliet.futuresystems.org j-062.juliet.futuresystems.org j-058.juliet.futuresystems.org j-013.juliet.futuresystems.org j-054.juliet.futuresystems.org 
17/03/15 10:03:56 INFO fileformat.MultiFileInputFormat: Split on host: j-066.juliet.futuresystems.org j-059.juliet.futuresystems.org j-061.juliet.futuresystems.org j-012.juliet.futuresystems.org j-053.juliet.futuresystems.org j-065.juliet.futuresystems.org j-060.juliet.futuresystems.org j-056.juliet.futuresystems.org j-063.juliet.futuresystems.org j-055.juliet.futuresystems.org j-057.juliet.futuresystems.org j-062.juliet.futuresystems.org j-058.juliet.futuresystems.org j-013.juliet.futuresystems.org j-054.juliet.futuresystems.org 
17/03/15 10:03:56 INFO fileformat.MultiFileInputFormat: Total # of splits: 4
17/03/15 10:03:57 INFO mapreduce.JobSubmitter: number of splits:4
17/03/15 10:03:57 INFO mapreduce.JobSubmitter: Submitting tokens for job: job_1489165733656_0165
command: $JAVA_HOME/bin/java -Dlog4j.configuration=container-log4j.properties -Dyarn.app.container.log.dir=<LOG_DIR> -Dyarn.app.container.log.filesize=0 -Dhadoop.root.logger=INFO,CLA  -Xmx1024m org.apache.hadoop.mapreduce.v2.app.MapCollectiveAppMaster 1><LOG_DIR>/stdout 2><LOG_DIR>/stderr 
17/03/15 10:03:57 INFO impl.YarnClientImpl: Submitted application application_1489165733656_0165
17/03/15 10:03:57 INFO mapreduce.Job: The url to track the job: http://j-011:8088/proxy/application_1489165733656_0165/
17/03/15 10:03:57 INFO mapreduce.Job: Running job: job_1489165733656_0165
17/03/15 10:04:02 INFO mapreduce.Job: Job job_1489165733656_0165 running in uber mode : false
17/03/15 10:04:02 INFO mapreduce.Job:  map 0% reduce 0%
17/03/15 10:04:12 INFO mapreduce.Job:  map 100% reduce 0%
17/03/15 13:11:56 INFO mapreduce.Job: Job job_1489165733656_0165 failed with state FAILED due to: Task failed task_1489165733656_0165_m_000000
Job failed as tasks failed. failedMaps:1 failedReduces:0

17/03/15 13:11:56 INFO mapreduce.Job: Counters: 9
	Job Counters 
		Failed map tasks=1
		Killed map tasks=3
		Launched map tasks=4
		Other local map tasks=4
		Total time spent by all maps in occupied slots (ms)=45088016
		Total time spent by all reduces in occupied slots (ms)=0
		Total time spent by all map tasks (ms)=45088016
		Total vcore-seconds taken by all map tasks=45088016
		Total megabyte-seconds taken by all map tasks=46170128384
11281618ms
17/03/15 13:11:58 WARN util.NativeCodeLoader: Unable to load native-hadoop library for your platform... using builtin-java classes where applicable
cat: `sahad-output/nyc/nyc-u-e-4/40threads/2/*': No such file or directory
[The 2 times] Above experiment is: ./runHarpSgcr.sh /N/u/mengli/harp-sahad/experiments/template/u10-1.t sahad-data/nyc/nyc-u-e-4 sahad-output/nyc/nyc-u-e-4/40threads/2 4 40
