17/03/16 01:51:52 WARN util.NativeCodeLoader: Unable to load native-hadoop library for your platform... using builtin-java classes where applicable
17/03/16 01:51:53 INFO fs.TrashPolicyDefault: Namenode trash configuration: Deletion interval = 0 minutes, Emptier interval = 0 minutes.
Deleted sahad-output/nyc/nyc-u-e-4/40threads/1
use Local MultiThread? true
set Number of Map Tasks = 4
set number of threads: 40
17/03/16 01:51:54 WARN util.NativeCodeLoader: Unable to load native-hadoop library for your platform... using builtin-java classes where applicable
Get map collective runner
17/03/16 01:51:54 INFO client.RMProxy: Connecting to ResourceManager at j-011/172.16.0.11:8032
17/03/16 01:51:55 INFO input.FileInputFormat: Total input paths to process : 4
17/03/16 01:51:55 INFO fileformat.MultiFileInputFormat: NUMBER OF FILES: 4
17/03/16 01:51:55 INFO fileformat.MultiFileInputFormat: NUMBER OF MAPS: 4
17/03/16 01:51:55 INFO fileformat.MultiFileInputFormat: Split on host: j-066.juliet.futuresystems.org j-059.juliet.futuresystems.org j-061.juliet.futuresystems.org j-012.juliet.futuresystems.org j-053.juliet.futuresystems.org j-065.juliet.futuresystems.org j-064.juliet.futuresystems.org j-060.juliet.futuresystems.org j-056.juliet.futuresystems.org j-063.juliet.futuresystems.org j-055.juliet.futuresystems.org j-057.juliet.futuresystems.org j-062.juliet.futuresystems.org j-054.juliet.futuresystems.org j-013.juliet.futuresystems.org 
17/03/16 01:51:55 INFO fileformat.MultiFileInputFormat: Split on host: j-066.juliet.futuresystems.org j-059.juliet.futuresystems.org j-012.juliet.futuresystems.org j-053.juliet.futuresystems.org j-065.juliet.futuresystems.org j-064.juliet.futuresystems.org j-060.juliet.futuresystems.org j-056.juliet.futuresystems.org j-063.juliet.futuresystems.org j-055.juliet.futuresystems.org j-057.juliet.futuresystems.org j-062.juliet.futuresystems.org j-058.juliet.futuresystems.org j-054.juliet.futuresystems.org j-013.juliet.futuresystems.org 
17/03/16 01:51:55 INFO fileformat.MultiFileInputFormat: Split on host: j-066.juliet.futuresystems.org j-059.juliet.futuresystems.org j-061.juliet.futuresystems.org j-012.juliet.futuresystems.org j-053.juliet.futuresystems.org j-065.juliet.futuresystems.org j-064.juliet.futuresystems.org j-060.juliet.futuresystems.org j-056.juliet.futuresystems.org j-063.juliet.futuresystems.org j-057.juliet.futuresystems.org j-055.juliet.futuresystems.org j-062.juliet.futuresystems.org j-058.juliet.futuresystems.org j-013.juliet.futuresystems.org j-054.juliet.futuresystems.org 
17/03/16 01:51:55 INFO fileformat.MultiFileInputFormat: Split on host: j-066.juliet.futuresystems.org j-059.juliet.futuresystems.org j-061.juliet.futuresystems.org j-012.juliet.futuresystems.org j-053.juliet.futuresystems.org j-065.juliet.futuresystems.org j-060.juliet.futuresystems.org j-056.juliet.futuresystems.org j-063.juliet.futuresystems.org j-055.juliet.futuresystems.org j-057.juliet.futuresystems.org j-062.juliet.futuresystems.org j-058.juliet.futuresystems.org j-013.juliet.futuresystems.org j-054.juliet.futuresystems.org 
17/03/16 01:51:55 INFO fileformat.MultiFileInputFormat: Total # of splits: 4
17/03/16 01:51:55 INFO mapreduce.JobSubmitter: number of splits:4
17/03/16 01:51:55 INFO mapreduce.JobSubmitter: Submitting tokens for job: job_1489165733656_0201
command: $JAVA_HOME/bin/java -Dlog4j.configuration=container-log4j.properties -Dyarn.app.container.log.dir=<LOG_DIR> -Dyarn.app.container.log.filesize=0 -Dhadoop.root.logger=INFO,CLA  -Xmx1024m org.apache.hadoop.mapreduce.v2.app.MapCollectiveAppMaster 1><LOG_DIR>/stdout 2><LOG_DIR>/stderr 
17/03/16 01:51:55 INFO impl.YarnClientImpl: Submitted application application_1489165733656_0201
17/03/16 01:51:55 INFO mapreduce.Job: The url to track the job: http://j-011:8088/proxy/application_1489165733656_0201/
17/03/16 01:51:55 INFO mapreduce.Job: Running job: job_1489165733656_0201
17/03/16 01:52:01 INFO mapreduce.Job: Job job_1489165733656_0201 running in uber mode : false
17/03/16 01:52:01 INFO mapreduce.Job:  map 0% reduce 0%
17/03/16 01:52:11 INFO mapreduce.Job:  map 25% reduce 0%
17/03/16 01:52:12 INFO mapreduce.Job:  map 100% reduce 0%
17/03/16 03:43:38 INFO mapreduce.Job: Job job_1489165733656_0201 completed successfully
17/03/16 03:43:38 INFO mapreduce.Job: Counters: 30
	File System Counters
		FILE: Number of bytes read=0
		FILE: Number of bytes written=425260
		FILE: Number of read operations=0
		FILE: Number of large read operations=0
		FILE: Number of write operations=0
		HDFS: Number of bytes read=8237093811
		HDFS: Number of bytes written=27
		HDFS: Number of read operations=32
		HDFS: Number of large read operations=0
		HDFS: Number of write operations=8
	Job Counters 
		Launched map tasks=4
		Other local map tasks=4
		Total time spent by all maps in occupied slots (ms)=26779913
		Total time spent by all reduces in occupied slots (ms)=0
		Total time spent by all map tasks (ms)=26779913
		Total vcore-seconds taken by all map tasks=26779913
		Total megabyte-seconds taken by all map tasks=27422630912
	Map-Reduce Framework
		Map input records=4
		Map output records=1
		Input split bytes=416
		Spilled Records=0
		Failed Shuffles=0
		Merged Map outputs=0
		GC time elapsed (ms)=325919
		CPU time spent (ms)=41004310
		Physical memory (bytes) snapshot=291286478848
		Virtual memory (bytes) snapshot=324582174720
		Total committed heap usage (bytes)=274877906944
	File Input Format Counters 
		Bytes Read=0
	File Output Format Counters 
		Bytes Written=27
6704744ms
17/03/16 03:43:39 WARN util.NativeCodeLoader: Unable to load native-hadoop library for your platform... using builtin-java classes where applicable
finalCount	350346320748411
[The 1 times] Above experiment is: ./runHarpSgcr.sh /N/u/mengli/harp-sahad/experiments/template/u5-2.t sahad-data/nyc/nyc-u-e-4 sahad-output/nyc/nyc-u-e-4/40threads/1 4 40
17/03/16 03:43:41 WARN util.NativeCodeLoader: Unable to load native-hadoop library for your platform... using builtin-java classes where applicable
17/03/16 03:43:41 INFO fs.TrashPolicyDefault: Namenode trash configuration: Deletion interval = 0 minutes, Emptier interval = 0 minutes.
Deleted sahad-output/nyc/nyc-u-e-8/40threads/1
use Local MultiThread? true
set Number of Map Tasks = 8
set number of threads: 40
17/03/16 03:43:42 WARN util.NativeCodeLoader: Unable to load native-hadoop library for your platform... using builtin-java classes where applicable
Get map collective runner
17/03/16 03:43:43 INFO client.RMProxy: Connecting to ResourceManager at j-011/172.16.0.11:8032
17/03/16 03:43:44 INFO input.FileInputFormat: Total input paths to process : 8
17/03/16 03:43:44 INFO fileformat.MultiFileInputFormat: NUMBER OF FILES: 8
17/03/16 03:43:44 INFO fileformat.MultiFileInputFormat: NUMBER OF MAPS: 8
17/03/16 03:43:44 INFO fileformat.MultiFileInputFormat: Split on host: j-066.juliet.futuresystems.org j-059.juliet.futuresystems.org j-061.juliet.futuresystems.org j-053.juliet.futuresystems.org j-012.juliet.futuresystems.org j-064.juliet.futuresystems.org j-060.juliet.futuresystems.org j-056.juliet.futuresystems.org j-063.juliet.futuresystems.org j-057.juliet.futuresystems.org j-062.juliet.futuresystems.org j-058.juliet.futuresystems.org j-013.juliet.futuresystems.org j-054.juliet.futuresystems.org 
17/03/16 03:43:44 INFO fileformat.MultiFileInputFormat: Split on host: j-066.juliet.futuresystems.org j-059.juliet.futuresystems.org j-061.juliet.futuresystems.org j-012.juliet.futuresystems.org j-053.juliet.futuresystems.org j-065.juliet.futuresystems.org j-064.juliet.futuresystems.org j-060.juliet.futuresystems.org j-056.juliet.futuresystems.org j-063.juliet.futuresystems.org j-057.juliet.futuresystems.org j-062.juliet.futuresystems.org j-058.juliet.futuresystems.org j-054.juliet.futuresystems.org j-013.juliet.futuresystems.org 
17/03/16 03:43:44 INFO fileformat.MultiFileInputFormat: Split on host: j-056.juliet.futuresystems.org j-066.juliet.futuresystems.org j-063.juliet.futuresystems.org j-061.juliet.futuresystems.org j-055.juliet.futuresystems.org j-057.juliet.futuresystems.org j-012.juliet.futuresystems.org j-053.juliet.futuresystems.org j-062.juliet.futuresystems.org j-065.juliet.futuresystems.org j-058.juliet.futuresystems.org j-054.juliet.futuresystems.org 
17/03/16 03:43:44 INFO fileformat.MultiFileInputFormat: Split on host: j-066.juliet.futuresystems.org j-056.juliet.futuresystems.org j-063.juliet.futuresystems.org j-057.juliet.futuresystems.org j-055.juliet.futuresystems.org j-053.juliet.futuresystems.org j-062.juliet.futuresystems.org j-065.juliet.futuresystems.org j-064.juliet.futuresystems.org j-058.juliet.futuresystems.org j-060.juliet.futuresystems.org j-013.juliet.futuresystems.org 
17/03/16 03:43:44 INFO fileformat.MultiFileInputFormat: Split on host: j-066.juliet.futuresystems.org j-059.juliet.futuresystems.org j-061.juliet.futuresystems.org j-053.juliet.futuresystems.org j-012.juliet.futuresystems.org j-065.juliet.futuresystems.org j-064.juliet.futuresystems.org j-060.juliet.futuresystems.org j-056.juliet.futuresystems.org j-063.juliet.futuresystems.org j-055.juliet.futuresystems.org j-057.juliet.futuresystems.org j-062.juliet.futuresystems.org j-058.juliet.futuresystems.org j-054.juliet.futuresystems.org 
17/03/16 03:43:44 INFO fileformat.MultiFileInputFormat: Split on host: j-066.juliet.futuresystems.org j-059.juliet.futuresystems.org j-061.juliet.futuresystems.org j-053.juliet.futuresystems.org j-065.juliet.futuresystems.org j-064.juliet.futuresystems.org j-060.juliet.futuresystems.org j-056.juliet.futuresystems.org j-063.juliet.futuresystems.org j-055.juliet.futuresystems.org j-057.juliet.futuresystems.org j-062.juliet.futuresystems.org j-058.juliet.futuresystems.org j-013.juliet.futuresystems.org j-054.juliet.futuresystems.org 
17/03/16 03:43:44 INFO fileformat.MultiFileInputFormat: Split on host: j-066.juliet.futuresystems.org j-059.juliet.futuresystems.org j-061.juliet.futuresystems.org j-053.juliet.futuresystems.org j-012.juliet.futuresystems.org j-065.juliet.futuresystems.org j-064.juliet.futuresystems.org j-060.juliet.futuresystems.org j-056.juliet.futuresystems.org j-063.juliet.futuresystems.org j-055.juliet.futuresystems.org j-057.juliet.futuresystems.org j-062.juliet.futuresystems.org j-013.juliet.futuresystems.org j-054.juliet.futuresystems.org 
17/03/16 03:43:44 INFO fileformat.MultiFileInputFormat: Split on host: j-066.juliet.futuresystems.org j-059.juliet.futuresystems.org j-063.juliet.futuresystems.org j-061.juliet.futuresystems.org j-012.juliet.futuresystems.org j-053.juliet.futuresystems.org j-062.juliet.futuresystems.org j-065.juliet.futuresystems.org j-064.juliet.futuresystems.org j-058.juliet.futuresystems.org j-013.juliet.futuresystems.org 
17/03/16 03:43:44 INFO fileformat.MultiFileInputFormat: Total # of splits: 8
17/03/16 03:43:44 INFO mapreduce.JobSubmitter: number of splits:8
17/03/16 03:43:44 INFO mapreduce.JobSubmitter: Submitting tokens for job: job_1489165733656_0202
command: $JAVA_HOME/bin/java -Dlog4j.configuration=container-log4j.properties -Dyarn.app.container.log.dir=<LOG_DIR> -Dyarn.app.container.log.filesize=0 -Dhadoop.root.logger=INFO,CLA  -Xmx1024m org.apache.hadoop.mapreduce.v2.app.MapCollectiveAppMaster 1><LOG_DIR>/stdout 2><LOG_DIR>/stderr 
17/03/16 03:43:44 INFO impl.YarnClientImpl: Submitted application application_1489165733656_0202
17/03/16 03:43:44 INFO mapreduce.Job: The url to track the job: http://j-011:8088/proxy/application_1489165733656_0202/
17/03/16 03:43:44 INFO mapreduce.Job: Running job: job_1489165733656_0202
17/03/16 03:43:49 INFO mapreduce.Job: Job job_1489165733656_0202 running in uber mode : false
17/03/16 03:43:49 INFO mapreduce.Job:  map 0% reduce 0%
17/03/16 03:43:59 INFO mapreduce.Job:  map 75% reduce 0%
17/03/16 03:44:00 INFO mapreduce.Job:  map 100% reduce 0%
17/03/16 04:52:06 INFO mapreduce.Job: Job job_1489165733656_0202 completed successfully
17/03/16 04:52:06 INFO mapreduce.Job: Counters: 30
	File System Counters
		FILE: Number of bytes read=0
		FILE: Number of bytes written=850520
		FILE: Number of read operations=0
		FILE: Number of large read operations=0
		FILE: Number of write operations=0
		HDFS: Number of bytes read=8237095919
		HDFS: Number of bytes written=27
		HDFS: Number of read operations=64
		HDFS: Number of large read operations=0
		HDFS: Number of write operations=16
	Job Counters 
		Launched map tasks=8
		Other local map tasks=8
		Total time spent by all maps in occupied slots (ms)=32755964
		Total time spent by all reduces in occupied slots (ms)=0
		Total time spent by all map tasks (ms)=32755964
		Total vcore-seconds taken by all map tasks=32755964
		Total megabyte-seconds taken by all map tasks=33542107136
	Map-Reduce Framework
		Map input records=8
		Map output records=1
		Input split bytes=832
		Spilled Records=0
		Failed Shuffles=0
		Merged Map outputs=0
		GC time elapsed (ms)=436279
		CPU time spent (ms)=60267190
		Physical memory (bytes) snapshot=352471609344
		Virtual memory (bytes) snapshot=649127514112
		Total committed heap usage (bytes)=549405589504
	File Input Format Counters 
		Bytes Read=0
	File Output Format Counters 
		Bytes Written=27
4104477ms
17/03/16 04:52:07 WARN util.NativeCodeLoader: Unable to load native-hadoop library for your platform... using builtin-java classes where applicable
finalCount	350365508280442
[The 1 times] Above experiment is: ./runHarpSgcr.sh /N/u/mengli/harp-sahad/experiments/template/u5-2.t sahad-data/nyc/nyc-u-e-8 sahad-output/nyc/nyc-u-e-8/40threads/1 8 40
17/03/16 04:52:09 WARN util.NativeCodeLoader: Unable to load native-hadoop library for your platform... using builtin-java classes where applicable
17/03/16 04:52:10 INFO fs.TrashPolicyDefault: Namenode trash configuration: Deletion interval = 0 minutes, Emptier interval = 0 minutes.
Deleted sahad-output/nyc/nyc-u-e-16/40threads/1
use Local MultiThread? true
set Number of Map Tasks = 16
set number of threads: 40
17/03/16 04:52:11 WARN util.NativeCodeLoader: Unable to load native-hadoop library for your platform... using builtin-java classes where applicable
Get map collective runner
17/03/16 04:52:11 INFO client.RMProxy: Connecting to ResourceManager at j-011/172.16.0.11:8032
17/03/16 04:52:12 INFO input.FileInputFormat: Total input paths to process : 16
17/03/16 04:52:12 INFO fileformat.MultiFileInputFormat: NUMBER OF FILES: 16
17/03/16 04:52:12 INFO fileformat.MultiFileInputFormat: NUMBER OF MAPS: 16
17/03/16 04:52:12 INFO fileformat.MultiFileInputFormat: Split on host: j-056.juliet.futuresystems.org j-066.juliet.futuresystems.org j-059.juliet.futuresystems.org j-063.juliet.futuresystems.org j-055.juliet.futuresystems.org j-053.juliet.futuresystems.org j-062.juliet.futuresystems.org j-065.juliet.futuresystems.org j-064.juliet.futuresystems.org j-060.juliet.futuresystems.org 
17/03/16 04:52:12 INFO fileformat.MultiFileInputFormat: Split on host: j-066.juliet.futuresystems.org j-063.juliet.futuresystems.org j-061.juliet.futuresystems.org j-055.juliet.futuresystems.org j-053.juliet.futuresystems.org j-012.juliet.futuresystems.org j-058.juliet.futuresystems.org j-013.juliet.futuresystems.org j-054.juliet.futuresystems.org 
17/03/16 04:52:12 INFO fileformat.MultiFileInputFormat: Split on host: j-056.juliet.futuresystems.org j-063.juliet.futuresystems.org j-059.juliet.futuresystems.org j-061.juliet.futuresystems.org j-057.juliet.futuresystems.org j-012.juliet.futuresystems.org j-053.juliet.futuresystems.org j-065.juliet.futuresystems.org j-058.juliet.futuresystems.org j-013.juliet.futuresystems.org 
17/03/16 04:52:12 INFO fileformat.MultiFileInputFormat: Split on host: j-066.juliet.futuresystems.org j-059.juliet.futuresystems.org j-063.juliet.futuresystems.org j-055.juliet.futuresystems.org j-057.juliet.futuresystems.org j-065.juliet.futuresystems.org j-064.juliet.futuresystems.org j-058.juliet.futuresystems.org j-060.juliet.futuresystems.org 
17/03/16 04:52:12 INFO fileformat.MultiFileInputFormat: Split on host: j-056.juliet.futuresystems.org j-063.juliet.futuresystems.org j-055.juliet.futuresystems.org j-057.juliet.futuresystems.org j-012.juliet.futuresystems.org j-053.juliet.futuresystems.org j-065.juliet.futuresystems.org j-064.juliet.futuresystems.org j-058.juliet.futuresystems.org j-060.juliet.futuresystems.org 
17/03/16 04:52:12 INFO fileformat.MultiFileInputFormat: Split on host: j-056.juliet.futuresystems.org j-066.juliet.futuresystems.org j-063.juliet.futuresystems.org j-061.juliet.futuresystems.org j-055.juliet.futuresystems.org j-053.juliet.futuresystems.org j-012.juliet.futuresystems.org j-062.juliet.futuresystems.org j-058.juliet.futuresystems.org j-060.juliet.futuresystems.org j-013.juliet.futuresystems.org 
17/03/16 04:52:12 INFO fileformat.MultiFileInputFormat: Split on host: j-066.juliet.futuresystems.org j-056.juliet.futuresystems.org j-063.juliet.futuresystems.org j-061.juliet.futuresystems.org j-055.juliet.futuresystems.org j-053.juliet.futuresystems.org j-062.juliet.futuresystems.org j-065.juliet.futuresystems.org j-060.juliet.futuresystems.org j-013.juliet.futuresystems.org 
17/03/16 04:52:12 INFO fileformat.MultiFileInputFormat: Split on host: j-066.juliet.futuresystems.org j-063.juliet.futuresystems.org j-061.juliet.futuresystems.org j-057.juliet.futuresystems.org j-055.juliet.futuresystems.org j-053.juliet.futuresystems.org j-012.juliet.futuresystems.org j-058.juliet.futuresystems.org j-060.juliet.futuresystems.org j-013.juliet.futuresystems.org 
17/03/16 04:52:12 INFO fileformat.MultiFileInputFormat: Split on host: j-066.juliet.futuresystems.org j-061.juliet.futuresystems.org j-053.juliet.futuresystems.org j-062.juliet.futuresystems.org j-065.juliet.futuresystems.org j-064.juliet.futuresystems.org j-058.juliet.futuresystems.org j-060.juliet.futuresystems.org j-054.juliet.futuresystems.org j-013.juliet.futuresystems.org 
17/03/16 04:52:12 INFO fileformat.MultiFileInputFormat: Split on host: j-056.juliet.futuresystems.org j-063.juliet.futuresystems.org j-059.juliet.futuresystems.org j-061.juliet.futuresystems.org j-057.juliet.futuresystems.org j-053.juliet.futuresystems.org j-012.juliet.futuresystems.org j-064.juliet.futuresystems.org j-058.juliet.futuresystems.org j-060.juliet.futuresystems.org 
17/03/16 04:52:12 INFO fileformat.MultiFileInputFormat: Split on host: j-066.juliet.futuresystems.org j-063.juliet.futuresystems.org j-057.juliet.futuresystems.org j-055.juliet.futuresystems.org j-053.juliet.futuresystems.org j-012.juliet.futuresystems.org j-065.juliet.futuresystems.org j-058.juliet.futuresystems.org j-060.juliet.futuresystems.org j-013.juliet.futuresystems.org j-054.juliet.futuresystems.org 
17/03/16 04:52:12 INFO fileformat.MultiFileInputFormat: Split on host: j-056.juliet.futuresystems.org j-066.juliet.futuresystems.org j-063.juliet.futuresystems.org j-061.juliet.futuresystems.org j-057.juliet.futuresystems.org j-053.juliet.futuresystems.org j-062.juliet.futuresystems.org j-065.juliet.futuresystems.org j-060.juliet.futuresystems.org j-013.juliet.futuresystems.org j-054.juliet.futuresystems.org 
17/03/16 04:52:12 INFO fileformat.MultiFileInputFormat: Split on host: j-066.juliet.futuresystems.org j-056.juliet.futuresystems.org j-059.juliet.futuresystems.org j-055.juliet.futuresystems.org j-053.juliet.futuresystems.org j-012.juliet.futuresystems.org j-062.juliet.futuresystems.org j-064.juliet.futuresystems.org j-058.juliet.futuresystems.org j-060.juliet.futuresystems.org j-054.juliet.futuresystems.org j-013.juliet.futuresystems.org 
17/03/16 04:52:12 INFO fileformat.MultiFileInputFormat: Split on host: j-056.juliet.futuresystems.org j-066.juliet.futuresystems.org j-059.juliet.futuresystems.org j-063.juliet.futuresystems.org j-061.juliet.futuresystems.org j-057.juliet.futuresystems.org j-053.juliet.futuresystems.org j-065.juliet.futuresystems.org j-060.juliet.futuresystems.org j-013.juliet.futuresystems.org j-054.juliet.futuresystems.org 
17/03/16 04:52:12 INFO fileformat.MultiFileInputFormat: Split on host: j-059.juliet.futuresystems.org j-063.juliet.futuresystems.org j-061.juliet.futuresystems.org j-057.juliet.futuresystems.org j-062.juliet.futuresystems.org j-065.juliet.futuresystems.org j-064.juliet.futuresystems.org j-060.juliet.futuresystems.org j-013.juliet.futuresystems.org 
17/03/16 04:52:12 INFO fileformat.MultiFileInputFormat: Split on host: j-066.juliet.futuresystems.org j-056.juliet.futuresystems.org j-061.juliet.futuresystems.org j-055.juliet.futuresystems.org j-012.juliet.futuresystems.org j-058.juliet.futuresystems.org j-054.juliet.futuresystems.org j-013.juliet.futuresystems.org 
17/03/16 04:52:12 INFO fileformat.MultiFileInputFormat: Total # of splits: 16
17/03/16 04:52:12 INFO mapreduce.JobSubmitter: number of splits:16
17/03/16 04:52:12 INFO mapreduce.JobSubmitter: Submitting tokens for job: job_1489165733656_0203
command: $JAVA_HOME/bin/java -Dlog4j.configuration=container-log4j.properties -Dyarn.app.container.log.dir=<LOG_DIR> -Dyarn.app.container.log.filesize=0 -Dhadoop.root.logger=INFO,CLA  -Xmx1024m org.apache.hadoop.mapreduce.v2.app.MapCollectiveAppMaster 1><LOG_DIR>/stdout 2><LOG_DIR>/stderr 
17/03/16 04:52:12 INFO impl.YarnClientImpl: Submitted application application_1489165733656_0203
17/03/16 04:52:12 INFO mapreduce.Job: The url to track the job: http://j-011:8088/proxy/application_1489165733656_0203/
17/03/16 04:52:12 INFO mapreduce.Job: Running job: job_1489165733656_0203
17/03/16 04:52:18 INFO mapreduce.Job: Job job_1489165733656_0203 running in uber mode : false
17/03/16 04:52:18 INFO mapreduce.Job:  map 0% reduce 0%
17/03/16 04:52:28 INFO mapreduce.Job:  map 88% reduce 0%
17/03/16 04:52:29 INFO mapreduce.Job:  map 100% reduce 0%
17/03/16 05:30:33 INFO mapreduce.Job: Job job_1489165733656_0203 completed successfully
17/03/16 05:30:33 INFO mapreduce.Job: Counters: 30
	File System Counters
		FILE: Number of bytes read=0
		FILE: Number of bytes written=1701142
		FILE: Number of read operations=0
		FILE: Number of large read operations=0
		FILE: Number of write operations=0
		HDFS: Number of bytes read=8237103703
		HDFS: Number of bytes written=27
		HDFS: Number of read operations=128
		HDFS: Number of large read operations=0
		HDFS: Number of write operations=32
	Job Counters 
		Launched map tasks=16
		Other local map tasks=16
		Total time spent by all maps in occupied slots (ms)=36678034
		Total time spent by all reduces in occupied slots (ms)=0
		Total time spent by all map tasks (ms)=36678034
		Total vcore-seconds taken by all map tasks=36678034
		Total megabyte-seconds taken by all map tasks=37558306816
	Map-Reduce Framework
		Map input records=16
		Map output records=1
		Input split bytes=1680
		Spilled Records=0
		Failed Shuffles=0
		Merged Map outputs=0
		GC time elapsed (ms)=239824
		CPU time spent (ms)=55666910
		Physical memory (bytes) snapshot=503547445248
		Virtual memory (bytes) snapshot=1298308083712
		Total committed heap usage (bytes)=1111951409152
	File Input Format Counters 
		Bytes Read=0
	File Output Format Counters 
		Bytes Written=27
2302536ms
17/03/16 05:30:34 WARN util.NativeCodeLoader: Unable to load native-hadoop library for your platform... using builtin-java classes where applicable
finalCount	350480541927812
[The 1 times] Above experiment is: ./runHarpSgcr.sh /N/u/mengli/harp-sahad/experiments/template/u5-2.t sahad-data/nyc/nyc-u-e-16 sahad-output/nyc/nyc-u-e-16/40threads/1 16 40
17/03/16 05:30:36 WARN util.NativeCodeLoader: Unable to load native-hadoop library for your platform... using builtin-java classes where applicable
17/03/16 05:30:36 INFO fs.TrashPolicyDefault: Namenode trash configuration: Deletion interval = 0 minutes, Emptier interval = 0 minutes.
Deleted sahad-output/nyc/nyc-u-e-4/40threads/1
use Local MultiThread? true
set Number of Map Tasks = 4
set number of threads: 40
17/03/16 05:30:37 WARN util.NativeCodeLoader: Unable to load native-hadoop library for your platform... using builtin-java classes where applicable
Get map collective runner
17/03/16 05:30:38 INFO client.RMProxy: Connecting to ResourceManager at j-011/172.16.0.11:8032
17/03/16 05:30:38 INFO input.FileInputFormat: Total input paths to process : 4
17/03/16 05:30:38 INFO fileformat.MultiFileInputFormat: NUMBER OF FILES: 4
17/03/16 05:30:38 INFO fileformat.MultiFileInputFormat: NUMBER OF MAPS: 4
17/03/16 05:30:38 INFO fileformat.MultiFileInputFormat: Split on host: j-066.juliet.futuresystems.org j-059.juliet.futuresystems.org j-061.juliet.futuresystems.org j-012.juliet.futuresystems.org j-053.juliet.futuresystems.org j-065.juliet.futuresystems.org j-064.juliet.futuresystems.org j-060.juliet.futuresystems.org j-056.juliet.futuresystems.org j-063.juliet.futuresystems.org j-055.juliet.futuresystems.org j-057.juliet.futuresystems.org j-062.juliet.futuresystems.org j-054.juliet.futuresystems.org j-013.juliet.futuresystems.org 
17/03/16 05:30:38 INFO fileformat.MultiFileInputFormat: Split on host: j-066.juliet.futuresystems.org j-059.juliet.futuresystems.org j-012.juliet.futuresystems.org j-053.juliet.futuresystems.org j-065.juliet.futuresystems.org j-064.juliet.futuresystems.org j-060.juliet.futuresystems.org j-056.juliet.futuresystems.org j-063.juliet.futuresystems.org j-055.juliet.futuresystems.org j-057.juliet.futuresystems.org j-062.juliet.futuresystems.org j-058.juliet.futuresystems.org j-013.juliet.futuresystems.org j-054.juliet.futuresystems.org 
17/03/16 05:30:38 INFO fileformat.MultiFileInputFormat: Split on host: j-066.juliet.futuresystems.org j-059.juliet.futuresystems.org j-061.juliet.futuresystems.org j-012.juliet.futuresystems.org j-053.juliet.futuresystems.org j-065.juliet.futuresystems.org j-064.juliet.futuresystems.org j-060.juliet.futuresystems.org j-056.juliet.futuresystems.org j-063.juliet.futuresystems.org j-057.juliet.futuresystems.org j-055.juliet.futuresystems.org j-062.juliet.futuresystems.org j-058.juliet.futuresystems.org j-013.juliet.futuresystems.org j-054.juliet.futuresystems.org 
17/03/16 05:30:38 INFO fileformat.MultiFileInputFormat: Split on host: j-066.juliet.futuresystems.org j-059.juliet.futuresystems.org j-061.juliet.futuresystems.org j-012.juliet.futuresystems.org j-053.juliet.futuresystems.org j-065.juliet.futuresystems.org j-060.juliet.futuresystems.org j-056.juliet.futuresystems.org j-063.juliet.futuresystems.org j-055.juliet.futuresystems.org j-057.juliet.futuresystems.org j-062.juliet.futuresystems.org j-058.juliet.futuresystems.org j-013.juliet.futuresystems.org j-054.juliet.futuresystems.org 
17/03/16 05:30:38 INFO fileformat.MultiFileInputFormat: Total # of splits: 4
17/03/16 05:30:38 INFO mapreduce.JobSubmitter: number of splits:4
17/03/16 05:30:38 INFO mapreduce.JobSubmitter: Submitting tokens for job: job_1489165733656_0204
command: $JAVA_HOME/bin/java -Dlog4j.configuration=container-log4j.properties -Dyarn.app.container.log.dir=<LOG_DIR> -Dyarn.app.container.log.filesize=0 -Dhadoop.root.logger=INFO,CLA  -Xmx1024m org.apache.hadoop.mapreduce.v2.app.MapCollectiveAppMaster 1><LOG_DIR>/stdout 2><LOG_DIR>/stderr 
17/03/16 05:30:39 INFO impl.YarnClientImpl: Submitted application application_1489165733656_0204
17/03/16 05:30:39 INFO mapreduce.Job: The url to track the job: http://j-011:8088/proxy/application_1489165733656_0204/
17/03/16 05:30:39 INFO mapreduce.Job: Running job: job_1489165733656_0204
17/03/16 05:30:45 INFO mapreduce.Job: Job job_1489165733656_0204 running in uber mode : false
17/03/16 05:30:45 INFO mapreduce.Job:  map 0% reduce 0%
17/03/16 05:30:55 INFO mapreduce.Job:  map 100% reduce 0%
17/03/16 07:54:30 INFO mapreduce.Job: Job job_1489165733656_0204 completed successfully
17/03/16 07:54:30 INFO mapreduce.Job: Counters: 30
	File System Counters
		FILE: Number of bytes read=0
		FILE: Number of bytes written=425260
		FILE: Number of read operations=0
		FILE: Number of large read operations=0
		FILE: Number of write operations=0
		HDFS: Number of bytes read=8237093811
		HDFS: Number of bytes written=26
		HDFS: Number of read operations=32
		HDFS: Number of large read operations=0
		HDFS: Number of write operations=8
	Job Counters 
		Launched map tasks=4
		Other local map tasks=4
		Total time spent by all maps in occupied slots (ms)=34494220
		Total time spent by all reduces in occupied slots (ms)=0
		Total time spent by all map tasks (ms)=34494220
		Total vcore-seconds taken by all map tasks=34494220
		Total megabyte-seconds taken by all map tasks=35322081280
	Map-Reduce Framework
		Map input records=4
		Map output records=1
		Input split bytes=416
		Spilled Records=0
		Failed Shuffles=0
		Merged Map outputs=0
		GC time elapsed (ms)=266576
		CPU time spent (ms)=48853060
		Physical memory (bytes) snapshot=282701303808
		Virtual memory (bytes) snapshot=324595724288
		Total committed heap usage (bytes)=283458404352
	File Input Format Counters 
		Bytes Read=0
	File Output Format Counters 
		Bytes Written=26
8633812ms
17/03/16 07:54:32 WARN util.NativeCodeLoader: Unable to load native-hadoop library for your platform... using builtin-java classes where applicable
finalCount	44828894702343
[The 1 times] Above experiment is: ./runHarpSgcr.sh /N/u/mengli/harp-sahad/experiments/template/u5-3.t sahad-data/nyc/nyc-u-e-4 sahad-output/nyc/nyc-u-e-4/40threads/1 4 40
17/03/16 07:54:33 WARN util.NativeCodeLoader: Unable to load native-hadoop library for your platform... using builtin-java classes where applicable
17/03/16 07:54:34 INFO fs.TrashPolicyDefault: Namenode trash configuration: Deletion interval = 0 minutes, Emptier interval = 0 minutes.
Deleted sahad-output/nyc/nyc-u-e-8/40threads/1
use Local MultiThread? true
set Number of Map Tasks = 8
set number of threads: 40
17/03/16 07:54:35 WARN util.NativeCodeLoader: Unable to load native-hadoop library for your platform... using builtin-java classes where applicable
Get map collective runner
17/03/16 07:54:35 INFO client.RMProxy: Connecting to ResourceManager at j-011/172.16.0.11:8032
17/03/16 07:54:36 INFO input.FileInputFormat: Total input paths to process : 8
17/03/16 07:54:36 INFO fileformat.MultiFileInputFormat: NUMBER OF FILES: 8
17/03/16 07:54:36 INFO fileformat.MultiFileInputFormat: NUMBER OF MAPS: 8
17/03/16 07:54:36 INFO fileformat.MultiFileInputFormat: Split on host: j-066.juliet.futuresystems.org j-059.juliet.futuresystems.org j-061.juliet.futuresystems.org j-053.juliet.futuresystems.org j-012.juliet.futuresystems.org j-064.juliet.futuresystems.org j-060.juliet.futuresystems.org j-056.juliet.futuresystems.org j-063.juliet.futuresystems.org j-057.juliet.futuresystems.org j-062.juliet.futuresystems.org j-058.juliet.futuresystems.org j-054.juliet.futuresystems.org j-013.juliet.futuresystems.org 
17/03/16 07:54:36 INFO fileformat.MultiFileInputFormat: Split on host: j-066.juliet.futuresystems.org j-059.juliet.futuresystems.org j-061.juliet.futuresystems.org j-012.juliet.futuresystems.org j-053.juliet.futuresystems.org j-065.juliet.futuresystems.org j-064.juliet.futuresystems.org j-060.juliet.futuresystems.org j-056.juliet.futuresystems.org j-063.juliet.futuresystems.org j-057.juliet.futuresystems.org j-062.juliet.futuresystems.org j-058.juliet.futuresystems.org j-054.juliet.futuresystems.org j-013.juliet.futuresystems.org 
17/03/16 07:54:36 INFO fileformat.MultiFileInputFormat: Split on host: j-056.juliet.futuresystems.org j-066.juliet.futuresystems.org j-063.juliet.futuresystems.org j-061.juliet.futuresystems.org j-055.juliet.futuresystems.org j-057.juliet.futuresystems.org j-012.juliet.futuresystems.org j-053.juliet.futuresystems.org j-062.juliet.futuresystems.org j-065.juliet.futuresystems.org j-058.juliet.futuresystems.org j-054.juliet.futuresystems.org 
17/03/16 07:54:36 INFO fileformat.MultiFileInputFormat: Split on host: j-066.juliet.futuresystems.org j-056.juliet.futuresystems.org j-063.juliet.futuresystems.org j-057.juliet.futuresystems.org j-055.juliet.futuresystems.org j-053.juliet.futuresystems.org j-062.juliet.futuresystems.org j-065.juliet.futuresystems.org j-064.juliet.futuresystems.org j-058.juliet.futuresystems.org j-060.juliet.futuresystems.org j-013.juliet.futuresystems.org 
17/03/16 07:54:36 INFO fileformat.MultiFileInputFormat: Split on host: j-066.juliet.futuresystems.org j-059.juliet.futuresystems.org j-061.juliet.futuresystems.org j-053.juliet.futuresystems.org j-012.juliet.futuresystems.org j-065.juliet.futuresystems.org j-064.juliet.futuresystems.org j-060.juliet.futuresystems.org j-056.juliet.futuresystems.org j-063.juliet.futuresystems.org j-055.juliet.futuresystems.org j-057.juliet.futuresystems.org j-062.juliet.futuresystems.org j-058.juliet.futuresystems.org j-054.juliet.futuresystems.org 
17/03/16 07:54:36 INFO fileformat.MultiFileInputFormat: Split on host: j-066.juliet.futuresystems.org j-059.juliet.futuresystems.org j-061.juliet.futuresystems.org j-053.juliet.futuresystems.org j-065.juliet.futuresystems.org j-064.juliet.futuresystems.org j-060.juliet.futuresystems.org j-056.juliet.futuresystems.org j-063.juliet.futuresystems.org j-055.juliet.futuresystems.org j-057.juliet.futuresystems.org j-062.juliet.futuresystems.org j-058.juliet.futuresystems.org j-013.juliet.futuresystems.org j-054.juliet.futuresystems.org 
17/03/16 07:54:36 INFO fileformat.MultiFileInputFormat: Split on host: j-066.juliet.futuresystems.org j-059.juliet.futuresystems.org j-061.juliet.futuresystems.org j-053.juliet.futuresystems.org j-012.juliet.futuresystems.org j-065.juliet.futuresystems.org j-064.juliet.futuresystems.org j-060.juliet.futuresystems.org j-056.juliet.futuresystems.org j-063.juliet.futuresystems.org j-055.juliet.futuresystems.org j-057.juliet.futuresystems.org j-062.juliet.futuresystems.org j-013.juliet.futuresystems.org j-054.juliet.futuresystems.org 
17/03/16 07:54:36 INFO fileformat.MultiFileInputFormat: Split on host: j-066.juliet.futuresystems.org j-059.juliet.futuresystems.org j-063.juliet.futuresystems.org j-061.juliet.futuresystems.org j-012.juliet.futuresystems.org j-053.juliet.futuresystems.org j-062.juliet.futuresystems.org j-065.juliet.futuresystems.org j-064.juliet.futuresystems.org j-058.juliet.futuresystems.org j-013.juliet.futuresystems.org 
17/03/16 07:54:36 INFO fileformat.MultiFileInputFormat: Total # of splits: 8
17/03/16 07:54:36 INFO mapreduce.JobSubmitter: number of splits:8
17/03/16 07:54:36 INFO mapreduce.JobSubmitter: Submitting tokens for job: job_1489165733656_0205
command: $JAVA_HOME/bin/java -Dlog4j.configuration=container-log4j.properties -Dyarn.app.container.log.dir=<LOG_DIR> -Dyarn.app.container.log.filesize=0 -Dhadoop.root.logger=INFO,CLA  -Xmx1024m org.apache.hadoop.mapreduce.v2.app.MapCollectiveAppMaster 1><LOG_DIR>/stdout 2><LOG_DIR>/stderr 
17/03/16 07:54:36 INFO impl.YarnClientImpl: Submitted application application_1489165733656_0205
17/03/16 07:54:36 INFO mapreduce.Job: The url to track the job: http://j-011:8088/proxy/application_1489165733656_0205/
17/03/16 07:54:36 INFO mapreduce.Job: Running job: job_1489165733656_0205
17/03/16 07:54:41 INFO mapreduce.Job: Job job_1489165733656_0205 running in uber mode : false
17/03/16 07:54:41 INFO mapreduce.Job:  map 0% reduce 0%
17/03/16 07:54:52 INFO mapreduce.Job:  map 75% reduce 0%
17/03/16 07:54:53 INFO mapreduce.Job:  map 100% reduce 0%
17/03/16 09:09:19 INFO mapreduce.Job: Job job_1489165733656_0205 completed successfully
17/03/16 09:09:20 INFO mapreduce.Job: Counters: 30
	File System Counters
		FILE: Number of bytes read=0
		FILE: Number of bytes written=850520
		FILE: Number of read operations=0
		FILE: Number of large read operations=0
		FILE: Number of write operations=0
		HDFS: Number of bytes read=8237095919
		HDFS: Number of bytes written=26
		HDFS: Number of read operations=64
		HDFS: Number of large read operations=0
		HDFS: Number of write operations=16
	Job Counters 
		Launched map tasks=8
		Other local map tasks=8
		Total time spent by all maps in occupied slots (ms)=35802138
		Total time spent by all reduces in occupied slots (ms)=0
		Total time spent by all map tasks (ms)=35802138
		Total vcore-seconds taken by all map tasks=35802138
		Total megabyte-seconds taken by all map tasks=36661389312
	Map-Reduce Framework
		Map input records=8
		Map output records=1
		Input split bytes=832
		Spilled Records=0
		Failed Shuffles=0
		Merged Map outputs=0
		GC time elapsed (ms)=215581
		CPU time spent (ms)=51519400
		Physical memory (bytes) snapshot=332410343424
		Virtual memory (bytes) snapshot=649225170944
		Total committed heap usage (bytes)=554043965440
	File Input Format Counters 
		Bytes Read=0
	File Output Format Counters 
		Bytes Written=26
4485309ms
17/03/16 09:09:21 WARN util.NativeCodeLoader: Unable to load native-hadoop library for your platform... using builtin-java classes where applicable
finalCount	44836471706197
[The 1 times] Above experiment is: ./runHarpSgcr.sh /N/u/mengli/harp-sahad/experiments/template/u5-3.t sahad-data/nyc/nyc-u-e-8 sahad-output/nyc/nyc-u-e-8/40threads/1 8 40
17/03/16 09:09:22 WARN util.NativeCodeLoader: Unable to load native-hadoop library for your platform... using builtin-java classes where applicable
17/03/16 09:09:23 INFO fs.TrashPolicyDefault: Namenode trash configuration: Deletion interval = 0 minutes, Emptier interval = 0 minutes.
Deleted sahad-output/nyc/nyc-u-e-16/40threads/1
use Local MultiThread? true
set Number of Map Tasks = 16
set number of threads: 40
17/03/16 09:09:24 WARN util.NativeCodeLoader: Unable to load native-hadoop library for your platform... using builtin-java classes where applicable
Get map collective runner
17/03/16 09:09:25 INFO client.RMProxy: Connecting to ResourceManager at j-011/172.16.0.11:8032
17/03/16 09:09:25 INFO input.FileInputFormat: Total input paths to process : 16
17/03/16 09:09:25 INFO fileformat.MultiFileInputFormat: NUMBER OF FILES: 16
17/03/16 09:09:25 INFO fileformat.MultiFileInputFormat: NUMBER OF MAPS: 16
17/03/16 09:09:25 INFO fileformat.MultiFileInputFormat: Split on host: j-066.juliet.futuresystems.org j-056.juliet.futuresystems.org j-059.juliet.futuresystems.org j-063.juliet.futuresystems.org j-055.juliet.futuresystems.org j-053.juliet.futuresystems.org j-062.juliet.futuresystems.org j-065.juliet.futuresystems.org j-064.juliet.futuresystems.org j-060.juliet.futuresystems.org 
17/03/16 09:09:25 INFO fileformat.MultiFileInputFormat: Split on host: j-066.juliet.futuresystems.org j-063.juliet.futuresystems.org j-061.juliet.futuresystems.org j-055.juliet.futuresystems.org j-053.juliet.futuresystems.org j-012.juliet.futuresystems.org j-058.juliet.futuresystems.org j-054.juliet.futuresystems.org j-013.juliet.futuresystems.org 
17/03/16 09:09:25 INFO fileformat.MultiFileInputFormat: Split on host: j-056.juliet.futuresystems.org j-063.juliet.futuresystems.org j-059.juliet.futuresystems.org j-061.juliet.futuresystems.org j-057.juliet.futuresystems.org j-012.juliet.futuresystems.org j-053.juliet.futuresystems.org j-065.juliet.futuresystems.org j-058.juliet.futuresystems.org j-013.juliet.futuresystems.org 
17/03/16 09:09:25 INFO fileformat.MultiFileInputFormat: Split on host: j-066.juliet.futuresystems.org j-059.juliet.futuresystems.org j-063.juliet.futuresystems.org j-055.juliet.futuresystems.org j-057.juliet.futuresystems.org j-065.juliet.futuresystems.org j-064.juliet.futuresystems.org j-058.juliet.futuresystems.org j-060.juliet.futuresystems.org 
17/03/16 09:09:25 INFO fileformat.MultiFileInputFormat: Split on host: j-056.juliet.futuresystems.org j-063.juliet.futuresystems.org j-055.juliet.futuresystems.org j-057.juliet.futuresystems.org j-012.juliet.futuresystems.org j-053.juliet.futuresystems.org j-065.juliet.futuresystems.org j-064.juliet.futuresystems.org j-058.juliet.futuresystems.org j-060.juliet.futuresystems.org 
17/03/16 09:09:25 INFO fileformat.MultiFileInputFormat: Split on host: j-056.juliet.futuresystems.org j-066.juliet.futuresystems.org j-063.juliet.futuresystems.org j-061.juliet.futuresystems.org j-055.juliet.futuresystems.org j-053.juliet.futuresystems.org j-012.juliet.futuresystems.org j-062.juliet.futuresystems.org j-058.juliet.futuresystems.org j-060.juliet.futuresystems.org j-013.juliet.futuresystems.org 
17/03/16 09:09:25 INFO fileformat.MultiFileInputFormat: Split on host: j-066.juliet.futuresystems.org j-056.juliet.futuresystems.org j-063.juliet.futuresystems.org j-061.juliet.futuresystems.org j-055.juliet.futuresystems.org j-053.juliet.futuresystems.org j-062.juliet.futuresystems.org j-065.juliet.futuresystems.org j-060.juliet.futuresystems.org j-013.juliet.futuresystems.org 
17/03/16 09:09:25 INFO fileformat.MultiFileInputFormat: Split on host: j-066.juliet.futuresystems.org j-063.juliet.futuresystems.org j-061.juliet.futuresystems.org j-057.juliet.futuresystems.org j-055.juliet.futuresystems.org j-053.juliet.futuresystems.org j-012.juliet.futuresystems.org j-058.juliet.futuresystems.org j-060.juliet.futuresystems.org j-013.juliet.futuresystems.org 
17/03/16 09:09:25 INFO fileformat.MultiFileInputFormat: Split on host: j-066.juliet.futuresystems.org j-061.juliet.futuresystems.org j-053.juliet.futuresystems.org j-062.juliet.futuresystems.org j-065.juliet.futuresystems.org j-064.juliet.futuresystems.org j-058.juliet.futuresystems.org j-060.juliet.futuresystems.org j-054.juliet.futuresystems.org j-013.juliet.futuresystems.org 
17/03/16 09:09:25 INFO fileformat.MultiFileInputFormat: Split on host: j-056.juliet.futuresystems.org j-063.juliet.futuresystems.org j-059.juliet.futuresystems.org j-061.juliet.futuresystems.org j-057.juliet.futuresystems.org j-053.juliet.futuresystems.org j-012.juliet.futuresystems.org j-064.juliet.futuresystems.org j-058.juliet.futuresystems.org j-060.juliet.futuresystems.org 
17/03/16 09:09:25 INFO fileformat.MultiFileInputFormat: Split on host: j-066.juliet.futuresystems.org j-063.juliet.futuresystems.org j-057.juliet.futuresystems.org j-055.juliet.futuresystems.org j-053.juliet.futuresystems.org j-012.juliet.futuresystems.org j-065.juliet.futuresystems.org j-058.juliet.futuresystems.org j-060.juliet.futuresystems.org j-013.juliet.futuresystems.org j-054.juliet.futuresystems.org 
17/03/16 09:09:25 INFO fileformat.MultiFileInputFormat: Split on host: j-056.juliet.futuresystems.org j-066.juliet.futuresystems.org j-063.juliet.futuresystems.org j-061.juliet.futuresystems.org j-057.juliet.futuresystems.org j-053.juliet.futuresystems.org j-062.juliet.futuresystems.org j-065.juliet.futuresystems.org j-060.juliet.futuresystems.org j-013.juliet.futuresystems.org j-054.juliet.futuresystems.org 
17/03/16 09:09:25 INFO fileformat.MultiFileInputFormat: Split on host: j-066.juliet.futuresystems.org j-056.juliet.futuresystems.org j-059.juliet.futuresystems.org j-055.juliet.futuresystems.org j-053.juliet.futuresystems.org j-012.juliet.futuresystems.org j-062.juliet.futuresystems.org j-064.juliet.futuresystems.org j-058.juliet.futuresystems.org j-060.juliet.futuresystems.org j-054.juliet.futuresystems.org j-013.juliet.futuresystems.org 
17/03/16 09:09:25 INFO fileformat.MultiFileInputFormat: Split on host: j-056.juliet.futuresystems.org j-066.juliet.futuresystems.org j-059.juliet.futuresystems.org j-063.juliet.futuresystems.org j-061.juliet.futuresystems.org j-057.juliet.futuresystems.org j-053.juliet.futuresystems.org j-065.juliet.futuresystems.org j-060.juliet.futuresystems.org j-013.juliet.futuresystems.org j-054.juliet.futuresystems.org 
17/03/16 09:09:25 INFO fileformat.MultiFileInputFormat: Split on host: j-059.juliet.futuresystems.org j-063.juliet.futuresystems.org j-061.juliet.futuresystems.org j-057.juliet.futuresystems.org j-062.juliet.futuresystems.org j-065.juliet.futuresystems.org j-064.juliet.futuresystems.org j-060.juliet.futuresystems.org j-013.juliet.futuresystems.org 
17/03/16 09:09:25 INFO fileformat.MultiFileInputFormat: Split on host: j-066.juliet.futuresystems.org j-056.juliet.futuresystems.org j-061.juliet.futuresystems.org j-055.juliet.futuresystems.org j-012.juliet.futuresystems.org j-058.juliet.futuresystems.org j-054.juliet.futuresystems.org j-013.juliet.futuresystems.org 
17/03/16 09:09:25 INFO fileformat.MultiFileInputFormat: Total # of splits: 16
17/03/16 09:09:25 INFO mapreduce.JobSubmitter: number of splits:16
17/03/16 09:09:25 INFO mapreduce.JobSubmitter: Submitting tokens for job: job_1489165733656_0206
command: $JAVA_HOME/bin/java -Dlog4j.configuration=container-log4j.properties -Dyarn.app.container.log.dir=<LOG_DIR> -Dyarn.app.container.log.filesize=0 -Dhadoop.root.logger=INFO,CLA  -Xmx1024m org.apache.hadoop.mapreduce.v2.app.MapCollectiveAppMaster 1><LOG_DIR>/stdout 2><LOG_DIR>/stderr 
17/03/16 09:09:26 INFO impl.YarnClientImpl: Submitted application application_1489165733656_0206
17/03/16 09:09:26 INFO mapreduce.Job: The url to track the job: http://j-011:8088/proxy/application_1489165733656_0206/
17/03/16 09:09:26 INFO mapreduce.Job: Running job: job_1489165733656_0206
17/03/16 09:09:31 INFO mapreduce.Job: Job job_1489165733656_0206 running in uber mode : false
17/03/16 09:09:31 INFO mapreduce.Job:  map 0% reduce 0%
17/03/16 09:09:41 INFO mapreduce.Job:  map 94% reduce 0%
17/03/16 09:09:42 INFO mapreduce.Job:  map 100% reduce 0%
17/03/16 10:03:43 INFO mapreduce.Job: Job job_1489165733656_0206 completed successfully
17/03/16 10:03:43 INFO mapreduce.Job: Counters: 30
	File System Counters
		FILE: Number of bytes read=0
		FILE: Number of bytes written=1701142
		FILE: Number of read operations=0
		FILE: Number of large read operations=0
		FILE: Number of write operations=0
		HDFS: Number of bytes read=8237103703
		HDFS: Number of bytes written=26
		HDFS: Number of read operations=128
		HDFS: Number of large read operations=0
		HDFS: Number of write operations=32
	Job Counters 
		Launched map tasks=16
		Other local map tasks=16
		Total time spent by all maps in occupied slots (ms)=51986388
		Total time spent by all reduces in occupied slots (ms)=0
		Total time spent by all map tasks (ms)=51986388
		Total vcore-seconds taken by all map tasks=51986388
		Total megabyte-seconds taken by all map tasks=53234061312
	Map-Reduce Framework
		Map input records=16
		Map output records=1
		Input split bytes=1680
		Spilled Records=0
		Failed Shuffles=0
		Merged Map outputs=0
		GC time elapsed (ms)=308117
		CPU time spent (ms)=71463830
		Physical memory (bytes) snapshot=496492048384
		Virtual memory (bytes) snapshot=1298298322944
		Total committed heap usage (bytes)=1111772626944
	File Input Format Counters 
		Bytes Read=0
	File Output Format Counters 
		Bytes Written=26
3259970ms
17/03/16 10:03:44 WARN util.NativeCodeLoader: Unable to load native-hadoop library for your platform... using builtin-java classes where applicable
finalCount	44841692509609
[The 1 times] Above experiment is: ./runHarpSgcr.sh /N/u/mengli/harp-sahad/experiments/template/u5-3.t sahad-data/nyc/nyc-u-e-16 sahad-output/nyc/nyc-u-e-16/40threads/1 16 40
17/03/16 10:03:46 WARN util.NativeCodeLoader: Unable to load native-hadoop library for your platform... using builtin-java classes where applicable
17/03/16 10:03:47 INFO fs.TrashPolicyDefault: Namenode trash configuration: Deletion interval = 0 minutes, Emptier interval = 0 minutes.
Deleted sahad-output/nyc/nyc-u-e-4/40threads/2
use Local MultiThread? true
set Number of Map Tasks = 4
set number of threads: 40
17/03/16 10:03:48 WARN util.NativeCodeLoader: Unable to load native-hadoop library for your platform... using builtin-java classes where applicable
Get map collective runner
17/03/16 10:03:48 INFO client.RMProxy: Connecting to ResourceManager at j-011/172.16.0.11:8032
17/03/16 10:03:49 INFO input.FileInputFormat: Total input paths to process : 4
17/03/16 10:03:49 INFO fileformat.MultiFileInputFormat: NUMBER OF FILES: 4
17/03/16 10:03:49 INFO fileformat.MultiFileInputFormat: NUMBER OF MAPS: 4
17/03/16 10:03:49 INFO fileformat.MultiFileInputFormat: Split on host: j-066.juliet.futuresystems.org j-059.juliet.futuresystems.org j-061.juliet.futuresystems.org j-012.juliet.futuresystems.org j-053.juliet.futuresystems.org j-065.juliet.futuresystems.org j-064.juliet.futuresystems.org j-060.juliet.futuresystems.org j-056.juliet.futuresystems.org j-063.juliet.futuresystems.org j-055.juliet.futuresystems.org j-057.juliet.futuresystems.org j-062.juliet.futuresystems.org j-054.juliet.futuresystems.org j-013.juliet.futuresystems.org 
17/03/16 10:03:49 INFO fileformat.MultiFileInputFormat: Split on host: j-066.juliet.futuresystems.org j-059.juliet.futuresystems.org j-012.juliet.futuresystems.org j-053.juliet.futuresystems.org j-065.juliet.futuresystems.org j-064.juliet.futuresystems.org j-060.juliet.futuresystems.org j-056.juliet.futuresystems.org j-063.juliet.futuresystems.org j-055.juliet.futuresystems.org j-057.juliet.futuresystems.org j-062.juliet.futuresystems.org j-058.juliet.futuresystems.org j-054.juliet.futuresystems.org j-013.juliet.futuresystems.org 
17/03/16 10:03:49 INFO fileformat.MultiFileInputFormat: Split on host: j-066.juliet.futuresystems.org j-059.juliet.futuresystems.org j-061.juliet.futuresystems.org j-012.juliet.futuresystems.org j-053.juliet.futuresystems.org j-065.juliet.futuresystems.org j-064.juliet.futuresystems.org j-060.juliet.futuresystems.org j-056.juliet.futuresystems.org j-063.juliet.futuresystems.org j-057.juliet.futuresystems.org j-055.juliet.futuresystems.org j-062.juliet.futuresystems.org j-058.juliet.futuresystems.org j-013.juliet.futuresystems.org j-054.juliet.futuresystems.org 
17/03/16 10:03:49 INFO fileformat.MultiFileInputFormat: Split on host: j-066.juliet.futuresystems.org j-059.juliet.futuresystems.org j-061.juliet.futuresystems.org j-012.juliet.futuresystems.org j-053.juliet.futuresystems.org j-065.juliet.futuresystems.org j-060.juliet.futuresystems.org j-056.juliet.futuresystems.org j-063.juliet.futuresystems.org j-055.juliet.futuresystems.org j-057.juliet.futuresystems.org j-062.juliet.futuresystems.org j-058.juliet.futuresystems.org j-013.juliet.futuresystems.org j-054.juliet.futuresystems.org 
17/03/16 10:03:49 INFO fileformat.MultiFileInputFormat: Total # of splits: 4
17/03/16 10:03:49 INFO mapreduce.JobSubmitter: number of splits:4
17/03/16 10:03:49 INFO mapreduce.JobSubmitter: Submitting tokens for job: job_1489165733656_0207
command: $JAVA_HOME/bin/java -Dlog4j.configuration=container-log4j.properties -Dyarn.app.container.log.dir=<LOG_DIR> -Dyarn.app.container.log.filesize=0 -Dhadoop.root.logger=INFO,CLA  -Xmx1024m org.apache.hadoop.mapreduce.v2.app.MapCollectiveAppMaster 1><LOG_DIR>/stdout 2><LOG_DIR>/stderr 
17/03/16 10:03:49 INFO impl.YarnClientImpl: Submitted application application_1489165733656_0207
17/03/16 10:03:49 INFO mapreduce.Job: The url to track the job: http://j-011:8088/proxy/application_1489165733656_0207/
17/03/16 10:03:49 INFO mapreduce.Job: Running job: job_1489165733656_0207
17/03/16 10:03:54 INFO mapreduce.Job: Job job_1489165733656_0207 running in uber mode : false
17/03/16 10:03:54 INFO mapreduce.Job:  map 0% reduce 0%
17/03/16 10:04:06 INFO mapreduce.Job:  map 100% reduce 0%
17/03/16 10:48:25 INFO mapreduce.Job:  map 25% reduce 0%
17/03/16 10:48:25 INFO mapreduce.Job:  map 0% reduce 0%
17/03/16 10:48:25 INFO mapreduce.Job: Job job_1489165733656_0207 failed with state KILLED due to: Application killed by user.
17/03/16 10:48:25 INFO mapreduce.Job: Counters: 0
2677584ms
