17/03/09 22:14:40 WARN util.NativeCodeLoader: Unable to load native-hadoop library for your platform... using builtin-java classes where applicable
17/03/09 22:14:41 INFO fs.TrashPolicyDefault: Namenode trash configuration: Deletion interval = 0 minutes, Emptier interval = 0 minutes.
Deleted sahad-output/nyc/nyc-u-e-2/40threads/1
use Local MultiThread? true
set Number of Map Tasks = 2
set number of threads: 40
17/03/09 22:14:42 WARN util.NativeCodeLoader: Unable to load native-hadoop library for your platform... using builtin-java classes where applicable
Get map collective runner
17/03/09 22:14:43 INFO client.RMProxy: Connecting to ResourceManager at j-011/172.16.0.11:8032
17/03/09 22:14:43 INFO input.FileInputFormat: Total input paths to process : 2
17/03/09 22:14:43 INFO fileformat.MultiFileInputFormat: NUMBER OF FILES: 2
17/03/09 22:14:43 INFO fileformat.MultiFileInputFormat: NUMBER OF MAPS: 2
17/03/09 22:14:43 INFO fileformat.MultiFileInputFormat: Split on host: j-066.juliet.futuresystems.org j-059.juliet.futuresystems.org j-061.juliet.futuresystems.org j-012.juliet.futuresystems.org j-053.juliet.futuresystems.org j-065.juliet.futuresystems.org j-064.juliet.futuresystems.org j-060.juliet.futuresystems.org j-056.juliet.futuresystems.org j-063.juliet.futuresystems.org j-057.juliet.futuresystems.org j-055.juliet.futuresystems.org j-062.juliet.futuresystems.org j-058.juliet.futuresystems.org j-054.juliet.futuresystems.org j-013.juliet.futuresystems.org 
17/03/09 22:14:43 INFO fileformat.MultiFileInputFormat: Split on host: j-066.juliet.futuresystems.org j-059.juliet.futuresystems.org j-061.juliet.futuresystems.org j-012.juliet.futuresystems.org j-053.juliet.futuresystems.org j-065.juliet.futuresystems.org j-064.juliet.futuresystems.org j-060.juliet.futuresystems.org j-056.juliet.futuresystems.org j-063.juliet.futuresystems.org j-055.juliet.futuresystems.org j-057.juliet.futuresystems.org j-062.juliet.futuresystems.org j-058.juliet.futuresystems.org j-054.juliet.futuresystems.org j-013.juliet.futuresystems.org 
17/03/09 22:14:43 INFO fileformat.MultiFileInputFormat: Total # of splits: 2
17/03/09 22:14:43 INFO mapreduce.JobSubmitter: number of splits:2
17/03/09 22:14:43 INFO mapreduce.JobSubmitter: Submitting tokens for job: job_1488986086679_0030
command: $JAVA_HOME/bin/java -Dlog4j.configuration=container-log4j.properties -Dyarn.app.container.log.dir=<LOG_DIR> -Dyarn.app.container.log.filesize=0 -Dhadoop.root.logger=INFO,CLA  -Xmx1024m org.apache.hadoop.mapreduce.v2.app.MapCollectiveAppMaster 1><LOG_DIR>/stdout 2><LOG_DIR>/stderr 
17/03/09 22:14:44 INFO impl.YarnClientImpl: Submitted application application_1488986086679_0030
17/03/09 22:14:44 INFO mapreduce.Job: The url to track the job: http://j-011:8088/proxy/application_1488986086679_0030/
17/03/09 22:14:44 INFO mapreduce.Job: Running job: job_1488986086679_0030
17/03/09 22:14:49 INFO mapreduce.Job: Job job_1488986086679_0030 running in uber mode : false
17/03/09 22:14:49 INFO mapreduce.Job:  map 0% reduce 0%
17/03/09 22:14:59 INFO mapreduce.Job:  map 100% reduce 0%
17/03/10 02:21:22 INFO mapreduce.Job: Task Id : attempt_1488986086679_0030_m_000001_0, Status : FAILED
Exception from container-launch.
Container id: container_1488986086679_0030_01_000003
Exit code: 255
Stack trace: ExitCodeException exitCode=255: 
	at org.apache.hadoop.util.Shell.runCommand(Shell.java:538)
	at org.apache.hadoop.util.Shell.run(Shell.java:455)
	at org.apache.hadoop.util.Shell$ShellCommandExecutor.execute(Shell.java:715)
	at org.apache.hadoop.yarn.server.nodemanager.DefaultContainerExecutor.launchContainer(DefaultContainerExecutor.java:211)
	at org.apache.hadoop.yarn.server.nodemanager.containermanager.launcher.ContainerLaunch.call(ContainerLaunch.java:302)
	at org.apache.hadoop.yarn.server.nodemanager.containermanager.launcher.ContainerLaunch.call(ContainerLaunch.java:82)
	at java.util.concurrent.FutureTask.run(FutureTask.java:266)
	at java.util.concurrent.ThreadPoolExecutor.runWorker(ThreadPoolExecutor.java:1142)
	at java.util.concurrent.ThreadPoolExecutor$Worker.run(ThreadPoolExecutor.java:617)
	at java.lang.Thread.run(Thread.java:745)


Container exited with a non-zero exit code 255

17/03/10 02:21:23 INFO mapreduce.Job:  map 50% reduce 0%
17/03/10 02:21:27 INFO mapreduce.Job: Task Id : attempt_1488986086679_0030_m_000001_1, Status : FAILED
Error: java.io.IOException: java.lang.Exception: java.net.BindException: Cannot assign requested address
	at org.apache.hadoop.mapred.CollectiveMapper.initCollCommComponents(CollectiveMapper.java:265)
	at org.apache.hadoop.mapred.CollectiveMapper.run(CollectiveMapper.java:633)
	at org.apache.hadoop.mapred.MapTask.runNewMapper(MapTask.java:784)
	at org.apache.hadoop.mapred.MapTask.run(MapTask.java:341)
	at org.apache.hadoop.mapred.YarnChild$2.run(YarnChild.java:163)
	at java.security.AccessController.doPrivileged(Native Method)
	at javax.security.auth.Subject.doAs(Subject.java:422)
	at org.apache.hadoop.security.UserGroupInformation.doAs(UserGroupInformation.java:1628)
	at org.apache.hadoop.mapred.YarnChild.main(YarnChild.java:158)
Caused by: java.lang.Exception: java.net.BindException: Cannot assign requested address
	at edu.iu.harp.server.Server.<init>(Server.java:96)
	at org.apache.hadoop.mapred.CollectiveMapper.initCollCommComponents(CollectiveMapper.java:262)
	... 8 more
Caused by: java.net.BindException: Cannot assign requested address
	at java.net.PlainSocketImpl.socketBind(Native Method)
	at java.net.AbstractPlainSocketImpl.bind(AbstractPlainSocketImpl.java:387)
	at java.net.ServerSocket.bind(ServerSocket.java:375)
	at java.net.ServerSocket.bind(ServerSocket.java:329)
	at edu.iu.harp.server.Server.<init>(Server.java:93)
	... 9 more

17/03/10 02:23:28 INFO mapreduce.Job: Task Id : attempt_1488986086679_0030_m_000000_0, Status : FAILED
Exception from container-launch.
Container id: container_1488986086679_0030_01_000002
Exit code: 255
Stack trace: ExitCodeException exitCode=255: 
	at org.apache.hadoop.util.Shell.runCommand(Shell.java:538)
	at org.apache.hadoop.util.Shell.run(Shell.java:455)
	at org.apache.hadoop.util.Shell$ShellCommandExecutor.execute(Shell.java:715)
	at org.apache.hadoop.yarn.server.nodemanager.DefaultContainerExecutor.launchContainer(DefaultContainerExecutor.java:211)
	at org.apache.hadoop.yarn.server.nodemanager.containermanager.launcher.ContainerLaunch.call(ContainerLaunch.java:302)
	at org.apache.hadoop.yarn.server.nodemanager.containermanager.launcher.ContainerLaunch.call(ContainerLaunch.java:82)
	at java.util.concurrent.FutureTask.run(FutureTask.java:266)
	at java.util.concurrent.ThreadPoolExecutor.runWorker(ThreadPoolExecutor.java:1142)
	at java.util.concurrent.ThreadPoolExecutor$Worker.run(ThreadPoolExecutor.java:617)
	at java.lang.Thread.run(Thread.java:745)


Container exited with a non-zero exit code 255

17/03/10 02:23:29 INFO mapreduce.Job:  map 0% reduce 0%
17/03/10 02:51:31 INFO mapreduce.Job: Task Id : attempt_1488986086679_0030_m_000001_2, Status : FAILED
Error: java.io.IOException: Fail to do master barrier.
	at org.apache.hadoop.mapred.CollectiveMapper.run(CollectiveMapper.java:644)
	at org.apache.hadoop.mapred.MapTask.runNewMapper(MapTask.java:784)
	at org.apache.hadoop.mapred.MapTask.run(MapTask.java:341)
	at org.apache.hadoop.mapred.YarnChild$2.run(YarnChild.java:163)
	at java.security.AccessController.doPrivileged(Native Method)
	at javax.security.auth.Subject.doAs(Subject.java:422)
	at org.apache.hadoop.security.UserGroupInformation.doAs(UserGroupInformation.java:1628)
	at org.apache.hadoop.mapred.YarnChild.main(YarnChild.java:158)

17/03/10 02:51:42 INFO mapreduce.Job:  map 100% reduce 0%
./runTest.sh: line 9: 45227 Killed                  ./runHarpSgcr.sh $HARP_SAHAD_HOME/experiments/template/$temp sahad-data/$2/$2-u-$1-$i sahad-output/$2/$2-u-$1-$i/40threads/$t $i 40
17/03/10 06:38:58 WARN util.NativeCodeLoader: Unable to load native-hadoop library for your platform... using builtin-java classes where applicable
cat: `sahad-output/nyc/nyc-u-e-2/40threads/1/_temporary': Is a directory
[The 1 times] Above experiment is: ./runHarpSgcr.sh /N/u/mengli/harp-sahad/experiments/template/u5-1.t sahad-data/nyc/nyc-u-e-2 sahad-output/nyc/nyc-u-e-2/40threads/1 2 40
17/03/10 06:39:00 WARN util.NativeCodeLoader: Unable to load native-hadoop library for your platform... using builtin-java classes where applicable
17/03/10 06:39:01 INFO fs.TrashPolicyDefault: Namenode trash configuration: Deletion interval = 0 minutes, Emptier interval = 0 minutes.
Deleted sahad-output/nyc/nyc-u-e-2/40threads/1
use Local MultiThread? true
set Number of Map Tasks = 2
set number of threads: 40
17/03/10 06:39:02 WARN util.NativeCodeLoader: Unable to load native-hadoop library for your platform... using builtin-java classes where applicable
Get map collective runner
17/03/10 06:39:02 INFO client.RMProxy: Connecting to ResourceManager at j-011/172.16.0.11:8032
17/03/10 06:39:03 INFO input.FileInputFormat: Total input paths to process : 2
17/03/10 06:39:03 INFO fileformat.MultiFileInputFormat: NUMBER OF FILES: 2
17/03/10 06:39:03 INFO fileformat.MultiFileInputFormat: NUMBER OF MAPS: 2
17/03/10 06:39:03 INFO fileformat.MultiFileInputFormat: Split on host: j-066.juliet.futuresystems.org j-059.juliet.futuresystems.org j-061.juliet.futuresystems.org j-012.juliet.futuresystems.org j-053.juliet.futuresystems.org j-065.juliet.futuresystems.org j-064.juliet.futuresystems.org j-060.juliet.futuresystems.org j-056.juliet.futuresystems.org j-063.juliet.futuresystems.org j-057.juliet.futuresystems.org j-055.juliet.futuresystems.org j-062.juliet.futuresystems.org j-058.juliet.futuresystems.org j-054.juliet.futuresystems.org j-013.juliet.futuresystems.org 
17/03/10 06:39:03 INFO fileformat.MultiFileInputFormat: Split on host: j-066.juliet.futuresystems.org j-059.juliet.futuresystems.org j-061.juliet.futuresystems.org j-012.juliet.futuresystems.org j-053.juliet.futuresystems.org j-065.juliet.futuresystems.org j-064.juliet.futuresystems.org j-060.juliet.futuresystems.org j-056.juliet.futuresystems.org j-063.juliet.futuresystems.org j-055.juliet.futuresystems.org j-057.juliet.futuresystems.org j-062.juliet.futuresystems.org j-058.juliet.futuresystems.org j-054.juliet.futuresystems.org j-013.juliet.futuresystems.org 
17/03/10 06:39:03 INFO fileformat.MultiFileInputFormat: Total # of splits: 2
17/03/10 06:39:03 INFO mapreduce.JobSubmitter: number of splits:2
17/03/10 06:39:03 INFO mapreduce.JobSubmitter: Submitting tokens for job: job_1488986086679_0031
command: $JAVA_HOME/bin/java -Dlog4j.configuration=container-log4j.properties -Dyarn.app.container.log.dir=<LOG_DIR> -Dyarn.app.container.log.filesize=0 -Dhadoop.root.logger=INFO,CLA  -Xmx1024m org.apache.hadoop.mapreduce.v2.app.MapCollectiveAppMaster 1><LOG_DIR>/stdout 2><LOG_DIR>/stderr 
17/03/10 06:39:03 INFO impl.YarnClientImpl: Submitted application application_1488986086679_0031
17/03/10 06:39:03 INFO mapreduce.Job: The url to track the job: http://j-011:8088/proxy/application_1488986086679_0031/
17/03/10 06:39:03 INFO mapreduce.Job: Running job: job_1488986086679_0031
17/03/10 06:39:08 INFO mapreduce.Job: Job job_1488986086679_0031 running in uber mode : false
17/03/10 06:39:08 INFO mapreduce.Job:  map 0% reduce 0%
17/03/10 06:39:18 INFO mapreduce.Job:  map 100% reduce 0%
17/03/10 06:40:17 INFO mapreduce.Job:  map 0% reduce 0%
17/03/10 06:40:17 INFO mapreduce.Job: Job job_1488986086679_0030 failed with state KILLED due to: Application killed by user.
17/03/10 06:40:17 INFO mapreduce.Job: Counters: 0
30335317ms
17/03/10 06:40:19 INFO mapreduce.Job:  map 0% reduce 0%
17/03/10 06:40:19 INFO mapreduce.Job: Job job_1488986086679_0031 failed with state KILLED due to: Application killed by user.
17/03/10 06:40:19 INFO mapreduce.Job: Counters: 0
77770ms
