17/03/11 22:59:51 WARN util.NativeCodeLoader: Unable to load native-hadoop library for your platform... using builtin-java classes where applicable
rm: `sahad-output/nyc/nyc-u-d-2/40threads/1': No such file or directory
use Local MultiThread? true
set Number of Map Tasks = 2
set number of threads: 40
17/03/11 22:59:52 WARN util.NativeCodeLoader: Unable to load native-hadoop library for your platform... using builtin-java classes where applicable
Get map collective runner
17/03/11 22:59:53 INFO client.RMProxy: Connecting to ResourceManager at j-011/172.16.0.11:8032
17/03/11 22:59:53 INFO input.FileInputFormat: Total input paths to process : 2
17/03/11 22:59:53 INFO fileformat.MultiFileInputFormat: NUMBER OF FILES: 2
17/03/11 22:59:53 INFO fileformat.MultiFileInputFormat: NUMBER OF MAPS: 2
17/03/11 22:59:53 INFO fileformat.MultiFileInputFormat: Split on host: j-066.juliet.futuresystems.org j-059.juliet.futuresystems.org j-061.juliet.futuresystems.org j-012.juliet.futuresystems.org j-053.juliet.futuresystems.org j-065.juliet.futuresystems.org j-064.juliet.futuresystems.org j-060.juliet.futuresystems.org j-056.juliet.futuresystems.org j-063.juliet.futuresystems.org j-055.juliet.futuresystems.org j-057.juliet.futuresystems.org j-062.juliet.futuresystems.org j-058.juliet.futuresystems.org j-054.juliet.futuresystems.org j-013.juliet.futuresystems.org 
17/03/11 22:59:53 INFO fileformat.MultiFileInputFormat: Split on host: j-066.juliet.futuresystems.org j-059.juliet.futuresystems.org j-061.juliet.futuresystems.org j-053.juliet.futuresystems.org j-012.juliet.futuresystems.org j-065.juliet.futuresystems.org j-064.juliet.futuresystems.org j-060.juliet.futuresystems.org j-056.juliet.futuresystems.org j-063.juliet.futuresystems.org j-055.juliet.futuresystems.org j-057.juliet.futuresystems.org j-062.juliet.futuresystems.org j-058.juliet.futuresystems.org j-013.juliet.futuresystems.org j-054.juliet.futuresystems.org 
17/03/11 22:59:53 INFO fileformat.MultiFileInputFormat: Total # of splits: 2
17/03/11 22:59:53 INFO mapreduce.JobSubmitter: number of splits:2
17/03/11 22:59:54 INFO mapreduce.JobSubmitter: Submitting tokens for job: job_1489165733656_0103
command: $JAVA_HOME/bin/java -Dlog4j.configuration=container-log4j.properties -Dyarn.app.container.log.dir=<LOG_DIR> -Dyarn.app.container.log.filesize=0 -Dhadoop.root.logger=INFO,CLA  -Xmx1024m org.apache.hadoop.mapreduce.v2.app.MapCollectiveAppMaster 1><LOG_DIR>/stdout 2><LOG_DIR>/stderr 
17/03/11 22:59:54 INFO impl.YarnClientImpl: Submitted application application_1489165733656_0103
17/03/11 22:59:54 INFO mapreduce.Job: The url to track the job: http://j-011:8088/proxy/application_1489165733656_0103/
17/03/11 22:59:54 INFO mapreduce.Job: Running job: job_1489165733656_0103
17/03/11 22:59:59 INFO mapreduce.Job: Job job_1489165733656_0103 running in uber mode : false
17/03/11 22:59:59 INFO mapreduce.Job:  map 0% reduce 0%
17/03/11 23:00:10 INFO mapreduce.Job:  map 100% reduce 0%
17/03/12 01:31:39 INFO mapreduce.Job: Job job_1489165733656_0103 completed successfully
17/03/12 01:31:39 INFO mapreduce.Job: Counters: 30
	File System Counters
		FILE: Number of bytes read=0
		FILE: Number of bytes written=212630
		FILE: Number of read operations=0
		FILE: Number of large read operations=0
		FILE: Number of write operations=0
		HDFS: Number of bytes read=8237093181
		HDFS: Number of bytes written=23
		HDFS: Number of read operations=16
		HDFS: Number of large read operations=0
		HDFS: Number of write operations=4
	Job Counters 
		Launched map tasks=2
		Other local map tasks=2
		Total time spent by all maps in occupied slots (ms)=18193595
		Total time spent by all reduces in occupied slots (ms)=0
		Total time spent by all map tasks (ms)=18193595
		Total vcore-seconds taken by all map tasks=18193595
		Total megabyte-seconds taken by all map tasks=18630241280
	Map-Reduce Framework
		Map input records=2
		Map output records=1
		Input split bytes=212
		Spilled Records=0
		Failed Shuffles=0
		Merged Map outputs=0
		GC time elapsed (ms)=753661
		CPU time spent (ms)=42215600
		Physical memory (bytes) snapshot=160047263744
		Virtual memory (bytes) snapshot=162277834752
		Total committed heap usage (bytes)=137438953472
	File Input Format Counters 
		Bytes Read=0
	File Output Format Counters 
		Bytes Written=23
9107197ms
17/03/12 01:31:40 WARN util.NativeCodeLoader: Unable to load native-hadoop library for your platform... using builtin-java classes where applicable
finalCount	38327654416
[The 1 times] Above experiment is: ./runHarpSgcr.sh /N/u/mengli/harp-sahad/experiments/template/u3-1.t sahad-data/nyc/nyc-u-d-2 sahad-output/nyc/nyc-u-d-2/40threads/1 2 40
17/03/12 01:31:42 WARN util.NativeCodeLoader: Unable to load native-hadoop library for your platform... using builtin-java classes where applicable
rm: `sahad-output/nyc/nyc-u-d-2/40threads/2': No such file or directory
use Local MultiThread? true
set Number of Map Tasks = 2
set number of threads: 40
17/03/12 01:31:43 WARN util.NativeCodeLoader: Unable to load native-hadoop library for your platform... using builtin-java classes where applicable
Get map collective runner
17/03/12 01:31:44 INFO client.RMProxy: Connecting to ResourceManager at j-011/172.16.0.11:8032
17/03/12 01:31:44 INFO input.FileInputFormat: Total input paths to process : 2
17/03/12 01:31:44 INFO fileformat.MultiFileInputFormat: NUMBER OF FILES: 2
17/03/12 01:31:44 INFO fileformat.MultiFileInputFormat: NUMBER OF MAPS: 2
17/03/12 01:31:44 INFO fileformat.MultiFileInputFormat: Split on host: j-066.juliet.futuresystems.org j-059.juliet.futuresystems.org j-061.juliet.futuresystems.org j-012.juliet.futuresystems.org j-053.juliet.futuresystems.org j-065.juliet.futuresystems.org j-064.juliet.futuresystems.org j-060.juliet.futuresystems.org j-056.juliet.futuresystems.org j-063.juliet.futuresystems.org j-055.juliet.futuresystems.org j-057.juliet.futuresystems.org j-062.juliet.futuresystems.org j-058.juliet.futuresystems.org j-054.juliet.futuresystems.org j-013.juliet.futuresystems.org 
17/03/12 01:31:44 INFO fileformat.MultiFileInputFormat: Split on host: j-066.juliet.futuresystems.org j-059.juliet.futuresystems.org j-061.juliet.futuresystems.org j-012.juliet.futuresystems.org j-053.juliet.futuresystems.org j-065.juliet.futuresystems.org j-064.juliet.futuresystems.org j-060.juliet.futuresystems.org j-056.juliet.futuresystems.org j-063.juliet.futuresystems.org j-055.juliet.futuresystems.org j-057.juliet.futuresystems.org j-062.juliet.futuresystems.org j-058.juliet.futuresystems.org j-013.juliet.futuresystems.org j-054.juliet.futuresystems.org 
17/03/12 01:31:44 INFO fileformat.MultiFileInputFormat: Total # of splits: 2
17/03/12 01:31:44 INFO mapreduce.JobSubmitter: number of splits:2
17/03/12 01:31:44 INFO mapreduce.JobSubmitter: Submitting tokens for job: job_1489165733656_0104
command: $JAVA_HOME/bin/java -Dlog4j.configuration=container-log4j.properties -Dyarn.app.container.log.dir=<LOG_DIR> -Dyarn.app.container.log.filesize=0 -Dhadoop.root.logger=INFO,CLA  -Xmx1024m org.apache.hadoop.mapreduce.v2.app.MapCollectiveAppMaster 1><LOG_DIR>/stdout 2><LOG_DIR>/stderr 
17/03/12 01:31:45 INFO impl.YarnClientImpl: Submitted application application_1489165733656_0104
17/03/12 01:31:45 INFO mapreduce.Job: The url to track the job: http://j-011:8088/proxy/application_1489165733656_0104/
17/03/12 01:31:45 INFO mapreduce.Job: Running job: job_1489165733656_0104
17/03/12 01:31:50 INFO mapreduce.Job: Job job_1489165733656_0104 running in uber mode : false
17/03/12 01:31:50 INFO mapreduce.Job:  map 0% reduce 0%
17/03/12 01:32:00 INFO mapreduce.Job:  map 100% reduce 0%
17/03/12 05:39:03 INFO mapreduce.Job: Job job_1489165733656_0104 completed successfully
17/03/12 05:39:03 INFO mapreduce.Job: Counters: 30
	File System Counters
		FILE: Number of bytes read=0
		FILE: Number of bytes written=212630
		FILE: Number of read operations=0
		FILE: Number of large read operations=0
		FILE: Number of write operations=0
		HDFS: Number of bytes read=8237093181
		HDFS: Number of bytes written=23
		HDFS: Number of read operations=16
		HDFS: Number of large read operations=0
		HDFS: Number of write operations=4
	Job Counters 
		Launched map tasks=2
		Other local map tasks=2
		Total time spent by all maps in occupied slots (ms)=22459471
		Total time spent by all reduces in occupied slots (ms)=0
		Total time spent by all map tasks (ms)=22459471
		Total vcore-seconds taken by all map tasks=22459471
		Total megabyte-seconds taken by all map tasks=22998498304
	Map-Reduce Framework
		Map input records=2
		Map output records=1
		Input split bytes=212
		Spilled Records=0
		Failed Shuffles=0
		Merged Map outputs=0
		GC time elapsed (ms)=2532282
		CPU time spent (ms)=124040490
		Physical memory (bytes) snapshot=159960293376
		Virtual memory (bytes) snapshot=162276225024
		Total committed heap usage (bytes)=137438953472
	File Input Format Counters 
		Bytes Read=0
	File Output Format Counters 
		Bytes Written=23
11240060ms
17/03/12 05:39:04 WARN util.NativeCodeLoader: Unable to load native-hadoop library for your platform... using builtin-java classes where applicable
finalCount	38327654416
[The 2 times] Above experiment is: ./runHarpSgcr.sh /N/u/mengli/harp-sahad/experiments/template/u3-1.t sahad-data/nyc/nyc-u-d-2 sahad-output/nyc/nyc-u-d-2/40threads/2 2 40
17/03/12 05:39:05 WARN util.NativeCodeLoader: Unable to load native-hadoop library for your platform... using builtin-java classes where applicable
17/03/12 05:39:06 INFO fs.TrashPolicyDefault: Namenode trash configuration: Deletion interval = 0 minutes, Emptier interval = 0 minutes.
Deleted sahad-output/nyc/nyc-u-d-2/40threads/1
use Local MultiThread? true
set Number of Map Tasks = 2
set number of threads: 40
17/03/12 05:39:07 WARN util.NativeCodeLoader: Unable to load native-hadoop library for your platform... using builtin-java classes where applicable
Get map collective runner
17/03/12 05:39:08 INFO client.RMProxy: Connecting to ResourceManager at j-011/172.16.0.11:8032
17/03/12 05:39:08 INFO input.FileInputFormat: Total input paths to process : 2
17/03/12 05:39:08 INFO fileformat.MultiFileInputFormat: NUMBER OF FILES: 2
17/03/12 05:39:08 INFO fileformat.MultiFileInputFormat: NUMBER OF MAPS: 2
17/03/12 05:39:08 INFO fileformat.MultiFileInputFormat: Split on host: j-066.juliet.futuresystems.org j-059.juliet.futuresystems.org j-061.juliet.futuresystems.org j-053.juliet.futuresystems.org j-012.juliet.futuresystems.org j-065.juliet.futuresystems.org j-064.juliet.futuresystems.org j-060.juliet.futuresystems.org j-056.juliet.futuresystems.org j-063.juliet.futuresystems.org j-055.juliet.futuresystems.org j-057.juliet.futuresystems.org j-062.juliet.futuresystems.org j-058.juliet.futuresystems.org j-054.juliet.futuresystems.org j-013.juliet.futuresystems.org 
17/03/12 05:39:08 INFO fileformat.MultiFileInputFormat: Split on host: j-066.juliet.futuresystems.org j-059.juliet.futuresystems.org j-061.juliet.futuresystems.org j-053.juliet.futuresystems.org j-012.juliet.futuresystems.org j-065.juliet.futuresystems.org j-064.juliet.futuresystems.org j-060.juliet.futuresystems.org j-056.juliet.futuresystems.org j-063.juliet.futuresystems.org j-055.juliet.futuresystems.org j-057.juliet.futuresystems.org j-062.juliet.futuresystems.org j-058.juliet.futuresystems.org j-013.juliet.futuresystems.org j-054.juliet.futuresystems.org 
17/03/12 05:39:08 INFO fileformat.MultiFileInputFormat: Total # of splits: 2
17/03/12 05:39:08 INFO mapreduce.JobSubmitter: number of splits:2
17/03/12 05:39:08 INFO mapreduce.JobSubmitter: Submitting tokens for job: job_1489165733656_0105
command: $JAVA_HOME/bin/java -Dlog4j.configuration=container-log4j.properties -Dyarn.app.container.log.dir=<LOG_DIR> -Dyarn.app.container.log.filesize=0 -Dhadoop.root.logger=INFO,CLA  -Xmx1024m org.apache.hadoop.mapreduce.v2.app.MapCollectiveAppMaster 1><LOG_DIR>/stdout 2><LOG_DIR>/stderr 
17/03/12 05:39:08 INFO impl.YarnClientImpl: Submitted application application_1489165733656_0105
17/03/12 05:39:08 INFO mapreduce.Job: The url to track the job: http://j-011:8088/proxy/application_1489165733656_0105/
17/03/12 05:39:08 INFO mapreduce.Job: Running job: job_1489165733656_0105
17/03/12 05:39:14 INFO mapreduce.Job: Job job_1489165733656_0105 running in uber mode : false
17/03/12 05:39:14 INFO mapreduce.Job:  map 0% reduce 0%
17/03/12 05:39:24 INFO mapreduce.Job:  map 100% reduce 0%
17/03/12 09:35:09 INFO mapreduce.Job: Job job_1489165733656_0105 failed with state FAILED due to: Task failed task_1489165733656_0105_m_000001
Job failed as tasks failed. failedMaps:1 failedReduces:0

17/03/12 09:35:09 INFO mapreduce.Job: Counters: 9
	Job Counters 
		Failed map tasks=1
		Killed map tasks=1
		Launched map tasks=2
		Other local map tasks=2
		Total time spent by all maps in occupied slots (ms)=28306090
		Total time spent by all reduces in occupied slots (ms)=0
		Total time spent by all map tasks (ms)=28306090
		Total vcore-seconds taken by all map tasks=28306090
		Total megabyte-seconds taken by all map tasks=28985436160
14162380ms
17/03/12 09:35:10 WARN util.NativeCodeLoader: Unable to load native-hadoop library for your platform... using builtin-java classes where applicable
cat: `sahad-output/nyc/nyc-u-d-2/40threads/1/*': No such file or directory
[The 1 times] Above experiment is: ./runHarpSgcr.sh /N/u/mengli/harp-sahad/experiments/template/u5-1.t sahad-data/nyc/nyc-u-d-2 sahad-output/nyc/nyc-u-d-2/40threads/1 2 40
17/03/12 09:35:11 WARN util.NativeCodeLoader: Unable to load native-hadoop library for your platform... using builtin-java classes where applicable
17/03/12 09:35:12 INFO fs.TrashPolicyDefault: Namenode trash configuration: Deletion interval = 0 minutes, Emptier interval = 0 minutes.
Deleted sahad-output/nyc/nyc-u-d-2/40threads/2
use Local MultiThread? true
set Number of Map Tasks = 2
set number of threads: 40
17/03/12 09:35:13 WARN util.NativeCodeLoader: Unable to load native-hadoop library for your platform... using builtin-java classes where applicable
Get map collective runner
17/03/12 09:35:14 INFO client.RMProxy: Connecting to ResourceManager at j-011/172.16.0.11:8032
17/03/12 09:35:14 INFO input.FileInputFormat: Total input paths to process : 2
17/03/12 09:35:14 INFO fileformat.MultiFileInputFormat: NUMBER OF FILES: 2
17/03/12 09:35:14 INFO fileformat.MultiFileInputFormat: NUMBER OF MAPS: 2
17/03/12 09:35:14 INFO fileformat.MultiFileInputFormat: Split on host: j-066.juliet.futuresystems.org j-059.juliet.futuresystems.org j-061.juliet.futuresystems.org j-012.juliet.futuresystems.org j-053.juliet.futuresystems.org j-065.juliet.futuresystems.org j-064.juliet.futuresystems.org j-060.juliet.futuresystems.org j-056.juliet.futuresystems.org j-063.juliet.futuresystems.org j-055.juliet.futuresystems.org j-057.juliet.futuresystems.org j-062.juliet.futuresystems.org j-058.juliet.futuresystems.org j-054.juliet.futuresystems.org j-013.juliet.futuresystems.org 
17/03/12 09:35:14 INFO fileformat.MultiFileInputFormat: Split on host: j-066.juliet.futuresystems.org j-059.juliet.futuresystems.org j-061.juliet.futuresystems.org j-053.juliet.futuresystems.org j-012.juliet.futuresystems.org j-065.juliet.futuresystems.org j-064.juliet.futuresystems.org j-060.juliet.futuresystems.org j-056.juliet.futuresystems.org j-063.juliet.futuresystems.org j-055.juliet.futuresystems.org j-057.juliet.futuresystems.org j-062.juliet.futuresystems.org j-058.juliet.futuresystems.org j-013.juliet.futuresystems.org j-054.juliet.futuresystems.org 
17/03/12 09:35:14 INFO fileformat.MultiFileInputFormat: Total # of splits: 2
17/03/12 09:35:14 INFO mapreduce.JobSubmitter: number of splits:2
17/03/12 09:35:14 INFO mapreduce.JobSubmitter: Submitting tokens for job: job_1489165733656_0106
command: $JAVA_HOME/bin/java -Dlog4j.configuration=container-log4j.properties -Dyarn.app.container.log.dir=<LOG_DIR> -Dyarn.app.container.log.filesize=0 -Dhadoop.root.logger=INFO,CLA  -Xmx1024m org.apache.hadoop.mapreduce.v2.app.MapCollectiveAppMaster 1><LOG_DIR>/stdout 2><LOG_DIR>/stderr 
17/03/12 09:35:14 INFO impl.YarnClientImpl: Submitted application application_1489165733656_0106
17/03/12 09:35:14 INFO mapreduce.Job: The url to track the job: http://j-011:8088/proxy/application_1489165733656_0106/
17/03/12 09:35:14 INFO mapreduce.Job: Running job: job_1489165733656_0106
17/03/12 09:35:20 INFO mapreduce.Job: Job job_1489165733656_0106 running in uber mode : false
17/03/12 09:35:20 INFO mapreduce.Job:  map 0% reduce 0%
17/03/12 09:35:31 INFO mapreduce.Job:  map 100% reduce 0%
17/03/12 13:31:42 INFO mapreduce.Job: Job job_1489165733656_0106 failed with state FAILED due to: Task failed task_1489165733656_0106_m_000001
Job failed as tasks failed. failedMaps:1 failedReduces:0

17/03/12 13:31:42 INFO mapreduce.Job: Counters: 9
	Job Counters 
		Failed map tasks=1
		Killed map tasks=1
		Launched map tasks=2
		Other local map tasks=2
		Total time spent by all maps in occupied slots (ms)=28358764
		Total time spent by all reduces in occupied slots (ms)=0
		Total time spent by all map tasks (ms)=28358764
		Total vcore-seconds taken by all map tasks=28358764
		Total megabyte-seconds taken by all map tasks=29039374336
14189307ms
17/03/12 13:31:43 WARN util.NativeCodeLoader: Unable to load native-hadoop library for your platform... using builtin-java classes where applicable
cat: `sahad-output/nyc/nyc-u-d-2/40threads/2/*': No such file or directory
[The 2 times] Above experiment is: ./runHarpSgcr.sh /N/u/mengli/harp-sahad/experiments/template/u5-1.t sahad-data/nyc/nyc-u-d-2 sahad-output/nyc/nyc-u-d-2/40threads/2 2 40
17/03/12 13:31:44 WARN util.NativeCodeLoader: Unable to load native-hadoop library for your platform... using builtin-java classes where applicable
17/03/12 13:31:45 INFO fs.TrashPolicyDefault: Namenode trash configuration: Deletion interval = 0 minutes, Emptier interval = 0 minutes.
Deleted sahad-output/nyc/nyc-u-d-2/40threads/1
use Local MultiThread? true
set Number of Map Tasks = 2
set number of threads: 40
17/03/12 13:31:46 WARN util.NativeCodeLoader: Unable to load native-hadoop library for your platform... using builtin-java classes where applicable
Get map collective runner
17/03/12 13:31:47 INFO client.RMProxy: Connecting to ResourceManager at j-011/172.16.0.11:8032
17/03/12 13:31:47 INFO input.FileInputFormat: Total input paths to process : 2
17/03/12 13:31:47 INFO fileformat.MultiFileInputFormat: NUMBER OF FILES: 2
17/03/12 13:31:47 INFO fileformat.MultiFileInputFormat: NUMBER OF MAPS: 2
17/03/12 13:31:47 INFO fileformat.MultiFileInputFormat: Split on host: j-066.juliet.futuresystems.org j-059.juliet.futuresystems.org j-061.juliet.futuresystems.org j-053.juliet.futuresystems.org j-012.juliet.futuresystems.org j-065.juliet.futuresystems.org j-064.juliet.futuresystems.org j-060.juliet.futuresystems.org j-056.juliet.futuresystems.org j-063.juliet.futuresystems.org j-055.juliet.futuresystems.org j-057.juliet.futuresystems.org j-062.juliet.futuresystems.org j-058.juliet.futuresystems.org j-054.juliet.futuresystems.org j-013.juliet.futuresystems.org 
17/03/12 13:31:47 INFO fileformat.MultiFileInputFormat: Split on host: j-066.juliet.futuresystems.org j-059.juliet.futuresystems.org j-061.juliet.futuresystems.org j-053.juliet.futuresystems.org j-012.juliet.futuresystems.org j-065.juliet.futuresystems.org j-064.juliet.futuresystems.org j-060.juliet.futuresystems.org j-056.juliet.futuresystems.org j-063.juliet.futuresystems.org j-055.juliet.futuresystems.org j-057.juliet.futuresystems.org j-062.juliet.futuresystems.org j-058.juliet.futuresystems.org j-013.juliet.futuresystems.org j-054.juliet.futuresystems.org 
17/03/12 13:31:47 INFO fileformat.MultiFileInputFormat: Total # of splits: 2
17/03/12 13:31:47 INFO mapreduce.JobSubmitter: number of splits:2
17/03/12 13:31:47 INFO mapreduce.JobSubmitter: Submitting tokens for job: job_1489165733656_0107
command: $JAVA_HOME/bin/java -Dlog4j.configuration=container-log4j.properties -Dyarn.app.container.log.dir=<LOG_DIR> -Dyarn.app.container.log.filesize=0 -Dhadoop.root.logger=INFO,CLA  -Xmx1024m org.apache.hadoop.mapreduce.v2.app.MapCollectiveAppMaster 1><LOG_DIR>/stdout 2><LOG_DIR>/stderr 
17/03/12 13:31:47 INFO impl.YarnClientImpl: Submitted application application_1489165733656_0107
17/03/12 13:31:48 INFO mapreduce.Job: The url to track the job: http://j-011:8088/proxy/application_1489165733656_0107/
17/03/12 13:31:48 INFO mapreduce.Job: Running job: job_1489165733656_0107
17/03/12 13:31:53 INFO mapreduce.Job: Job job_1489165733656_0107 running in uber mode : false
17/03/12 13:31:53 INFO mapreduce.Job:  map 0% reduce 0%
17/03/12 13:32:03 INFO mapreduce.Job:  map 100% reduce 0%
17/03/12 17:06:02 INFO mapreduce.Job:  map 0% reduce 0%
17/03/12 17:06:02 INFO mapreduce.Job: Job job_1489165733656_0107 failed with state KILLED due to: Application killed by user.
17/03/12 17:06:02 INFO mapreduce.Job: Counters: 0
12856130ms
17/03/12 17:06:03 WARN util.NativeCodeLoader: Unable to load native-hadoop library for your platform... using builtin-java classes where applicable
cat: `sahad-output/nyc/nyc-u-d-2/40threads/1/_temporary': Is a directory
[The 1 times] Above experiment is: ./runHarpSgcr.sh /N/u/mengli/harp-sahad/experiments/template/u7-1.t sahad-data/nyc/nyc-u-d-2 sahad-output/nyc/nyc-u-d-2/40threads/1 2 40
17/03/12 17:06:04 WARN util.NativeCodeLoader: Unable to load native-hadoop library for your platform... using builtin-java classes where applicable
17/03/12 17:06:05 INFO fs.TrashPolicyDefault: Namenode trash configuration: Deletion interval = 0 minutes, Emptier interval = 0 minutes.
Deleted sahad-output/nyc/nyc-u-d-2/40threads/2
use Local MultiThread? true
set Number of Map Tasks = 2
set number of threads: 40
17/03/12 17:06:06 WARN util.NativeCodeLoader: Unable to load native-hadoop library for your platform... using builtin-java classes where applicable
Get map collective runner
17/03/12 17:06:06 INFO client.RMProxy: Connecting to ResourceManager at j-011/172.16.0.11:8032
17/03/12 17:06:07 INFO input.FileInputFormat: Total input paths to process : 2
17/03/12 17:06:07 INFO fileformat.MultiFileInputFormat: NUMBER OF FILES: 2
17/03/12 17:06:07 INFO fileformat.MultiFileInputFormat: NUMBER OF MAPS: 2
17/03/12 17:06:07 INFO fileformat.MultiFileInputFormat: Split on host: j-066.juliet.futuresystems.org j-059.juliet.futuresystems.org j-061.juliet.futuresystems.org j-012.juliet.futuresystems.org j-053.juliet.futuresystems.org j-065.juliet.futuresystems.org j-064.juliet.futuresystems.org j-060.juliet.futuresystems.org j-056.juliet.futuresystems.org j-063.juliet.futuresystems.org j-055.juliet.futuresystems.org j-057.juliet.futuresystems.org j-062.juliet.futuresystems.org j-058.juliet.futuresystems.org j-054.juliet.futuresystems.org j-013.juliet.futuresystems.org 
17/03/12 17:06:07 INFO fileformat.MultiFileInputFormat: Split on host: j-066.juliet.futuresystems.org j-059.juliet.futuresystems.org j-061.juliet.futuresystems.org j-012.juliet.futuresystems.org j-053.juliet.futuresystems.org j-065.juliet.futuresystems.org j-064.juliet.futuresystems.org j-060.juliet.futuresystems.org j-056.juliet.futuresystems.org j-063.juliet.futuresystems.org j-055.juliet.futuresystems.org j-057.juliet.futuresystems.org j-062.juliet.futuresystems.org j-058.juliet.futuresystems.org j-013.juliet.futuresystems.org j-054.juliet.futuresystems.org 
17/03/12 17:06:07 INFO fileformat.MultiFileInputFormat: Total # of splits: 2
17/03/12 17:06:07 INFO mapreduce.JobSubmitter: number of splits:2
17/03/12 17:06:07 INFO mapreduce.JobSubmitter: Submitting tokens for job: job_1489165733656_0108
command: $JAVA_HOME/bin/java -Dlog4j.configuration=container-log4j.properties -Dyarn.app.container.log.dir=<LOG_DIR> -Dyarn.app.container.log.filesize=0 -Dhadoop.root.logger=INFO,CLA  -Xmx1024m org.apache.hadoop.mapreduce.v2.app.MapCollectiveAppMaster 1><LOG_DIR>/stdout 2><LOG_DIR>/stderr 
17/03/12 17:06:07 INFO impl.YarnClientImpl: Submitted application application_1489165733656_0108
17/03/12 17:06:07 INFO mapreduce.Job: The url to track the job: http://j-011:8088/proxy/application_1489165733656_0108/
17/03/12 17:06:07 INFO mapreduce.Job: Running job: job_1489165733656_0108
17/03/12 17:06:13 INFO mapreduce.Job: Job job_1489165733656_0108 running in uber mode : false
17/03/12 17:06:13 INFO mapreduce.Job:  map 0% reduce 0%
17/03/12 17:06:13 INFO mapreduce.Job: Job job_1489165733656_0108 failed with state KILLED due to: Application killed by user.
17/03/12 17:06:13 INFO mapreduce.Job: Counters: 0
7375ms
17/03/12 17:06:14 WARN util.NativeCodeLoader: Unable to load native-hadoop library for your platform... using builtin-java classes where applicable
cat: `sahad-output/nyc/nyc-u-d-2/40threads/2/_temporary': Is a directory
[The 2 times] Above experiment is: ./runHarpSgcr.sh /N/u/mengli/harp-sahad/experiments/template/u7-1.t sahad-data/nyc/nyc-u-d-2 sahad-output/nyc/nyc-u-d-2/40threads/2 2 40
