17/04/09 13:12:08 WARN util.NativeCodeLoader: Unable to load native-hadoop library for your platform... using builtin-java classes where applicable
17/04/09 13:12:09 INFO fs.TrashPolicyDefault: Namenode trash configuration: Deletion interval = 0 minutes, Emptier interval = 0 minutes.
Deleted sahad-output/nyc/nyc-u-e-4/40-threads/1
use Local MultiThread? true
set Number of Map Tasks = 4
set number of threads: 40
17/04/09 13:12:10 WARN util.NativeCodeLoader: Unable to load native-hadoop library for your platform... using builtin-java classes where applicable
Get map collective runner
17/04/09 13:12:10 INFO client.RMProxy: Connecting to ResourceManager at j-011/172.16.0.11:8032
17/04/09 13:12:12 INFO input.FileInputFormat: Total input paths to process : 4
17/04/09 13:12:12 INFO fileformat.MultiFileInputFormat: NUMBER OF FILES: 4
17/04/09 13:12:12 INFO fileformat.MultiFileInputFormat: NUMBER OF MAPS: 4
17/04/09 13:12:12 INFO fileformat.MultiFileInputFormat: Split on host: j-059.juliet.futuresystems.org j-061.juliet.futuresystems.org j-012.juliet.futuresystems.org j-053.juliet.futuresystems.org j-065.juliet.futuresystems.org j-064.juliet.futuresystems.org j-060.juliet.futuresystems.org j-056.juliet.futuresystems.org j-063.juliet.futuresystems.org j-055.juliet.futuresystems.org j-057.juliet.futuresystems.org j-062.juliet.futuresystems.org j-054.juliet.futuresystems.org j-013.juliet.futuresystems.org 
17/04/09 13:12:12 INFO fileformat.MultiFileInputFormat: Split on host: j-059.juliet.futuresystems.org j-012.juliet.futuresystems.org j-053.juliet.futuresystems.org j-065.juliet.futuresystems.org j-064.juliet.futuresystems.org j-060.juliet.futuresystems.org j-056.juliet.futuresystems.org j-063.juliet.futuresystems.org j-055.juliet.futuresystems.org j-057.juliet.futuresystems.org j-062.juliet.futuresystems.org j-058.juliet.futuresystems.org j-013.juliet.futuresystems.org j-054.juliet.futuresystems.org 
17/04/09 13:12:12 INFO fileformat.MultiFileInputFormat: Split on host: j-059.juliet.futuresystems.org j-061.juliet.futuresystems.org j-012.juliet.futuresystems.org j-053.juliet.futuresystems.org j-065.juliet.futuresystems.org j-064.juliet.futuresystems.org j-060.juliet.futuresystems.org j-056.juliet.futuresystems.org j-063.juliet.futuresystems.org j-057.juliet.futuresystems.org j-055.juliet.futuresystems.org j-062.juliet.futuresystems.org j-058.juliet.futuresystems.org j-013.juliet.futuresystems.org j-054.juliet.futuresystems.org 
17/04/09 13:12:12 INFO fileformat.MultiFileInputFormat: Split on host: j-059.juliet.futuresystems.org j-061.juliet.futuresystems.org j-012.juliet.futuresystems.org j-053.juliet.futuresystems.org j-065.juliet.futuresystems.org j-064.juliet.futuresystems.org j-060.juliet.futuresystems.org j-056.juliet.futuresystems.org j-063.juliet.futuresystems.org j-055.juliet.futuresystems.org j-057.juliet.futuresystems.org j-062.juliet.futuresystems.org j-058.juliet.futuresystems.org j-013.juliet.futuresystems.org j-054.juliet.futuresystems.org 
17/04/09 13:12:12 INFO fileformat.MultiFileInputFormat: Total # of splits: 4
17/04/09 13:12:13 INFO mapreduce.JobSubmitter: number of splits:4
17/04/09 13:12:13 INFO mapreduce.JobSubmitter: Submitting tokens for job: job_1491757804766_0001
command: $JAVA_HOME/bin/java -Dlog4j.configuration=container-log4j.properties -Dyarn.app.container.log.dir=<LOG_DIR> -Dyarn.app.container.log.filesize=0 -Dhadoop.root.logger=INFO,CLA  -Xmx1024m org.apache.hadoop.mapreduce.v2.app.MapCollectiveAppMaster 1><LOG_DIR>/stdout 2><LOG_DIR>/stderr 
17/04/09 13:12:13 INFO impl.YarnClientImpl: Submitted application application_1491757804766_0001
17/04/09 13:12:13 INFO mapreduce.Job: The url to track the job: http://j-011:8088/proxy/application_1491757804766_0001/
17/04/09 13:12:13 INFO mapreduce.Job: Running job: job_1491757804766_0001
17/04/09 13:12:19 INFO mapreduce.Job: Job job_1491757804766_0001 running in uber mode : false
17/04/09 13:12:19 INFO mapreduce.Job:  map 0% reduce 0%
17/04/09 13:12:30 INFO mapreduce.Job:  map 75% reduce 0%
17/04/09 13:12:31 INFO mapreduce.Job:  map 100% reduce 0%
17/04/09 14:30:03 INFO mapreduce.Job: Job job_1491757804766_0001 completed successfully
17/04/09 14:30:03 INFO mapreduce.Job: Counters: 30
	File System Counters
		FILE: Number of bytes read=0
		FILE: Number of bytes written=425248
		FILE: Number of read operations=0
		FILE: Number of large read operations=0
		FILE: Number of write operations=0
		HDFS: Number of bytes read=8237093811
		HDFS: Number of bytes written=23
		HDFS: Number of read operations=32
		HDFS: Number of large read operations=0
		HDFS: Number of write operations=8
	Job Counters 
		Launched map tasks=4
		Other local map tasks=4
		Total time spent by all maps in occupied slots (ms)=18641736
		Total time spent by all reduces in occupied slots (ms)=0
		Total time spent by all map tasks (ms)=18641736
		Total vcore-seconds taken by all map tasks=18641736
		Total megabyte-seconds taken by all map tasks=19089137664
	Map-Reduce Framework
		Map input records=4
		Map output records=1
		Input split bytes=416
		Spilled Records=0
		Failed Shuffles=0
		Merged Map outputs=0
		GC time elapsed (ms)=143886
		CPU time spent (ms)=25833300
		Physical memory (bytes) snapshot=224781496320
		Virtual memory (bytes) snapshot=324615876608
		Total committed heap usage (bytes)=274877906944
	File Input Format Counters 
		Bytes Read=0
	File Output Format Counters 
		Bytes Written=23
4673979ms
17/04/09 14:30:04 WARN util.NativeCodeLoader: Unable to load native-hadoop library for your platform... using builtin-java classes where applicable
finalCount	37649999943
[The 1 times] Above experiment is: ./runHarpSgcr.sh /N/u/mengli/harp-sahad/experiments/template/u3-1.t sahad-data/nyc/nyc-u-e-4 sahad-output/nyc/nyc-u-e-4/40-threads/1 4 40
17/04/09 14:30:06 WARN util.NativeCodeLoader: Unable to load native-hadoop library for your platform... using builtin-java classes where applicable
17/04/09 14:30:07 INFO fs.TrashPolicyDefault: Namenode trash configuration: Deletion interval = 0 minutes, Emptier interval = 0 minutes.
Deleted sahad-output/nyc/nyc-u-e-4/40-threads/2
use Local MultiThread? true
set Number of Map Tasks = 4
set number of threads: 40
17/04/09 14:30:08 WARN util.NativeCodeLoader: Unable to load native-hadoop library for your platform... using builtin-java classes where applicable
Get map collective runner
17/04/09 14:30:08 INFO client.RMProxy: Connecting to ResourceManager at j-011/172.16.0.11:8032
17/04/09 14:30:09 INFO input.FileInputFormat: Total input paths to process : 4
17/04/09 14:30:09 INFO fileformat.MultiFileInputFormat: NUMBER OF FILES: 4
17/04/09 14:30:09 INFO fileformat.MultiFileInputFormat: NUMBER OF MAPS: 4
17/04/09 14:30:09 INFO fileformat.MultiFileInputFormat: Split on host: j-059.juliet.futuresystems.org j-061.juliet.futuresystems.org j-012.juliet.futuresystems.org j-053.juliet.futuresystems.org j-065.juliet.futuresystems.org j-064.juliet.futuresystems.org j-060.juliet.futuresystems.org j-056.juliet.futuresystems.org j-063.juliet.futuresystems.org j-055.juliet.futuresystems.org j-057.juliet.futuresystems.org j-062.juliet.futuresystems.org j-054.juliet.futuresystems.org j-013.juliet.futuresystems.org 
17/04/09 14:30:09 INFO fileformat.MultiFileInputFormat: Split on host: j-059.juliet.futuresystems.org j-012.juliet.futuresystems.org j-053.juliet.futuresystems.org j-065.juliet.futuresystems.org j-064.juliet.futuresystems.org j-060.juliet.futuresystems.org j-056.juliet.futuresystems.org j-063.juliet.futuresystems.org j-055.juliet.futuresystems.org j-057.juliet.futuresystems.org j-062.juliet.futuresystems.org j-058.juliet.futuresystems.org j-054.juliet.futuresystems.org j-013.juliet.futuresystems.org 
17/04/09 14:30:09 INFO fileformat.MultiFileInputFormat: Split on host: j-059.juliet.futuresystems.org j-061.juliet.futuresystems.org j-012.juliet.futuresystems.org j-053.juliet.futuresystems.org j-065.juliet.futuresystems.org j-064.juliet.futuresystems.org j-060.juliet.futuresystems.org j-056.juliet.futuresystems.org j-063.juliet.futuresystems.org j-057.juliet.futuresystems.org j-055.juliet.futuresystems.org j-062.juliet.futuresystems.org j-058.juliet.futuresystems.org j-013.juliet.futuresystems.org j-054.juliet.futuresystems.org 
17/04/09 14:30:09 INFO fileformat.MultiFileInputFormat: Split on host: j-059.juliet.futuresystems.org j-061.juliet.futuresystems.org j-012.juliet.futuresystems.org j-053.juliet.futuresystems.org j-065.juliet.futuresystems.org j-064.juliet.futuresystems.org j-060.juliet.futuresystems.org j-056.juliet.futuresystems.org j-063.juliet.futuresystems.org j-055.juliet.futuresystems.org j-057.juliet.futuresystems.org j-062.juliet.futuresystems.org j-058.juliet.futuresystems.org j-013.juliet.futuresystems.org j-054.juliet.futuresystems.org 
17/04/09 14:30:09 INFO fileformat.MultiFileInputFormat: Total # of splits: 4
17/04/09 14:30:09 INFO mapreduce.JobSubmitter: number of splits:4
17/04/09 14:30:09 INFO mapreduce.JobSubmitter: Submitting tokens for job: job_1491757804766_0002
command: $JAVA_HOME/bin/java -Dlog4j.configuration=container-log4j.properties -Dyarn.app.container.log.dir=<LOG_DIR> -Dyarn.app.container.log.filesize=0 -Dhadoop.root.logger=INFO,CLA  -Xmx1024m org.apache.hadoop.mapreduce.v2.app.MapCollectiveAppMaster 1><LOG_DIR>/stdout 2><LOG_DIR>/stderr 
17/04/09 14:30:09 INFO impl.YarnClientImpl: Submitted application application_1491757804766_0002
17/04/09 14:30:09 INFO mapreduce.Job: The url to track the job: http://j-011:8088/proxy/application_1491757804766_0002/
17/04/09 14:30:09 INFO mapreduce.Job: Running job: job_1491757804766_0002
17/04/09 14:30:15 INFO mapreduce.Job: Job job_1491757804766_0002 running in uber mode : false
17/04/09 14:30:15 INFO mapreduce.Job:  map 0% reduce 0%
17/04/09 14:30:26 INFO mapreduce.Job:  map 100% reduce 0%
17/04/09 15:45:25 INFO mapreduce.Job: Job job_1491757804766_0002 completed successfully
17/04/09 15:45:25 INFO mapreduce.Job: Counters: 30
	File System Counters
		FILE: Number of bytes read=0
		FILE: Number of bytes written=425248
		FILE: Number of read operations=0
		FILE: Number of large read operations=0
		FILE: Number of write operations=0
		HDFS: Number of bytes read=8237093811
		HDFS: Number of bytes written=23
		HDFS: Number of read operations=32
		HDFS: Number of large read operations=0
		HDFS: Number of write operations=8
	Job Counters 
		Launched map tasks=4
		Other local map tasks=4
		Total time spent by all maps in occupied slots (ms)=18029554
		Total time spent by all reduces in occupied slots (ms)=0
		Total time spent by all map tasks (ms)=18029554
		Total vcore-seconds taken by all map tasks=18029554
		Total megabyte-seconds taken by all map tasks=18462263296
	Map-Reduce Framework
		Map input records=4
		Map output records=1
		Input split bytes=416
		Spilled Records=0
		Failed Shuffles=0
		Merged Map outputs=0
		GC time elapsed (ms)=140194
		CPU time spent (ms)=24632050
		Physical memory (bytes) snapshot=220599709696
		Virtual memory (bytes) snapshot=324590399488
		Total committed heap usage (bytes)=274877906944
	File Input Format Counters 
		Bytes Read=0
	File Output Format Counters 
		Bytes Written=23
4517938ms
17/04/09 15:45:26 WARN util.NativeCodeLoader: Unable to load native-hadoop library for your platform... using builtin-java classes where applicable
finalCount	37655451864
[The 2 times] Above experiment is: ./runHarpSgcr.sh /N/u/mengli/harp-sahad/experiments/template/u3-1.t sahad-data/nyc/nyc-u-e-4 sahad-output/nyc/nyc-u-e-4/40-threads/2 4 40
