17/04/06 14:23:10 WARN util.NativeCodeLoader: Unable to load native-hadoop library for your platform... using builtin-java classes where applicable
17/04/06 14:23:11 INFO fs.TrashPolicyDefault: Namenode trash configuration: Deletion interval = 0 minutes, Emptier interval = 0 minutes.
Deleted sahad-output/nyc/nyc-u-e-16/40-threads/1
use Local MultiThread? true
set Number of Map Tasks = 16
set number of threads: 40
17/04/06 14:23:12 WARN util.NativeCodeLoader: Unable to load native-hadoop library for your platform... using builtin-java classes where applicable
Get map collective runner
17/04/06 14:23:13 INFO client.RMProxy: Connecting to ResourceManager at j-011/172.16.0.11:8032
17/04/06 14:23:13 INFO input.FileInputFormat: Total input paths to process : 16
17/04/06 14:23:13 INFO fileformat.MultiFileInputFormat: NUMBER OF FILES: 16
17/04/06 14:23:13 INFO fileformat.MultiFileInputFormat: NUMBER OF MAPS: 16
17/04/06 14:23:13 INFO fileformat.MultiFileInputFormat: Split on host: j-056.juliet.futuresystems.org j-066.juliet.futuresystems.org j-059.juliet.futuresystems.org j-063.juliet.futuresystems.org j-055.juliet.futuresystems.org j-053.juliet.futuresystems.org j-062.juliet.futuresystems.org j-065.juliet.futuresystems.org j-064.juliet.futuresystems.org j-060.juliet.futuresystems.org 
17/04/06 14:23:13 INFO fileformat.MultiFileInputFormat: Split on host: j-066.juliet.futuresystems.org j-063.juliet.futuresystems.org j-061.juliet.futuresystems.org j-055.juliet.futuresystems.org j-053.juliet.futuresystems.org j-012.juliet.futuresystems.org j-058.juliet.futuresystems.org j-054.juliet.futuresystems.org j-013.juliet.futuresystems.org 
17/04/06 14:23:13 INFO fileformat.MultiFileInputFormat: Split on host: j-056.juliet.futuresystems.org j-063.juliet.futuresystems.org j-059.juliet.futuresystems.org j-061.juliet.futuresystems.org j-057.juliet.futuresystems.org j-012.juliet.futuresystems.org j-053.juliet.futuresystems.org j-065.juliet.futuresystems.org j-058.juliet.futuresystems.org j-013.juliet.futuresystems.org 
17/04/06 14:23:13 INFO fileformat.MultiFileInputFormat: Split on host: j-066.juliet.futuresystems.org j-059.juliet.futuresystems.org j-063.juliet.futuresystems.org j-055.juliet.futuresystems.org j-057.juliet.futuresystems.org j-065.juliet.futuresystems.org j-064.juliet.futuresystems.org j-058.juliet.futuresystems.org j-060.juliet.futuresystems.org 
17/04/06 14:23:13 INFO fileformat.MultiFileInputFormat: Split on host: j-056.juliet.futuresystems.org j-063.juliet.futuresystems.org j-055.juliet.futuresystems.org j-057.juliet.futuresystems.org j-012.juliet.futuresystems.org j-053.juliet.futuresystems.org j-065.juliet.futuresystems.org j-064.juliet.futuresystems.org j-058.juliet.futuresystems.org j-060.juliet.futuresystems.org 
17/04/06 14:23:13 INFO fileformat.MultiFileInputFormat: Split on host: j-056.juliet.futuresystems.org j-066.juliet.futuresystems.org j-063.juliet.futuresystems.org j-061.juliet.futuresystems.org j-055.juliet.futuresystems.org j-053.juliet.futuresystems.org j-012.juliet.futuresystems.org j-062.juliet.futuresystems.org j-058.juliet.futuresystems.org j-060.juliet.futuresystems.org j-013.juliet.futuresystems.org 
17/04/06 14:23:13 INFO fileformat.MultiFileInputFormat: Split on host: j-066.juliet.futuresystems.org j-056.juliet.futuresystems.org j-063.juliet.futuresystems.org j-061.juliet.futuresystems.org j-055.juliet.futuresystems.org j-053.juliet.futuresystems.org j-062.juliet.futuresystems.org j-065.juliet.futuresystems.org j-060.juliet.futuresystems.org j-013.juliet.futuresystems.org 
17/04/06 14:23:13 INFO fileformat.MultiFileInputFormat: Split on host: j-066.juliet.futuresystems.org j-063.juliet.futuresystems.org j-061.juliet.futuresystems.org j-057.juliet.futuresystems.org j-055.juliet.futuresystems.org j-053.juliet.futuresystems.org j-012.juliet.futuresystems.org j-058.juliet.futuresystems.org j-060.juliet.futuresystems.org j-013.juliet.futuresystems.org 
17/04/06 14:23:13 INFO fileformat.MultiFileInputFormat: Split on host: j-066.juliet.futuresystems.org j-061.juliet.futuresystems.org j-053.juliet.futuresystems.org j-062.juliet.futuresystems.org j-065.juliet.futuresystems.org j-064.juliet.futuresystems.org j-058.juliet.futuresystems.org j-060.juliet.futuresystems.org j-054.juliet.futuresystems.org j-013.juliet.futuresystems.org 
17/04/06 14:23:13 INFO fileformat.MultiFileInputFormat: Split on host: j-056.juliet.futuresystems.org j-063.juliet.futuresystems.org j-059.juliet.futuresystems.org j-061.juliet.futuresystems.org j-057.juliet.futuresystems.org j-053.juliet.futuresystems.org j-012.juliet.futuresystems.org j-064.juliet.futuresystems.org j-058.juliet.futuresystems.org j-060.juliet.futuresystems.org 
17/04/06 14:23:13 INFO fileformat.MultiFileInputFormat: Split on host: j-066.juliet.futuresystems.org j-063.juliet.futuresystems.org j-057.juliet.futuresystems.org j-055.juliet.futuresystems.org j-053.juliet.futuresystems.org j-012.juliet.futuresystems.org j-065.juliet.futuresystems.org j-058.juliet.futuresystems.org j-060.juliet.futuresystems.org j-013.juliet.futuresystems.org j-054.juliet.futuresystems.org 
17/04/06 14:23:13 INFO fileformat.MultiFileInputFormat: Split on host: j-056.juliet.futuresystems.org j-066.juliet.futuresystems.org j-063.juliet.futuresystems.org j-061.juliet.futuresystems.org j-057.juliet.futuresystems.org j-053.juliet.futuresystems.org j-062.juliet.futuresystems.org j-065.juliet.futuresystems.org j-060.juliet.futuresystems.org j-013.juliet.futuresystems.org j-054.juliet.futuresystems.org 
17/04/06 14:23:13 INFO fileformat.MultiFileInputFormat: Split on host: j-066.juliet.futuresystems.org j-056.juliet.futuresystems.org j-059.juliet.futuresystems.org j-055.juliet.futuresystems.org j-053.juliet.futuresystems.org j-012.juliet.futuresystems.org j-062.juliet.futuresystems.org j-064.juliet.futuresystems.org j-058.juliet.futuresystems.org j-060.juliet.futuresystems.org j-054.juliet.futuresystems.org j-013.juliet.futuresystems.org 
17/04/06 14:23:13 INFO fileformat.MultiFileInputFormat: Split on host: j-056.juliet.futuresystems.org j-066.juliet.futuresystems.org j-059.juliet.futuresystems.org j-063.juliet.futuresystems.org j-061.juliet.futuresystems.org j-057.juliet.futuresystems.org j-053.juliet.futuresystems.org j-065.juliet.futuresystems.org j-060.juliet.futuresystems.org j-013.juliet.futuresystems.org j-054.juliet.futuresystems.org 
17/04/06 14:23:13 INFO fileformat.MultiFileInputFormat: Split on host: j-059.juliet.futuresystems.org j-063.juliet.futuresystems.org j-061.juliet.futuresystems.org j-057.juliet.futuresystems.org j-062.juliet.futuresystems.org j-065.juliet.futuresystems.org j-064.juliet.futuresystems.org j-060.juliet.futuresystems.org j-013.juliet.futuresystems.org 
17/04/06 14:23:13 INFO fileformat.MultiFileInputFormat: Split on host: j-066.juliet.futuresystems.org j-056.juliet.futuresystems.org j-061.juliet.futuresystems.org j-055.juliet.futuresystems.org j-012.juliet.futuresystems.org j-058.juliet.futuresystems.org j-054.juliet.futuresystems.org j-013.juliet.futuresystems.org 
17/04/06 14:23:13 INFO fileformat.MultiFileInputFormat: Total # of splits: 16
17/04/06 14:23:13 INFO mapreduce.JobSubmitter: number of splits:16
17/04/06 14:23:13 INFO mapreduce.JobSubmitter: Submitting tokens for job: job_1491502783677_0002
command: $JAVA_HOME/bin/java -Dlog4j.configuration=container-log4j.properties -Dyarn.app.container.log.dir=<LOG_DIR> -Dyarn.app.container.log.filesize=0 -Dhadoop.root.logger=INFO,CLA  -Xmx1024m org.apache.hadoop.mapreduce.v2.app.MapCollectiveAppMaster 1><LOG_DIR>/stdout 2><LOG_DIR>/stderr 
17/04/06 14:23:14 INFO impl.YarnClientImpl: Submitted application application_1491502783677_0002
17/04/06 14:23:14 INFO mapreduce.Job: The url to track the job: http://j-011:8088/proxy/application_1491502783677_0002/
17/04/06 14:23:14 INFO mapreduce.Job: Running job: job_1491502783677_0002
17/04/06 14:23:19 INFO mapreduce.Job: Job job_1491502783677_0002 running in uber mode : false
17/04/06 14:23:19 INFO mapreduce.Job:  map 0% reduce 0%
17/04/06 14:23:29 INFO mapreduce.Job:  map 100% reduce 0%
17/04/06 14:47:40 INFO mapreduce.Job: Job job_1491502783677_0002 completed successfully
17/04/06 14:47:40 INFO mapreduce.Job: Counters: 30
	File System Counters
		FILE: Number of bytes read=0
		FILE: Number of bytes written=1701094
		FILE: Number of read operations=0
		FILE: Number of large read operations=0
		FILE: Number of write operations=0
		HDFS: Number of bytes read=8237103703
		HDFS: Number of bytes written=23
		HDFS: Number of read operations=128
		HDFS: Number of large read operations=0
		HDFS: Number of write operations=32
	Job Counters 
		Launched map tasks=16
		Other local map tasks=16
		Total time spent by all maps in occupied slots (ms)=23330202
		Total time spent by all reduces in occupied slots (ms)=0
		Total time spent by all map tasks (ms)=23330202
		Total vcore-seconds taken by all map tasks=23330202
		Total megabyte-seconds taken by all map tasks=23890126848
	Map-Reduce Framework
		Map input records=16
		Map output records=1
		Input split bytes=1680
		Spilled Records=0
		Failed Shuffles=0
		Merged Map outputs=0
		GC time elapsed (ms)=106399
		CPU time spent (ms)=32909690
		Physical memory (bytes) snapshot=482250649600
		Virtual memory (bytes) snapshot=1298308034560
		Total committed heap usage (bytes)=1097537683456
	File Input Format Counters 
		Bytes Read=0
	File Output Format Counters 
		Bytes Written=23
1468547ms
17/04/06 14:47:41 WARN util.NativeCodeLoader: Unable to load native-hadoop library for your platform... using builtin-java classes where applicable
finalCount	37651590081
[The 1 times] Above experiment is: ./runHarpSgcr.sh /N/u/mengli/harp-sahad/experiments/template/u3-1.t sahad-data/nyc/nyc-u-e-16 sahad-output/nyc/nyc-u-e-16/40-threads/1 16 40
