17/03/18 15:08:37 WARN util.NativeCodeLoader: Unable to load native-hadoop library for your platform... using builtin-java classes where applicable
rm: `sahad-output/nyc/nyc-u-cl5-4/40threads/1': No such file or directory
use Local MultiThread? true
set Number of Map Tasks = 4
set number of threads: 40
17/03/18 15:08:39 WARN util.NativeCodeLoader: Unable to load native-hadoop library for your platform... using builtin-java classes where applicable
Get map collective runner
17/03/18 15:08:39 INFO client.RMProxy: Connecting to ResourceManager at j-011/172.16.0.11:8032
17/03/18 15:08:40 INFO input.FileInputFormat: Total input paths to process : 4
17/03/18 15:08:40 INFO fileformat.MultiFileInputFormat: NUMBER OF FILES: 4
17/03/18 15:08:40 INFO fileformat.MultiFileInputFormat: NUMBER OF MAPS: 4
17/03/18 15:08:40 INFO fileformat.MultiFileInputFormat: Split on host: j-063.juliet.futuresystems.org j-059.juliet.futuresystems.org j-057.juliet.futuresystems.org j-062.juliet.futuresystems.org j-065.juliet.futuresystems.org j-064.juliet.futuresystems.org 
17/03/18 15:08:40 INFO fileformat.MultiFileInputFormat: Split on host: j-056.juliet.futuresystems.org j-061.juliet.futuresystems.org j-012.juliet.futuresystems.org j-053.juliet.futuresystems.org j-065.juliet.futuresystems.org j-013.juliet.futuresystems.org 
17/03/18 15:08:40 INFO fileformat.MultiFileInputFormat: Split on host: j-059.juliet.futuresystems.org j-061.juliet.futuresystems.org j-057.juliet.futuresystems.org j-064.juliet.futuresystems.org j-058.juliet.futuresystems.org j-060.juliet.futuresystems.org j-013.juliet.futuresystems.org j-054.juliet.futuresystems.org 
17/03/18 15:08:40 INFO fileformat.MultiFileInputFormat: Split on host: j-066.juliet.futuresystems.org j-059.juliet.futuresystems.org j-061.juliet.futuresystems.org j-012.juliet.futuresystems.org j-053.juliet.futuresystems.org j-065.juliet.futuresystems.org j-064.juliet.futuresystems.org j-060.juliet.futuresystems.org j-056.juliet.futuresystems.org j-063.juliet.futuresystems.org j-055.juliet.futuresystems.org j-057.juliet.futuresystems.org j-062.juliet.futuresystems.org j-058.juliet.futuresystems.org j-013.juliet.futuresystems.org j-054.juliet.futuresystems.org 
17/03/18 15:08:40 INFO fileformat.MultiFileInputFormat: Total # of splits: 4
17/03/18 15:08:40 INFO mapreduce.JobSubmitter: number of splits:4
17/03/18 15:08:40 INFO mapreduce.JobSubmitter: Submitting tokens for job: job_1489165733656_0355
command: $JAVA_HOME/bin/java -Dlog4j.configuration=container-log4j.properties -Dyarn.app.container.log.dir=<LOG_DIR> -Dyarn.app.container.log.filesize=0 -Dhadoop.root.logger=INFO,CLA  -Xmx1024m org.apache.hadoop.mapreduce.v2.app.MapCollectiveAppMaster 1><LOG_DIR>/stdout 2><LOG_DIR>/stderr 
17/03/18 15:08:40 INFO impl.YarnClientImpl: Submitted application application_1489165733656_0355
17/03/18 15:08:40 INFO mapreduce.Job: The url to track the job: http://j-011:8088/proxy/application_1489165733656_0355/
17/03/18 15:08:40 INFO mapreduce.Job: Running job: job_1489165733656_0355
17/03/18 15:08:45 INFO mapreduce.Job: Job job_1489165733656_0355 running in uber mode : false
17/03/18 15:08:45 INFO mapreduce.Job:  map 0% reduce 0%
17/03/18 15:08:55 INFO mapreduce.Job:  map 100% reduce 0%
17/03/18 16:50:52 INFO mapreduce.Job: Job job_1489165733656_0355 completed successfully
17/03/18 16:50:52 INFO mapreduce.Job: Counters: 30
	File System Counters
		FILE: Number of bytes read=0
		FILE: Number of bytes written=425284
		FILE: Number of read operations=0
		FILE: Number of large read operations=0
		FILE: Number of write operations=0
		HDFS: Number of bytes read=2606773815
		HDFS: Number of bytes written=26
		HDFS: Number of read operations=32
		HDFS: Number of large read operations=0
		HDFS: Number of write operations=8
	Job Counters 
		Launched map tasks=4
		Other local map tasks=4
		Total time spent by all maps in occupied slots (ms)=24499375
		Total time spent by all reduces in occupied slots (ms)=0
		Total time spent by all map tasks (ms)=24499375
		Total vcore-seconds taken by all map tasks=24499375
		Total megabyte-seconds taken by all map tasks=25087360000
	Map-Reduce Framework
		Map input records=4
		Map output records=1
		Input split bytes=424
		Spilled Records=0
		Failed Shuffles=0
		Merged Map outputs=0
		GC time elapsed (ms)=138815
		CPU time spent (ms)=27311000
		Physical memory (bytes) snapshot=253369446400
		Virtual memory (bytes) snapshot=324630183936
		Total committed heap usage (bytes)=274877906944
	File Input Format Counters 
		Bytes Read=0
	File Output Format Counters 
		Bytes Written=26
6134221ms
17/03/18 16:50:53 WARN util.NativeCodeLoader: Unable to load native-hadoop library for your platform... using builtin-java classes where applicable
finalCount	25557971316848
[The 1 times] Above experiment is: ./runHarpSgcr.sh /N/u/mengli/harp-sahad/experiments/template/u5-1.t sahad-data/nyc/nyc-u-cl5-4 sahad-output/nyc/nyc-u-cl5-4/40threads/1 4 40
17/03/18 16:50:55 WARN util.NativeCodeLoader: Unable to load native-hadoop library for your platform... using builtin-java classes where applicable
rm: `sahad-output/nyc/nyc-u-cl6-4/40threads/1': No such file or directory
use Local MultiThread? true
set Number of Map Tasks = 4
set number of threads: 40
17/03/18 16:50:57 WARN util.NativeCodeLoader: Unable to load native-hadoop library for your platform... using builtin-java classes where applicable
Get map collective runner
17/03/18 16:50:57 INFO client.RMProxy: Connecting to ResourceManager at j-011/172.16.0.11:8032
17/03/18 16:50:58 INFO input.FileInputFormat: Total input paths to process : 4
17/03/18 16:50:58 INFO fileformat.MultiFileInputFormat: NUMBER OF FILES: 4
17/03/18 16:50:58 INFO fileformat.MultiFileInputFormat: NUMBER OF MAPS: 4
17/03/18 16:50:58 INFO fileformat.MultiFileInputFormat: Split on host: j-066.juliet.futuresystems.org j-063.juliet.futuresystems.org j-059.juliet.futuresystems.org j-055.juliet.futuresystems.org j-065.juliet.futuresystems.org j-064.juliet.futuresystems.org 
17/03/18 16:50:58 INFO fileformat.MultiFileInputFormat: Split on host: j-066.juliet.futuresystems.org j-062.juliet.futuresystems.org j-064.juliet.futuresystems.org j-060.juliet.futuresystems.org j-013.juliet.futuresystems.org 
17/03/18 16:50:58 INFO fileformat.MultiFileInputFormat: Split on host: j-063.juliet.futuresystems.org j-059.juliet.futuresystems.org j-058.juliet.futuresystems.org j-060.juliet.futuresystems.org j-013.juliet.futuresystems.org j-054.juliet.futuresystems.org 
17/03/18 16:50:58 INFO fileformat.MultiFileInputFormat: Split on host: j-066.juliet.futuresystems.org j-059.juliet.futuresystems.org j-061.juliet.futuresystems.org j-053.juliet.futuresystems.org j-012.juliet.futuresystems.org j-065.juliet.futuresystems.org j-064.juliet.futuresystems.org j-060.juliet.futuresystems.org j-056.juliet.futuresystems.org j-063.juliet.futuresystems.org j-057.juliet.futuresystems.org j-055.juliet.futuresystems.org j-062.juliet.futuresystems.org j-058.juliet.futuresystems.org j-054.juliet.futuresystems.org j-013.juliet.futuresystems.org 
17/03/18 16:50:58 INFO fileformat.MultiFileInputFormat: Total # of splits: 4
17/03/18 16:50:58 INFO mapreduce.JobSubmitter: number of splits:4
17/03/18 16:50:58 INFO mapreduce.JobSubmitter: Submitting tokens for job: job_1489165733656_0356
command: $JAVA_HOME/bin/java -Dlog4j.configuration=container-log4j.properties -Dyarn.app.container.log.dir=<LOG_DIR> -Dyarn.app.container.log.filesize=0 -Dhadoop.root.logger=INFO,CLA  -Xmx1024m org.apache.hadoop.mapreduce.v2.app.MapCollectiveAppMaster 1><LOG_DIR>/stdout 2><LOG_DIR>/stderr 
17/03/18 16:50:58 INFO impl.YarnClientImpl: Submitted application application_1489165733656_0356
17/03/18 16:50:58 INFO mapreduce.Job: The url to track the job: http://j-011:8088/proxy/application_1489165733656_0356/
17/03/18 16:50:58 INFO mapreduce.Job: Running job: job_1489165733656_0356
17/03/18 16:51:03 INFO mapreduce.Job: Job job_1489165733656_0356 running in uber mode : false
17/03/18 16:51:03 INFO mapreduce.Job:  map 0% reduce 0%
17/03/18 16:51:13 INFO mapreduce.Job:  map 100% reduce 0%
17/03/18 18:29:38 INFO mapreduce.Job: Job job_1489165733656_0356 completed successfully
17/03/18 18:29:38 INFO mapreduce.Job: Counters: 30
	File System Counters
		FILE: Number of bytes read=0
		FILE: Number of bytes written=425284
		FILE: Number of read operations=0
		FILE: Number of large read operations=0
		FILE: Number of write operations=0
		HDFS: Number of bytes read=2723551580
		HDFS: Number of bytes written=26
		HDFS: Number of read operations=32
		HDFS: Number of large read operations=0
		HDFS: Number of write operations=8
	Job Counters 
		Launched map tasks=4
		Other local map tasks=4
		Total time spent by all maps in occupied slots (ms)=23651270
		Total time spent by all reduces in occupied slots (ms)=0
		Total time spent by all map tasks (ms)=23651270
		Total vcore-seconds taken by all map tasks=23651270
		Total megabyte-seconds taken by all map tasks=24218900480
	Map-Reduce Framework
		Map input records=4
		Map output records=1
		Input split bytes=424
		Spilled Records=0
		Failed Shuffles=0
		Merged Map outputs=0
		GC time elapsed (ms)=197552
		CPU time spent (ms)=28456210
		Physical memory (bytes) snapshot=275640377344
		Virtual memory (bytes) snapshot=324591738880
		Total committed heap usage (bytes)=274877906944
	File Input Format Counters 
		Bytes Read=0
	File Output Format Counters 
		Bytes Written=26
5921988ms
17/03/18 18:29:39 WARN util.NativeCodeLoader: Unable to load native-hadoop library for your platform... using builtin-java classes where applicable
finalCount	28966941381458
[The 1 times] Above experiment is: ./runHarpSgcr.sh /N/u/mengli/harp-sahad/experiments/template/u5-1.t sahad-data/nyc/nyc-u-cl6-4 sahad-output/nyc/nyc-u-cl6-4/40threads/1 4 40
17/03/18 18:29:41 WARN util.NativeCodeLoader: Unable to load native-hadoop library for your platform... using builtin-java classes where applicable
rm: `sahad-output/nyc/nyc-u-cl7-4/40threads/1': No such file or directory
use Local MultiThread? true
set Number of Map Tasks = 4
set number of threads: 40
17/03/18 18:29:42 WARN util.NativeCodeLoader: Unable to load native-hadoop library for your platform... using builtin-java classes where applicable
Get map collective runner
17/03/18 18:29:43 INFO client.RMProxy: Connecting to ResourceManager at j-011/172.16.0.11:8032
17/03/18 18:29:44 INFO input.FileInputFormat: Total input paths to process : 4
17/03/18 18:29:44 INFO fileformat.MultiFileInputFormat: NUMBER OF FILES: 4
17/03/18 18:29:44 INFO fileformat.MultiFileInputFormat: NUMBER OF MAPS: 4
17/03/18 18:29:44 INFO fileformat.MultiFileInputFormat: Split on host: j-063.juliet.futuresystems.org j-061.juliet.futuresystems.org j-057.juliet.futuresystems.org j-053.juliet.futuresystems.org j-012.juliet.futuresystems.org j-062.juliet.futuresystems.org j-064.juliet.futuresystems.org j-054.juliet.futuresystems.org j-013.juliet.futuresystems.org 
17/03/18 18:29:44 INFO fileformat.MultiFileInputFormat: Split on host: j-056.juliet.futuresystems.org j-061.juliet.futuresystems.org j-012.juliet.futuresystems.org j-053.juliet.futuresystems.org j-058.juliet.futuresystems.org j-060.juliet.futuresystems.org 
17/03/18 18:29:44 INFO fileformat.MultiFileInputFormat: Split on host: j-056.juliet.futuresystems.org j-066.juliet.futuresystems.org j-063.juliet.futuresystems.org j-059.juliet.futuresystems.org j-061.juliet.futuresystems.org j-055.juliet.futuresystems.org j-065.juliet.futuresystems.org j-013.juliet.futuresystems.org j-054.juliet.futuresystems.org 
17/03/18 18:29:44 INFO fileformat.MultiFileInputFormat: Split on host: j-066.juliet.futuresystems.org j-059.juliet.futuresystems.org j-061.juliet.futuresystems.org j-012.juliet.futuresystems.org j-053.juliet.futuresystems.org j-065.juliet.futuresystems.org j-064.juliet.futuresystems.org j-060.juliet.futuresystems.org j-056.juliet.futuresystems.org j-063.juliet.futuresystems.org j-057.juliet.futuresystems.org j-055.juliet.futuresystems.org j-062.juliet.futuresystems.org j-058.juliet.futuresystems.org j-013.juliet.futuresystems.org j-054.juliet.futuresystems.org 
17/03/18 18:29:44 INFO fileformat.MultiFileInputFormat: Total # of splits: 4
17/03/18 18:29:44 INFO mapreduce.JobSubmitter: number of splits:4
17/03/18 18:29:44 INFO mapreduce.JobSubmitter: Submitting tokens for job: job_1489165733656_0357
command: $JAVA_HOME/bin/java -Dlog4j.configuration=container-log4j.properties -Dyarn.app.container.log.dir=<LOG_DIR> -Dyarn.app.container.log.filesize=0 -Dhadoop.root.logger=INFO,CLA  -Xmx1024m org.apache.hadoop.mapreduce.v2.app.MapCollectiveAppMaster 1><LOG_DIR>/stdout 2><LOG_DIR>/stderr 
17/03/18 18:29:44 INFO impl.YarnClientImpl: Submitted application application_1489165733656_0357
17/03/18 18:29:44 INFO mapreduce.Job: The url to track the job: http://j-011:8088/proxy/application_1489165733656_0357/
17/03/18 18:29:44 INFO mapreduce.Job: Running job: job_1489165733656_0357
17/03/18 18:29:49 INFO mapreduce.Job: Job job_1489165733656_0357 running in uber mode : false
17/03/18 18:29:49 INFO mapreduce.Job:  map 0% reduce 0%
17/03/18 18:30:00 INFO mapreduce.Job:  map 100% reduce 0%
17/03/18 20:14:58 INFO mapreduce.Job: Job job_1489165733656_0357 completed successfully
17/03/18 20:14:58 INFO mapreduce.Job: Counters: 30
	File System Counters
		FILE: Number of bytes read=0
		FILE: Number of bytes written=425284
		FILE: Number of read operations=0
		FILE: Number of large read operations=0
		FILE: Number of write operations=0
		HDFS: Number of bytes read=2840538652
		HDFS: Number of bytes written=26
		HDFS: Number of read operations=32
		HDFS: Number of large read operations=0
		HDFS: Number of write operations=8
	Job Counters 
		Launched map tasks=4
		Other local map tasks=4
		Total time spent by all maps in occupied slots (ms)=25226288
		Total time spent by all reduces in occupied slots (ms)=0
		Total time spent by all map tasks (ms)=25226288
		Total vcore-seconds taken by all map tasks=25226288
		Total megabyte-seconds taken by all map tasks=25831718912
	Map-Reduce Framework
		Map input records=4
		Map output records=1
		Input split bytes=424
		Spilled Records=0
		Failed Shuffles=0
		Merged Map outputs=0
		GC time elapsed (ms)=158583
		CPU time spent (ms)=29894960
		Physical memory (bytes) snapshot=257343578112
		Virtual memory (bytes) snapshot=324664086528
		Total committed heap usage (bytes)=274877906944
	File Input Format Counters 
		Bytes Read=0
	File Output Format Counters 
		Bytes Written=26
6316674ms
17/03/18 20:15:00 WARN util.NativeCodeLoader: Unable to load native-hadoop library for your platform... using builtin-java classes where applicable
finalCount	32832764142552
[The 1 times] Above experiment is: ./runHarpSgcr.sh /N/u/mengli/harp-sahad/experiments/template/u5-1.t sahad-data/nyc/nyc-u-cl7-4 sahad-output/nyc/nyc-u-cl7-4/40threads/1 4 40
17/03/18 20:15:01 WARN util.NativeCodeLoader: Unable to load native-hadoop library for your platform... using builtin-java classes where applicable
rm: `sahad-output/nyc/nyc-u-cl8-4/40threads/1': No such file or directory
use Local MultiThread? true
set Number of Map Tasks = 4
set number of threads: 40
17/03/18 20:15:03 WARN util.NativeCodeLoader: Unable to load native-hadoop library for your platform... using builtin-java classes where applicable
Get map collective runner
17/03/18 20:15:03 INFO client.RMProxy: Connecting to ResourceManager at j-011/172.16.0.11:8032
17/03/18 20:15:04 INFO input.FileInputFormat: Total input paths to process : 4
17/03/18 20:15:04 INFO fileformat.MultiFileInputFormat: NUMBER OF FILES: 4
17/03/18 20:15:04 INFO fileformat.MultiFileInputFormat: NUMBER OF MAPS: 4
17/03/18 20:15:04 INFO fileformat.MultiFileInputFormat: Split on host: j-066.juliet.futuresystems.org j-059.juliet.futuresystems.org j-057.juliet.futuresystems.org j-055.juliet.futuresystems.org j-012.juliet.futuresystems.org j-064.juliet.futuresystems.org j-054.juliet.futuresystems.org 
17/03/18 20:15:04 INFO fileformat.MultiFileInputFormat: Split on host: j-066.juliet.futuresystems.org j-063.juliet.futuresystems.org j-064.juliet.futuresystems.org j-013.juliet.futuresystems.org j-054.juliet.futuresystems.org 
17/03/18 20:15:04 INFO fileformat.MultiFileInputFormat: Split on host: j-066.juliet.futuresystems.org j-056.juliet.futuresystems.org j-061.juliet.futuresystems.org j-057.juliet.futuresystems.org j-055.juliet.futuresystems.org j-012.juliet.futuresystems.org j-053.juliet.futuresystems.org j-064.juliet.futuresystems.org j-058.juliet.futuresystems.org 
17/03/18 20:15:04 INFO fileformat.MultiFileInputFormat: Split on host: j-066.juliet.futuresystems.org j-059.juliet.futuresystems.org j-061.juliet.futuresystems.org j-012.juliet.futuresystems.org j-053.juliet.futuresystems.org j-065.juliet.futuresystems.org j-064.juliet.futuresystems.org j-060.juliet.futuresystems.org j-056.juliet.futuresystems.org j-063.juliet.futuresystems.org j-055.juliet.futuresystems.org j-057.juliet.futuresystems.org j-062.juliet.futuresystems.org j-054.juliet.futuresystems.org j-013.juliet.futuresystems.org 
17/03/18 20:15:04 INFO fileformat.MultiFileInputFormat: Total # of splits: 4
17/03/18 20:15:04 INFO mapreduce.JobSubmitter: number of splits:4
17/03/18 20:15:04 INFO mapreduce.JobSubmitter: Submitting tokens for job: job_1489165733656_0358
command: $JAVA_HOME/bin/java -Dlog4j.configuration=container-log4j.properties -Dyarn.app.container.log.dir=<LOG_DIR> -Dyarn.app.container.log.filesize=0 -Dhadoop.root.logger=INFO,CLA  -Xmx1024m org.apache.hadoop.mapreduce.v2.app.MapCollectiveAppMaster 1><LOG_DIR>/stdout 2><LOG_DIR>/stderr 
17/03/18 20:15:04 INFO impl.YarnClientImpl: Submitted application application_1489165733656_0358
17/03/18 20:15:04 INFO mapreduce.Job: The url to track the job: http://j-011:8088/proxy/application_1489165733656_0358/
17/03/18 20:15:04 INFO mapreduce.Job: Running job: job_1489165733656_0358
17/03/18 20:15:09 INFO mapreduce.Job: Job job_1489165733656_0358 running in uber mode : false
17/03/18 20:15:09 INFO mapreduce.Job:  map 0% reduce 0%
17/03/18 20:15:19 INFO mapreduce.Job:  map 75% reduce 0%
17/03/18 20:15:20 INFO mapreduce.Job:  map 100% reduce 0%
17/03/18 22:02:24 INFO mapreduce.Job: Job job_1489165733656_0358 completed successfully
17/03/18 22:02:24 INFO mapreduce.Job: Counters: 30
	File System Counters
		FILE: Number of bytes read=0
		FILE: Number of bytes written=425284
		FILE: Number of read operations=0
		FILE: Number of large read operations=0
		FILE: Number of write operations=0
		HDFS: Number of bytes read=2958628097
		HDFS: Number of bytes written=26
		HDFS: Number of read operations=32
		HDFS: Number of large read operations=0
		HDFS: Number of write operations=8
	Job Counters 
		Launched map tasks=4
		Other local map tasks=4
		Total time spent by all maps in occupied slots (ms)=25729892
		Total time spent by all reduces in occupied slots (ms)=0
		Total time spent by all map tasks (ms)=25729892
		Total vcore-seconds taken by all map tasks=25729892
		Total megabyte-seconds taken by all map tasks=26347409408
	Map-Reduce Framework
		Map input records=4
		Map output records=1
		Input split bytes=424
		Spilled Records=0
		Failed Shuffles=0
		Merged Map outputs=0
		GC time elapsed (ms)=182240
		CPU time spent (ms)=30534320
		Physical memory (bytes) snapshot=264990625792
		Virtual memory (bytes) snapshot=324646395904
		Total committed heap usage (bytes)=275585695744
	File Input Format Counters 
		Bytes Read=0
	File Output Format Counters 
		Bytes Written=26
6442108ms
17/03/18 22:02:25 WARN util.NativeCodeLoader: Unable to load native-hadoop library for your platform... using builtin-java classes where applicable
finalCount	37237858140911
[The 1 times] Above experiment is: ./runHarpSgcr.sh /N/u/mengli/harp-sahad/experiments/template/u5-1.t sahad-data/nyc/nyc-u-cl8-4 sahad-output/nyc/nyc-u-cl8-4/40threads/1 4 40
17/03/18 22:02:27 WARN util.NativeCodeLoader: Unable to load native-hadoop library for your platform... using builtin-java classes where applicable
rm: `sahad-output/nyc/nyc-u-cl9-4/40threads/1': No such file or directory
use Local MultiThread? true
set Number of Map Tasks = 4
set number of threads: 40
17/03/18 22:02:29 WARN util.NativeCodeLoader: Unable to load native-hadoop library for your platform... using builtin-java classes where applicable
Get map collective runner
17/03/18 22:02:29 INFO client.RMProxy: Connecting to ResourceManager at j-011/172.16.0.11:8032
17/03/18 22:02:30 INFO input.FileInputFormat: Total input paths to process : 4
17/03/18 22:02:30 INFO fileformat.MultiFileInputFormat: NUMBER OF FILES: 4
17/03/18 22:02:30 INFO fileformat.MultiFileInputFormat: NUMBER OF MAPS: 4
17/03/18 22:02:30 INFO fileformat.MultiFileInputFormat: Split on host: j-056.juliet.futuresystems.org j-066.juliet.futuresystems.org j-063.juliet.futuresystems.org j-061.juliet.futuresystems.org j-055.juliet.futuresystems.org j-058.juliet.futuresystems.org j-060.juliet.futuresystems.org 
17/03/18 22:02:30 INFO fileformat.MultiFileInputFormat: Split on host: j-066.juliet.futuresystems.org j-059.juliet.futuresystems.org j-063.juliet.futuresystems.org j-055.juliet.futuresystems.org j-053.juliet.futuresystems.org j-062.juliet.futuresystems.org j-064.juliet.futuresystems.org j-060.juliet.futuresystems.org 
17/03/18 22:02:30 INFO fileformat.MultiFileInputFormat: Split on host: j-056.juliet.futuresystems.org j-063.juliet.futuresystems.org j-059.juliet.futuresystems.org j-055.juliet.futuresystems.org j-012.juliet.futuresystems.org j-065.juliet.futuresystems.org j-064.juliet.futuresystems.org j-060.juliet.futuresystems.org j-013.juliet.futuresystems.org j-054.juliet.futuresystems.org 
17/03/18 22:02:30 INFO fileformat.MultiFileInputFormat: Split on host: j-066.juliet.futuresystems.org j-059.juliet.futuresystems.org j-061.juliet.futuresystems.org j-012.juliet.futuresystems.org j-053.juliet.futuresystems.org j-064.juliet.futuresystems.org j-060.juliet.futuresystems.org j-056.juliet.futuresystems.org j-063.juliet.futuresystems.org j-057.juliet.futuresystems.org j-055.juliet.futuresystems.org j-062.juliet.futuresystems.org j-058.juliet.futuresystems.org j-013.juliet.futuresystems.org j-054.juliet.futuresystems.org 
17/03/18 22:02:30 INFO fileformat.MultiFileInputFormat: Total # of splits: 4
17/03/18 22:02:30 INFO mapreduce.JobSubmitter: number of splits:4
17/03/18 22:02:30 INFO mapreduce.JobSubmitter: Submitting tokens for job: job_1489165733656_0359
command: $JAVA_HOME/bin/java -Dlog4j.configuration=container-log4j.properties -Dyarn.app.container.log.dir=<LOG_DIR> -Dyarn.app.container.log.filesize=0 -Dhadoop.root.logger=INFO,CLA  -Xmx1024m org.apache.hadoop.mapreduce.v2.app.MapCollectiveAppMaster 1><LOG_DIR>/stdout 2><LOG_DIR>/stderr 
17/03/18 22:02:30 INFO impl.YarnClientImpl: Submitted application application_1489165733656_0359
17/03/18 22:02:30 INFO mapreduce.Job: The url to track the job: http://j-011:8088/proxy/application_1489165733656_0359/
17/03/18 22:02:30 INFO mapreduce.Job: Running job: job_1489165733656_0359
17/03/18 22:02:35 INFO mapreduce.Job: Job job_1489165733656_0359 running in uber mode : false
17/03/18 22:02:35 INFO mapreduce.Job:  map 0% reduce 0%
17/03/18 22:02:45 INFO mapreduce.Job:  map 25% reduce 0%
17/03/18 22:02:46 INFO mapreduce.Job:  map 100% reduce 0%
17/03/18 23:45:51 INFO mapreduce.Job: Job job_1489165733656_0359 completed successfully
17/03/18 23:45:51 INFO mapreduce.Job: Counters: 30
	File System Counters
		FILE: Number of bytes read=0
		FILE: Number of bytes written=425284
		FILE: Number of read operations=0
		FILE: Number of large read operations=0
		FILE: Number of write operations=0
		HDFS: Number of bytes read=3076698626
		HDFS: Number of bytes written=26
		HDFS: Number of read operations=32
		HDFS: Number of large read operations=0
		HDFS: Number of write operations=8
	Job Counters 
		Launched map tasks=4
		Other local map tasks=4
		Total time spent by all maps in occupied slots (ms)=24771756
		Total time spent by all reduces in occupied slots (ms)=0
		Total time spent by all map tasks (ms)=24771756
		Total vcore-seconds taken by all map tasks=24771756
		Total megabyte-seconds taken by all map tasks=25366278144
	Map-Reduce Framework
		Map input records=4
		Map output records=1
		Input split bytes=424
		Spilled Records=0
		Failed Shuffles=0
		Merged Map outputs=0
		GC time elapsed (ms)=153374
		CPU time spent (ms)=28505350
		Physical memory (bytes) snapshot=252892737536
		Virtual memory (bytes) snapshot=324568776704
		Total committed heap usage (bytes)=275734593536
	File Input Format Counters 
		Bytes Read=0
	File Output Format Counters 
		Bytes Written=26
6203042ms
17/03/18 23:45:52 WARN util.NativeCodeLoader: Unable to load native-hadoop library for your platform... using builtin-java classes where applicable
finalCount	42151321438359
[The 1 times] Above experiment is: ./runHarpSgcr.sh /N/u/mengli/harp-sahad/experiments/template/u5-1.t sahad-data/nyc/nyc-u-cl9-4 sahad-output/nyc/nyc-u-cl9-4/40threads/1 4 40
17/03/18 23:45:54 WARN util.NativeCodeLoader: Unable to load native-hadoop library for your platform... using builtin-java classes where applicable
rm: `sahad-output/nyc/nyc-u-cl5-4/40threads/2': No such file or directory
use Local MultiThread? true
set Number of Map Tasks = 4
set number of threads: 40
17/03/18 23:45:55 WARN util.NativeCodeLoader: Unable to load native-hadoop library for your platform... using builtin-java classes where applicable
Get map collective runner
17/03/18 23:45:56 INFO client.RMProxy: Connecting to ResourceManager at j-011/172.16.0.11:8032
17/03/18 23:45:56 INFO input.FileInputFormat: Total input paths to process : 4
17/03/18 23:45:56 INFO fileformat.MultiFileInputFormat: NUMBER OF FILES: 4
17/03/18 23:45:56 INFO fileformat.MultiFileInputFormat: NUMBER OF MAPS: 4
17/03/18 23:45:56 INFO fileformat.MultiFileInputFormat: Split on host: j-063.juliet.futuresystems.org j-059.juliet.futuresystems.org j-057.juliet.futuresystems.org j-062.juliet.futuresystems.org j-065.juliet.futuresystems.org j-064.juliet.futuresystems.org 
17/03/18 23:45:56 INFO fileformat.MultiFileInputFormat: Split on host: j-056.juliet.futuresystems.org j-061.juliet.futuresystems.org j-012.juliet.futuresystems.org j-053.juliet.futuresystems.org j-065.juliet.futuresystems.org j-013.juliet.futuresystems.org 
17/03/18 23:45:56 INFO fileformat.MultiFileInputFormat: Split on host: j-059.juliet.futuresystems.org j-061.juliet.futuresystems.org j-057.juliet.futuresystems.org j-064.juliet.futuresystems.org j-058.juliet.futuresystems.org j-060.juliet.futuresystems.org j-054.juliet.futuresystems.org j-013.juliet.futuresystems.org 
17/03/18 23:45:56 INFO fileformat.MultiFileInputFormat: Split on host: j-066.juliet.futuresystems.org j-059.juliet.futuresystems.org j-061.juliet.futuresystems.org j-012.juliet.futuresystems.org j-053.juliet.futuresystems.org j-065.juliet.futuresystems.org j-064.juliet.futuresystems.org j-060.juliet.futuresystems.org j-056.juliet.futuresystems.org j-063.juliet.futuresystems.org j-055.juliet.futuresystems.org j-057.juliet.futuresystems.org j-062.juliet.futuresystems.org j-058.juliet.futuresystems.org j-013.juliet.futuresystems.org j-054.juliet.futuresystems.org 
17/03/18 23:45:56 INFO fileformat.MultiFileInputFormat: Total # of splits: 4
17/03/18 23:45:57 INFO mapreduce.JobSubmitter: number of splits:4
17/03/18 23:45:57 INFO mapreduce.JobSubmitter: Submitting tokens for job: job_1489165733656_0360
command: $JAVA_HOME/bin/java -Dlog4j.configuration=container-log4j.properties -Dyarn.app.container.log.dir=<LOG_DIR> -Dyarn.app.container.log.filesize=0 -Dhadoop.root.logger=INFO,CLA  -Xmx1024m org.apache.hadoop.mapreduce.v2.app.MapCollectiveAppMaster 1><LOG_DIR>/stdout 2><LOG_DIR>/stderr 
17/03/18 23:45:57 INFO impl.YarnClientImpl: Submitted application application_1489165733656_0360
17/03/18 23:45:57 INFO mapreduce.Job: The url to track the job: http://j-011:8088/proxy/application_1489165733656_0360/
17/03/18 23:45:57 INFO mapreduce.Job: Running job: job_1489165733656_0360
17/03/18 23:46:02 INFO mapreduce.Job: Job job_1489165733656_0360 running in uber mode : false
17/03/18 23:46:02 INFO mapreduce.Job:  map 0% reduce 0%
17/03/18 23:46:12 INFO mapreduce.Job:  map 100% reduce 0%
17/03/19 01:16:34 INFO mapreduce.Job: Job job_1489165733656_0360 completed successfully
17/03/19 01:16:34 INFO mapreduce.Job: Counters: 30
	File System Counters
		FILE: Number of bytes read=0
		FILE: Number of bytes written=425284
		FILE: Number of read operations=0
		FILE: Number of large read operations=0
		FILE: Number of write operations=0
		HDFS: Number of bytes read=2606773815
		HDFS: Number of bytes written=26
		HDFS: Number of read operations=32
		HDFS: Number of large read operations=0
		HDFS: Number of write operations=8
	Job Counters 
		Launched map tasks=4
		Other local map tasks=4
		Total time spent by all maps in occupied slots (ms)=21718039
		Total time spent by all reduces in occupied slots (ms)=0
		Total time spent by all map tasks (ms)=21718039
		Total vcore-seconds taken by all map tasks=21718039
		Total megabyte-seconds taken by all map tasks=22239271936
	Map-Reduce Framework
		Map input records=4
		Map output records=1
		Input split bytes=424
		Spilled Records=0
		Failed Shuffles=0
		Merged Map outputs=0
		GC time elapsed (ms)=177652
		CPU time spent (ms)=26253920
		Physical memory (bytes) snapshot=257808474112
		Virtual memory (bytes) snapshot=324556513280
		Total committed heap usage (bytes)=275269025792
	File Input Format Counters 
		Bytes Read=0
	File Output Format Counters 
		Bytes Written=26
5439309ms
17/03/19 01:16:35 WARN util.NativeCodeLoader: Unable to load native-hadoop library for your platform... using builtin-java classes where applicable
finalCount	25554488121979
[The 2 times] Above experiment is: ./runHarpSgcr.sh /N/u/mengli/harp-sahad/experiments/template/u5-1.t sahad-data/nyc/nyc-u-cl5-4 sahad-output/nyc/nyc-u-cl5-4/40threads/2 4 40
17/03/19 01:16:37 WARN util.NativeCodeLoader: Unable to load native-hadoop library for your platform... using builtin-java classes where applicable
rm: `sahad-output/nyc/nyc-u-cl6-4/40threads/2': No such file or directory
use Local MultiThread? true
set Number of Map Tasks = 4
set number of threads: 40
17/03/19 01:16:38 WARN util.NativeCodeLoader: Unable to load native-hadoop library for your platform... using builtin-java classes where applicable
Get map collective runner
17/03/19 01:16:39 INFO client.RMProxy: Connecting to ResourceManager at j-011/172.16.0.11:8032
17/03/19 01:16:40 INFO input.FileInputFormat: Total input paths to process : 4
17/03/19 01:16:40 INFO fileformat.MultiFileInputFormat: NUMBER OF FILES: 4
17/03/19 01:16:40 INFO fileformat.MultiFileInputFormat: NUMBER OF MAPS: 4
17/03/19 01:16:40 INFO fileformat.MultiFileInputFormat: Split on host: j-066.juliet.futuresystems.org j-063.juliet.futuresystems.org j-059.juliet.futuresystems.org j-055.juliet.futuresystems.org j-065.juliet.futuresystems.org j-064.juliet.futuresystems.org 
17/03/19 01:16:40 INFO fileformat.MultiFileInputFormat: Split on host: j-066.juliet.futuresystems.org j-062.juliet.futuresystems.org j-064.juliet.futuresystems.org j-060.juliet.futuresystems.org j-013.juliet.futuresystems.org 
17/03/19 01:16:40 INFO fileformat.MultiFileInputFormat: Split on host: j-059.juliet.futuresystems.org j-063.juliet.futuresystems.org j-058.juliet.futuresystems.org j-060.juliet.futuresystems.org j-054.juliet.futuresystems.org j-013.juliet.futuresystems.org 
17/03/19 01:16:40 INFO fileformat.MultiFileInputFormat: Split on host: j-066.juliet.futuresystems.org j-059.juliet.futuresystems.org j-061.juliet.futuresystems.org j-053.juliet.futuresystems.org j-012.juliet.futuresystems.org j-065.juliet.futuresystems.org j-064.juliet.futuresystems.org j-060.juliet.futuresystems.org j-056.juliet.futuresystems.org j-063.juliet.futuresystems.org j-057.juliet.futuresystems.org j-055.juliet.futuresystems.org j-062.juliet.futuresystems.org j-058.juliet.futuresystems.org j-054.juliet.futuresystems.org j-013.juliet.futuresystems.org 
17/03/19 01:16:40 INFO fileformat.MultiFileInputFormat: Total # of splits: 4
17/03/19 01:16:40 INFO mapreduce.JobSubmitter: number of splits:4
17/03/19 01:16:40 INFO mapreduce.JobSubmitter: Submitting tokens for job: job_1489165733656_0361
command: $JAVA_HOME/bin/java -Dlog4j.configuration=container-log4j.properties -Dyarn.app.container.log.dir=<LOG_DIR> -Dyarn.app.container.log.filesize=0 -Dhadoop.root.logger=INFO,CLA  -Xmx1024m org.apache.hadoop.mapreduce.v2.app.MapCollectiveAppMaster 1><LOG_DIR>/stdout 2><LOG_DIR>/stderr 
17/03/19 01:16:40 INFO impl.YarnClientImpl: Submitted application application_1489165733656_0361
17/03/19 01:16:40 INFO mapreduce.Job: The url to track the job: http://j-011:8088/proxy/application_1489165733656_0361/
17/03/19 01:16:40 INFO mapreduce.Job: Running job: job_1489165733656_0361
17/03/19 01:16:45 INFO mapreduce.Job: Job job_1489165733656_0361 running in uber mode : false
17/03/19 01:16:45 INFO mapreduce.Job:  map 0% reduce 0%
17/03/19 01:16:55 INFO mapreduce.Job:  map 75% reduce 0%
17/03/19 01:16:56 INFO mapreduce.Job:  map 100% reduce 0%
17/03/19 03:01:12 INFO mapreduce.Job: Job job_1489165733656_0361 completed successfully
17/03/19 03:01:12 INFO mapreduce.Job: Counters: 30
	File System Counters
		FILE: Number of bytes read=0
		FILE: Number of bytes written=425284
		FILE: Number of read operations=0
		FILE: Number of large read operations=0
		FILE: Number of write operations=0
		HDFS: Number of bytes read=2723551580
		HDFS: Number of bytes written=26
		HDFS: Number of read operations=32
		HDFS: Number of large read operations=0
		HDFS: Number of write operations=8
	Job Counters 
		Launched map tasks=4
		Other local map tasks=4
		Total time spent by all maps in occupied slots (ms)=25057214
		Total time spent by all reduces in occupied slots (ms)=0
		Total time spent by all map tasks (ms)=25057214
		Total vcore-seconds taken by all map tasks=25057214
		Total megabyte-seconds taken by all map tasks=25658587136
	Map-Reduce Framework
		Map input records=4
		Map output records=1
		Input split bytes=424
		Spilled Records=0
		Failed Shuffles=0
		Merged Map outputs=0
		GC time elapsed (ms)=794074
		CPU time spent (ms)=49616660
		Physical memory (bytes) snapshot=258995290112
		Virtual memory (bytes) snapshot=324570075136
		Total committed heap usage (bytes)=274877906944
	File Input Format Counters 
		Bytes Read=0
	File Output Format Counters 
		Bytes Written=26
6274201ms
17/03/19 03:01:13 WARN util.NativeCodeLoader: Unable to load native-hadoop library for your platform... using builtin-java classes where applicable
finalCount	28967691297265
[The 2 times] Above experiment is: ./runHarpSgcr.sh /N/u/mengli/harp-sahad/experiments/template/u5-1.t sahad-data/nyc/nyc-u-cl6-4 sahad-output/nyc/nyc-u-cl6-4/40threads/2 4 40
17/03/19 03:01:15 WARN util.NativeCodeLoader: Unable to load native-hadoop library for your platform... using builtin-java classes where applicable
rm: `sahad-output/nyc/nyc-u-cl7-4/40threads/2': No such file or directory
use Local MultiThread? true
set Number of Map Tasks = 4
set number of threads: 40
17/03/19 03:01:17 WARN util.NativeCodeLoader: Unable to load native-hadoop library for your platform... using builtin-java classes where applicable
Get map collective runner
17/03/19 03:01:17 INFO client.RMProxy: Connecting to ResourceManager at j-011/172.16.0.11:8032
17/03/19 03:01:18 INFO input.FileInputFormat: Total input paths to process : 4
17/03/19 03:01:18 INFO fileformat.MultiFileInputFormat: NUMBER OF FILES: 4
17/03/19 03:01:18 INFO fileformat.MultiFileInputFormat: NUMBER OF MAPS: 4
17/03/19 03:01:18 INFO fileformat.MultiFileInputFormat: Split on host: j-063.juliet.futuresystems.org j-061.juliet.futuresystems.org j-057.juliet.futuresystems.org j-053.juliet.futuresystems.org j-012.juliet.futuresystems.org j-062.juliet.futuresystems.org j-064.juliet.futuresystems.org j-054.juliet.futuresystems.org j-013.juliet.futuresystems.org 
17/03/19 03:01:18 INFO fileformat.MultiFileInputFormat: Split on host: j-056.juliet.futuresystems.org j-061.juliet.futuresystems.org j-012.juliet.futuresystems.org j-053.juliet.futuresystems.org j-058.juliet.futuresystems.org j-060.juliet.futuresystems.org 
17/03/19 03:01:18 INFO fileformat.MultiFileInputFormat: Split on host: j-056.juliet.futuresystems.org j-066.juliet.futuresystems.org j-063.juliet.futuresystems.org j-059.juliet.futuresystems.org j-061.juliet.futuresystems.org j-055.juliet.futuresystems.org j-065.juliet.futuresystems.org j-013.juliet.futuresystems.org j-054.juliet.futuresystems.org 
17/03/19 03:01:18 INFO fileformat.MultiFileInputFormat: Split on host: j-066.juliet.futuresystems.org j-059.juliet.futuresystems.org j-061.juliet.futuresystems.org j-012.juliet.futuresystems.org j-053.juliet.futuresystems.org j-065.juliet.futuresystems.org j-064.juliet.futuresystems.org j-060.juliet.futuresystems.org j-056.juliet.futuresystems.org j-063.juliet.futuresystems.org j-057.juliet.futuresystems.org j-055.juliet.futuresystems.org j-062.juliet.futuresystems.org j-058.juliet.futuresystems.org j-054.juliet.futuresystems.org j-013.juliet.futuresystems.org 
17/03/19 03:01:18 INFO fileformat.MultiFileInputFormat: Total # of splits: 4
17/03/19 03:01:18 INFO mapreduce.JobSubmitter: number of splits:4
17/03/19 03:01:18 INFO mapreduce.JobSubmitter: Submitting tokens for job: job_1489165733656_0362
command: $JAVA_HOME/bin/java -Dlog4j.configuration=container-log4j.properties -Dyarn.app.container.log.dir=<LOG_DIR> -Dyarn.app.container.log.filesize=0 -Dhadoop.root.logger=INFO,CLA  -Xmx1024m org.apache.hadoop.mapreduce.v2.app.MapCollectiveAppMaster 1><LOG_DIR>/stdout 2><LOG_DIR>/stderr 
17/03/19 03:01:18 INFO impl.YarnClientImpl: Submitted application application_1489165733656_0362
17/03/19 03:01:18 INFO mapreduce.Job: The url to track the job: http://j-011:8088/proxy/application_1489165733656_0362/
17/03/19 03:01:18 INFO mapreduce.Job: Running job: job_1489165733656_0362
17/03/19 03:01:23 INFO mapreduce.Job: Job job_1489165733656_0362 running in uber mode : false
17/03/19 03:01:23 INFO mapreduce.Job:  map 0% reduce 0%
17/03/19 03:01:33 INFO mapreduce.Job:  map 100% reduce 0%
17/03/19 04:47:11 INFO mapreduce.Job: Job job_1489165733656_0362 completed successfully
17/03/19 04:47:11 INFO mapreduce.Job: Counters: 30
	File System Counters
		FILE: Number of bytes read=0
		FILE: Number of bytes written=425284
		FILE: Number of read operations=0
		FILE: Number of large read operations=0
		FILE: Number of write operations=0
		HDFS: Number of bytes read=2840538652
		HDFS: Number of bytes written=26
		HDFS: Number of read operations=32
		HDFS: Number of large read operations=0
		HDFS: Number of write operations=8
	Job Counters 
		Launched map tasks=4
		Other local map tasks=4
		Total time spent by all maps in occupied slots (ms)=25381633
		Total time spent by all reduces in occupied slots (ms)=0
		Total time spent by all map tasks (ms)=25381633
		Total vcore-seconds taken by all map tasks=25381633
		Total megabyte-seconds taken by all map tasks=25990792192
	Map-Reduce Framework
		Map input records=4
		Map output records=1
		Input split bytes=424
		Spilled Records=0
		Failed Shuffles=0
		Merged Map outputs=0
		GC time elapsed (ms)=162766
		CPU time spent (ms)=28748580
		Physical memory (bytes) snapshot=259434323968
		Virtual memory (bytes) snapshot=324626386944
		Total committed heap usage (bytes)=274877906944
	File Input Format Counters 
		Bytes Read=0
	File Output Format Counters 
		Bytes Written=26
6354691ms
17/03/19 04:47:12 WARN util.NativeCodeLoader: Unable to load native-hadoop library for your platform... using builtin-java classes where applicable
finalCount	32834458612578
[The 2 times] Above experiment is: ./runHarpSgcr.sh /N/u/mengli/harp-sahad/experiments/template/u5-1.t sahad-data/nyc/nyc-u-cl7-4 sahad-output/nyc/nyc-u-cl7-4/40threads/2 4 40
17/03/19 04:47:13 WARN util.NativeCodeLoader: Unable to load native-hadoop library for your platform... using builtin-java classes where applicable
rm: `sahad-output/nyc/nyc-u-cl8-4/40threads/2': No such file or directory
use Local MultiThread? true
set Number of Map Tasks = 4
set number of threads: 40
17/03/19 04:47:15 WARN util.NativeCodeLoader: Unable to load native-hadoop library for your platform... using builtin-java classes where applicable
Get map collective runner
17/03/19 04:47:16 INFO client.RMProxy: Connecting to ResourceManager at j-011/172.16.0.11:8032
17/03/19 04:47:16 INFO input.FileInputFormat: Total input paths to process : 4
17/03/19 04:47:16 INFO fileformat.MultiFileInputFormat: NUMBER OF FILES: 4
17/03/19 04:47:16 INFO fileformat.MultiFileInputFormat: NUMBER OF MAPS: 4
17/03/19 04:47:16 INFO fileformat.MultiFileInputFormat: Split on host: j-066.juliet.futuresystems.org j-059.juliet.futuresystems.org j-055.juliet.futuresystems.org j-057.juliet.futuresystems.org j-012.juliet.futuresystems.org j-064.juliet.futuresystems.org j-054.juliet.futuresystems.org 
17/03/19 04:47:16 INFO fileformat.MultiFileInputFormat: Split on host: j-066.juliet.futuresystems.org j-063.juliet.futuresystems.org j-064.juliet.futuresystems.org j-013.juliet.futuresystems.org j-054.juliet.futuresystems.org 
17/03/19 04:47:16 INFO fileformat.MultiFileInputFormat: Split on host: j-066.juliet.futuresystems.org j-056.juliet.futuresystems.org j-061.juliet.futuresystems.org j-057.juliet.futuresystems.org j-055.juliet.futuresystems.org j-053.juliet.futuresystems.org j-012.juliet.futuresystems.org j-064.juliet.futuresystems.org j-058.juliet.futuresystems.org 
17/03/19 04:47:16 INFO fileformat.MultiFileInputFormat: Split on host: j-066.juliet.futuresystems.org j-059.juliet.futuresystems.org j-061.juliet.futuresystems.org j-012.juliet.futuresystems.org j-053.juliet.futuresystems.org j-065.juliet.futuresystems.org j-064.juliet.futuresystems.org j-060.juliet.futuresystems.org j-056.juliet.futuresystems.org j-063.juliet.futuresystems.org j-055.juliet.futuresystems.org j-057.juliet.futuresystems.org j-062.juliet.futuresystems.org j-054.juliet.futuresystems.org j-013.juliet.futuresystems.org 
17/03/19 04:47:16 INFO fileformat.MultiFileInputFormat: Total # of splits: 4
17/03/19 04:47:16 INFO mapreduce.JobSubmitter: number of splits:4
17/03/19 04:47:16 INFO mapreduce.JobSubmitter: Submitting tokens for job: job_1489165733656_0363
command: $JAVA_HOME/bin/java -Dlog4j.configuration=container-log4j.properties -Dyarn.app.container.log.dir=<LOG_DIR> -Dyarn.app.container.log.filesize=0 -Dhadoop.root.logger=INFO,CLA  -Xmx1024m org.apache.hadoop.mapreduce.v2.app.MapCollectiveAppMaster 1><LOG_DIR>/stdout 2><LOG_DIR>/stderr 
17/03/19 04:47:16 INFO impl.YarnClientImpl: Submitted application application_1489165733656_0363
17/03/19 04:47:16 INFO mapreduce.Job: The url to track the job: http://j-011:8088/proxy/application_1489165733656_0363/
17/03/19 04:47:16 INFO mapreduce.Job: Running job: job_1489165733656_0363
17/03/19 04:47:22 INFO mapreduce.Job: Job job_1489165733656_0363 running in uber mode : false
17/03/19 04:47:22 INFO mapreduce.Job:  map 0% reduce 0%
17/03/19 04:47:32 INFO mapreduce.Job:  map 100% reduce 0%
17/03/19 06:40:11 INFO mapreduce.Job: Job job_1489165733656_0363 completed successfully
17/03/19 06:40:11 INFO mapreduce.Job: Counters: 30
	File System Counters
		FILE: Number of bytes read=0
		FILE: Number of bytes written=425284
		FILE: Number of read operations=0
		FILE: Number of large read operations=0
		FILE: Number of write operations=0
		HDFS: Number of bytes read=2958628097
		HDFS: Number of bytes written=26
		HDFS: Number of read operations=32
		HDFS: Number of large read operations=0
		HDFS: Number of write operations=8
	Job Counters 
		Launched map tasks=4
		Other local map tasks=4
		Total time spent by all maps in occupied slots (ms)=27064789
		Total time spent by all reduces in occupied slots (ms)=0
		Total time spent by all map tasks (ms)=27064789
		Total vcore-seconds taken by all map tasks=27064789
		Total megabyte-seconds taken by all map tasks=27714343936
	Map-Reduce Framework
		Map input records=4
		Map output records=1
		Input split bytes=424
		Spilled Records=0
		Failed Shuffles=0
		Merged Map outputs=0
		GC time elapsed (ms)=160901
		CPU time spent (ms)=30732220
		Physical memory (bytes) snapshot=258878902272
		Virtual memory (bytes) snapshot=324590399488
		Total committed heap usage (bytes)=274877906944
	File Input Format Counters 
		Bytes Read=0
	File Output Format Counters 
		Bytes Written=26
6776283ms
17/03/19 06:40:12 WARN util.NativeCodeLoader: Unable to load native-hadoop library for your platform... using builtin-java classes where applicable
finalCount	37239999732473
[The 2 times] Above experiment is: ./runHarpSgcr.sh /N/u/mengli/harp-sahad/experiments/template/u5-1.t sahad-data/nyc/nyc-u-cl8-4 sahad-output/nyc/nyc-u-cl8-4/40threads/2 4 40
17/03/19 06:40:13 WARN util.NativeCodeLoader: Unable to load native-hadoop library for your platform... using builtin-java classes where applicable
rm: `sahad-output/nyc/nyc-u-cl9-4/40threads/2': No such file or directory
use Local MultiThread? true
set Number of Map Tasks = 4
set number of threads: 40
17/03/19 06:40:15 WARN util.NativeCodeLoader: Unable to load native-hadoop library for your platform... using builtin-java classes where applicable
Get map collective runner
17/03/19 06:40:16 INFO client.RMProxy: Connecting to ResourceManager at j-011/172.16.0.11:8032
17/03/19 06:40:16 INFO input.FileInputFormat: Total input paths to process : 4
17/03/19 06:40:16 INFO fileformat.MultiFileInputFormat: NUMBER OF FILES: 4
17/03/19 06:40:16 INFO fileformat.MultiFileInputFormat: NUMBER OF MAPS: 4
17/03/19 06:40:16 INFO fileformat.MultiFileInputFormat: Split on host: j-056.juliet.futuresystems.org j-066.juliet.futuresystems.org j-063.juliet.futuresystems.org j-061.juliet.futuresystems.org j-055.juliet.futuresystems.org j-058.juliet.futuresystems.org j-060.juliet.futuresystems.org 
17/03/19 06:40:16 INFO fileformat.MultiFileInputFormat: Split on host: j-066.juliet.futuresystems.org j-059.juliet.futuresystems.org j-063.juliet.futuresystems.org j-055.juliet.futuresystems.org j-053.juliet.futuresystems.org j-062.juliet.futuresystems.org j-064.juliet.futuresystems.org j-060.juliet.futuresystems.org 
17/03/19 06:40:16 INFO fileformat.MultiFileInputFormat: Split on host: j-056.juliet.futuresystems.org j-063.juliet.futuresystems.org j-059.juliet.futuresystems.org j-055.juliet.futuresystems.org j-012.juliet.futuresystems.org j-065.juliet.futuresystems.org j-064.juliet.futuresystems.org j-060.juliet.futuresystems.org j-054.juliet.futuresystems.org j-013.juliet.futuresystems.org 
17/03/19 06:40:16 INFO fileformat.MultiFileInputFormat: Split on host: j-066.juliet.futuresystems.org j-059.juliet.futuresystems.org j-061.juliet.futuresystems.org j-012.juliet.futuresystems.org j-053.juliet.futuresystems.org j-064.juliet.futuresystems.org j-060.juliet.futuresystems.org j-056.juliet.futuresystems.org j-063.juliet.futuresystems.org j-057.juliet.futuresystems.org j-055.juliet.futuresystems.org j-062.juliet.futuresystems.org j-058.juliet.futuresystems.org j-013.juliet.futuresystems.org j-054.juliet.futuresystems.org 
17/03/19 06:40:16 INFO fileformat.MultiFileInputFormat: Total # of splits: 4
17/03/19 06:40:16 INFO mapreduce.JobSubmitter: number of splits:4
17/03/19 06:40:16 INFO mapreduce.JobSubmitter: Submitting tokens for job: job_1489165733656_0364
command: $JAVA_HOME/bin/java -Dlog4j.configuration=container-log4j.properties -Dyarn.app.container.log.dir=<LOG_DIR> -Dyarn.app.container.log.filesize=0 -Dhadoop.root.logger=INFO,CLA  -Xmx1024m org.apache.hadoop.mapreduce.v2.app.MapCollectiveAppMaster 1><LOG_DIR>/stdout 2><LOG_DIR>/stderr 
17/03/19 06:40:16 INFO impl.YarnClientImpl: Submitted application application_1489165733656_0364
17/03/19 06:40:16 INFO mapreduce.Job: The url to track the job: http://j-011:8088/proxy/application_1489165733656_0364/
17/03/19 06:40:16 INFO mapreduce.Job: Running job: job_1489165733656_0364
17/03/19 06:40:22 INFO mapreduce.Job: Job job_1489165733656_0364 running in uber mode : false
17/03/19 06:40:22 INFO mapreduce.Job:  map 0% reduce 0%
17/03/19 06:40:32 INFO mapreduce.Job:  map 100% reduce 0%
17/03/19 08:24:11 INFO mapreduce.Job: Job job_1489165733656_0364 completed successfully
17/03/19 08:24:11 INFO mapreduce.Job: Counters: 30
	File System Counters
		FILE: Number of bytes read=0
		FILE: Number of bytes written=425284
		FILE: Number of read operations=0
		FILE: Number of large read operations=0
		FILE: Number of write operations=0
		HDFS: Number of bytes read=3076698626
		HDFS: Number of bytes written=26
		HDFS: Number of read operations=32
		HDFS: Number of large read operations=0
		HDFS: Number of write operations=8
	Job Counters 
		Launched map tasks=4
		Other local map tasks=4
		Total time spent by all maps in occupied slots (ms)=24908935
		Total time spent by all reduces in occupied slots (ms)=0
		Total time spent by all map tasks (ms)=24908935
		Total vcore-seconds taken by all map tasks=24908935
		Total megabyte-seconds taken by all map tasks=25506749440
	Map-Reduce Framework
		Map input records=4
		Map output records=1
		Input split bytes=424
		Spilled Records=0
		Failed Shuffles=0
		Merged Map outputs=0
		GC time elapsed (ms)=150369
		CPU time spent (ms)=28377580
		Physical memory (bytes) snapshot=251611508736
		Virtual memory (bytes) snapshot=324616409088
		Total committed heap usage (bytes)=275847315456
	File Input Format Counters 
		Bytes Read=0
	File Output Format Counters 
		Bytes Written=26
6236921ms
17/03/19 08:24:12 WARN util.NativeCodeLoader: Unable to load native-hadoop library for your platform... using builtin-java classes where applicable
finalCount	42189769468776
[The 2 times] Above experiment is: ./runHarpSgcr.sh /N/u/mengli/harp-sahad/experiments/template/u5-1.t sahad-data/nyc/nyc-u-cl9-4 sahad-output/nyc/nyc-u-cl9-4/40threads/2 4 40
