use Local MultiThread? true
set Number of Map Tasks = 4
set number of threads: 40
17/03/31 17:12:56 WARN util.NativeCodeLoader: Unable to load native-hadoop library for your platform... using builtin-java classes where applicable
Get map collective runner
17/03/31 17:12:57 INFO client.RMProxy: Connecting to ResourceManager at j-011/172.16.0.11:8032
17/03/31 17:12:58 INFO input.FileInputFormat: Total input paths to process : 4
17/03/31 17:12:58 INFO fileformat.MultiFileInputFormat: NUMBER OF FILES: 4
17/03/31 17:12:58 INFO fileformat.MultiFileInputFormat: NUMBER OF MAPS: 4
17/03/31 17:12:58 INFO fileformat.MultiFileInputFormat: Split on host: j-066.juliet.futuresystems.org j-059.juliet.futuresystems.org j-061.juliet.futuresystems.org j-012.juliet.futuresystems.org j-053.juliet.futuresystems.org j-065.juliet.futuresystems.org j-064.juliet.futuresystems.org j-060.juliet.futuresystems.org j-056.juliet.futuresystems.org j-063.juliet.futuresystems.org j-055.juliet.futuresystems.org j-057.juliet.futuresystems.org j-062.juliet.futuresystems.org j-054.juliet.futuresystems.org j-013.juliet.futuresystems.org 
17/03/31 17:12:58 INFO fileformat.MultiFileInputFormat: Split on host: j-066.juliet.futuresystems.org j-059.juliet.futuresystems.org j-012.juliet.futuresystems.org j-053.juliet.futuresystems.org j-065.juliet.futuresystems.org j-064.juliet.futuresystems.org j-060.juliet.futuresystems.org j-056.juliet.futuresystems.org j-063.juliet.futuresystems.org j-055.juliet.futuresystems.org j-057.juliet.futuresystems.org j-062.juliet.futuresystems.org j-058.juliet.futuresystems.org j-013.juliet.futuresystems.org j-054.juliet.futuresystems.org 
17/03/31 17:12:58 INFO fileformat.MultiFileInputFormat: Split on host: j-066.juliet.futuresystems.org j-059.juliet.futuresystems.org j-061.juliet.futuresystems.org j-012.juliet.futuresystems.org j-053.juliet.futuresystems.org j-065.juliet.futuresystems.org j-064.juliet.futuresystems.org j-060.juliet.futuresystems.org j-056.juliet.futuresystems.org j-063.juliet.futuresystems.org j-057.juliet.futuresystems.org j-055.juliet.futuresystems.org j-062.juliet.futuresystems.org j-058.juliet.futuresystems.org j-013.juliet.futuresystems.org j-054.juliet.futuresystems.org 
17/03/31 17:12:58 INFO fileformat.MultiFileInputFormat: Split on host: j-066.juliet.futuresystems.org j-059.juliet.futuresystems.org j-061.juliet.futuresystems.org j-012.juliet.futuresystems.org j-053.juliet.futuresystems.org j-065.juliet.futuresystems.org j-060.juliet.futuresystems.org j-056.juliet.futuresystems.org j-063.juliet.futuresystems.org j-055.juliet.futuresystems.org j-057.juliet.futuresystems.org j-062.juliet.futuresystems.org j-058.juliet.futuresystems.org j-013.juliet.futuresystems.org j-054.juliet.futuresystems.org 
17/03/31 17:12:58 INFO fileformat.MultiFileInputFormat: Total # of splits: 4
17/03/31 17:12:58 INFO mapreduce.JobSubmitter: number of splits:4
17/03/31 17:12:58 INFO mapreduce.JobSubmitter: Submitting tokens for job: job_1490816615146_0044
command: $JAVA_HOME/bin/java -Dlog4j.configuration=container-log4j.properties -Dyarn.app.container.log.dir=<LOG_DIR> -Dyarn.app.container.log.filesize=0 -Dhadoop.root.logger=INFO,CLA  -Xmx1024m org.apache.hadoop.mapreduce.v2.app.MapCollectiveAppMaster 1><LOG_DIR>/stdout 2><LOG_DIR>/stderr 
17/03/31 17:12:58 INFO impl.YarnClientImpl: Submitted application application_1490816615146_0044
17/03/31 17:12:58 INFO mapreduce.Job: The url to track the job: http://j-011:8088/proxy/application_1490816615146_0044/
17/03/31 17:12:58 INFO mapreduce.Job: Running job: job_1490816615146_0044
17/03/31 17:13:03 INFO mapreduce.Job: Job job_1490816615146_0044 running in uber mode : false
17/03/31 17:13:03 INFO mapreduce.Job:  map 0% reduce 0%
17/03/31 17:13:13 INFO mapreduce.Job:  map 25% reduce 0%
17/03/31 17:13:14 INFO mapreduce.Job:  map 100% reduce 0%
17/03/31 18:09:54 INFO mapreduce.Job: Job job_1490816615146_0044 completed successfully
17/03/31 18:09:55 INFO mapreduce.Job: Counters: 30
	File System Counters
		FILE: Number of bytes read=0
		FILE: Number of bytes written=425252
		FILE: Number of read operations=0
		FILE: Number of large read operations=0
		FILE: Number of write operations=0
		HDFS: Number of bytes read=8237093843
		HDFS: Number of bytes written=23
		HDFS: Number of read operations=32
		HDFS: Number of large read operations=0
		HDFS: Number of write operations=8
	Job Counters 
		Launched map tasks=4
		Other local map tasks=4
		Total time spent by all maps in occupied slots (ms)=13636920
		Total time spent by all reduces in occupied slots (ms)=0
		Total time spent by all map tasks (ms)=13636920
		Total vcore-seconds taken by all map tasks=13636920
		Total megabyte-seconds taken by all map tasks=13964206080
	Map-Reduce Framework
		Map input records=4
		Map output records=1
		Input split bytes=416
		Spilled Records=0
		Failed Shuffles=0
		Merged Map outputs=0
		GC time elapsed (ms)=160437
		CPU time spent (ms)=32510950
		Physical memory (bytes) snapshot=271273955328
		Virtual memory (bytes) snapshot=324701749248
		Total committed heap usage (bytes)=274877906944
	File Input Format Counters 
		Bytes Read=0
	File Output Format Counters 
		Bytes Written=23
3418792ms
17/03/31 18:09:56 WARN util.NativeCodeLoader: Unable to load native-hadoop library for your platform... using builtin-java classes where applicable
finalCount	38327654416
[The 1 times] Above experiment is: ./runHarpSgcr2.sh /N/u/mengli/harp-sahad/experiments/template/u3-1.t sahad-data/nyc/nyc-u-e-4 sahad-output/nyc/nyc-u-e-4/40threads/1 4 40
