17/03/10 07:04:50 WARN util.NativeCodeLoader: Unable to load native-hadoop library for your platform... using builtin-java classes where applicable
17/03/10 07:04:51 INFO fs.TrashPolicyDefault: Namenode trash configuration: Deletion interval = 0 minutes, Emptier interval = 0 minutes.
Deleted sahad-output/nyc/nyc-u-e-2/40threads/1
use Local MultiThread? true
set Number of Map Tasks = 2
set number of threads: 40
17/03/10 07:04:52 WARN util.NativeCodeLoader: Unable to load native-hadoop library for your platform... using builtin-java classes where applicable
Get map collective runner
17/03/10 07:04:52 INFO client.RMProxy: Connecting to ResourceManager at j-011/172.16.0.11:8032
17/03/10 07:04:54 INFO input.FileInputFormat: Total input paths to process : 2
17/03/10 07:04:54 INFO fileformat.MultiFileInputFormat: NUMBER OF FILES: 2
17/03/10 07:04:54 INFO fileformat.MultiFileInputFormat: NUMBER OF MAPS: 2
17/03/10 07:04:54 INFO fileformat.MultiFileInputFormat: Split on host: j-066.juliet.futuresystems.org j-059.juliet.futuresystems.org j-061.juliet.futuresystems.org j-012.juliet.futuresystems.org j-053.juliet.futuresystems.org j-065.juliet.futuresystems.org j-064.juliet.futuresystems.org j-060.juliet.futuresystems.org j-056.juliet.futuresystems.org j-063.juliet.futuresystems.org j-057.juliet.futuresystems.org j-055.juliet.futuresystems.org j-062.juliet.futuresystems.org j-058.juliet.futuresystems.org j-054.juliet.futuresystems.org j-013.juliet.futuresystems.org 
17/03/10 07:04:54 INFO fileformat.MultiFileInputFormat: Split on host: j-066.juliet.futuresystems.org j-059.juliet.futuresystems.org j-061.juliet.futuresystems.org j-012.juliet.futuresystems.org j-053.juliet.futuresystems.org j-065.juliet.futuresystems.org j-064.juliet.futuresystems.org j-060.juliet.futuresystems.org j-056.juliet.futuresystems.org j-063.juliet.futuresystems.org j-057.juliet.futuresystems.org j-055.juliet.futuresystems.org j-062.juliet.futuresystems.org j-058.juliet.futuresystems.org j-054.juliet.futuresystems.org j-013.juliet.futuresystems.org 
17/03/10 07:04:54 INFO fileformat.MultiFileInputFormat: Total # of splits: 2
17/03/10 07:04:55 INFO mapreduce.JobSubmitter: number of splits:2
17/03/10 07:04:55 INFO mapreduce.JobSubmitter: Submitting tokens for job: job_1489147263455_0001
command: $JAVA_HOME/bin/java -Dlog4j.configuration=container-log4j.properties -Dyarn.app.container.log.dir=<LOG_DIR> -Dyarn.app.container.log.filesize=0 -Dhadoop.root.logger=INFO,CLA  -Xmx1024m org.apache.hadoop.mapreduce.v2.app.MapCollectiveAppMaster 1><LOG_DIR>/stdout 2><LOG_DIR>/stderr 
17/03/10 07:04:56 INFO impl.YarnClientImpl: Submitted application application_1489147263455_0001
17/03/10 07:04:56 INFO mapreduce.Job: The url to track the job: http://j-011:8088/proxy/application_1489147263455_0001/
17/03/10 07:04:56 INFO mapreduce.Job: Running job: job_1489147263455_0001
17/03/10 07:05:02 INFO mapreduce.Job: Job job_1489147263455_0001 running in uber mode : false
17/03/10 07:05:02 INFO mapreduce.Job:  map 0% reduce 0%
17/03/10 07:05:14 INFO mapreduce.Job:  map 100% reduce 0%
17/03/10 12:01:21 INFO mapreduce.Job:  map 0% reduce 0%
17/03/10 12:01:21 INFO mapreduce.Job: Job job_1489147263455_0001 failed with state KILLED due to: Application killed by user.
17/03/10 12:01:21 INFO mapreduce.Job: Counters: 0
17790311ms
17/03/10 12:01:22 WARN util.NativeCodeLoader: Unable to load native-hadoop library for your platform... using builtin-java classes where applicable
cat: `sahad-output/nyc/nyc-u-e-2/40threads/1/_temporary': Is a directory
[The 1 times] Above experiment is: ./runHarpSgcr.sh /N/u/mengli/harp-sahad/experiments/template/u5-1.t sahad-data/nyc/nyc-u-e-2 sahad-output/nyc/nyc-u-e-2/40threads/1 2 40
17/03/10 12:01:24 WARN util.NativeCodeLoader: Unable to load native-hadoop library for your platform... using builtin-java classes where applicable
17/03/10 12:01:25 INFO fs.TrashPolicyDefault: Namenode trash configuration: Deletion interval = 0 minutes, Emptier interval = 0 minutes.
Deleted sahad-output/nyc/nyc-u-e-2/40threads/1
use Local MultiThread? true
set Number of Map Tasks = 2
set number of threads: 40
17/03/10 12:01:26 WARN util.NativeCodeLoader: Unable to load native-hadoop library for your platform... using builtin-java classes where applicable
Get map collective runner
17/03/10 12:01:26 INFO client.RMProxy: Connecting to ResourceManager at j-011/172.16.0.11:8032
17/03/10 12:01:27 INFO input.FileInputFormat: Total input paths to process : 2
17/03/10 12:01:27 INFO fileformat.MultiFileInputFormat: NUMBER OF FILES: 2
17/03/10 12:01:27 INFO fileformat.MultiFileInputFormat: NUMBER OF MAPS: 2
17/03/10 12:01:27 INFO fileformat.MultiFileInputFormat: Split on host: j-066.juliet.futuresystems.org j-059.juliet.futuresystems.org j-061.juliet.futuresystems.org j-012.juliet.futuresystems.org j-053.juliet.futuresystems.org j-065.juliet.futuresystems.org j-064.juliet.futuresystems.org j-060.juliet.futuresystems.org j-056.juliet.futuresystems.org j-063.juliet.futuresystems.org j-057.juliet.futuresystems.org j-055.juliet.futuresystems.org j-062.juliet.futuresystems.org j-058.juliet.futuresystems.org j-054.juliet.futuresystems.org j-013.juliet.futuresystems.org 
17/03/10 12:01:27 INFO fileformat.MultiFileInputFormat: Split on host: j-066.juliet.futuresystems.org j-059.juliet.futuresystems.org j-061.juliet.futuresystems.org j-012.juliet.futuresystems.org j-053.juliet.futuresystems.org j-065.juliet.futuresystems.org j-064.juliet.futuresystems.org j-060.juliet.futuresystems.org j-056.juliet.futuresystems.org j-063.juliet.futuresystems.org j-057.juliet.futuresystems.org j-055.juliet.futuresystems.org j-062.juliet.futuresystems.org j-058.juliet.futuresystems.org j-054.juliet.futuresystems.org j-013.juliet.futuresystems.org 
17/03/10 12:01:27 INFO fileformat.MultiFileInputFormat: Total # of splits: 2
17/03/10 12:01:27 INFO mapreduce.JobSubmitter: number of splits:2
17/03/10 12:01:27 INFO mapreduce.JobSubmitter: Submitting tokens for job: job_1489147263455_0002
command: $JAVA_HOME/bin/java -Dlog4j.configuration=container-log4j.properties -Dyarn.app.container.log.dir=<LOG_DIR> -Dyarn.app.container.log.filesize=0 -Dhadoop.root.logger=INFO,CLA  -Xmx1024m org.apache.hadoop.mapreduce.v2.app.MapCollectiveAppMaster 1><LOG_DIR>/stdout 2><LOG_DIR>/stderr 
17/03/10 12:01:27 INFO impl.YarnClientImpl: Submitted application application_1489147263455_0002
17/03/10 12:01:27 INFO mapreduce.Job: The url to track the job: http://j-011:8088/proxy/application_1489147263455_0002/
17/03/10 12:01:27 INFO mapreduce.Job: Running job: job_1489147263455_0002
17/03/10 12:01:33 INFO mapreduce.Job: Job job_1489147263455_0002 running in uber mode : false
17/03/10 12:01:33 INFO mapreduce.Job:  map 0% reduce 0%
17/03/10 12:01:45 INFO mapreduce.Job:  map 50% reduce 0%
17/03/10 12:01:46 INFO mapreduce.Job:  map 100% reduce 0%
17/03/10 12:06:45 INFO ipc.Client: Retrying connect to server: j-011/172.16.0.11:8032. Already tried 0 time(s); retry policy is RetryUpToMaximumCountWithFixedSleep(maxRetries=10, sleepTime=1000 MILLISECONDS)
17/03/10 12:06:46 INFO ipc.Client: Retrying connect to server: j-011/172.16.0.11:8032. Already tried 1 time(s); retry policy is RetryUpToMaximumCountWithFixedSleep(maxRetries=10, sleepTime=1000 MILLISECONDS)
17/03/10 12:06:47 INFO ipc.Client: Retrying connect to server: j-011/172.16.0.11:8032. Already tried 2 time(s); retry policy is RetryUpToMaximumCountWithFixedSleep(maxRetries=10, sleepTime=1000 MILLISECONDS)
17/03/10 12:06:48 INFO ipc.Client: Retrying connect to server: j-011/172.16.0.11:8032. Already tried 3 time(s); retry policy is RetryUpToMaximumCountWithFixedSleep(maxRetries=10, sleepTime=1000 MILLISECONDS)
17/03/10 12:06:49 INFO ipc.Client: Retrying connect to server: j-011/172.16.0.11:8032. Already tried 4 time(s); retry policy is RetryUpToMaximumCountWithFixedSleep(maxRetries=10, sleepTime=1000 MILLISECONDS)
17/03/10 12:06:50 INFO ipc.Client: Retrying connect to server: j-011/172.16.0.11:8032. Already tried 5 time(s); retry policy is RetryUpToMaximumCountWithFixedSleep(maxRetries=10, sleepTime=1000 MILLISECONDS)
17/03/10 12:06:51 INFO ipc.Client: Retrying connect to server: j-011/172.16.0.11:8032. Already tried 6 time(s); retry policy is RetryUpToMaximumCountWithFixedSleep(maxRetries=10, sleepTime=1000 MILLISECONDS)
17/03/10 12:06:52 INFO ipc.Client: Retrying connect to server: j-011/172.16.0.11:8032. Already tried 7 time(s); retry policy is RetryUpToMaximumCountWithFixedSleep(maxRetries=10, sleepTime=1000 MILLISECONDS)
17/03/10 12:06:53 INFO ipc.Client: Retrying connect to server: j-011/172.16.0.11:8032. Already tried 8 time(s); retry policy is RetryUpToMaximumCountWithFixedSleep(maxRetries=10, sleepTime=1000 MILLISECONDS)
17/03/10 12:06:54 INFO ipc.Client: Retrying connect to server: j-011/172.16.0.11:8032. Already tried 9 time(s); retry policy is RetryUpToMaximumCountWithFixedSleep(maxRetries=10, sleepTime=1000 MILLISECONDS)
./runHarpSgcr.sh: line 7: 57285 Killed                  hadoop jar $HARP_SAHAD_HOME/target/harp-sahad-1.0-SNAPSHOT.jar edu.iu.sahad.rotation.SCMapCollective $4 1 $1 $2 $3 $5
17/03/10 12:07:21 WARN util.NativeCodeLoader: Unable to load native-hadoop library for your platform... using builtin-java classes where applicable
cat: Call From j-011.juliet.futuresystems.org/172.16.0.11 to j-011:9010 failed on connection exception: java.net.ConnectException: Connection refused; For more details see:  http://wiki.apache.org/hadoop/ConnectionRefused
[The 1 times] Above experiment is: ./runHarpSgcr.sh /N/u/mengli/harp-sahad/experiments/template/u7-1.t sahad-data/nyc/nyc-u-e-2 sahad-output/nyc/nyc-u-e-2/40threads/1 2 40
17/03/10 12:07:22 WARN util.NativeCodeLoader: Unable to load native-hadoop library for your platform... using builtin-java classes where applicable
rm: Call From j-011.juliet.futuresystems.org/172.16.0.11 to j-011:9010 failed on connection exception: java.net.ConnectException: Connection refused; For more details see:  http://wiki.apache.org/hadoop/ConnectionRefused
use Local MultiThread? true
set Number of Map Tasks = 2
set number of threads: 40
17/03/10 12:07:24 WARN util.NativeCodeLoader: Unable to load native-hadoop library for your platform... using builtin-java classes where applicable
Exception in thread "main" java.net.ConnectException: Call From j-011.juliet.futuresystems.org/172.16.0.11 to j-011:9010 failed on connection exception: java.net.ConnectException: Connection refused; For more details see:  http://wiki.apache.org/hadoop/ConnectionRefused
	at sun.reflect.NativeConstructorAccessorImpl.newInstance0(Native Method)
	at sun.reflect.NativeConstructorAccessorImpl.newInstance(NativeConstructorAccessorImpl.java:62)
	at sun.reflect.DelegatingConstructorAccessorImpl.newInstance(DelegatingConstructorAccessorImpl.java:45)
	at java.lang.reflect.Constructor.newInstance(Constructor.java:422)
	at org.apache.hadoop.net.NetUtils.wrapWithMessage(NetUtils.java:791)
	at org.apache.hadoop.net.NetUtils.wrapException(NetUtils.java:731)
	at org.apache.hadoop.ipc.Client.call(Client.java:1472)
	at org.apache.hadoop.ipc.Client.call(Client.java:1399)
	at org.apache.hadoop.ipc.ProtobufRpcEngine$Invoker.invoke(ProtobufRpcEngine.java:232)
	at com.sun.proxy.$Proxy9.getFileInfo(Unknown Source)
	at org.apache.hadoop.hdfs.protocolPB.ClientNamenodeProtocolTranslatorPB.getFileInfo(ClientNamenodeProtocolTranslatorPB.java:752)
	at sun.reflect.NativeMethodAccessorImpl.invoke0(Native Method)
	at sun.reflect.NativeMethodAccessorImpl.invoke(NativeMethodAccessorImpl.java:62)
	at sun.reflect.DelegatingMethodAccessorImpl.invoke(DelegatingMethodAccessorImpl.java:43)
	at java.lang.reflect.Method.invoke(Method.java:497)
	at org.apache.hadoop.io.retry.RetryInvocationHandler.invokeMethod(RetryInvocationHandler.java:187)
	at org.apache.hadoop.io.retry.RetryInvocationHandler.invoke(RetryInvocationHandler.java:102)
	at com.sun.proxy.$Proxy10.getFileInfo(Unknown Source)
	at org.apache.hadoop.hdfs.DFSClient.getFileInfo(DFSClient.java:1988)
	at org.apache.hadoop.hdfs.DistributedFileSystem$18.doCall(DistributedFileSystem.java:1118)
	at org.apache.hadoop.hdfs.DistributedFileSystem$18.doCall(DistributedFileSystem.java:1114)
	at org.apache.hadoop.fs.FileSystemLinkResolver.resolve(FileSystemLinkResolver.java:81)
	at org.apache.hadoop.hdfs.DistributedFileSystem.getFileStatus(DistributedFileSystem.java:1114)
	at org.apache.hadoop.fs.FileSystem.exists(FileSystem.java:1400)
	at edu.iu.sahad.rotation.SCMapCollective.configureSCJob(SCMapCollective.java:68)
	at edu.iu.sahad.rotation.SCMapCollective.launch(SCMapCollective.java:97)
	at edu.iu.sahad.rotation.SCMapCollective.run(SCMapCollective.java:59)
	at org.apache.hadoop.util.ToolRunner.run(ToolRunner.java:70)
	at edu.iu.sahad.rotation.SCMapCollective.main(SCMapCollective.java:106)
	at sun.reflect.NativeMethodAccessorImpl.invoke0(Native Method)
	at sun.reflect.NativeMethodAccessorImpl.invoke(NativeMethodAccessorImpl.java:62)
	at sun.reflect.DelegatingMethodAccessorImpl.invoke(DelegatingMethodAccessorImpl.java:43)
	at java.lang.reflect.Method.invoke(Method.java:497)
	at org.apache.hadoop.util.RunJar.run(RunJar.java:221)
	at org.apache.hadoop.util.RunJar.main(RunJar.java:136)
Caused by: java.net.ConnectException: Connection refused
	at sun.nio.ch.SocketChannelImpl.checkConnect(Native Method)
	at sun.nio.ch.SocketChannelImpl.finishConnect(SocketChannelImpl.java:717)
	at org.apache.hadoop.net.SocketIOWithTimeout.connect(SocketIOWithTimeout.java:206)
	at org.apache.hadoop.net.NetUtils.connect(NetUtils.java:530)
	at org.apache.hadoop.net.NetUtils.connect(NetUtils.java:494)
	at org.apache.hadoop.ipc.Client$Connection.setupConnection(Client.java:607)
	at org.apache.hadoop.ipc.Client$Connection.setupIOstreams(Client.java:705)
	at org.apache.hadoop.ipc.Client$Connection.access$2800(Client.java:368)
	at org.apache.hadoop.ipc.Client.getConnection(Client.java:1521)
	at org.apache.hadoop.ipc.Client.call(Client.java:1438)
	... 28 more
17/03/10 12:07:25 WARN util.NativeCodeLoader: Unable to load native-hadoop library for your platform... using builtin-java classes where applicable
cat: Call From j-011.juliet.futuresystems.org/172.16.0.11 to j-011:9010 failed on connection exception: java.net.ConnectException: Connection refused; For more details see:  http://wiki.apache.org/hadoop/ConnectionRefused
[The 2 times] Above experiment is: ./runHarpSgcr.sh /N/u/mengli/harp-sahad/experiments/template/u5-1.t sahad-data/nyc/nyc-u-e-2 sahad-output/nyc/nyc-u-e-2/40threads/2 2 40
17/03/10 12:07:27 WARN util.NativeCodeLoader: Unable to load native-hadoop library for your platform... using builtin-java classes where applicable
rm: Call From j-011.juliet.futuresystems.org/172.16.0.11 to j-011:9010 failed on connection exception: java.net.ConnectException: Connection refused; For more details see:  http://wiki.apache.org/hadoop/ConnectionRefused
use Local MultiThread? true
set Number of Map Tasks = 2
set number of threads: 40
17/03/10 12:07:28 WARN util.NativeCodeLoader: Unable to load native-hadoop library for your platform... using builtin-java classes where applicable
Exception in thread "main" java.net.ConnectException: Call From j-011.juliet.futuresystems.org/172.16.0.11 to j-011:9010 failed on connection exception: java.net.ConnectException: Connection refused; For more details see:  http://wiki.apache.org/hadoop/ConnectionRefused
	at sun.reflect.NativeConstructorAccessorImpl.newInstance0(Native Method)
	at sun.reflect.NativeConstructorAccessorImpl.newInstance(NativeConstructorAccessorImpl.java:62)
	at sun.reflect.DelegatingConstructorAccessorImpl.newInstance(DelegatingConstructorAccessorImpl.java:45)
	at java.lang.reflect.Constructor.newInstance(Constructor.java:422)
	at org.apache.hadoop.net.NetUtils.wrapWithMessage(NetUtils.java:791)
	at org.apache.hadoop.net.NetUtils.wrapException(NetUtils.java:731)
	at org.apache.hadoop.ipc.Client.call(Client.java:1472)
	at org.apache.hadoop.ipc.Client.call(Client.java:1399)
	at org.apache.hadoop.ipc.ProtobufRpcEngine$Invoker.invoke(ProtobufRpcEngine.java:232)
	at com.sun.proxy.$Proxy9.getFileInfo(Unknown Source)
	at org.apache.hadoop.hdfs.protocolPB.ClientNamenodeProtocolTranslatorPB.getFileInfo(ClientNamenodeProtocolTranslatorPB.java:752)
	at sun.reflect.NativeMethodAccessorImpl.invoke0(Native Method)
	at sun.reflect.NativeMethodAccessorImpl.invoke(NativeMethodAccessorImpl.java:62)
	at sun.reflect.DelegatingMethodAccessorImpl.invoke(DelegatingMethodAccessorImpl.java:43)
	at java.lang.reflect.Method.invoke(Method.java:497)
	at org.apache.hadoop.io.retry.RetryInvocationHandler.invokeMethod(RetryInvocationHandler.java:187)
	at org.apache.hadoop.io.retry.RetryInvocationHandler.invoke(RetryInvocationHandler.java:102)
	at com.sun.proxy.$Proxy10.getFileInfo(Unknown Source)
	at org.apache.hadoop.hdfs.DFSClient.getFileInfo(DFSClient.java:1988)
	at org.apache.hadoop.hdfs.DistributedFileSystem$18.doCall(DistributedFileSystem.java:1118)
	at org.apache.hadoop.hdfs.DistributedFileSystem$18.doCall(DistributedFileSystem.java:1114)
	at org.apache.hadoop.fs.FileSystemLinkResolver.resolve(FileSystemLinkResolver.java:81)
	at org.apache.hadoop.hdfs.DistributedFileSystem.getFileStatus(DistributedFileSystem.java:1114)
	at org.apache.hadoop.fs.FileSystem.exists(FileSystem.java:1400)
	at edu.iu.sahad.rotation.SCMapCollective.configureSCJob(SCMapCollective.java:68)
	at edu.iu.sahad.rotation.SCMapCollective.launch(SCMapCollective.java:97)
	at edu.iu.sahad.rotation.SCMapCollective.run(SCMapCollective.java:59)
	at org.apache.hadoop.util.ToolRunner.run(ToolRunner.java:70)
	at edu.iu.sahad.rotation.SCMapCollective.main(SCMapCollective.java:106)
	at sun.reflect.NativeMethodAccessorImpl.invoke0(Native Method)
	at sun.reflect.NativeMethodAccessorImpl.invoke(NativeMethodAccessorImpl.java:62)
	at sun.reflect.DelegatingMethodAccessorImpl.invoke(DelegatingMethodAccessorImpl.java:43)
	at java.lang.reflect.Method.invoke(Method.java:497)
	at org.apache.hadoop.util.RunJar.run(RunJar.java:221)
	at org.apache.hadoop.util.RunJar.main(RunJar.java:136)
Caused by: java.net.ConnectException: Connection refused
	at sun.nio.ch.SocketChannelImpl.checkConnect(Native Method)
	at sun.nio.ch.SocketChannelImpl.finishConnect(SocketChannelImpl.java:717)
	at org.apache.hadoop.net.SocketIOWithTimeout.connect(SocketIOWithTimeout.java:206)
	at org.apache.hadoop.net.NetUtils.connect(NetUtils.java:530)
	at org.apache.hadoop.net.NetUtils.connect(NetUtils.java:494)
	at org.apache.hadoop.ipc.Client$Connection.setupConnection(Client.java:607)
	at org.apache.hadoop.ipc.Client$Connection.setupIOstreams(Client.java:705)
	at org.apache.hadoop.ipc.Client$Connection.access$2800(Client.java:368)
	at org.apache.hadoop.ipc.Client.getConnection(Client.java:1521)
	at org.apache.hadoop.ipc.Client.call(Client.java:1438)
	... 28 more
17/03/10 12:07:30 WARN util.NativeCodeLoader: Unable to load native-hadoop library for your platform... using builtin-java classes where applicable
cat: Call From j-011.juliet.futuresystems.org/172.16.0.11 to j-011:9010 failed on connection exception: java.net.ConnectException: Connection refused; For more details see:  http://wiki.apache.org/hadoop/ConnectionRefused
[The 2 times] Above experiment is: ./runHarpSgcr.sh /N/u/mengli/harp-sahad/experiments/template/u7-1.t sahad-data/nyc/nyc-u-e-2 sahad-output/nyc/nyc-u-e-2/40threads/2 2 40
