use Local MultiThread? true
set Number of Map Tasks = 4
set number of threads: 40
17/03/29 13:39:11 WARN util.NativeCodeLoader: Unable to load native-hadoop library for your platform... using builtin-java classes where applicable
Get map collective runner
17/03/29 13:39:12 INFO client.RMProxy: Connecting to ResourceManager at j-011/172.16.0.11:8032
17/03/29 13:39:12 INFO input.FileInputFormat: Total input paths to process : 4
17/03/29 13:39:12 INFO fileformat.MultiFileInputFormat: NUMBER OF FILES: 4
17/03/29 13:39:12 INFO fileformat.MultiFileInputFormat: NUMBER OF MAPS: 4
17/03/29 13:39:12 INFO fileformat.MultiFileInputFormat: Split on host: j-066.juliet.futuresystems.org j-059.juliet.futuresystems.org j-061.juliet.futuresystems.org j-012.juliet.futuresystems.org j-053.juliet.futuresystems.org j-065.juliet.futuresystems.org j-064.juliet.futuresystems.org j-060.juliet.futuresystems.org j-056.juliet.futuresystems.org j-063.juliet.futuresystems.org j-055.juliet.futuresystems.org j-057.juliet.futuresystems.org j-062.juliet.futuresystems.org j-054.juliet.futuresystems.org j-013.juliet.futuresystems.org 
17/03/29 13:39:12 INFO fileformat.MultiFileInputFormat: Split on host: j-066.juliet.futuresystems.org j-059.juliet.futuresystems.org j-012.juliet.futuresystems.org j-053.juliet.futuresystems.org j-065.juliet.futuresystems.org j-064.juliet.futuresystems.org j-060.juliet.futuresystems.org j-056.juliet.futuresystems.org j-063.juliet.futuresystems.org j-055.juliet.futuresystems.org j-057.juliet.futuresystems.org j-062.juliet.futuresystems.org j-058.juliet.futuresystems.org j-054.juliet.futuresystems.org j-013.juliet.futuresystems.org 
17/03/29 13:39:12 INFO fileformat.MultiFileInputFormat: Split on host: j-066.juliet.futuresystems.org j-059.juliet.futuresystems.org j-061.juliet.futuresystems.org j-012.juliet.futuresystems.org j-053.juliet.futuresystems.org j-065.juliet.futuresystems.org j-064.juliet.futuresystems.org j-060.juliet.futuresystems.org j-056.juliet.futuresystems.org j-063.juliet.futuresystems.org j-057.juliet.futuresystems.org j-055.juliet.futuresystems.org j-062.juliet.futuresystems.org j-058.juliet.futuresystems.org j-013.juliet.futuresystems.org j-054.juliet.futuresystems.org 
17/03/29 13:39:12 INFO fileformat.MultiFileInputFormat: Split on host: j-066.juliet.futuresystems.org j-059.juliet.futuresystems.org j-061.juliet.futuresystems.org j-012.juliet.futuresystems.org j-053.juliet.futuresystems.org j-065.juliet.futuresystems.org j-060.juliet.futuresystems.org j-056.juliet.futuresystems.org j-063.juliet.futuresystems.org j-055.juliet.futuresystems.org j-057.juliet.futuresystems.org j-062.juliet.futuresystems.org j-058.juliet.futuresystems.org j-013.juliet.futuresystems.org j-054.juliet.futuresystems.org 
17/03/29 13:39:12 INFO fileformat.MultiFileInputFormat: Total # of splits: 4
17/03/29 13:39:13 INFO mapreduce.JobSubmitter: number of splits:4
17/03/29 13:39:13 INFO mapreduce.JobSubmitter: Submitting tokens for job: job_1489165733656_0527
command: $JAVA_HOME/bin/java -Dlog4j.configuration=container-log4j.properties -Dyarn.app.container.log.dir=<LOG_DIR> -Dyarn.app.container.log.filesize=0 -Dhadoop.root.logger=INFO,CLA  -Xmx1024m org.apache.hadoop.mapreduce.v2.app.MapCollectiveAppMaster 1><LOG_DIR>/stdout 2><LOG_DIR>/stderr 
17/03/29 13:39:13 INFO impl.YarnClientImpl: Submitted application application_1489165733656_0527
17/03/29 13:39:13 INFO mapreduce.Job: The url to track the job: http://j-011:8088/proxy/application_1489165733656_0527/
17/03/29 13:39:13 INFO mapreduce.Job: Running job: job_1489165733656_0527
17/03/29 13:39:23 INFO mapreduce.Job: Job job_1489165733656_0527 running in uber mode : false
17/03/29 13:39:23 INFO mapreduce.Job:  map 0% reduce 0%
17/03/29 13:39:34 INFO mapreduce.Job:  map 25% reduce 0%
17/03/29 13:39:35 INFO mapreduce.Job:  map 100% reduce 0%
17/03/29 14:01:56 INFO mapreduce.Job:  map 0% reduce 0%
17/03/29 14:01:56 INFO mapreduce.Job: Job job_1489165733656_0527 failed with state KILLED due to: Application killed by user.
17/03/29 14:01:56 INFO mapreduce.Job: Counters: 0
1366173ms
17/03/29 14:01:57 WARN util.NativeCodeLoader: Unable to load native-hadoop library for your platform... using builtin-java classes where applicable
cat: `sahad-output/nyc/nyc-u-e-4/40threads/1/_temporary': Is a directory
[The 1 times] Above experiment is: ./runHarpSgcr2.sh /N/u/mengli/harp-sahad/experiments/template/u3-1.t sahad-data/nyc/nyc-u-e-4 sahad-output/nyc/nyc-u-e-4/40threads/1 4 40
