17/04/06 23:48:10 WARN util.NativeCodeLoader: Unable to load native-hadoop library for your platform... using builtin-java classes where applicable
17/04/06 23:48:10 INFO fs.TrashPolicyDefault: Namenode trash configuration: Deletion interval = 0 minutes, Emptier interval = 0 minutes.
Deleted sahad-output/nyc/nyc-u-e-8/40-threads/1
use Local MultiThread? true
set Number of Map Tasks = 8
set number of threads: 40
17/04/06 23:48:11 WARN util.NativeCodeLoader: Unable to load native-hadoop library for your platform... using builtin-java classes where applicable
Get map collective runner
17/04/06 23:48:12 INFO client.RMProxy: Connecting to ResourceManager at j-011/172.16.0.11:8032
17/04/06 23:48:13 INFO input.FileInputFormat: Total input paths to process : 8
17/04/06 23:48:13 INFO fileformat.MultiFileInputFormat: NUMBER OF FILES: 8
17/04/06 23:48:13 INFO fileformat.MultiFileInputFormat: NUMBER OF MAPS: 8
17/04/06 23:48:13 INFO fileformat.MultiFileInputFormat: Split on host: j-066.juliet.futuresystems.org j-059.juliet.futuresystems.org j-061.juliet.futuresystems.org j-053.juliet.futuresystems.org j-012.juliet.futuresystems.org j-064.juliet.futuresystems.org j-060.juliet.futuresystems.org j-056.juliet.futuresystems.org j-063.juliet.futuresystems.org j-057.juliet.futuresystems.org j-062.juliet.futuresystems.org j-058.juliet.futuresystems.org j-013.juliet.futuresystems.org j-054.juliet.futuresystems.org 
17/04/06 23:48:13 INFO fileformat.MultiFileInputFormat: Split on host: j-066.juliet.futuresystems.org j-059.juliet.futuresystems.org j-061.juliet.futuresystems.org j-012.juliet.futuresystems.org j-053.juliet.futuresystems.org j-065.juliet.futuresystems.org j-064.juliet.futuresystems.org j-060.juliet.futuresystems.org j-056.juliet.futuresystems.org j-063.juliet.futuresystems.org j-057.juliet.futuresystems.org j-062.juliet.futuresystems.org j-058.juliet.futuresystems.org j-054.juliet.futuresystems.org j-013.juliet.futuresystems.org 
17/04/06 23:48:13 INFO fileformat.MultiFileInputFormat: Split on host: j-056.juliet.futuresystems.org j-066.juliet.futuresystems.org j-063.juliet.futuresystems.org j-061.juliet.futuresystems.org j-055.juliet.futuresystems.org j-057.juliet.futuresystems.org j-012.juliet.futuresystems.org j-053.juliet.futuresystems.org j-062.juliet.futuresystems.org j-065.juliet.futuresystems.org j-058.juliet.futuresystems.org j-054.juliet.futuresystems.org 
17/04/06 23:48:13 INFO fileformat.MultiFileInputFormat: Split on host: j-066.juliet.futuresystems.org j-056.juliet.futuresystems.org j-063.juliet.futuresystems.org j-057.juliet.futuresystems.org j-055.juliet.futuresystems.org j-053.juliet.futuresystems.org j-062.juliet.futuresystems.org j-065.juliet.futuresystems.org j-064.juliet.futuresystems.org j-058.juliet.futuresystems.org j-060.juliet.futuresystems.org j-013.juliet.futuresystems.org 
17/04/06 23:48:13 INFO fileformat.MultiFileInputFormat: Split on host: j-066.juliet.futuresystems.org j-059.juliet.futuresystems.org j-061.juliet.futuresystems.org j-053.juliet.futuresystems.org j-012.juliet.futuresystems.org j-065.juliet.futuresystems.org j-064.juliet.futuresystems.org j-060.juliet.futuresystems.org j-056.juliet.futuresystems.org j-063.juliet.futuresystems.org j-055.juliet.futuresystems.org j-057.juliet.futuresystems.org j-062.juliet.futuresystems.org j-058.juliet.futuresystems.org j-054.juliet.futuresystems.org 
17/04/06 23:48:13 INFO fileformat.MultiFileInputFormat: Split on host: j-066.juliet.futuresystems.org j-059.juliet.futuresystems.org j-061.juliet.futuresystems.org j-053.juliet.futuresystems.org j-065.juliet.futuresystems.org j-064.juliet.futuresystems.org j-060.juliet.futuresystems.org j-056.juliet.futuresystems.org j-063.juliet.futuresystems.org j-055.juliet.futuresystems.org j-057.juliet.futuresystems.org j-062.juliet.futuresystems.org j-058.juliet.futuresystems.org j-013.juliet.futuresystems.org j-054.juliet.futuresystems.org 
17/04/06 23:48:13 INFO fileformat.MultiFileInputFormat: Split on host: j-066.juliet.futuresystems.org j-059.juliet.futuresystems.org j-061.juliet.futuresystems.org j-053.juliet.futuresystems.org j-012.juliet.futuresystems.org j-065.juliet.futuresystems.org j-064.juliet.futuresystems.org j-060.juliet.futuresystems.org j-056.juliet.futuresystems.org j-063.juliet.futuresystems.org j-057.juliet.futuresystems.org j-055.juliet.futuresystems.org j-062.juliet.futuresystems.org j-013.juliet.futuresystems.org j-054.juliet.futuresystems.org 
17/04/06 23:48:13 INFO fileformat.MultiFileInputFormat: Split on host: j-066.juliet.futuresystems.org j-059.juliet.futuresystems.org j-063.juliet.futuresystems.org j-061.juliet.futuresystems.org j-012.juliet.futuresystems.org j-053.juliet.futuresystems.org j-062.juliet.futuresystems.org j-065.juliet.futuresystems.org j-064.juliet.futuresystems.org j-058.juliet.futuresystems.org j-013.juliet.futuresystems.org 
17/04/06 23:48:13 INFO fileformat.MultiFileInputFormat: Total # of splits: 8
17/04/06 23:48:13 INFO mapreduce.JobSubmitter: number of splits:8
17/04/06 23:48:13 INFO mapreduce.JobSubmitter: Submitting tokens for job: job_1491533387176_0002
command: $JAVA_HOME/bin/java -Dlog4j.configuration=container-log4j.properties -Dyarn.app.container.log.dir=<LOG_DIR> -Dyarn.app.container.log.filesize=0 -Dhadoop.root.logger=INFO,CLA  -Xmx1024m org.apache.hadoop.mapreduce.v2.app.MapCollectiveAppMaster 1><LOG_DIR>/stdout 2><LOG_DIR>/stderr 
17/04/06 23:48:13 INFO impl.YarnClientImpl: Submitted application application_1491533387176_0002
17/04/06 23:48:13 INFO mapreduce.Job: The url to track the job: http://j-011:8088/proxy/application_1491533387176_0002/
17/04/06 23:48:13 INFO mapreduce.Job: Running job: job_1491533387176_0002
17/04/06 23:48:18 INFO mapreduce.Job: Job job_1491533387176_0002 running in uber mode : false
17/04/06 23:48:18 INFO mapreduce.Job:  map 0% reduce 0%
17/04/06 23:48:29 INFO mapreduce.Job:  map 100% reduce 0%
17/04/07 00:26:01 INFO mapreduce.Job: Job job_1491533387176_0002 completed successfully
17/04/07 00:26:01 INFO mapreduce.Job: Counters: 30
	File System Counters
		FILE: Number of bytes read=0
		FILE: Number of bytes written=850512
		FILE: Number of read operations=0
		FILE: Number of large read operations=0
		FILE: Number of write operations=0
		HDFS: Number of bytes read=8237096047
		HDFS: Number of bytes written=23
		HDFS: Number of read operations=64
		HDFS: Number of large read operations=0
		HDFS: Number of write operations=16
	Job Counters 
		Launched map tasks=8
		Other local map tasks=8
		Total time spent by all maps in occupied slots (ms)=18070614
		Total time spent by all reduces in occupied slots (ms)=0
		Total time spent by all map tasks (ms)=18070614
		Total vcore-seconds taken by all map tasks=18070614
		Total megabyte-seconds taken by all map tasks=18504308736
	Map-Reduce Framework
		Map input records=8
		Map output records=1
		Input split bytes=832
		Spilled Records=0
		Failed Shuffles=0
		Merged Map outputs=0
		GC time elapsed (ms)=88661
		CPU time spent (ms)=24399360
		Physical memory (bytes) snapshot=308831186944
		Virtual memory (bytes) snapshot=649112920064
		Total committed heap usage (bytes)=550209847296
	File Input Format Counters 
		Bytes Read=0
	File Output Format Counters 
		Bytes Written=23
2270123ms
17/04/07 00:26:02 WARN util.NativeCodeLoader: Unable to load native-hadoop library for your platform... using builtin-java classes where applicable
finalCount	37649611314
[The 1 times] Above experiment is: ./runHarpSgcr.sh /N/u/mengli/harp-sahad/experiments/template/u3-1.t sahad-data/nyc/nyc-u-e-8 sahad-output/nyc/nyc-u-e-8/40-threads/1 8 40
