17/03/12 17:09:10 WARN util.NativeCodeLoader: Unable to load native-hadoop library for your platform... using builtin-java classes where applicable
17/03/12 17:09:10 INFO fs.TrashPolicyDefault: Namenode trash configuration: Deletion interval = 0 minutes, Emptier interval = 0 minutes.
Deleted sahad-output/nyc/nyc-u-d-8/40threads/1
use Local MultiThread? true
set Number of Map Tasks = 8
set number of threads: 40
17/03/12 17:09:11 WARN util.NativeCodeLoader: Unable to load native-hadoop library for your platform... using builtin-java classes where applicable
Get map collective runner
17/03/12 17:09:12 INFO client.RMProxy: Connecting to ResourceManager at j-011/172.16.0.11:8032
17/03/12 17:09:13 INFO input.FileInputFormat: Total input paths to process : 8
17/03/12 17:09:13 INFO fileformat.MultiFileInputFormat: NUMBER OF FILES: 8
17/03/12 17:09:13 INFO fileformat.MultiFileInputFormat: NUMBER OF MAPS: 8
17/03/12 17:09:13 INFO fileformat.MultiFileInputFormat: Split on host: j-066.juliet.futuresystems.org j-059.juliet.futuresystems.org j-061.juliet.futuresystems.org j-012.juliet.futuresystems.org j-065.juliet.futuresystems.org j-064.juliet.futuresystems.org j-060.juliet.futuresystems.org j-056.juliet.futuresystems.org j-063.juliet.futuresystems.org j-055.juliet.futuresystems.org j-062.juliet.futuresystems.org j-013.juliet.futuresystems.org j-054.juliet.futuresystems.org 
17/03/12 17:09:13 INFO fileformat.MultiFileInputFormat: Split on host: j-066.juliet.futuresystems.org j-059.juliet.futuresystems.org j-053.juliet.futuresystems.org j-012.juliet.futuresystems.org j-065.juliet.futuresystems.org j-064.juliet.futuresystems.org j-060.juliet.futuresystems.org j-056.juliet.futuresystems.org j-063.juliet.futuresystems.org j-055.juliet.futuresystems.org j-057.juliet.futuresystems.org j-062.juliet.futuresystems.org j-058.juliet.futuresystems.org j-013.juliet.futuresystems.org j-054.juliet.futuresystems.org 
17/03/12 17:09:13 INFO fileformat.MultiFileInputFormat: Split on host: j-066.juliet.futuresystems.org j-059.juliet.futuresystems.org j-012.juliet.futuresystems.org j-053.juliet.futuresystems.org j-065.juliet.futuresystems.org j-060.juliet.futuresystems.org j-056.juliet.futuresystems.org j-063.juliet.futuresystems.org j-057.juliet.futuresystems.org j-055.juliet.futuresystems.org j-062.juliet.futuresystems.org j-054.juliet.futuresystems.org j-013.juliet.futuresystems.org 
17/03/12 17:09:13 INFO fileformat.MultiFileInputFormat: Split on host: j-059.juliet.futuresystems.org j-061.juliet.futuresystems.org j-053.juliet.futuresystems.org j-012.juliet.futuresystems.org j-064.juliet.futuresystems.org j-060.juliet.futuresystems.org j-056.juliet.futuresystems.org j-063.juliet.futuresystems.org j-057.juliet.futuresystems.org j-055.juliet.futuresystems.org j-062.juliet.futuresystems.org j-058.juliet.futuresystems.org j-054.juliet.futuresystems.org j-013.juliet.futuresystems.org 
17/03/12 17:09:13 INFO fileformat.MultiFileInputFormat: Split on host: j-059.juliet.futuresystems.org j-061.juliet.futuresystems.org j-053.juliet.futuresystems.org j-012.juliet.futuresystems.org j-065.juliet.futuresystems.org j-060.juliet.futuresystems.org j-063.juliet.futuresystems.org j-055.juliet.futuresystems.org j-057.juliet.futuresystems.org j-062.juliet.futuresystems.org j-058.juliet.futuresystems.org j-013.juliet.futuresystems.org j-054.juliet.futuresystems.org 
17/03/12 17:09:13 INFO fileformat.MultiFileInputFormat: Split on host: j-066.juliet.futuresystems.org j-059.juliet.futuresystems.org j-061.juliet.futuresystems.org j-053.juliet.futuresystems.org j-012.juliet.futuresystems.org j-065.juliet.futuresystems.org j-064.juliet.futuresystems.org j-060.juliet.futuresystems.org j-056.juliet.futuresystems.org j-063.juliet.futuresystems.org j-055.juliet.futuresystems.org j-057.juliet.futuresystems.org j-062.juliet.futuresystems.org j-058.juliet.futuresystems.org j-013.juliet.futuresystems.org j-054.juliet.futuresystems.org 
17/03/12 17:09:13 INFO fileformat.MultiFileInputFormat: Split on host: j-066.juliet.futuresystems.org j-059.juliet.futuresystems.org j-012.juliet.futuresystems.org j-053.juliet.futuresystems.org j-065.juliet.futuresystems.org j-060.juliet.futuresystems.org j-056.juliet.futuresystems.org j-063.juliet.futuresystems.org j-055.juliet.futuresystems.org j-057.juliet.futuresystems.org j-062.juliet.futuresystems.org j-058.juliet.futuresystems.org j-013.juliet.futuresystems.org j-054.juliet.futuresystems.org 
17/03/12 17:09:13 INFO fileformat.MultiFileInputFormat: Split on host: j-066.juliet.futuresystems.org j-059.juliet.futuresystems.org j-061.juliet.futuresystems.org j-012.juliet.futuresystems.org j-053.juliet.futuresystems.org j-065.juliet.futuresystems.org j-064.juliet.futuresystems.org j-060.juliet.futuresystems.org j-056.juliet.futuresystems.org j-063.juliet.futuresystems.org j-055.juliet.futuresystems.org j-058.juliet.futuresystems.org j-054.juliet.futuresystems.org j-013.juliet.futuresystems.org 
17/03/12 17:09:13 INFO fileformat.MultiFileInputFormat: Total # of splits: 8
17/03/12 17:09:13 INFO mapreduce.JobSubmitter: number of splits:8
17/03/12 17:09:13 INFO mapreduce.JobSubmitter: Submitting tokens for job: job_1489165733656_0109
command: $JAVA_HOME/bin/java -Dlog4j.configuration=container-log4j.properties -Dyarn.app.container.log.dir=<LOG_DIR> -Dyarn.app.container.log.filesize=0 -Dhadoop.root.logger=INFO,CLA  -Xmx1024m org.apache.hadoop.mapreduce.v2.app.MapCollectiveAppMaster 1><LOG_DIR>/stdout 2><LOG_DIR>/stderr 
17/03/12 17:09:13 INFO impl.YarnClientImpl: Submitted application application_1489165733656_0109
17/03/12 17:09:13 INFO mapreduce.Job: The url to track the job: http://j-011:8088/proxy/application_1489165733656_0109/
17/03/12 17:09:13 INFO mapreduce.Job: Running job: job_1489165733656_0109
17/03/12 17:09:18 INFO mapreduce.Job: Job job_1489165733656_0109 running in uber mode : false
17/03/12 17:09:18 INFO mapreduce.Job:  map 0% reduce 0%
17/03/12 17:09:28 INFO mapreduce.Job:  map 100% reduce 0%
17/03/12 17:41:39 INFO mapreduce.Job: Job job_1489165733656_0109 completed successfully
17/03/12 17:41:39 INFO mapreduce.Job: Counters: 30
	File System Counters
		FILE: Number of bytes read=0
		FILE: Number of bytes written=850520
		FILE: Number of read operations=0
		FILE: Number of large read operations=0
		FILE: Number of write operations=0
		HDFS: Number of bytes read=8237095935
		HDFS: Number of bytes written=23
		HDFS: Number of read operations=64
		HDFS: Number of large read operations=0
		HDFS: Number of write operations=16
	Job Counters 
		Launched map tasks=8
		Other local map tasks=8
		Total time spent by all maps in occupied slots (ms)=15502086
		Total time spent by all reduces in occupied slots (ms)=0
		Total time spent by all map tasks (ms)=15502086
		Total vcore-seconds taken by all map tasks=15502086
		Total megabyte-seconds taken by all map tasks=15874136064
	Map-Reduce Framework
		Map input records=8
		Map output records=1
		Input split bytes=848
		Spilled Records=0
		Failed Shuffles=0
		Merged Map outputs=0
		GC time elapsed (ms)=94672
		CPU time spent (ms)=23964920
		Physical memory (bytes) snapshot=312982708224
		Virtual memory (bytes) snapshot=649217572864
		Total committed heap usage (bytes)=553135898624
	File Input Format Counters 
		Bytes Read=0
	File Output Format Counters 
		Bytes Written=23
1948599ms
17/03/12 17:41:41 WARN util.NativeCodeLoader: Unable to load native-hadoop library for your platform... using builtin-java classes where applicable
finalCount	38327654416
[The 1 times] Above experiment is: ./runHarpSgcr.sh /N/u/mengli/harp-sahad/experiments/template/u3-1.t sahad-data/nyc/nyc-u-d-8 sahad-output/nyc/nyc-u-d-8/40threads/1 8 40
17/03/12 17:41:42 WARN util.NativeCodeLoader: Unable to load native-hadoop library for your platform... using builtin-java classes where applicable
17/03/12 17:41:43 INFO fs.TrashPolicyDefault: Namenode trash configuration: Deletion interval = 0 minutes, Emptier interval = 0 minutes.
Deleted sahad-output/nyc/nyc-u-d-16/40threads/1
use Local MultiThread? true
set Number of Map Tasks = 16
set number of threads: 40
17/03/12 17:41:44 WARN util.NativeCodeLoader: Unable to load native-hadoop library for your platform... using builtin-java classes where applicable
Get map collective runner
17/03/12 17:41:44 INFO client.RMProxy: Connecting to ResourceManager at j-011/172.16.0.11:8032
17/03/12 17:41:45 INFO input.FileInputFormat: Total input paths to process : 16
17/03/12 17:41:45 INFO fileformat.MultiFileInputFormat: NUMBER OF FILES: 16
17/03/12 17:41:45 INFO fileformat.MultiFileInputFormat: NUMBER OF MAPS: 16
17/03/12 17:41:45 INFO fileformat.MultiFileInputFormat: Split on host: j-066.juliet.futuresystems.org j-061.juliet.futuresystems.org j-055.juliet.futuresystems.org j-057.juliet.futuresystems.org j-012.juliet.futuresystems.org j-053.juliet.futuresystems.org j-065.juliet.futuresystems.org j-064.juliet.futuresystems.org j-058.juliet.futuresystems.org 
17/03/12 17:41:45 INFO fileformat.MultiFileInputFormat: Split on host: j-056.juliet.futuresystems.org j-066.juliet.futuresystems.org j-063.juliet.futuresystems.org j-061.juliet.futuresystems.org j-057.juliet.futuresystems.org j-055.juliet.futuresystems.org j-065.juliet.futuresystems.org j-064.juliet.futuresystems.org j-058.juliet.futuresystems.org j-054.juliet.futuresystems.org 
17/03/12 17:41:45 INFO fileformat.MultiFileInputFormat: Split on host: j-061.juliet.futuresystems.org j-055.juliet.futuresystems.org j-012.juliet.futuresystems.org j-053.juliet.futuresystems.org j-062.juliet.futuresystems.org j-065.juliet.futuresystems.org j-064.juliet.futuresystems.org j-060.juliet.futuresystems.org j-054.juliet.futuresystems.org 
17/03/12 17:41:45 INFO fileformat.MultiFileInputFormat: Split on host: j-056.juliet.futuresystems.org j-066.juliet.futuresystems.org j-059.juliet.futuresystems.org j-063.juliet.futuresystems.org j-061.juliet.futuresystems.org j-057.juliet.futuresystems.org j-012.juliet.futuresystems.org j-062.juliet.futuresystems.org j-065.juliet.futuresystems.org j-064.juliet.futuresystems.org j-054.juliet.futuresystems.org j-013.juliet.futuresystems.org 
17/03/12 17:41:45 INFO fileformat.MultiFileInputFormat: Split on host: j-056.juliet.futuresystems.org j-059.juliet.futuresystems.org j-063.juliet.futuresystems.org j-055.juliet.futuresystems.org j-057.juliet.futuresystems.org j-012.juliet.futuresystems.org j-065.juliet.futuresystems.org j-060.juliet.futuresystems.org j-013.juliet.futuresystems.org 
17/03/12 17:41:45 INFO fileformat.MultiFileInputFormat: Split on host: j-066.juliet.futuresystems.org j-063.juliet.futuresystems.org j-059.juliet.futuresystems.org j-061.juliet.futuresystems.org j-055.juliet.futuresystems.org j-053.juliet.futuresystems.org j-060.juliet.futuresystems.org j-054.juliet.futuresystems.org j-013.juliet.futuresystems.org 
17/03/12 17:41:45 INFO fileformat.MultiFileInputFormat: Split on host: j-066.juliet.futuresystems.org j-056.juliet.futuresystems.org j-061.juliet.futuresystems.org j-057.juliet.futuresystems.org j-053.juliet.futuresystems.org j-012.juliet.futuresystems.org j-062.juliet.futuresystems.org j-065.juliet.futuresystems.org j-058.juliet.futuresystems.org j-060.juliet.futuresystems.org j-013.juliet.futuresystems.org 
17/03/12 17:41:45 INFO fileformat.MultiFileInputFormat: Split on host: j-056.juliet.futuresystems.org j-063.juliet.futuresystems.org j-061.juliet.futuresystems.org j-057.juliet.futuresystems.org j-053.juliet.futuresystems.org j-012.juliet.futuresystems.org j-065.juliet.futuresystems.org j-064.juliet.futuresystems.org j-058.juliet.futuresystems.org j-060.juliet.futuresystems.org j-013.juliet.futuresystems.org j-054.juliet.futuresystems.org 
17/03/12 17:41:45 INFO fileformat.MultiFileInputFormat: Split on host: j-056.juliet.futuresystems.org j-066.juliet.futuresystems.org j-063.juliet.futuresystems.org j-061.juliet.futuresystems.org j-057.juliet.futuresystems.org j-055.juliet.futuresystems.org j-053.juliet.futuresystems.org j-062.juliet.futuresystems.org j-065.juliet.futuresystems.org j-013.juliet.futuresystems.org j-054.juliet.futuresystems.org 
17/03/12 17:41:45 INFO fileformat.MultiFileInputFormat: Split on host: j-063.juliet.futuresystems.org j-061.juliet.futuresystems.org j-057.juliet.futuresystems.org j-055.juliet.futuresystems.org j-012.juliet.futuresystems.org j-053.juliet.futuresystems.org j-058.juliet.futuresystems.org j-013.juliet.futuresystems.org j-054.juliet.futuresystems.org 
17/03/12 17:41:45 INFO fileformat.MultiFileInputFormat: Split on host: j-066.juliet.futuresystems.org j-063.juliet.futuresystems.org j-059.juliet.futuresystems.org j-055.juliet.futuresystems.org j-057.juliet.futuresystems.org j-012.juliet.futuresystems.org j-064.juliet.futuresystems.org j-058.juliet.futuresystems.org j-060.juliet.futuresystems.org 
17/03/12 17:41:45 INFO fileformat.MultiFileInputFormat: Split on host: j-066.juliet.futuresystems.org j-059.juliet.futuresystems.org j-061.juliet.futuresystems.org j-057.juliet.futuresystems.org j-055.juliet.futuresystems.org j-012.juliet.futuresystems.org j-062.juliet.futuresystems.org j-065.juliet.futuresystems.org j-064.juliet.futuresystems.org j-058.juliet.futuresystems.org j-013.juliet.futuresystems.org 
17/03/12 17:41:45 INFO fileformat.MultiFileInputFormat: Split on host: j-063.juliet.futuresystems.org j-057.juliet.futuresystems.org j-055.juliet.futuresystems.org j-053.juliet.futuresystems.org j-012.juliet.futuresystems.org j-064.juliet.futuresystems.org j-013.juliet.futuresystems.org j-054.juliet.futuresystems.org 
17/03/12 17:41:45 INFO fileformat.MultiFileInputFormat: Split on host: j-056.juliet.futuresystems.org j-066.juliet.futuresystems.org j-063.juliet.futuresystems.org j-061.juliet.futuresystems.org j-057.juliet.futuresystems.org j-012.juliet.futuresystems.org j-053.juliet.futuresystems.org j-062.juliet.futuresystems.org j-065.juliet.futuresystems.org 
17/03/12 17:41:45 INFO fileformat.MultiFileInputFormat: Split on host: j-056.juliet.futuresystems.org j-066.juliet.futuresystems.org j-059.juliet.futuresystems.org j-055.juliet.futuresystems.org j-057.juliet.futuresystems.org j-012.juliet.futuresystems.org j-064.juliet.futuresystems.org j-058.juliet.futuresystems.org j-060.juliet.futuresystems.org 
17/03/12 17:41:45 INFO fileformat.MultiFileInputFormat: Split on host: j-066.juliet.futuresystems.org j-059.juliet.futuresystems.org j-057.juliet.futuresystems.org j-053.juliet.futuresystems.org j-062.juliet.futuresystems.org j-065.juliet.futuresystems.org j-060.juliet.futuresystems.org j-013.juliet.futuresystems.org 
17/03/12 17:41:45 INFO fileformat.MultiFileInputFormat: Total # of splits: 16
17/03/12 17:41:45 INFO mapreduce.JobSubmitter: number of splits:16
17/03/12 17:41:45 INFO mapreduce.JobSubmitter: Submitting tokens for job: job_1489165733656_0110
command: $JAVA_HOME/bin/java -Dlog4j.configuration=container-log4j.properties -Dyarn.app.container.log.dir=<LOG_DIR> -Dyarn.app.container.log.filesize=0 -Dhadoop.root.logger=INFO,CLA  -Xmx1024m org.apache.hadoop.mapreduce.v2.app.MapCollectiveAppMaster 1><LOG_DIR>/stdout 2><LOG_DIR>/stderr 
17/03/12 17:41:45 INFO impl.YarnClientImpl: Submitted application application_1489165733656_0110
17/03/12 17:41:45 INFO mapreduce.Job: The url to track the job: http://j-011:8088/proxy/application_1489165733656_0110/
17/03/12 17:41:45 INFO mapreduce.Job: Running job: job_1489165733656_0110
17/03/12 17:41:50 INFO mapreduce.Job: Job job_1489165733656_0110 running in uber mode : false
17/03/12 17:41:50 INFO mapreduce.Job:  map 0% reduce 0%
17/03/12 17:42:01 INFO mapreduce.Job:  map 100% reduce 0%
17/03/12 18:03:54 INFO mapreduce.Job: Job job_1489165733656_0110 completed successfully
17/03/12 18:03:54 INFO mapreduce.Job: Counters: 30
	File System Counters
		FILE: Number of bytes read=0
		FILE: Number of bytes written=1701142
		FILE: Number of read operations=0
		FILE: Number of large read operations=0
		FILE: Number of write operations=0
		HDFS: Number of bytes read=8237103741
		HDFS: Number of bytes written=23
		HDFS: Number of read operations=128
		HDFS: Number of large read operations=0
		HDFS: Number of write operations=32
	Job Counters 
		Launched map tasks=16
		Other local map tasks=16
		Total time spent by all maps in occupied slots (ms)=21144680
		Total time spent by all reduces in occupied slots (ms)=0
		Total time spent by all map tasks (ms)=21144680
		Total vcore-seconds taken by all map tasks=21144680
		Total megabyte-seconds taken by all map tasks=21652152320
	Map-Reduce Framework
		Map input records=16
		Map output records=1
		Input split bytes=1718
		Spilled Records=0
		Failed Shuffles=0
		Merged Map outputs=0
		GC time elapsed (ms)=118766
		CPU time spent (ms)=32109440
		Physical memory (bytes) snapshot=490137620480
		Virtual memory (bytes) snapshot=1298261745664
		Total committed heap usage (bytes)=1131909480448
	File Input Format Counters 
		Bytes Read=0
	File Output Format Counters 
		Bytes Written=23
1331220ms
17/03/12 18:03:55 WARN util.NativeCodeLoader: Unable to load native-hadoop library for your platform... using builtin-java classes where applicable
finalCount	38327654416
[The 1 times] Above experiment is: ./runHarpSgcr.sh /N/u/mengli/harp-sahad/experiments/template/u3-1.t sahad-data/nyc/nyc-u-d-16 sahad-output/nyc/nyc-u-d-16/40threads/1 16 40
