use Local MultiThread? true
set Number of Map Tasks = 2
set number of threads: 40
17/03/29 09:53:54 WARN util.NativeCodeLoader: Unable to load native-hadoop library for your platform... using builtin-java classes where applicable
Get map collective runner
17/03/29 09:53:54 INFO client.RMProxy: Connecting to ResourceManager at j-011/172.16.0.11:8032
17/03/29 09:53:55 INFO input.FileInputFormat: Total input paths to process : 2
17/03/29 09:53:55 INFO fileformat.MultiFileInputFormat: NUMBER OF FILES: 2
17/03/29 09:53:55 INFO fileformat.MultiFileInputFormat: NUMBER OF MAPS: 2
17/03/29 09:53:55 INFO fileformat.MultiFileInputFormat: Split on host: j-066.juliet.futuresystems.org j-059.juliet.futuresystems.org j-061.juliet.futuresystems.org j-012.juliet.futuresystems.org j-053.juliet.futuresystems.org j-065.juliet.futuresystems.org j-064.juliet.futuresystems.org j-060.juliet.futuresystems.org j-056.juliet.futuresystems.org j-063.juliet.futuresystems.org j-055.juliet.futuresystems.org j-057.juliet.futuresystems.org j-062.juliet.futuresystems.org j-058.juliet.futuresystems.org j-054.juliet.futuresystems.org j-013.juliet.futuresystems.org 
17/03/29 09:53:55 INFO fileformat.MultiFileInputFormat: Split on host: j-066.juliet.futuresystems.org j-059.juliet.futuresystems.org j-061.juliet.futuresystems.org j-012.juliet.futuresystems.org j-053.juliet.futuresystems.org j-065.juliet.futuresystems.org j-064.juliet.futuresystems.org j-060.juliet.futuresystems.org j-056.juliet.futuresystems.org j-063.juliet.futuresystems.org j-057.juliet.futuresystems.org j-055.juliet.futuresystems.org j-062.juliet.futuresystems.org j-058.juliet.futuresystems.org j-054.juliet.futuresystems.org j-013.juliet.futuresystems.org 
17/03/29 09:53:55 INFO fileformat.MultiFileInputFormat: Total # of splits: 2
17/03/29 09:53:55 INFO mapreduce.JobSubmitter: number of splits:2
17/03/29 09:53:55 INFO mapreduce.JobSubmitter: Submitting tokens for job: job_1489165733656_0524
command: $JAVA_HOME/bin/java -Dlog4j.configuration=container-log4j.properties -Dyarn.app.container.log.dir=<LOG_DIR> -Dyarn.app.container.log.filesize=0 -Dhadoop.root.logger=INFO,CLA  -Xmx1024m org.apache.hadoop.mapreduce.v2.app.MapCollectiveAppMaster 1><LOG_DIR>/stdout 2><LOG_DIR>/stderr 
17/03/29 09:53:55 INFO impl.YarnClientImpl: Submitted application application_1489165733656_0524
17/03/29 09:53:55 INFO mapreduce.Job: The url to track the job: http://j-011:8088/proxy/application_1489165733656_0524/
17/03/29 09:53:55 INFO mapreduce.Job: Running job: job_1489165733656_0524
17/03/29 09:54:00 INFO mapreduce.Job: Job job_1489165733656_0524 running in uber mode : false
17/03/29 09:54:00 INFO mapreduce.Job:  map 0% reduce 0%
17/03/29 09:54:10 INFO mapreduce.Job:  map 100% reduce 0%
17/03/29 11:13:59 INFO mapreduce.Job: Job job_1489165733656_0524 failed with state FAILED due to: Task failed task_1489165733656_0524_m_000000
Job failed as tasks failed. failedMaps:1 failedReduces:0

17/03/29 11:13:59 INFO mapreduce.Job: Counters: 9
	Job Counters 
		Failed map tasks=1
		Killed map tasks=1
		Launched map tasks=2
		Other local map tasks=2
		Total time spent by all maps in occupied slots (ms)=9594325
		Total time spent by all reduces in occupied slots (ms)=0
		Total time spent by all map tasks (ms)=9594325
		Total vcore-seconds taken by all map tasks=9594325
		Total megabyte-seconds taken by all map tasks=9824588800
4806020ms
17/03/29 11:14:00 WARN util.NativeCodeLoader: Unable to load native-hadoop library for your platform... using builtin-java classes where applicable
cat: `sahad-output/nyc/nyc-u-e-2/40threads/1/*': No such file or directory
[The 1 times] Above experiment is: ./runHarpSgcr2.sh /N/u/mengli/harp-sahad/experiments/template/u3-1.t sahad-data/nyc/nyc-u-e-2 sahad-output/nyc/nyc-u-e-2/40threads/1 2 40
use Local MultiThread? true
set Number of Map Tasks = 2
set number of threads: 40
17/03/29 11:14:02 WARN util.NativeCodeLoader: Unable to load native-hadoop library for your platform... using builtin-java classes where applicable
Get map collective runner
17/03/29 11:14:02 INFO client.RMProxy: Connecting to ResourceManager at j-011/172.16.0.11:8032
17/03/29 11:14:03 INFO input.FileInputFormat: Total input paths to process : 2
17/03/29 11:14:03 INFO fileformat.MultiFileInputFormat: NUMBER OF FILES: 2
17/03/29 11:14:03 INFO fileformat.MultiFileInputFormat: NUMBER OF MAPS: 2
17/03/29 11:14:03 INFO fileformat.MultiFileInputFormat: Split on host: j-066.juliet.futuresystems.org j-059.juliet.futuresystems.org j-061.juliet.futuresystems.org j-012.juliet.futuresystems.org j-053.juliet.futuresystems.org j-065.juliet.futuresystems.org j-064.juliet.futuresystems.org j-060.juliet.futuresystems.org j-056.juliet.futuresystems.org j-063.juliet.futuresystems.org j-055.juliet.futuresystems.org j-057.juliet.futuresystems.org j-062.juliet.futuresystems.org j-058.juliet.futuresystems.org j-054.juliet.futuresystems.org j-013.juliet.futuresystems.org 
17/03/29 11:14:03 INFO fileformat.MultiFileInputFormat: Split on host: j-066.juliet.futuresystems.org j-059.juliet.futuresystems.org j-061.juliet.futuresystems.org j-012.juliet.futuresystems.org j-053.juliet.futuresystems.org j-065.juliet.futuresystems.org j-064.juliet.futuresystems.org j-060.juliet.futuresystems.org j-056.juliet.futuresystems.org j-063.juliet.futuresystems.org j-055.juliet.futuresystems.org j-057.juliet.futuresystems.org j-062.juliet.futuresystems.org j-058.juliet.futuresystems.org j-054.juliet.futuresystems.org j-013.juliet.futuresystems.org 
17/03/29 11:14:03 INFO fileformat.MultiFileInputFormat: Total # of splits: 2
17/03/29 11:14:03 INFO mapreduce.JobSubmitter: number of splits:2
17/03/29 11:14:03 INFO mapreduce.JobSubmitter: Submitting tokens for job: job_1489165733656_0525
command: $JAVA_HOME/bin/java -Dlog4j.configuration=container-log4j.properties -Dyarn.app.container.log.dir=<LOG_DIR> -Dyarn.app.container.log.filesize=0 -Dhadoop.root.logger=INFO,CLA  -Xmx1024m org.apache.hadoop.mapreduce.v2.app.MapCollectiveAppMaster 1><LOG_DIR>/stdout 2><LOG_DIR>/stderr 
17/03/29 11:14:03 INFO impl.YarnClientImpl: Submitted application application_1489165733656_0525
17/03/29 11:14:03 INFO mapreduce.Job: The url to track the job: http://j-011:8088/proxy/application_1489165733656_0525/
17/03/29 11:14:03 INFO mapreduce.Job: Running job: job_1489165733656_0525
17/03/29 11:14:08 INFO mapreduce.Job: Job job_1489165733656_0525 running in uber mode : false
17/03/29 11:14:08 INFO mapreduce.Job:  map 0% reduce 0%
17/03/29 11:14:18 INFO mapreduce.Job:  map 100% reduce 0%
17/03/29 12:58:00 INFO mapreduce.Job: Job job_1489165733656_0525 failed with state FAILED due to: Task failed task_1489165733656_0525_m_000001
Job failed as tasks failed. failedMaps:1 failedReduces:0

17/03/29 12:58:00 INFO mapreduce.Job: Counters: 9
	Job Counters 
		Failed map tasks=1
		Killed map tasks=1
		Launched map tasks=2
		Other local map tasks=2
		Total time spent by all maps in occupied slots (ms)=12458499
		Total time spent by all reduces in occupied slots (ms)=0
		Total time spent by all map tasks (ms)=12458499
		Total vcore-seconds taken by all map tasks=12458499
		Total megabyte-seconds taken by all map tasks=12757502976
6238721ms
17/03/29 12:58:01 WARN util.NativeCodeLoader: Unable to load native-hadoop library for your platform... using builtin-java classes where applicable
cat: `sahad-output/nyc/nyc-u-e-2/40threads/2/*': No such file or directory
[The 2 times] Above experiment is: ./runHarpSgcr2.sh /N/u/mengli/harp-sahad/experiments/template/u3-1.t sahad-data/nyc/nyc-u-e-2 sahad-output/nyc/nyc-u-e-2/40threads/2 2 40
