use Local MultiThread? true
set Number of Map Tasks = 1
set number of threads: 40
17/03/16 01:18:37 WARN util.NativeCodeLoader: Unable to load native-hadoop library for your platform... using builtin-java classes where applicable
Get map collective runner
17/03/16 01:18:37 INFO client.RMProxy: Connecting to ResourceManager at j-011/172.16.0.11:8032
17/03/16 01:18:38 INFO input.FileInputFormat: Total input paths to process : 1
17/03/16 01:18:38 INFO fileformat.MultiFileInputFormat: NUMBER OF FILES: 1
17/03/16 01:18:38 INFO fileformat.MultiFileInputFormat: NUMBER OF MAPS: 1
17/03/16 01:18:38 INFO fileformat.MultiFileInputFormat: Split on host: j-066.juliet.futuresystems.org j-059.juliet.futuresystems.org j-061.juliet.futuresystems.org j-053.juliet.futuresystems.org j-012.juliet.futuresystems.org j-065.juliet.futuresystems.org j-060.juliet.futuresystems.org j-056.juliet.futuresystems.org j-057.juliet.futuresystems.org j-062.juliet.futuresystems.org j-058.juliet.futuresystems.org j-054.juliet.futuresystems.org j-013.juliet.futuresystems.org 
17/03/16 01:18:38 INFO fileformat.MultiFileInputFormat: Total # of splits: 1
17/03/16 01:18:38 INFO mapreduce.JobSubmitter: number of splits:1
17/03/16 01:18:38 INFO mapreduce.JobSubmitter: Submitting tokens for job: job_1489165733656_0189
command: $JAVA_HOME/bin/java -Dlog4j.configuration=container-log4j.properties -Dyarn.app.container.log.dir=<LOG_DIR> -Dyarn.app.container.log.filesize=0 -Dhadoop.root.logger=INFO,CLA  -Xmx1024m org.apache.hadoop.mapreduce.v2.app.MapCollectiveAppMaster 1><LOG_DIR>/stdout 2><LOG_DIR>/stderr 
17/03/16 01:18:38 INFO impl.YarnClientImpl: Submitted application application_1489165733656_0189
17/03/16 01:18:38 INFO mapreduce.Job: The url to track the job: http://j-011:8088/proxy/application_1489165733656_0189/
17/03/16 01:18:38 INFO mapreduce.Job: Running job: job_1489165733656_0189
17/03/16 01:18:43 INFO mapreduce.Job: Job job_1489165733656_0189 running in uber mode : false
17/03/16 01:18:43 INFO mapreduce.Job:  map 0% reduce 0%
17/03/16 01:18:55 INFO mapreduce.Job:  map 100% reduce 0%
17/03/16 01:20:20 INFO mapreduce.Job: Job job_1489165733656_0189 completed successfully
17/03/16 01:20:20 INFO mapreduce.Job: Counters: 30
	File System Counters
		FILE: Number of bytes read=0
		FILE: Number of bytes written=106328
		FILE: Number of read operations=0
		FILE: Number of large read operations=0
		FILE: Number of write operations=0
		HDFS: Number of bytes read=775110071
		HDFS: Number of bytes written=22
		HDFS: Number of read operations=8
		HDFS: Number of large read operations=0
		HDFS: Number of write operations=2
	Job Counters 
		Launched map tasks=1
		Other local map tasks=1
		Total time spent by all maps in occupied slots (ms)=94520
		Total time spent by all reduces in occupied slots (ms)=0
		Total time spent by all map tasks (ms)=94520
		Total vcore-seconds taken by all map tasks=94520
		Total megabyte-seconds taken by all map tasks=96788480
	Map-Reduce Framework
		Map input records=1
		Map output records=1
		Input split bytes=116
		Spilled Records=0
		Failed Shuffles=0
		Merged Map outputs=0
		GC time elapsed (ms)=3403
		CPU time spent (ms)=564380
		Physical memory (bytes) snapshot=26166235136
		Virtual memory (bytes) snapshot=81135960064
		Total committed heap usage (bytes)=74088185856
	File Input Format Counters 
		Bytes Read=0
	File Output Format Counters 
		Bytes Written=22
103822ms
17/03/16 01:20:21 WARN util.NativeCodeLoader: Unable to load native-hadoop library for your platform... using builtin-java classes where applicable
finalCount	3814606989
[The 1 times] Above experiment is: ./runHarpSgcr2.sh /N/u/mengli/harp-sahad/experiments/template/u3-1.t sahad-data/miami/miami-u-e-1 sahad-output/miami/miami-u-e-1/40threads/1 1 40
use Local MultiThread? true
set Number of Map Tasks = 2
set number of threads: 40
17/03/16 01:20:23 WARN util.NativeCodeLoader: Unable to load native-hadoop library for your platform... using builtin-java classes where applicable
Get map collective runner
17/03/16 01:20:24 INFO client.RMProxy: Connecting to ResourceManager at j-011/172.16.0.11:8032
17/03/16 01:20:24 INFO input.FileInputFormat: Total input paths to process : 2
17/03/16 01:20:24 INFO fileformat.MultiFileInputFormat: NUMBER OF FILES: 2
17/03/16 01:20:24 INFO fileformat.MultiFileInputFormat: NUMBER OF MAPS: 2
17/03/16 01:20:24 INFO fileformat.MultiFileInputFormat: Split on host: j-056.juliet.futuresystems.org j-063.juliet.futuresystems.org j-061.juliet.futuresystems.org j-012.juliet.futuresystems.org j-053.juliet.futuresystems.org j-062.juliet.futuresystems.org j-065.juliet.futuresystems.org j-058.juliet.futuresystems.org j-060.juliet.futuresystems.org 
17/03/16 01:20:24 INFO fileformat.MultiFileInputFormat: Split on host: j-066.juliet.futuresystems.org j-055.juliet.futuresystems.org j-062.juliet.futuresystems.org j-060.juliet.futuresystems.org j-013.juliet.futuresystems.org 
17/03/16 01:20:24 INFO fileformat.MultiFileInputFormat: Total # of splits: 2
17/03/16 01:20:24 INFO mapreduce.JobSubmitter: number of splits:2
17/03/16 01:20:24 INFO mapreduce.JobSubmitter: Submitting tokens for job: job_1489165733656_0190
command: $JAVA_HOME/bin/java -Dlog4j.configuration=container-log4j.properties -Dyarn.app.container.log.dir=<LOG_DIR> -Dyarn.app.container.log.filesize=0 -Dhadoop.root.logger=INFO,CLA  -Xmx1024m org.apache.hadoop.mapreduce.v2.app.MapCollectiveAppMaster 1><LOG_DIR>/stdout 2><LOG_DIR>/stderr 
17/03/16 01:20:24 INFO impl.YarnClientImpl: Submitted application application_1489165733656_0190
17/03/16 01:20:24 INFO mapreduce.Job: The url to track the job: http://j-011:8088/proxy/application_1489165733656_0190/
17/03/16 01:20:24 INFO mapreduce.Job: Running job: job_1489165733656_0190
17/03/16 01:20:30 INFO mapreduce.Job: Job job_1489165733656_0190 running in uber mode : false
17/03/16 01:20:30 INFO mapreduce.Job:  map 0% reduce 0%
17/03/16 01:20:40 INFO mapreduce.Job:  map 100% reduce 0%
17/03/16 01:22:10 INFO mapreduce.Job: Job job_1489165733656_0190 completed successfully
17/03/16 01:22:10 INFO mapreduce.Job: Counters: 30
	File System Counters
		FILE: Number of bytes read=0
		FILE: Number of bytes written=212656
		FILE: Number of read operations=0
		FILE: Number of large read operations=0
		FILE: Number of write operations=0
		HDFS: Number of bytes read=775110279
		HDFS: Number of bytes written=22
		HDFS: Number of read operations=16
		HDFS: Number of large read operations=0
		HDFS: Number of write operations=4
	Job Counters 
		Launched map tasks=2
		Other local map tasks=2
		Total time spent by all maps in occupied slots (ms)=195421
		Total time spent by all reduces in occupied slots (ms)=0
		Total time spent by all map tasks (ms)=195421
		Total vcore-seconds taken by all map tasks=195421
		Total megabyte-seconds taken by all map tasks=200111104
	Map-Reduce Framework
		Map input records=2
		Map output records=1
		Input split bytes=216
		Spilled Records=0
		Failed Shuffles=0
		Merged Map outputs=0
		GC time elapsed (ms)=4795
		CPU time spent (ms)=763760
		Physical memory (bytes) snapshot=54123687936
		Virtual memory (bytes) snapshot=162274205696
		Total committed heap usage (bytes)=148176371712
	File Input Format Counters 
		Bytes Read=0
	File Output Format Counters 
		Bytes Written=22
107936ms
17/03/16 01:22:11 WARN util.NativeCodeLoader: Unable to load native-hadoop library for your platform... using builtin-java classes where applicable
finalCount	3814606989
[The 1 times] Above experiment is: ./runHarpSgcr2.sh /N/u/mengli/harp-sahad/experiments/template/u3-1.t sahad-data/miami/miami-u-e-2 sahad-output/miami/miami-u-e-2/40threads/1 2 40
use Local MultiThread? true
set Number of Map Tasks = 4
set number of threads: 40
17/03/16 01:22:13 WARN util.NativeCodeLoader: Unable to load native-hadoop library for your platform... using builtin-java classes where applicable
Get map collective runner
17/03/16 01:22:14 INFO client.RMProxy: Connecting to ResourceManager at j-011/172.16.0.11:8032
17/03/16 01:22:14 INFO input.FileInputFormat: Total input paths to process : 4
17/03/16 01:22:14 INFO fileformat.MultiFileInputFormat: NUMBER OF FILES: 4
17/03/16 01:22:14 INFO fileformat.MultiFileInputFormat: NUMBER OF MAPS: 4
17/03/16 01:22:14 INFO fileformat.MultiFileInputFormat: Split on host: j-056.juliet.futuresystems.org j-059.juliet.futuresystems.org j-061.juliet.futuresystems.org j-057.juliet.futuresystems.org j-058.juliet.futuresystems.org j-060.juliet.futuresystems.org 
17/03/16 01:22:14 INFO fileformat.MultiFileInputFormat: Split on host: j-056.juliet.futuresystems.org j-066.juliet.futuresystems.org j-063.juliet.futuresystems.org j-062.juliet.futuresystems.org j-060.juliet.futuresystems.org j-054.juliet.futuresystems.org 
17/03/16 01:22:14 INFO fileformat.MultiFileInputFormat: Split on host: j-059.juliet.futuresystems.org j-061.juliet.futuresystems.org j-012.juliet.futuresystems.org j-062.juliet.futuresystems.org j-064.juliet.futuresystems.org j-013.juliet.futuresystems.org 
17/03/16 01:22:14 INFO fileformat.MultiFileInputFormat: Split on host: j-063.juliet.futuresystems.org j-065.juliet.futuresystems.org j-060.juliet.futuresystems.org 
17/03/16 01:22:14 INFO fileformat.MultiFileInputFormat: Total # of splits: 4
17/03/16 01:22:14 INFO mapreduce.JobSubmitter: number of splits:4
17/03/16 01:22:14 INFO mapreduce.JobSubmitter: Submitting tokens for job: job_1489165733656_0191
command: $JAVA_HOME/bin/java -Dlog4j.configuration=container-log4j.properties -Dyarn.app.container.log.dir=<LOG_DIR> -Dyarn.app.container.log.filesize=0 -Dhadoop.root.logger=INFO,CLA  -Xmx1024m org.apache.hadoop.mapreduce.v2.app.MapCollectiveAppMaster 1><LOG_DIR>/stdout 2><LOG_DIR>/stderr 
17/03/16 01:22:15 INFO impl.YarnClientImpl: Submitted application application_1489165733656_0191
17/03/16 01:22:15 INFO mapreduce.Job: The url to track the job: http://j-011:8088/proxy/application_1489165733656_0191/
17/03/16 01:22:15 INFO mapreduce.Job: Running job: job_1489165733656_0191
17/03/16 01:22:20 INFO mapreduce.Job: Job job_1489165733656_0191 running in uber mode : false
17/03/16 01:22:20 INFO mapreduce.Job:  map 0% reduce 0%
17/03/16 01:22:30 INFO mapreduce.Job:  map 100% reduce 0%
17/03/16 01:23:42 INFO mapreduce.Job: Job job_1489165733656_0191 completed successfully
17/03/16 01:23:42 INFO mapreduce.Job: Counters: 30
	File System Counters
		FILE: Number of bytes read=0
		FILE: Number of bytes written=425312
		FILE: Number of read operations=0
		FILE: Number of large read operations=0
		FILE: Number of write operations=0
		HDFS: Number of bytes read=775110921
		HDFS: Number of bytes written=22
		HDFS: Number of read operations=32
		HDFS: Number of large read operations=0
		HDFS: Number of write operations=8
	Job Counters 
		Launched map tasks=4
		Other local map tasks=4
		Total time spent by all maps in occupied slots (ms)=321033
		Total time spent by all reduces in occupied slots (ms)=0
		Total time spent by all map tasks (ms)=321033
		Total vcore-seconds taken by all map tasks=321033
		Total megabyte-seconds taken by all map tasks=328737792
	Map-Reduce Framework
		Map input records=4
		Map output records=1
		Input split bytes=432
		Spilled Records=0
		Failed Shuffles=0
		Merged Map outputs=0
		GC time elapsed (ms)=2435
		CPU time spent (ms)=872650
		Physical memory (bytes) snapshot=68679004160
		Virtual memory (bytes) snapshot=324558999552
		Total committed heap usage (bytes)=296352743424
	File Input Format Counters 
		Bytes Read=0
	File Output Format Counters 
		Bytes Written=22
89814ms
17/03/16 01:23:43 WARN util.NativeCodeLoader: Unable to load native-hadoop library for your platform... using builtin-java classes where applicable
finalCount	3814606989
[The 1 times] Above experiment is: ./runHarpSgcr2.sh /N/u/mengli/harp-sahad/experiments/template/u3-1.t sahad-data/miami/miami-u-e-4 sahad-output/miami/miami-u-e-4/40threads/1 4 40
use Local MultiThread? true
set Number of Map Tasks = 8
set number of threads: 40
17/03/16 01:23:45 WARN util.NativeCodeLoader: Unable to load native-hadoop library for your platform... using builtin-java classes where applicable
Get map collective runner
17/03/16 01:23:46 INFO client.RMProxy: Connecting to ResourceManager at j-011/172.16.0.11:8032
17/03/16 01:23:46 INFO input.FileInputFormat: Total input paths to process : 8
17/03/16 01:23:46 INFO fileformat.MultiFileInputFormat: NUMBER OF FILES: 8
17/03/16 01:23:46 INFO fileformat.MultiFileInputFormat: NUMBER OF MAPS: 8
17/03/16 01:23:46 INFO fileformat.MultiFileInputFormat: Split on host: j-066.juliet.futuresystems.org j-056.juliet.futuresystems.org j-062.juliet.futuresystems.org 
17/03/16 01:23:46 INFO fileformat.MultiFileInputFormat: Split on host: j-059.juliet.futuresystems.org j-012.juliet.futuresystems.org j-065.juliet.futuresystems.org 
17/03/16 01:23:46 INFO fileformat.MultiFileInputFormat: Split on host: j-012.juliet.futuresystems.org j-058.juliet.futuresystems.org j-054.juliet.futuresystems.org 
17/03/16 01:23:46 INFO fileformat.MultiFileInputFormat: Split on host: j-053.juliet.futuresystems.org j-065.juliet.futuresystems.org j-058.juliet.futuresystems.org 
17/03/16 01:23:46 INFO fileformat.MultiFileInputFormat: Split on host: j-066.juliet.futuresystems.org j-057.juliet.futuresystems.org j-055.juliet.futuresystems.org 
17/03/16 01:23:46 INFO fileformat.MultiFileInputFormat: Split on host: j-066.juliet.futuresystems.org j-059.juliet.futuresystems.org j-013.juliet.futuresystems.org 
17/03/16 01:23:46 INFO fileformat.MultiFileInputFormat: Split on host: j-056.juliet.futuresystems.org j-012.juliet.futuresystems.org j-060.juliet.futuresystems.org 
17/03/16 01:23:46 INFO fileformat.MultiFileInputFormat: Split on host: j-061.juliet.futuresystems.org j-057.juliet.futuresystems.org j-062.juliet.futuresystems.org 
17/03/16 01:23:46 INFO fileformat.MultiFileInputFormat: Total # of splits: 8
17/03/16 01:23:46 INFO mapreduce.JobSubmitter: number of splits:8
17/03/16 01:23:46 INFO mapreduce.JobSubmitter: Submitting tokens for job: job_1489165733656_0192
command: $JAVA_HOME/bin/java -Dlog4j.configuration=container-log4j.properties -Dyarn.app.container.log.dir=<LOG_DIR> -Dyarn.app.container.log.filesize=0 -Dhadoop.root.logger=INFO,CLA  -Xmx1024m org.apache.hadoop.mapreduce.v2.app.MapCollectiveAppMaster 1><LOG_DIR>/stdout 2><LOG_DIR>/stderr 
17/03/16 01:23:47 INFO impl.YarnClientImpl: Submitted application application_1489165733656_0192
17/03/16 01:23:47 INFO mapreduce.Job: The url to track the job: http://j-011:8088/proxy/application_1489165733656_0192/
17/03/16 01:23:47 INFO mapreduce.Job: Running job: job_1489165733656_0192
17/03/16 01:23:52 INFO mapreduce.Job: Job job_1489165733656_0192 running in uber mode : false
17/03/16 01:23:52 INFO mapreduce.Job:  map 0% reduce 0%
17/03/16 01:24:02 INFO mapreduce.Job:  map 100% reduce 0%
17/03/16 01:25:15 INFO mapreduce.Job: Job job_1489165733656_0192 completed successfully
17/03/16 01:25:15 INFO mapreduce.Job: Counters: 30
	File System Counters
		FILE: Number of bytes read=0
		FILE: Number of bytes written=850624
		FILE: Number of read operations=0
		FILE: Number of large read operations=0
		FILE: Number of write operations=0
		HDFS: Number of bytes read=775113045
		HDFS: Number of bytes written=22
		HDFS: Number of read operations=64
		HDFS: Number of large read operations=0
		HDFS: Number of write operations=16
	Job Counters 
		Launched map tasks=8
		Other local map tasks=8
		Total time spent by all maps in occupied slots (ms)=650320
		Total time spent by all reduces in occupied slots (ms)=0
		Total time spent by all map tasks (ms)=650320
		Total vcore-seconds taken by all map tasks=650320
		Total megabyte-seconds taken by all map tasks=665927680
	Map-Reduce Framework
		Map input records=8
		Map output records=1
		Input split bytes=864
		Spilled Records=0
		Failed Shuffles=0
		Merged Map outputs=0
		GC time elapsed (ms)=3879
		CPU time spent (ms)=1455120
		Physical memory (bytes) snapshot=106612805632
		Virtual memory (bytes) snapshot=649136529408
		Total committed heap usage (bytes)=592705486848
	File Input Format Counters 
		Bytes Read=0
	File Output Format Counters 
		Bytes Written=22
90843ms
17/03/16 01:25:17 WARN util.NativeCodeLoader: Unable to load native-hadoop library for your platform... using builtin-java classes where applicable
finalCount	3814606989
[The 1 times] Above experiment is: ./runHarpSgcr2.sh /N/u/mengli/harp-sahad/experiments/template/u3-1.t sahad-data/miami/miami-u-e-8 sahad-output/miami/miami-u-e-8/40threads/1 8 40
use Local MultiThread? true
set Number of Map Tasks = 16
set number of threads: 40
17/03/16 01:25:19 WARN util.NativeCodeLoader: Unable to load native-hadoop library for your platform... using builtin-java classes where applicable
Get map collective runner
17/03/16 01:25:20 INFO client.RMProxy: Connecting to ResourceManager at j-011/172.16.0.11:8032
17/03/16 01:25:21 INFO input.FileInputFormat: Total input paths to process : 16
17/03/16 01:25:21 INFO fileformat.MultiFileInputFormat: NUMBER OF FILES: 16
17/03/16 01:25:21 INFO fileformat.MultiFileInputFormat: NUMBER OF MAPS: 16
17/03/16 01:25:21 INFO fileformat.MultiFileInputFormat: Split on host: j-059.juliet.futuresystems.org j-055.juliet.futuresystems.org j-057.juliet.futuresystems.org 
17/03/16 01:25:21 INFO fileformat.MultiFileInputFormat: Split on host: j-061.juliet.futuresystems.org j-012.juliet.futuresystems.org j-064.juliet.futuresystems.org 
17/03/16 01:25:21 INFO fileformat.MultiFileInputFormat: Split on host: j-055.juliet.futuresystems.org j-065.juliet.futuresystems.org j-058.juliet.futuresystems.org 
17/03/16 01:25:21 INFO fileformat.MultiFileInputFormat: Split on host: j-056.juliet.futuresystems.org j-066.juliet.futuresystems.org j-053.juliet.futuresystems.org 
17/03/16 01:25:21 INFO fileformat.MultiFileInputFormat: Split on host: j-057.juliet.futuresystems.org j-065.juliet.futuresystems.org j-013.juliet.futuresystems.org 
17/03/16 01:25:21 INFO fileformat.MultiFileInputFormat: Split on host: j-066.juliet.futuresystems.org j-063.juliet.futuresystems.org j-054.juliet.futuresystems.org 
17/03/16 01:25:21 INFO fileformat.MultiFileInputFormat: Split on host: j-066.juliet.futuresystems.org j-055.juliet.futuresystems.org j-062.juliet.futuresystems.org 
17/03/16 01:25:21 INFO fileformat.MultiFileInputFormat: Split on host: j-057.juliet.futuresystems.org j-053.juliet.futuresystems.org j-013.juliet.futuresystems.org 
17/03/16 01:25:21 INFO fileformat.MultiFileInputFormat: Split on host: j-064.juliet.futuresystems.org j-058.juliet.futuresystems.org j-054.juliet.futuresystems.org 
17/03/16 01:25:21 INFO fileformat.MultiFileInputFormat: Split on host: j-056.juliet.futuresystems.org j-059.juliet.futuresystems.org j-060.juliet.futuresystems.org 
17/03/16 01:25:21 INFO fileformat.MultiFileInputFormat: Split on host: j-061.juliet.futuresystems.org j-064.juliet.futuresystems.org j-060.juliet.futuresystems.org 
17/03/16 01:25:21 INFO fileformat.MultiFileInputFormat: Split on host: j-063.juliet.futuresystems.org j-012.juliet.futuresystems.org j-065.juliet.futuresystems.org 
17/03/16 01:25:21 INFO fileformat.MultiFileInputFormat: Split on host: j-063.juliet.futuresystems.org j-059.juliet.futuresystems.org j-065.juliet.futuresystems.org 
17/03/16 01:25:21 INFO fileformat.MultiFileInputFormat: Split on host: j-061.juliet.futuresystems.org j-065.juliet.futuresystems.org j-064.juliet.futuresystems.org 
17/03/16 01:25:21 INFO fileformat.MultiFileInputFormat: Split on host: j-062.juliet.futuresystems.org j-064.juliet.futuresystems.org j-013.juliet.futuresystems.org 
17/03/16 01:25:21 INFO fileformat.MultiFileInputFormat: Split on host: j-063.juliet.futuresystems.org j-055.juliet.futuresystems.org j-054.juliet.futuresystems.org 
17/03/16 01:25:21 INFO fileformat.MultiFileInputFormat: Total # of splits: 16
17/03/16 01:25:21 INFO mapreduce.JobSubmitter: number of splits:16
17/03/16 01:25:21 INFO mapreduce.JobSubmitter: Submitting tokens for job: job_1489165733656_0193
command: $JAVA_HOME/bin/java -Dlog4j.configuration=container-log4j.properties -Dyarn.app.container.log.dir=<LOG_DIR> -Dyarn.app.container.log.filesize=0 -Dhadoop.root.logger=INFO,CLA  -Xmx1024m org.apache.hadoop.mapreduce.v2.app.MapCollectiveAppMaster 1><LOG_DIR>/stdout 2><LOG_DIR>/stderr 
17/03/16 01:25:21 INFO impl.YarnClientImpl: Submitted application application_1489165733656_0193
17/03/16 01:25:21 INFO mapreduce.Job: The url to track the job: http://j-011:8088/proxy/application_1489165733656_0193/
17/03/16 01:25:21 INFO mapreduce.Job: Running job: job_1489165733656_0193
17/03/16 01:25:26 INFO mapreduce.Job: Job job_1489165733656_0193 running in uber mode : false
17/03/16 01:25:26 INFO mapreduce.Job:  map 0% reduce 0%
17/03/16 01:25:37 INFO mapreduce.Job:  map 94% reduce 0%
17/03/16 01:25:39 INFO mapreduce.Job:  map 100% reduce 0%
17/03/16 01:27:32 INFO mapreduce.Job: Job job_1489165733656_0193 completed successfully
17/03/16 01:27:32 INFO mapreduce.Job: Counters: 30
	File System Counters
		FILE: Number of bytes read=0
		FILE: Number of bytes written=1701350
		FILE: Number of read operations=0
		FILE: Number of large read operations=0
		FILE: Number of write operations=0
		HDFS: Number of bytes read=775120861
		HDFS: Number of bytes written=22
		HDFS: Number of read operations=128
		HDFS: Number of large read operations=0
		HDFS: Number of write operations=32
	Job Counters 
		Launched map tasks=16
		Other local map tasks=16
		Total time spent by all maps in occupied slots (ms)=1969576
		Total time spent by all reduces in occupied slots (ms)=0
		Total time spent by all map tasks (ms)=1969576
		Total vcore-seconds taken by all map tasks=1969576
		Total megabyte-seconds taken by all map tasks=2016845824
	Map-Reduce Framework
		Map input records=16
		Map output records=1
		Input split bytes=1744
		Spilled Records=0
		Failed Shuffles=0
		Merged Map outputs=0
		GC time elapsed (ms)=14457
		CPU time spent (ms)=3309570
		Physical memory (bytes) snapshot=184977231872
		Virtual memory (bytes) snapshot=1298248679424
		Total committed heap usage (bytes)=1185410973696
	File Input Format Counters 
		Bytes Read=0
	File Output Format Counters 
		Bytes Written=22
133423ms
17/03/16 01:27:33 WARN util.NativeCodeLoader: Unable to load native-hadoop library for your platform... using builtin-java classes where applicable
finalCount	3814606989
[The 1 times] Above experiment is: ./runHarpSgcr2.sh /N/u/mengli/harp-sahad/experiments/template/u3-1.t sahad-data/miami/miami-u-e-16 sahad-output/miami/miami-u-e-16/40threads/1 16 40
