17/03/14 05:29:25 WARN util.NativeCodeLoader: Unable to load native-hadoop library for your platform... using builtin-java classes where applicable
17/03/14 05:29:25 INFO fs.TrashPolicyDefault: Namenode trash configuration: Deletion interval = 0 minutes, Emptier interval = 0 minutes.
Deleted sahad-output/twitter/twitter-u-e-8/40threads/1
use Local MultiThread? true
set Number of Map Tasks = 8
set number of threads: 40
17/03/14 05:29:26 WARN util.NativeCodeLoader: Unable to load native-hadoop library for your platform... using builtin-java classes where applicable
Get map collective runner
17/03/14 05:29:27 INFO client.RMProxy: Connecting to ResourceManager at j-011/172.16.0.11:8032
17/03/14 05:29:27 INFO input.FileInputFormat: Total input paths to process : 8
17/03/14 05:29:27 INFO fileformat.MultiFileInputFormat: NUMBER OF FILES: 8
17/03/14 05:29:27 INFO fileformat.MultiFileInputFormat: NUMBER OF MAPS: 8
17/03/14 05:29:28 INFO fileformat.MultiFileInputFormat: Split on host: j-066.juliet.futuresystems.org j-059.juliet.futuresystems.org j-061.juliet.futuresystems.org j-012.juliet.futuresystems.org j-053.juliet.futuresystems.org j-065.juliet.futuresystems.org j-064.juliet.futuresystems.org j-060.juliet.futuresystems.org j-056.juliet.futuresystems.org j-063.juliet.futuresystems.org j-057.juliet.futuresystems.org j-055.juliet.futuresystems.org j-062.juliet.futuresystems.org j-058.juliet.futuresystems.org j-054.juliet.futuresystems.org j-013.juliet.futuresystems.org 
17/03/14 05:29:28 INFO fileformat.MultiFileInputFormat: Split on host: j-066.juliet.futuresystems.org j-059.juliet.futuresystems.org j-061.juliet.futuresystems.org j-053.juliet.futuresystems.org j-012.juliet.futuresystems.org j-065.juliet.futuresystems.org j-064.juliet.futuresystems.org j-060.juliet.futuresystems.org j-056.juliet.futuresystems.org j-063.juliet.futuresystems.org j-057.juliet.futuresystems.org j-055.juliet.futuresystems.org j-062.juliet.futuresystems.org j-058.juliet.futuresystems.org j-013.juliet.futuresystems.org j-054.juliet.futuresystems.org 
17/03/14 05:29:28 INFO fileformat.MultiFileInputFormat: Split on host: j-066.juliet.futuresystems.org j-059.juliet.futuresystems.org j-061.juliet.futuresystems.org j-053.juliet.futuresystems.org j-012.juliet.futuresystems.org j-065.juliet.futuresystems.org j-064.juliet.futuresystems.org j-060.juliet.futuresystems.org j-063.juliet.futuresystems.org j-055.juliet.futuresystems.org j-057.juliet.futuresystems.org j-062.juliet.futuresystems.org j-058.juliet.futuresystems.org j-054.juliet.futuresystems.org j-013.juliet.futuresystems.org 
17/03/14 05:29:28 INFO fileformat.MultiFileInputFormat: Split on host: j-066.juliet.futuresystems.org j-059.juliet.futuresystems.org j-061.juliet.futuresystems.org j-053.juliet.futuresystems.org j-012.juliet.futuresystems.org j-065.juliet.futuresystems.org j-064.juliet.futuresystems.org j-060.juliet.futuresystems.org j-056.juliet.futuresystems.org j-063.juliet.futuresystems.org j-057.juliet.futuresystems.org j-062.juliet.futuresystems.org j-058.juliet.futuresystems.org j-013.juliet.futuresystems.org j-054.juliet.futuresystems.org 
17/03/14 05:29:28 INFO fileformat.MultiFileInputFormat: Split on host: j-066.juliet.futuresystems.org j-059.juliet.futuresystems.org j-053.juliet.futuresystems.org j-012.juliet.futuresystems.org j-065.juliet.futuresystems.org j-064.juliet.futuresystems.org j-060.juliet.futuresystems.org j-056.juliet.futuresystems.org j-063.juliet.futuresystems.org j-057.juliet.futuresystems.org j-055.juliet.futuresystems.org j-062.juliet.futuresystems.org j-058.juliet.futuresystems.org j-013.juliet.futuresystems.org j-054.juliet.futuresystems.org 
17/03/14 05:29:28 INFO fileformat.MultiFileInputFormat: Split on host: j-066.juliet.futuresystems.org j-059.juliet.futuresystems.org j-061.juliet.futuresystems.org j-012.juliet.futuresystems.org j-053.juliet.futuresystems.org j-065.juliet.futuresystems.org j-064.juliet.futuresystems.org j-060.juliet.futuresystems.org j-056.juliet.futuresystems.org j-063.juliet.futuresystems.org j-055.juliet.futuresystems.org j-062.juliet.futuresystems.org j-058.juliet.futuresystems.org j-054.juliet.futuresystems.org j-013.juliet.futuresystems.org 
17/03/14 05:29:28 INFO fileformat.MultiFileInputFormat: Split on host: j-066.juliet.futuresystems.org j-059.juliet.futuresystems.org j-061.juliet.futuresystems.org j-053.juliet.futuresystems.org j-012.juliet.futuresystems.org j-065.juliet.futuresystems.org j-064.juliet.futuresystems.org j-060.juliet.futuresystems.org j-056.juliet.futuresystems.org j-063.juliet.futuresystems.org j-057.juliet.futuresystems.org j-055.juliet.futuresystems.org j-062.juliet.futuresystems.org j-058.juliet.futuresystems.org j-013.juliet.futuresystems.org j-054.juliet.futuresystems.org 
17/03/14 05:29:28 INFO fileformat.MultiFileInputFormat: Split on host: j-066.juliet.futuresystems.org j-059.juliet.futuresystems.org j-061.juliet.futuresystems.org j-012.juliet.futuresystems.org j-053.juliet.futuresystems.org j-065.juliet.futuresystems.org j-064.juliet.futuresystems.org j-060.juliet.futuresystems.org j-056.juliet.futuresystems.org j-063.juliet.futuresystems.org j-055.juliet.futuresystems.org j-057.juliet.futuresystems.org j-062.juliet.futuresystems.org j-058.juliet.futuresystems.org j-054.juliet.futuresystems.org j-013.juliet.futuresystems.org 
17/03/14 05:29:28 INFO fileformat.MultiFileInputFormat: Total # of splits: 8
17/03/14 05:29:28 INFO mapreduce.JobSubmitter: number of splits:8
17/03/14 05:29:28 INFO mapreduce.JobSubmitter: Submitting tokens for job: job_1489165733656_0153
command: $JAVA_HOME/bin/java -Dlog4j.configuration=container-log4j.properties -Dyarn.app.container.log.dir=<LOG_DIR> -Dyarn.app.container.log.filesize=0 -Dhadoop.root.logger=INFO,CLA  -Xmx1024m org.apache.hadoop.mapreduce.v2.app.MapCollectiveAppMaster 1><LOG_DIR>/stdout 2><LOG_DIR>/stderr 
17/03/14 05:29:28 INFO impl.YarnClientImpl: Submitted application application_1489165733656_0153
17/03/14 05:29:28 INFO mapreduce.Job: The url to track the job: http://j-011:8088/proxy/application_1489165733656_0153/
17/03/14 05:29:28 INFO mapreduce.Job: Running job: job_1489165733656_0153
17/03/14 05:29:33 INFO mapreduce.Job: Job job_1489165733656_0153 running in uber mode : false
17/03/14 05:29:33 INFO mapreduce.Job:  map 0% reduce 0%
17/03/14 05:29:43 INFO mapreduce.Job:  map 13% reduce 0%
17/03/14 05:29:44 INFO mapreduce.Job:  map 100% reduce 0%
17/03/14 08:37:28 INFO mapreduce.Job: Job job_1489165733656_0153 completed successfully
17/03/14 08:37:28 INFO mapreduce.Job: Counters: 30
	File System Counters
		FILE: Number of bytes read=0
		FILE: Number of bytes written=850712
		FILE: Number of read operations=0
		FILE: Number of large read operations=0
		FILE: Number of write operations=0
		HDFS: Number of bytes read=20707826742
		HDFS: Number of bytes written=27
		HDFS: Number of read operations=64
		HDFS: Number of large read operations=0
		HDFS: Number of write operations=16
	Job Counters 
		Launched map tasks=8
		Other local map tasks=8
		Total time spent by all maps in occupied slots (ms)=90176274
		Total time spent by all reduces in occupied slots (ms)=0
		Total time spent by all map tasks (ms)=90176274
		Total vcore-seconds taken by all map tasks=90176274
		Total megabyte-seconds taken by all map tasks=92340504576
	Map-Reduce Framework
		Map input records=8
		Map output records=1
		Input split bytes=896
		Spilled Records=0
		Failed Shuffles=0
		Merged Map outputs=0
		GC time elapsed (ms)=842485
		CPU time spent (ms)=116463140
		Physical memory (bytes) snapshot=534983131136
		Virtual memory (bytes) snapshot=649174499328
		Total committed heap usage (bytes)=552606367744
	File Input Format Counters 
		Bytes Read=0
	File Output Format Counters 
		Bytes Written=27
11281943ms
17/03/14 08:37:29 WARN util.NativeCodeLoader: Unable to load native-hadoop library for your platform... using builtin-java classes where applicable
finalCount	123460515854379
[The 1 times] Above experiment is: ./runHarpSgcr.sh /N/u/mengli/harp-sahad/experiments/template/u3-1.t sahad-data/twitter/twitter-u-e-8 sahad-output/twitter/twitter-u-e-8/40threads/1 8 40
17/03/14 08:37:31 WARN util.NativeCodeLoader: Unable to load native-hadoop library for your platform... using builtin-java classes where applicable
17/03/14 08:37:31 INFO fs.TrashPolicyDefault: Namenode trash configuration: Deletion interval = 0 minutes, Emptier interval = 0 minutes.
Deleted sahad-output/twitter/twitter-u-e-16/40threads/1
use Local MultiThread? true
set Number of Map Tasks = 16
set number of threads: 40
17/03/14 08:37:32 WARN util.NativeCodeLoader: Unable to load native-hadoop library for your platform... using builtin-java classes where applicable
Get map collective runner
17/03/14 08:37:33 INFO client.RMProxy: Connecting to ResourceManager at j-011/172.16.0.11:8032
17/03/14 08:37:33 INFO input.FileInputFormat: Total input paths to process : 16
17/03/14 08:37:33 INFO fileformat.MultiFileInputFormat: NUMBER OF FILES: 16
17/03/14 08:37:33 INFO fileformat.MultiFileInputFormat: NUMBER OF MAPS: 16
17/03/14 08:37:33 INFO fileformat.MultiFileInputFormat: Split on host: j-066.juliet.futuresystems.org j-059.juliet.futuresystems.org j-061.juliet.futuresystems.org j-053.juliet.futuresystems.org j-012.juliet.futuresystems.org j-065.juliet.futuresystems.org j-064.juliet.futuresystems.org j-060.juliet.futuresystems.org j-056.juliet.futuresystems.org j-063.juliet.futuresystems.org j-055.juliet.futuresystems.org j-057.juliet.futuresystems.org j-062.juliet.futuresystems.org j-058.juliet.futuresystems.org j-054.juliet.futuresystems.org j-013.juliet.futuresystems.org 
17/03/14 08:37:33 INFO fileformat.MultiFileInputFormat: Split on host: j-066.juliet.futuresystems.org j-059.juliet.futuresystems.org j-061.juliet.futuresystems.org j-053.juliet.futuresystems.org j-012.juliet.futuresystems.org j-065.juliet.futuresystems.org j-064.juliet.futuresystems.org j-060.juliet.futuresystems.org j-056.juliet.futuresystems.org j-063.juliet.futuresystems.org j-055.juliet.futuresystems.org j-057.juliet.futuresystems.org j-062.juliet.futuresystems.org j-058.juliet.futuresystems.org j-013.juliet.futuresystems.org j-054.juliet.futuresystems.org 
17/03/14 08:37:33 INFO fileformat.MultiFileInputFormat: Split on host: j-066.juliet.futuresystems.org j-059.juliet.futuresystems.org j-061.juliet.futuresystems.org j-012.juliet.futuresystems.org j-053.juliet.futuresystems.org j-065.juliet.futuresystems.org j-064.juliet.futuresystems.org j-060.juliet.futuresystems.org j-056.juliet.futuresystems.org j-063.juliet.futuresystems.org j-055.juliet.futuresystems.org j-057.juliet.futuresystems.org j-062.juliet.futuresystems.org j-058.juliet.futuresystems.org j-054.juliet.futuresystems.org j-013.juliet.futuresystems.org 
17/03/14 08:37:33 INFO fileformat.MultiFileInputFormat: Split on host: j-066.juliet.futuresystems.org j-059.juliet.futuresystems.org j-061.juliet.futuresystems.org j-053.juliet.futuresystems.org j-012.juliet.futuresystems.org j-065.juliet.futuresystems.org j-064.juliet.futuresystems.org j-060.juliet.futuresystems.org j-056.juliet.futuresystems.org j-063.juliet.futuresystems.org j-057.juliet.futuresystems.org j-055.juliet.futuresystems.org j-062.juliet.futuresystems.org j-058.juliet.futuresystems.org j-054.juliet.futuresystems.org 
17/03/14 08:37:33 INFO fileformat.MultiFileInputFormat: Split on host: j-066.juliet.futuresystems.org j-059.juliet.futuresystems.org j-012.juliet.futuresystems.org j-053.juliet.futuresystems.org j-065.juliet.futuresystems.org j-064.juliet.futuresystems.org j-060.juliet.futuresystems.org j-063.juliet.futuresystems.org j-055.juliet.futuresystems.org j-062.juliet.futuresystems.org j-058.juliet.futuresystems.org j-054.juliet.futuresystems.org j-013.juliet.futuresystems.org 
17/03/14 08:37:33 INFO fileformat.MultiFileInputFormat: Split on host: j-066.juliet.futuresystems.org j-056.juliet.futuresystems.org j-063.juliet.futuresystems.org j-059.juliet.futuresystems.org j-055.juliet.futuresystems.org j-053.juliet.futuresystems.org j-062.juliet.futuresystems.org j-065.juliet.futuresystems.org j-058.juliet.futuresystems.org j-060.juliet.futuresystems.org j-054.juliet.futuresystems.org j-013.juliet.futuresystems.org 
17/03/14 08:37:33 INFO fileformat.MultiFileInputFormat: Split on host: j-066.juliet.futuresystems.org j-059.juliet.futuresystems.org j-061.juliet.futuresystems.org j-012.juliet.futuresystems.org j-053.juliet.futuresystems.org j-065.juliet.futuresystems.org j-064.juliet.futuresystems.org j-056.juliet.futuresystems.org j-063.juliet.futuresystems.org j-055.juliet.futuresystems.org j-062.juliet.futuresystems.org j-058.juliet.futuresystems.org j-013.juliet.futuresystems.org j-054.juliet.futuresystems.org 
17/03/14 08:37:33 INFO fileformat.MultiFileInputFormat: Split on host: j-066.juliet.futuresystems.org j-059.juliet.futuresystems.org j-063.juliet.futuresystems.org j-061.juliet.futuresystems.org j-055.juliet.futuresystems.org j-012.juliet.futuresystems.org j-053.juliet.futuresystems.org j-062.juliet.futuresystems.org j-065.juliet.futuresystems.org j-058.juliet.futuresystems.org j-013.juliet.futuresystems.org j-054.juliet.futuresystems.org 
17/03/14 08:37:33 INFO fileformat.MultiFileInputFormat: Split on host: j-056.juliet.futuresystems.org j-066.juliet.futuresystems.org j-059.juliet.futuresystems.org j-061.juliet.futuresystems.org j-055.juliet.futuresystems.org j-057.juliet.futuresystems.org j-053.juliet.futuresystems.org j-012.juliet.futuresystems.org j-062.juliet.futuresystems.org j-065.juliet.futuresystems.org j-058.juliet.futuresystems.org j-060.juliet.futuresystems.org 
17/03/14 08:37:33 INFO fileformat.MultiFileInputFormat: Split on host: j-056.juliet.futuresystems.org j-061.juliet.futuresystems.org j-057.juliet.futuresystems.org j-053.juliet.futuresystems.org j-012.juliet.futuresystems.org j-062.juliet.futuresystems.org j-065.juliet.futuresystems.org j-064.juliet.futuresystems.org j-058.juliet.futuresystems.org j-060.juliet.futuresystems.org j-013.juliet.futuresystems.org 
17/03/14 08:37:33 INFO fileformat.MultiFileInputFormat: Split on host: j-059.juliet.futuresystems.org j-061.juliet.futuresystems.org j-053.juliet.futuresystems.org j-065.juliet.futuresystems.org j-064.juliet.futuresystems.org j-060.juliet.futuresystems.org j-056.juliet.futuresystems.org j-063.juliet.futuresystems.org j-057.juliet.futuresystems.org j-055.juliet.futuresystems.org j-058.juliet.futuresystems.org j-054.juliet.futuresystems.org j-013.juliet.futuresystems.org 
17/03/14 08:37:33 INFO fileformat.MultiFileInputFormat: Split on host: j-066.juliet.futuresystems.org j-059.juliet.futuresystems.org j-061.juliet.futuresystems.org j-053.juliet.futuresystems.org j-012.juliet.futuresystems.org j-065.juliet.futuresystems.org j-064.juliet.futuresystems.org j-060.juliet.futuresystems.org j-056.juliet.futuresystems.org j-063.juliet.futuresystems.org j-057.juliet.futuresystems.org j-055.juliet.futuresystems.org j-058.juliet.futuresystems.org j-013.juliet.futuresystems.org 
17/03/14 08:37:33 INFO fileformat.MultiFileInputFormat: Split on host: j-066.juliet.futuresystems.org j-059.juliet.futuresystems.org j-061.juliet.futuresystems.org j-053.juliet.futuresystems.org j-065.juliet.futuresystems.org j-064.juliet.futuresystems.org j-060.juliet.futuresystems.org j-063.juliet.futuresystems.org j-057.juliet.futuresystems.org j-055.juliet.futuresystems.org j-058.juliet.futuresystems.org j-054.juliet.futuresystems.org j-013.juliet.futuresystems.org 
17/03/14 08:37:33 INFO fileformat.MultiFileInputFormat: Split on host: j-066.juliet.futuresystems.org j-059.juliet.futuresystems.org j-061.juliet.futuresystems.org j-012.juliet.futuresystems.org j-053.juliet.futuresystems.org j-065.juliet.futuresystems.org j-064.juliet.futuresystems.org j-060.juliet.futuresystems.org j-056.juliet.futuresystems.org j-063.juliet.futuresystems.org j-055.juliet.futuresystems.org j-057.juliet.futuresystems.org j-062.juliet.futuresystems.org j-058.juliet.futuresystems.org j-054.juliet.futuresystems.org 
17/03/14 08:37:33 INFO fileformat.MultiFileInputFormat: Split on host: j-059.juliet.futuresystems.org j-061.juliet.futuresystems.org j-057.juliet.futuresystems.org j-053.juliet.futuresystems.org j-012.juliet.futuresystems.org j-062.juliet.futuresystems.org j-065.juliet.futuresystems.org j-064.juliet.futuresystems.org j-058.juliet.futuresystems.org j-060.juliet.futuresystems.org j-054.juliet.futuresystems.org j-013.juliet.futuresystems.org 
17/03/14 08:37:33 INFO fileformat.MultiFileInputFormat: Split on host: j-066.juliet.futuresystems.org j-059.juliet.futuresystems.org j-061.juliet.futuresystems.org j-012.juliet.futuresystems.org j-053.juliet.futuresystems.org j-065.juliet.futuresystems.org j-064.juliet.futuresystems.org j-060.juliet.futuresystems.org j-056.juliet.futuresystems.org j-063.juliet.futuresystems.org j-055.juliet.futuresystems.org j-057.juliet.futuresystems.org j-062.juliet.futuresystems.org j-054.juliet.futuresystems.org 
17/03/14 08:37:33 INFO fileformat.MultiFileInputFormat: Total # of splits: 16
17/03/14 08:37:34 INFO mapreduce.JobSubmitter: number of splits:16
17/03/14 08:37:34 INFO mapreduce.JobSubmitter: Submitting tokens for job: job_1489165733656_0154
command: $JAVA_HOME/bin/java -Dlog4j.configuration=container-log4j.properties -Dyarn.app.container.log.dir=<LOG_DIR> -Dyarn.app.container.log.filesize=0 -Dhadoop.root.logger=INFO,CLA  -Xmx1024m org.apache.hadoop.mapreduce.v2.app.MapCollectiveAppMaster 1><LOG_DIR>/stdout 2><LOG_DIR>/stderr 
17/03/14 08:37:34 INFO impl.YarnClientImpl: Submitted application application_1489165733656_0154
17/03/14 08:37:34 INFO mapreduce.Job: The url to track the job: http://j-011:8088/proxy/application_1489165733656_0154/
17/03/14 08:37:34 INFO mapreduce.Job: Running job: job_1489165733656_0154
17/03/14 08:37:39 INFO mapreduce.Job: Job job_1489165733656_0154 running in uber mode : false
17/03/14 08:37:39 INFO mapreduce.Job:  map 0% reduce 0%
17/03/14 08:37:49 INFO mapreduce.Job:  map 88% reduce 0%
17/03/14 08:37:50 INFO mapreduce.Job:  map 100% reduce 0%
17/03/14 10:10:46 INFO mapreduce.Job: Job job_1489165733656_0154 completed successfully
17/03/14 10:10:46 INFO mapreduce.Job: Counters: 30
	File System Counters
		FILE: Number of bytes read=0
		FILE: Number of bytes written=1701526
		FILE: Number of read operations=0
		FILE: Number of large read operations=0
		FILE: Number of write operations=0
		HDFS: Number of bytes read=20707834590
		HDFS: Number of bytes written=27
		HDFS: Number of read operations=128
		HDFS: Number of large read operations=0
		HDFS: Number of write operations=32
	Job Counters 
		Launched map tasks=16
		Other local map tasks=16
		Total time spent by all maps in occupied slots (ms)=89332877
		Total time spent by all reduces in occupied slots (ms)=0
		Total time spent by all map tasks (ms)=89332877
		Total vcore-seconds taken by all map tasks=89332877
		Total megabyte-seconds taken by all map tasks=91476866048
	Map-Reduce Framework
		Map input records=16
		Map output records=1
		Input split bytes=1808
		Spilled Records=0
		Failed Shuffles=0
		Merged Map outputs=0
		GC time elapsed (ms)=481552
		CPU time spent (ms)=110505140
		Physical memory (bytes) snapshot=763111583744
		Virtual memory (bytes) snapshot=1298337103872
		Total committed heap usage (bytes)=1106741035008
	File Input Format Counters 
		Bytes Read=0
	File Output Format Counters 
		Bytes Written=27
5594088ms
17/03/14 10:10:47 WARN util.NativeCodeLoader: Unable to load native-hadoop library for your platform... using builtin-java classes where applicable
finalCount	123451525757767
[The 1 times] Above experiment is: ./runHarpSgcr.sh /N/u/mengli/harp-sahad/experiments/template/u3-1.t sahad-data/twitter/twitter-u-e-16 sahad-output/twitter/twitter-u-e-16/40threads/1 16 40
17/03/14 10:10:48 WARN util.NativeCodeLoader: Unable to load native-hadoop library for your platform... using builtin-java classes where applicable
17/03/14 10:10:49 INFO fs.TrashPolicyDefault: Namenode trash configuration: Deletion interval = 0 minutes, Emptier interval = 0 minutes.
Deleted sahad-output/twitter/twitter-u-e-8/40threads/1
use Local MultiThread? true
set Number of Map Tasks = 8
set number of threads: 40
17/03/14 10:10:50 WARN util.NativeCodeLoader: Unable to load native-hadoop library for your platform... using builtin-java classes where applicable
Get map collective runner
17/03/14 10:10:51 INFO client.RMProxy: Connecting to ResourceManager at j-011/172.16.0.11:8032
17/03/14 10:10:51 INFO input.FileInputFormat: Total input paths to process : 8
17/03/14 10:10:51 INFO fileformat.MultiFileInputFormat: NUMBER OF FILES: 8
17/03/14 10:10:51 INFO fileformat.MultiFileInputFormat: NUMBER OF MAPS: 8
17/03/14 10:10:51 INFO fileformat.MultiFileInputFormat: Split on host: j-066.juliet.futuresystems.org j-059.juliet.futuresystems.org j-061.juliet.futuresystems.org j-012.juliet.futuresystems.org j-053.juliet.futuresystems.org j-065.juliet.futuresystems.org j-064.juliet.futuresystems.org j-060.juliet.futuresystems.org j-056.juliet.futuresystems.org j-063.juliet.futuresystems.org j-057.juliet.futuresystems.org j-055.juliet.futuresystems.org j-062.juliet.futuresystems.org j-058.juliet.futuresystems.org j-054.juliet.futuresystems.org j-013.juliet.futuresystems.org 
17/03/14 10:10:51 INFO fileformat.MultiFileInputFormat: Split on host: j-066.juliet.futuresystems.org j-059.juliet.futuresystems.org j-061.juliet.futuresystems.org j-053.juliet.futuresystems.org j-012.juliet.futuresystems.org j-065.juliet.futuresystems.org j-064.juliet.futuresystems.org j-060.juliet.futuresystems.org j-056.juliet.futuresystems.org j-063.juliet.futuresystems.org j-057.juliet.futuresystems.org j-055.juliet.futuresystems.org j-062.juliet.futuresystems.org j-058.juliet.futuresystems.org j-013.juliet.futuresystems.org j-054.juliet.futuresystems.org 
17/03/14 10:10:51 INFO fileformat.MultiFileInputFormat: Split on host: j-066.juliet.futuresystems.org j-059.juliet.futuresystems.org j-061.juliet.futuresystems.org j-053.juliet.futuresystems.org j-012.juliet.futuresystems.org j-065.juliet.futuresystems.org j-064.juliet.futuresystems.org j-060.juliet.futuresystems.org j-063.juliet.futuresystems.org j-055.juliet.futuresystems.org j-057.juliet.futuresystems.org j-062.juliet.futuresystems.org j-058.juliet.futuresystems.org j-054.juliet.futuresystems.org j-013.juliet.futuresystems.org 
17/03/14 10:10:51 INFO fileformat.MultiFileInputFormat: Split on host: j-066.juliet.futuresystems.org j-059.juliet.futuresystems.org j-061.juliet.futuresystems.org j-053.juliet.futuresystems.org j-012.juliet.futuresystems.org j-065.juliet.futuresystems.org j-064.juliet.futuresystems.org j-060.juliet.futuresystems.org j-056.juliet.futuresystems.org j-063.juliet.futuresystems.org j-057.juliet.futuresystems.org j-062.juliet.futuresystems.org j-058.juliet.futuresystems.org j-013.juliet.futuresystems.org j-054.juliet.futuresystems.org 
17/03/14 10:10:51 INFO fileformat.MultiFileInputFormat: Split on host: j-066.juliet.futuresystems.org j-059.juliet.futuresystems.org j-053.juliet.futuresystems.org j-012.juliet.futuresystems.org j-065.juliet.futuresystems.org j-064.juliet.futuresystems.org j-060.juliet.futuresystems.org j-056.juliet.futuresystems.org j-063.juliet.futuresystems.org j-057.juliet.futuresystems.org j-055.juliet.futuresystems.org j-062.juliet.futuresystems.org j-058.juliet.futuresystems.org j-013.juliet.futuresystems.org j-054.juliet.futuresystems.org 
17/03/14 10:10:51 INFO fileformat.MultiFileInputFormat: Split on host: j-066.juliet.futuresystems.org j-059.juliet.futuresystems.org j-061.juliet.futuresystems.org j-012.juliet.futuresystems.org j-053.juliet.futuresystems.org j-065.juliet.futuresystems.org j-064.juliet.futuresystems.org j-060.juliet.futuresystems.org j-056.juliet.futuresystems.org j-063.juliet.futuresystems.org j-055.juliet.futuresystems.org j-062.juliet.futuresystems.org j-058.juliet.futuresystems.org j-054.juliet.futuresystems.org j-013.juliet.futuresystems.org 
17/03/14 10:10:51 INFO fileformat.MultiFileInputFormat: Split on host: j-066.juliet.futuresystems.org j-059.juliet.futuresystems.org j-061.juliet.futuresystems.org j-053.juliet.futuresystems.org j-012.juliet.futuresystems.org j-065.juliet.futuresystems.org j-064.juliet.futuresystems.org j-060.juliet.futuresystems.org j-056.juliet.futuresystems.org j-063.juliet.futuresystems.org j-057.juliet.futuresystems.org j-055.juliet.futuresystems.org j-062.juliet.futuresystems.org j-058.juliet.futuresystems.org j-013.juliet.futuresystems.org j-054.juliet.futuresystems.org 
17/03/14 10:10:51 INFO fileformat.MultiFileInputFormat: Split on host: j-066.juliet.futuresystems.org j-059.juliet.futuresystems.org j-061.juliet.futuresystems.org j-012.juliet.futuresystems.org j-053.juliet.futuresystems.org j-065.juliet.futuresystems.org j-064.juliet.futuresystems.org j-060.juliet.futuresystems.org j-056.juliet.futuresystems.org j-063.juliet.futuresystems.org j-055.juliet.futuresystems.org j-057.juliet.futuresystems.org j-062.juliet.futuresystems.org j-058.juliet.futuresystems.org j-054.juliet.futuresystems.org j-013.juliet.futuresystems.org 
17/03/14 10:10:51 INFO fileformat.MultiFileInputFormat: Total # of splits: 8
17/03/14 10:10:51 INFO mapreduce.JobSubmitter: number of splits:8
17/03/14 10:10:51 INFO mapreduce.JobSubmitter: Submitting tokens for job: job_1489165733656_0155
command: $JAVA_HOME/bin/java -Dlog4j.configuration=container-log4j.properties -Dyarn.app.container.log.dir=<LOG_DIR> -Dyarn.app.container.log.filesize=0 -Dhadoop.root.logger=INFO,CLA  -Xmx1024m org.apache.hadoop.mapreduce.v2.app.MapCollectiveAppMaster 1><LOG_DIR>/stdout 2><LOG_DIR>/stderr 
17/03/14 10:10:52 INFO impl.YarnClientImpl: Submitted application application_1489165733656_0155
17/03/14 10:10:52 INFO mapreduce.Job: The url to track the job: http://j-011:8088/proxy/application_1489165733656_0155/
17/03/14 10:10:52 INFO mapreduce.Job: Running job: job_1489165733656_0155
17/03/14 10:10:57 INFO mapreduce.Job: Job job_1489165733656_0155 running in uber mode : false
17/03/14 10:10:57 INFO mapreduce.Job:  map 0% reduce 0%
17/03/14 10:11:07 INFO mapreduce.Job:  map 100% reduce 0%
17/03/14 14:54:30 INFO mapreduce.Job: Job job_1489165733656_0155 completed successfully
17/03/14 14:54:30 INFO mapreduce.Job: Counters: 30
	File System Counters
		FILE: Number of bytes read=0
		FILE: Number of bytes written=850712
		FILE: Number of read operations=0
		FILE: Number of large read operations=0
		FILE: Number of write operations=0
		HDFS: Number of bytes read=20707826742
		HDFS: Number of bytes written=32
		HDFS: Number of read operations=64
		HDFS: Number of large read operations=0
		HDFS: Number of write operations=16
	Job Counters 
		Launched map tasks=8
		Other local map tasks=8
		Total time spent by all maps in occupied slots (ms)=136081538
		Total time spent by all reduces in occupied slots (ms)=0
		Total time spent by all map tasks (ms)=136081538
		Total vcore-seconds taken by all map tasks=136081538
		Total megabyte-seconds taken by all map tasks=139347494912
	Map-Reduce Framework
		Map input records=8
		Map output records=1
		Input split bytes=896
		Spilled Records=0
		Failed Shuffles=0
		Merged Map outputs=0
		GC time elapsed (ms)=817669
		CPU time spent (ms)=158826740
		Physical memory (bytes) snapshot=585366102016
		Virtual memory (bytes) snapshot=649170743296
		Total committed heap usage (bytes)=559017885696
	File Input Format Counters 
		Bytes Read=0
	File Output Format Counters 
		Bytes Written=32
17020455ms
17/03/14 14:54:31 WARN util.NativeCodeLoader: Unable to load native-hadoop library for your platform... using builtin-java classes where applicable
finalCount	-9223372036854775808
[The 1 times] Above experiment is: ./runHarpSgcr.sh /N/u/mengli/harp-sahad/experiments/template/u5-1.t sahad-data/twitter/twitter-u-e-8 sahad-output/twitter/twitter-u-e-8/40threads/1 8 40
17/03/14 14:54:33 WARN util.NativeCodeLoader: Unable to load native-hadoop library for your platform... using builtin-java classes where applicable
17/03/14 14:54:33 INFO fs.TrashPolicyDefault: Namenode trash configuration: Deletion interval = 0 minutes, Emptier interval = 0 minutes.
Deleted sahad-output/twitter/twitter-u-e-16/40threads/1
use Local MultiThread? true
set Number of Map Tasks = 16
set number of threads: 40
17/03/14 14:54:34 WARN util.NativeCodeLoader: Unable to load native-hadoop library for your platform... using builtin-java classes where applicable
Get map collective runner
17/03/14 14:54:35 INFO client.RMProxy: Connecting to ResourceManager at j-011/172.16.0.11:8032
17/03/14 14:54:35 INFO input.FileInputFormat: Total input paths to process : 16
17/03/14 14:54:35 INFO fileformat.MultiFileInputFormat: NUMBER OF FILES: 16
17/03/14 14:54:35 INFO fileformat.MultiFileInputFormat: NUMBER OF MAPS: 16
17/03/14 14:54:35 INFO fileformat.MultiFileInputFormat: Split on host: j-066.juliet.futuresystems.org j-059.juliet.futuresystems.org j-061.juliet.futuresystems.org j-053.juliet.futuresystems.org j-012.juliet.futuresystems.org j-065.juliet.futuresystems.org j-064.juliet.futuresystems.org j-060.juliet.futuresystems.org j-056.juliet.futuresystems.org j-063.juliet.futuresystems.org j-055.juliet.futuresystems.org j-057.juliet.futuresystems.org j-062.juliet.futuresystems.org j-058.juliet.futuresystems.org j-054.juliet.futuresystems.org j-013.juliet.futuresystems.org 
17/03/14 14:54:35 INFO fileformat.MultiFileInputFormat: Split on host: j-066.juliet.futuresystems.org j-059.juliet.futuresystems.org j-061.juliet.futuresystems.org j-053.juliet.futuresystems.org j-012.juliet.futuresystems.org j-065.juliet.futuresystems.org j-064.juliet.futuresystems.org j-060.juliet.futuresystems.org j-056.juliet.futuresystems.org j-063.juliet.futuresystems.org j-055.juliet.futuresystems.org j-057.juliet.futuresystems.org j-062.juliet.futuresystems.org j-058.juliet.futuresystems.org j-054.juliet.futuresystems.org j-013.juliet.futuresystems.org 
17/03/14 14:54:35 INFO fileformat.MultiFileInputFormat: Split on host: j-066.juliet.futuresystems.org j-059.juliet.futuresystems.org j-061.juliet.futuresystems.org j-012.juliet.futuresystems.org j-053.juliet.futuresystems.org j-065.juliet.futuresystems.org j-064.juliet.futuresystems.org j-060.juliet.futuresystems.org j-056.juliet.futuresystems.org j-063.juliet.futuresystems.org j-055.juliet.futuresystems.org j-057.juliet.futuresystems.org j-062.juliet.futuresystems.org j-058.juliet.futuresystems.org j-013.juliet.futuresystems.org j-054.juliet.futuresystems.org 
17/03/14 14:54:35 INFO fileformat.MultiFileInputFormat: Split on host: j-066.juliet.futuresystems.org j-059.juliet.futuresystems.org j-061.juliet.futuresystems.org j-053.juliet.futuresystems.org j-012.juliet.futuresystems.org j-065.juliet.futuresystems.org j-064.juliet.futuresystems.org j-060.juliet.futuresystems.org j-056.juliet.futuresystems.org j-063.juliet.futuresystems.org j-057.juliet.futuresystems.org j-055.juliet.futuresystems.org j-062.juliet.futuresystems.org j-058.juliet.futuresystems.org j-054.juliet.futuresystems.org 
17/03/14 14:54:35 INFO fileformat.MultiFileInputFormat: Split on host: j-066.juliet.futuresystems.org j-059.juliet.futuresystems.org j-012.juliet.futuresystems.org j-053.juliet.futuresystems.org j-065.juliet.futuresystems.org j-064.juliet.futuresystems.org j-060.juliet.futuresystems.org j-063.juliet.futuresystems.org j-055.juliet.futuresystems.org j-062.juliet.futuresystems.org j-058.juliet.futuresystems.org j-054.juliet.futuresystems.org j-013.juliet.futuresystems.org 
17/03/14 14:54:35 INFO fileformat.MultiFileInputFormat: Split on host: j-066.juliet.futuresystems.org j-056.juliet.futuresystems.org j-063.juliet.futuresystems.org j-059.juliet.futuresystems.org j-055.juliet.futuresystems.org j-053.juliet.futuresystems.org j-062.juliet.futuresystems.org j-065.juliet.futuresystems.org j-058.juliet.futuresystems.org j-060.juliet.futuresystems.org j-054.juliet.futuresystems.org j-013.juliet.futuresystems.org 
17/03/14 14:54:35 INFO fileformat.MultiFileInputFormat: Split on host: j-066.juliet.futuresystems.org j-059.juliet.futuresystems.org j-061.juliet.futuresystems.org j-012.juliet.futuresystems.org j-053.juliet.futuresystems.org j-065.juliet.futuresystems.org j-064.juliet.futuresystems.org j-056.juliet.futuresystems.org j-063.juliet.futuresystems.org j-055.juliet.futuresystems.org j-062.juliet.futuresystems.org j-058.juliet.futuresystems.org j-013.juliet.futuresystems.org j-054.juliet.futuresystems.org 
17/03/14 14:54:35 INFO fileformat.MultiFileInputFormat: Split on host: j-066.juliet.futuresystems.org j-059.juliet.futuresystems.org j-063.juliet.futuresystems.org j-061.juliet.futuresystems.org j-055.juliet.futuresystems.org j-012.juliet.futuresystems.org j-053.juliet.futuresystems.org j-062.juliet.futuresystems.org j-065.juliet.futuresystems.org j-058.juliet.futuresystems.org j-013.juliet.futuresystems.org j-054.juliet.futuresystems.org 
17/03/14 14:54:35 INFO fileformat.MultiFileInputFormat: Split on host: j-056.juliet.futuresystems.org j-066.juliet.futuresystems.org j-059.juliet.futuresystems.org j-061.juliet.futuresystems.org j-055.juliet.futuresystems.org j-057.juliet.futuresystems.org j-053.juliet.futuresystems.org j-012.juliet.futuresystems.org j-062.juliet.futuresystems.org j-065.juliet.futuresystems.org j-058.juliet.futuresystems.org j-060.juliet.futuresystems.org 
17/03/14 14:54:35 INFO fileformat.MultiFileInputFormat: Split on host: j-056.juliet.futuresystems.org j-061.juliet.futuresystems.org j-057.juliet.futuresystems.org j-053.juliet.futuresystems.org j-012.juliet.futuresystems.org j-062.juliet.futuresystems.org j-065.juliet.futuresystems.org j-064.juliet.futuresystems.org j-058.juliet.futuresystems.org j-060.juliet.futuresystems.org j-013.juliet.futuresystems.org 
17/03/14 14:54:35 INFO fileformat.MultiFileInputFormat: Split on host: j-059.juliet.futuresystems.org j-061.juliet.futuresystems.org j-053.juliet.futuresystems.org j-065.juliet.futuresystems.org j-064.juliet.futuresystems.org j-060.juliet.futuresystems.org j-056.juliet.futuresystems.org j-063.juliet.futuresystems.org j-057.juliet.futuresystems.org j-055.juliet.futuresystems.org j-058.juliet.futuresystems.org j-054.juliet.futuresystems.org j-013.juliet.futuresystems.org 
17/03/14 14:54:35 INFO fileformat.MultiFileInputFormat: Split on host: j-066.juliet.futuresystems.org j-059.juliet.futuresystems.org j-061.juliet.futuresystems.org j-053.juliet.futuresystems.org j-012.juliet.futuresystems.org j-065.juliet.futuresystems.org j-064.juliet.futuresystems.org j-060.juliet.futuresystems.org j-056.juliet.futuresystems.org j-063.juliet.futuresystems.org j-057.juliet.futuresystems.org j-055.juliet.futuresystems.org j-058.juliet.futuresystems.org j-013.juliet.futuresystems.org 
17/03/14 14:54:35 INFO fileformat.MultiFileInputFormat: Split on host: j-066.juliet.futuresystems.org j-059.juliet.futuresystems.org j-061.juliet.futuresystems.org j-053.juliet.futuresystems.org j-065.juliet.futuresystems.org j-064.juliet.futuresystems.org j-060.juliet.futuresystems.org j-063.juliet.futuresystems.org j-057.juliet.futuresystems.org j-055.juliet.futuresystems.org j-058.juliet.futuresystems.org j-054.juliet.futuresystems.org j-013.juliet.futuresystems.org 
17/03/14 14:54:35 INFO fileformat.MultiFileInputFormat: Split on host: j-066.juliet.futuresystems.org j-059.juliet.futuresystems.org j-061.juliet.futuresystems.org j-012.juliet.futuresystems.org j-053.juliet.futuresystems.org j-065.juliet.futuresystems.org j-064.juliet.futuresystems.org j-060.juliet.futuresystems.org j-056.juliet.futuresystems.org j-063.juliet.futuresystems.org j-055.juliet.futuresystems.org j-057.juliet.futuresystems.org j-062.juliet.futuresystems.org j-058.juliet.futuresystems.org j-054.juliet.futuresystems.org 
17/03/14 14:54:35 INFO fileformat.MultiFileInputFormat: Split on host: j-059.juliet.futuresystems.org j-061.juliet.futuresystems.org j-057.juliet.futuresystems.org j-053.juliet.futuresystems.org j-012.juliet.futuresystems.org j-062.juliet.futuresystems.org j-065.juliet.futuresystems.org j-064.juliet.futuresystems.org j-058.juliet.futuresystems.org j-060.juliet.futuresystems.org j-054.juliet.futuresystems.org j-013.juliet.futuresystems.org 
17/03/14 14:54:35 INFO fileformat.MultiFileInputFormat: Split on host: j-066.juliet.futuresystems.org j-059.juliet.futuresystems.org j-061.juliet.futuresystems.org j-012.juliet.futuresystems.org j-053.juliet.futuresystems.org j-065.juliet.futuresystems.org j-064.juliet.futuresystems.org j-060.juliet.futuresystems.org j-056.juliet.futuresystems.org j-063.juliet.futuresystems.org j-055.juliet.futuresystems.org j-057.juliet.futuresystems.org j-062.juliet.futuresystems.org j-054.juliet.futuresystems.org 
17/03/14 14:54:35 INFO fileformat.MultiFileInputFormat: Total # of splits: 16
17/03/14 14:54:35 INFO mapreduce.JobSubmitter: number of splits:16
17/03/14 14:54:36 INFO mapreduce.JobSubmitter: Submitting tokens for job: job_1489165733656_0156
command: $JAVA_HOME/bin/java -Dlog4j.configuration=container-log4j.properties -Dyarn.app.container.log.dir=<LOG_DIR> -Dyarn.app.container.log.filesize=0 -Dhadoop.root.logger=INFO,CLA  -Xmx1024m org.apache.hadoop.mapreduce.v2.app.MapCollectiveAppMaster 1><LOG_DIR>/stdout 2><LOG_DIR>/stderr 
17/03/14 14:54:36 INFO impl.YarnClientImpl: Submitted application application_1489165733656_0156
17/03/14 14:54:36 INFO mapreduce.Job: The url to track the job: http://j-011:8088/proxy/application_1489165733656_0156/
17/03/14 14:54:36 INFO mapreduce.Job: Running job: job_1489165733656_0156
17/03/14 14:54:41 INFO mapreduce.Job: Job job_1489165733656_0156 running in uber mode : false
17/03/14 14:54:41 INFO mapreduce.Job:  map 0% reduce 0%
17/03/14 14:54:51 INFO mapreduce.Job:  map 100% reduce 0%
17/03/14 17:12:58 INFO mapreduce.Job: Job job_1489165733656_0156 completed successfully
17/03/14 17:12:58 INFO mapreduce.Job: Counters: 30
	File System Counters
		FILE: Number of bytes read=0
		FILE: Number of bytes written=1701526
		FILE: Number of read operations=0
		FILE: Number of large read operations=0
		FILE: Number of write operations=0
		HDFS: Number of bytes read=20707834590
		HDFS: Number of bytes written=32
		HDFS: Number of read operations=128
		HDFS: Number of large read operations=0
		HDFS: Number of write operations=32
	Job Counters 
		Launched map tasks=16
		Other local map tasks=16
		Total time spent by all maps in occupied slots (ms)=132707244
		Total time spent by all reduces in occupied slots (ms)=0
		Total time spent by all map tasks (ms)=132707244
		Total vcore-seconds taken by all map tasks=132707244
		Total megabyte-seconds taken by all map tasks=135892217856
	Map-Reduce Framework
		Map input records=16
		Map output records=1
		Input split bytes=1808
		Spilled Records=0
		Failed Shuffles=0
		Merged Map outputs=0
		GC time elapsed (ms)=719507
		CPU time spent (ms)=170233190
		Physical memory (bytes) snapshot=756799827968
		Virtual memory (bytes) snapshot=1298357501952
		Total committed heap usage (bytes)=1126562267136
	File Input Format Counters 
		Bytes Read=0
	File Output Format Counters 
		Bytes Written=32
8304107ms
17/03/14 17:12:59 WARN util.NativeCodeLoader: Unable to load native-hadoop library for your platform... using builtin-java classes where applicable
finalCount	-9223372036854775808
[The 1 times] Above experiment is: ./runHarpSgcr.sh /N/u/mengli/harp-sahad/experiments/template/u5-1.t sahad-data/twitter/twitter-u-e-16 sahad-output/twitter/twitter-u-e-16/40threads/1 16 40
17/03/14 17:13:01 WARN util.NativeCodeLoader: Unable to load native-hadoop library for your platform... using builtin-java classes where applicable
17/03/14 17:13:01 INFO fs.TrashPolicyDefault: Namenode trash configuration: Deletion interval = 0 minutes, Emptier interval = 0 minutes.
Deleted sahad-output/twitter/twitter-u-e-8/40threads/1
use Local MultiThread? true
set Number of Map Tasks = 8
set number of threads: 40
17/03/14 17:13:02 WARN util.NativeCodeLoader: Unable to load native-hadoop library for your platform... using builtin-java classes where applicable
Get map collective runner
17/03/14 17:13:03 INFO client.RMProxy: Connecting to ResourceManager at j-011/172.16.0.11:8032
17/03/14 17:13:03 INFO input.FileInputFormat: Total input paths to process : 8
17/03/14 17:13:03 INFO fileformat.MultiFileInputFormat: NUMBER OF FILES: 8
17/03/14 17:13:03 INFO fileformat.MultiFileInputFormat: NUMBER OF MAPS: 8
17/03/14 17:13:03 INFO fileformat.MultiFileInputFormat: Split on host: j-066.juliet.futuresystems.org j-059.juliet.futuresystems.org j-061.juliet.futuresystems.org j-012.juliet.futuresystems.org j-053.juliet.futuresystems.org j-065.juliet.futuresystems.org j-064.juliet.futuresystems.org j-060.juliet.futuresystems.org j-056.juliet.futuresystems.org j-063.juliet.futuresystems.org j-055.juliet.futuresystems.org j-057.juliet.futuresystems.org j-062.juliet.futuresystems.org j-058.juliet.futuresystems.org j-054.juliet.futuresystems.org j-013.juliet.futuresystems.org 
17/03/14 17:13:03 INFO fileformat.MultiFileInputFormat: Split on host: j-066.juliet.futuresystems.org j-059.juliet.futuresystems.org j-061.juliet.futuresystems.org j-053.juliet.futuresystems.org j-012.juliet.futuresystems.org j-065.juliet.futuresystems.org j-064.juliet.futuresystems.org j-060.juliet.futuresystems.org j-056.juliet.futuresystems.org j-063.juliet.futuresystems.org j-057.juliet.futuresystems.org j-055.juliet.futuresystems.org j-062.juliet.futuresystems.org j-058.juliet.futuresystems.org j-013.juliet.futuresystems.org j-054.juliet.futuresystems.org 
17/03/14 17:13:03 INFO fileformat.MultiFileInputFormat: Split on host: j-066.juliet.futuresystems.org j-059.juliet.futuresystems.org j-061.juliet.futuresystems.org j-053.juliet.futuresystems.org j-012.juliet.futuresystems.org j-065.juliet.futuresystems.org j-064.juliet.futuresystems.org j-060.juliet.futuresystems.org j-063.juliet.futuresystems.org j-055.juliet.futuresystems.org j-057.juliet.futuresystems.org j-062.juliet.futuresystems.org j-058.juliet.futuresystems.org j-054.juliet.futuresystems.org j-013.juliet.futuresystems.org 
17/03/14 17:13:03 INFO fileformat.MultiFileInputFormat: Split on host: j-066.juliet.futuresystems.org j-059.juliet.futuresystems.org j-061.juliet.futuresystems.org j-053.juliet.futuresystems.org j-012.juliet.futuresystems.org j-065.juliet.futuresystems.org j-064.juliet.futuresystems.org j-060.juliet.futuresystems.org j-056.juliet.futuresystems.org j-063.juliet.futuresystems.org j-057.juliet.futuresystems.org j-062.juliet.futuresystems.org j-058.juliet.futuresystems.org j-013.juliet.futuresystems.org j-054.juliet.futuresystems.org 
17/03/14 17:13:03 INFO fileformat.MultiFileInputFormat: Split on host: j-066.juliet.futuresystems.org j-059.juliet.futuresystems.org j-053.juliet.futuresystems.org j-012.juliet.futuresystems.org j-065.juliet.futuresystems.org j-064.juliet.futuresystems.org j-060.juliet.futuresystems.org j-056.juliet.futuresystems.org j-063.juliet.futuresystems.org j-057.juliet.futuresystems.org j-055.juliet.futuresystems.org j-062.juliet.futuresystems.org j-058.juliet.futuresystems.org j-013.juliet.futuresystems.org j-054.juliet.futuresystems.org 
17/03/14 17:13:03 INFO fileformat.MultiFileInputFormat: Split on host: j-066.juliet.futuresystems.org j-059.juliet.futuresystems.org j-061.juliet.futuresystems.org j-012.juliet.futuresystems.org j-053.juliet.futuresystems.org j-065.juliet.futuresystems.org j-064.juliet.futuresystems.org j-060.juliet.futuresystems.org j-056.juliet.futuresystems.org j-063.juliet.futuresystems.org j-055.juliet.futuresystems.org j-062.juliet.futuresystems.org j-058.juliet.futuresystems.org j-054.juliet.futuresystems.org j-013.juliet.futuresystems.org 
17/03/14 17:13:03 INFO fileformat.MultiFileInputFormat: Split on host: j-066.juliet.futuresystems.org j-059.juliet.futuresystems.org j-061.juliet.futuresystems.org j-053.juliet.futuresystems.org j-012.juliet.futuresystems.org j-065.juliet.futuresystems.org j-064.juliet.futuresystems.org j-060.juliet.futuresystems.org j-056.juliet.futuresystems.org j-063.juliet.futuresystems.org j-057.juliet.futuresystems.org j-055.juliet.futuresystems.org j-062.juliet.futuresystems.org j-058.juliet.futuresystems.org j-013.juliet.futuresystems.org j-054.juliet.futuresystems.org 
17/03/14 17:13:03 INFO fileformat.MultiFileInputFormat: Split on host: j-066.juliet.futuresystems.org j-059.juliet.futuresystems.org j-061.juliet.futuresystems.org j-012.juliet.futuresystems.org j-053.juliet.futuresystems.org j-065.juliet.futuresystems.org j-064.juliet.futuresystems.org j-060.juliet.futuresystems.org j-056.juliet.futuresystems.org j-063.juliet.futuresystems.org j-055.juliet.futuresystems.org j-057.juliet.futuresystems.org j-062.juliet.futuresystems.org j-058.juliet.futuresystems.org j-054.juliet.futuresystems.org j-013.juliet.futuresystems.org 
17/03/14 17:13:03 INFO fileformat.MultiFileInputFormat: Total # of splits: 8
17/03/14 17:13:03 INFO mapreduce.JobSubmitter: number of splits:8
17/03/14 17:13:03 INFO mapreduce.JobSubmitter: Submitting tokens for job: job_1489165733656_0157
command: $JAVA_HOME/bin/java -Dlog4j.configuration=container-log4j.properties -Dyarn.app.container.log.dir=<LOG_DIR> -Dyarn.app.container.log.filesize=0 -Dhadoop.root.logger=INFO,CLA  -Xmx1024m org.apache.hadoop.mapreduce.v2.app.MapCollectiveAppMaster 1><LOG_DIR>/stdout 2><LOG_DIR>/stderr 
17/03/14 17:13:04 INFO impl.YarnClientImpl: Submitted application application_1489165733656_0157
17/03/14 17:13:04 INFO mapreduce.Job: The url to track the job: http://j-011:8088/proxy/application_1489165733656_0157/
17/03/14 17:13:04 INFO mapreduce.Job: Running job: job_1489165733656_0157
17/03/14 17:13:09 INFO mapreduce.Job: Job job_1489165733656_0157 running in uber mode : false
17/03/14 17:13:09 INFO mapreduce.Job:  map 0% reduce 0%
17/03/14 17:13:19 INFO mapreduce.Job:  map 100% reduce 0%
./runTest.sh: line 10: 141353 Killed                  ./runHarpSgcr.sh $HARP_SAHAD_HOME/experiments/template/$temp sahad-data/$2/$2-u-$1-$i sahad-output/$2/$2-u-$1-$i/40threads/$t $i 40
17/03/14 22:31:16 WARN util.NativeCodeLoader: Unable to load native-hadoop library for your platform... using builtin-java classes where applicable
cat: `sahad-output/twitter/twitter-u-e-8/40threads/1/_temporary': Is a directory
[The 1 times] Above experiment is: ./runHarpSgcr.sh /N/u/mengli/harp-sahad/experiments/template/u7-1.t sahad-data/twitter/twitter-u-e-8 sahad-output/twitter/twitter-u-e-8/40threads/1 8 40
17/03/14 22:31:17 WARN util.NativeCodeLoader: Unable to load native-hadoop library for your platform... using builtin-java classes where applicable
17/03/14 22:31:18 INFO fs.TrashPolicyDefault: Namenode trash configuration: Deletion interval = 0 minutes, Emptier interval = 0 minutes.
Deleted sahad-output/twitter/twitter-u-e-16/40threads/1
use Local MultiThread? true
set Number of Map Tasks = 16
set number of threads: 40
17/03/14 22:31:19 WARN util.NativeCodeLoader: Unable to load native-hadoop library for your platform... using builtin-java classes where applicable
Get map collective runner
17/03/14 22:31:20 INFO client.RMProxy: Connecting to ResourceManager at j-011/172.16.0.11:8032
17/03/14 22:31:20 INFO input.FileInputFormat: Total input paths to process : 16
17/03/14 22:31:20 INFO fileformat.MultiFileInputFormat: NUMBER OF FILES: 16
17/03/14 22:31:20 INFO fileformat.MultiFileInputFormat: NUMBER OF MAPS: 16
17/03/14 22:31:20 INFO fileformat.MultiFileInputFormat: Split on host: j-066.juliet.futuresystems.org j-059.juliet.futuresystems.org j-061.juliet.futuresystems.org j-053.juliet.futuresystems.org j-012.juliet.futuresystems.org j-065.juliet.futuresystems.org j-064.juliet.futuresystems.org j-060.juliet.futuresystems.org j-056.juliet.futuresystems.org j-063.juliet.futuresystems.org j-055.juliet.futuresystems.org j-057.juliet.futuresystems.org j-062.juliet.futuresystems.org j-058.juliet.futuresystems.org j-054.juliet.futuresystems.org j-013.juliet.futuresystems.org 
17/03/14 22:31:20 INFO fileformat.MultiFileInputFormat: Split on host: j-066.juliet.futuresystems.org j-059.juliet.futuresystems.org j-061.juliet.futuresystems.org j-053.juliet.futuresystems.org j-012.juliet.futuresystems.org j-065.juliet.futuresystems.org j-064.juliet.futuresystems.org j-060.juliet.futuresystems.org j-056.juliet.futuresystems.org j-063.juliet.futuresystems.org j-055.juliet.futuresystems.org j-057.juliet.futuresystems.org j-062.juliet.futuresystems.org j-058.juliet.futuresystems.org j-013.juliet.futuresystems.org j-054.juliet.futuresystems.org 
17/03/14 22:31:20 INFO fileformat.MultiFileInputFormat: Split on host: j-066.juliet.futuresystems.org j-059.juliet.futuresystems.org j-061.juliet.futuresystems.org j-012.juliet.futuresystems.org j-053.juliet.futuresystems.org j-065.juliet.futuresystems.org j-064.juliet.futuresystems.org j-060.juliet.futuresystems.org j-056.juliet.futuresystems.org j-063.juliet.futuresystems.org j-055.juliet.futuresystems.org j-057.juliet.futuresystems.org j-062.juliet.futuresystems.org j-058.juliet.futuresystems.org j-013.juliet.futuresystems.org j-054.juliet.futuresystems.org 
17/03/14 22:31:20 INFO fileformat.MultiFileInputFormat: Split on host: j-066.juliet.futuresystems.org j-059.juliet.futuresystems.org j-061.juliet.futuresystems.org j-053.juliet.futuresystems.org j-012.juliet.futuresystems.org j-065.juliet.futuresystems.org j-064.juliet.futuresystems.org j-060.juliet.futuresystems.org j-056.juliet.futuresystems.org j-063.juliet.futuresystems.org j-057.juliet.futuresystems.org j-055.juliet.futuresystems.org j-062.juliet.futuresystems.org j-058.juliet.futuresystems.org j-054.juliet.futuresystems.org 
17/03/14 22:31:20 INFO fileformat.MultiFileInputFormat: Split on host: j-066.juliet.futuresystems.org j-059.juliet.futuresystems.org j-012.juliet.futuresystems.org j-053.juliet.futuresystems.org j-065.juliet.futuresystems.org j-064.juliet.futuresystems.org j-060.juliet.futuresystems.org j-063.juliet.futuresystems.org j-055.juliet.futuresystems.org j-062.juliet.futuresystems.org j-058.juliet.futuresystems.org j-054.juliet.futuresystems.org j-013.juliet.futuresystems.org 
17/03/14 22:31:20 INFO fileformat.MultiFileInputFormat: Split on host: j-066.juliet.futuresystems.org j-056.juliet.futuresystems.org j-063.juliet.futuresystems.org j-059.juliet.futuresystems.org j-055.juliet.futuresystems.org j-053.juliet.futuresystems.org j-062.juliet.futuresystems.org j-065.juliet.futuresystems.org j-058.juliet.futuresystems.org j-060.juliet.futuresystems.org j-054.juliet.futuresystems.org j-013.juliet.futuresystems.org 
17/03/14 22:31:20 INFO fileformat.MultiFileInputFormat: Split on host: j-066.juliet.futuresystems.org j-059.juliet.futuresystems.org j-061.juliet.futuresystems.org j-012.juliet.futuresystems.org j-053.juliet.futuresystems.org j-065.juliet.futuresystems.org j-064.juliet.futuresystems.org j-056.juliet.futuresystems.org j-063.juliet.futuresystems.org j-055.juliet.futuresystems.org j-062.juliet.futuresystems.org j-058.juliet.futuresystems.org j-013.juliet.futuresystems.org j-054.juliet.futuresystems.org 
17/03/14 22:31:20 INFO fileformat.MultiFileInputFormat: Split on host: j-066.juliet.futuresystems.org j-059.juliet.futuresystems.org j-063.juliet.futuresystems.org j-061.juliet.futuresystems.org j-055.juliet.futuresystems.org j-012.juliet.futuresystems.org j-053.juliet.futuresystems.org j-062.juliet.futuresystems.org j-065.juliet.futuresystems.org j-058.juliet.futuresystems.org j-013.juliet.futuresystems.org j-054.juliet.futuresystems.org 
17/03/14 22:31:20 INFO fileformat.MultiFileInputFormat: Split on host: j-056.juliet.futuresystems.org j-066.juliet.futuresystems.org j-059.juliet.futuresystems.org j-061.juliet.futuresystems.org j-055.juliet.futuresystems.org j-057.juliet.futuresystems.org j-053.juliet.futuresystems.org j-012.juliet.futuresystems.org j-062.juliet.futuresystems.org j-065.juliet.futuresystems.org j-058.juliet.futuresystems.org j-060.juliet.futuresystems.org 
17/03/14 22:31:20 INFO fileformat.MultiFileInputFormat: Split on host: j-056.juliet.futuresystems.org j-061.juliet.futuresystems.org j-057.juliet.futuresystems.org j-053.juliet.futuresystems.org j-012.juliet.futuresystems.org j-062.juliet.futuresystems.org j-065.juliet.futuresystems.org j-064.juliet.futuresystems.org j-058.juliet.futuresystems.org j-060.juliet.futuresystems.org j-013.juliet.futuresystems.org 
17/03/14 22:31:20 INFO fileformat.MultiFileInputFormat: Split on host: j-059.juliet.futuresystems.org j-061.juliet.futuresystems.org j-053.juliet.futuresystems.org j-065.juliet.futuresystems.org j-064.juliet.futuresystems.org j-060.juliet.futuresystems.org j-056.juliet.futuresystems.org j-063.juliet.futuresystems.org j-055.juliet.futuresystems.org j-057.juliet.futuresystems.org j-058.juliet.futuresystems.org j-054.juliet.futuresystems.org j-013.juliet.futuresystems.org 
17/03/14 22:31:20 INFO fileformat.MultiFileInputFormat: Split on host: j-066.juliet.futuresystems.org j-059.juliet.futuresystems.org j-061.juliet.futuresystems.org j-053.juliet.futuresystems.org j-012.juliet.futuresystems.org j-065.juliet.futuresystems.org j-064.juliet.futuresystems.org j-060.juliet.futuresystems.org j-056.juliet.futuresystems.org j-063.juliet.futuresystems.org j-057.juliet.futuresystems.org j-055.juliet.futuresystems.org j-058.juliet.futuresystems.org j-013.juliet.futuresystems.org 
17/03/14 22:31:20 INFO fileformat.MultiFileInputFormat: Split on host: j-066.juliet.futuresystems.org j-059.juliet.futuresystems.org j-061.juliet.futuresystems.org j-053.juliet.futuresystems.org j-065.juliet.futuresystems.org j-064.juliet.futuresystems.org j-060.juliet.futuresystems.org j-063.juliet.futuresystems.org j-057.juliet.futuresystems.org j-055.juliet.futuresystems.org j-058.juliet.futuresystems.org j-054.juliet.futuresystems.org j-013.juliet.futuresystems.org 
17/03/14 22:31:20 INFO fileformat.MultiFileInputFormat: Split on host: j-066.juliet.futuresystems.org j-059.juliet.futuresystems.org j-061.juliet.futuresystems.org j-012.juliet.futuresystems.org j-053.juliet.futuresystems.org j-065.juliet.futuresystems.org j-064.juliet.futuresystems.org j-060.juliet.futuresystems.org j-056.juliet.futuresystems.org j-063.juliet.futuresystems.org j-055.juliet.futuresystems.org j-057.juliet.futuresystems.org j-062.juliet.futuresystems.org j-058.juliet.futuresystems.org j-054.juliet.futuresystems.org 
17/03/14 22:31:20 INFO fileformat.MultiFileInputFormat: Split on host: j-059.juliet.futuresystems.org j-061.juliet.futuresystems.org j-057.juliet.futuresystems.org j-053.juliet.futuresystems.org j-012.juliet.futuresystems.org j-062.juliet.futuresystems.org j-065.juliet.futuresystems.org j-064.juliet.futuresystems.org j-058.juliet.futuresystems.org j-060.juliet.futuresystems.org j-054.juliet.futuresystems.org j-013.juliet.futuresystems.org 
17/03/14 22:31:20 INFO fileformat.MultiFileInputFormat: Split on host: j-066.juliet.futuresystems.org j-059.juliet.futuresystems.org j-061.juliet.futuresystems.org j-012.juliet.futuresystems.org j-053.juliet.futuresystems.org j-065.juliet.futuresystems.org j-064.juliet.futuresystems.org j-060.juliet.futuresystems.org j-056.juliet.futuresystems.org j-063.juliet.futuresystems.org j-055.juliet.futuresystems.org j-057.juliet.futuresystems.org j-062.juliet.futuresystems.org j-054.juliet.futuresystems.org 
17/03/14 22:31:20 INFO fileformat.MultiFileInputFormat: Total # of splits: 16
17/03/14 22:31:20 INFO mapreduce.JobSubmitter: number of splits:16
17/03/14 22:31:20 INFO mapreduce.JobSubmitter: Submitting tokens for job: job_1489165733656_0158
command: $JAVA_HOME/bin/java -Dlog4j.configuration=container-log4j.properties -Dyarn.app.container.log.dir=<LOG_DIR> -Dyarn.app.container.log.filesize=0 -Dhadoop.root.logger=INFO,CLA  -Xmx1024m org.apache.hadoop.mapreduce.v2.app.MapCollectiveAppMaster 1><LOG_DIR>/stdout 2><LOG_DIR>/stderr 
17/03/14 22:31:20 INFO impl.YarnClientImpl: Submitted application application_1489165733656_0158
17/03/14 22:31:21 INFO mapreduce.Job: The url to track the job: http://j-011:8088/proxy/application_1489165733656_0158/
17/03/14 22:31:21 INFO mapreduce.Job: Running job: job_1489165733656_0158
17/03/14 22:31:26 INFO mapreduce.Job: Job job_1489165733656_0158 running in uber mode : false
17/03/14 22:31:26 INFO mapreduce.Job:  map 0% reduce 0%
./runTest.sh: line 10: 143316 Killed                  ./runHarpSgcr.sh $HARP_SAHAD_HOME/experiments/template/$temp sahad-data/$2/$2-u-$1-$i sahad-output/$2/$2-u-$1-$i/40threads/$t $i 40
17/03/14 22:31:29 WARN util.NativeCodeLoader: Unable to load native-hadoop library for your platform... using builtin-java classes where applicable
cat: `sahad-output/twitter/twitter-u-e-16/40threads/1/_temporary': Is a directory
[The 1 times] Above experiment is: ./runHarpSgcr.sh /N/u/mengli/harp-sahad/experiments/template/u7-1.t sahad-data/twitter/twitter-u-e-16 sahad-output/twitter/twitter-u-e-16/40threads/1 16 40
17/03/14 22:31:30 WARN util.NativeCodeLoader: Unable to load native-hadoop library for your platform... using builtin-java classes where applicable
17/03/14 22:31:31 INFO fs.TrashPolicyDefault: Namenode trash configuration: Deletion interval = 0 minutes, Emptier interval = 0 minutes.
Deleted sahad-output/twitter/twitter-u-e-8/40threads/2
use Local MultiThread? true
set Number of Map Tasks = 8
set number of threads: 40
17/03/14 22:31:32 WARN util.NativeCodeLoader: Unable to load native-hadoop library for your platform... using builtin-java classes where applicable
Get map collective runner
17/03/14 22:31:32 INFO client.RMProxy: Connecting to ResourceManager at j-011/172.16.0.11:8032
17/03/14 22:31:33 INFO input.FileInputFormat: Total input paths to process : 8
17/03/14 22:31:33 INFO fileformat.MultiFileInputFormat: NUMBER OF FILES: 8
17/03/14 22:31:33 INFO fileformat.MultiFileInputFormat: NUMBER OF MAPS: 8
17/03/14 22:31:33 INFO fileformat.MultiFileInputFormat: Split on host: j-066.juliet.futuresystems.org j-059.juliet.futuresystems.org j-061.juliet.futuresystems.org j-012.juliet.futuresystems.org j-053.juliet.futuresystems.org j-065.juliet.futuresystems.org j-064.juliet.futuresystems.org j-060.juliet.futuresystems.org j-056.juliet.futuresystems.org j-063.juliet.futuresystems.org j-055.juliet.futuresystems.org j-057.juliet.futuresystems.org j-062.juliet.futuresystems.org j-058.juliet.futuresystems.org j-054.juliet.futuresystems.org j-013.juliet.futuresystems.org 
17/03/14 22:31:33 INFO fileformat.MultiFileInputFormat: Split on host: j-066.juliet.futuresystems.org j-059.juliet.futuresystems.org j-061.juliet.futuresystems.org j-053.juliet.futuresystems.org j-012.juliet.futuresystems.org j-065.juliet.futuresystems.org j-064.juliet.futuresystems.org j-060.juliet.futuresystems.org j-056.juliet.futuresystems.org j-063.juliet.futuresystems.org j-057.juliet.futuresystems.org j-055.juliet.futuresystems.org j-062.juliet.futuresystems.org j-058.juliet.futuresystems.org j-013.juliet.futuresystems.org j-054.juliet.futuresystems.org 
17/03/14 22:31:33 INFO fileformat.MultiFileInputFormat: Split on host: j-066.juliet.futuresystems.org j-059.juliet.futuresystems.org j-061.juliet.futuresystems.org j-053.juliet.futuresystems.org j-012.juliet.futuresystems.org j-065.juliet.futuresystems.org j-064.juliet.futuresystems.org j-060.juliet.futuresystems.org j-063.juliet.futuresystems.org j-055.juliet.futuresystems.org j-057.juliet.futuresystems.org j-062.juliet.futuresystems.org j-058.juliet.futuresystems.org j-054.juliet.futuresystems.org j-013.juliet.futuresystems.org 
17/03/14 22:31:33 INFO fileformat.MultiFileInputFormat: Split on host: j-066.juliet.futuresystems.org j-059.juliet.futuresystems.org j-061.juliet.futuresystems.org j-053.juliet.futuresystems.org j-012.juliet.futuresystems.org j-065.juliet.futuresystems.org j-064.juliet.futuresystems.org j-060.juliet.futuresystems.org j-056.juliet.futuresystems.org j-063.juliet.futuresystems.org j-057.juliet.futuresystems.org j-062.juliet.futuresystems.org j-058.juliet.futuresystems.org j-013.juliet.futuresystems.org j-054.juliet.futuresystems.org 
17/03/14 22:31:33 INFO fileformat.MultiFileInputFormat: Split on host: j-066.juliet.futuresystems.org j-059.juliet.futuresystems.org j-053.juliet.futuresystems.org j-012.juliet.futuresystems.org j-065.juliet.futuresystems.org j-064.juliet.futuresystems.org j-060.juliet.futuresystems.org j-056.juliet.futuresystems.org j-063.juliet.futuresystems.org j-057.juliet.futuresystems.org j-055.juliet.futuresystems.org j-062.juliet.futuresystems.org j-058.juliet.futuresystems.org j-013.juliet.futuresystems.org j-054.juliet.futuresystems.org 
17/03/14 22:31:33 INFO fileformat.MultiFileInputFormat: Split on host: j-066.juliet.futuresystems.org j-059.juliet.futuresystems.org j-061.juliet.futuresystems.org j-012.juliet.futuresystems.org j-053.juliet.futuresystems.org j-065.juliet.futuresystems.org j-064.juliet.futuresystems.org j-060.juliet.futuresystems.org j-056.juliet.futuresystems.org j-063.juliet.futuresystems.org j-055.juliet.futuresystems.org j-062.juliet.futuresystems.org j-058.juliet.futuresystems.org j-054.juliet.futuresystems.org j-013.juliet.futuresystems.org 
17/03/14 22:31:33 INFO fileformat.MultiFileInputFormat: Split on host: j-066.juliet.futuresystems.org j-059.juliet.futuresystems.org j-061.juliet.futuresystems.org j-053.juliet.futuresystems.org j-012.juliet.futuresystems.org j-065.juliet.futuresystems.org j-064.juliet.futuresystems.org j-060.juliet.futuresystems.org j-056.juliet.futuresystems.org j-063.juliet.futuresystems.org j-057.juliet.futuresystems.org j-055.juliet.futuresystems.org j-062.juliet.futuresystems.org j-058.juliet.futuresystems.org j-013.juliet.futuresystems.org j-054.juliet.futuresystems.org 
17/03/14 22:31:33 INFO fileformat.MultiFileInputFormat: Split on host: j-066.juliet.futuresystems.org j-059.juliet.futuresystems.org j-061.juliet.futuresystems.org j-012.juliet.futuresystems.org j-053.juliet.futuresystems.org j-065.juliet.futuresystems.org j-064.juliet.futuresystems.org j-060.juliet.futuresystems.org j-056.juliet.futuresystems.org j-063.juliet.futuresystems.org j-055.juliet.futuresystems.org j-057.juliet.futuresystems.org j-062.juliet.futuresystems.org j-058.juliet.futuresystems.org j-054.juliet.futuresystems.org j-013.juliet.futuresystems.org 
17/03/14 22:31:33 INFO fileformat.MultiFileInputFormat: Total # of splits: 8
17/03/14 22:31:33 INFO mapreduce.JobSubmitter: number of splits:8
17/03/14 22:31:33 INFO mapreduce.JobSubmitter: Submitting tokens for job: job_1489165733656_0159
command: $JAVA_HOME/bin/java -Dlog4j.configuration=container-log4j.properties -Dyarn.app.container.log.dir=<LOG_DIR> -Dyarn.app.container.log.filesize=0 -Dhadoop.root.logger=INFO,CLA  -Xmx1024m org.apache.hadoop.mapreduce.v2.app.MapCollectiveAppMaster 1><LOG_DIR>/stdout 2><LOG_DIR>/stderr 
17/03/14 22:31:33 INFO impl.YarnClientImpl: Submitted application application_1489165733656_0159
17/03/14 22:31:33 INFO mapreduce.Job: The url to track the job: http://j-011:8088/proxy/application_1489165733656_0159/
17/03/14 22:31:33 INFO mapreduce.Job: Running job: job_1489165733656_0159
17/03/14 22:31:39 INFO mapreduce.Job: Job job_1489165733656_0159 running in uber mode : false
17/03/14 22:31:39 INFO mapreduce.Job:  map 0% reduce 0%
17/03/14 22:32:15 INFO mapreduce.Job:  map 0% reduce 0%
17/03/14 22:32:15 INFO mapreduce.Job: Job job_1489165733656_0157 failed with state KILLED due to: Application killed by user.
17/03/14 22:32:15 INFO mapreduce.Job: Counters: 0
19153313ms
17/03/14 22:32:19 INFO mapreduce.Job: Job job_1489165733656_0158 failed with state KILLED due to: Application killed by user.
17/03/14 22:32:19 INFO mapreduce.Job: Counters: 0
60734ms
17/03/14 22:32:22 INFO mapreduce.Job: Job job_1489165733656_0159 failed with state KILLED due to: Application killed by user.
17/03/14 22:32:22 INFO mapreduce.Job: Counters: 0
50708ms
