17/03/19 11:21:52 WARN util.NativeCodeLoader: Unable to load native-hadoop library for your platform... using builtin-java classes where applicable
17/03/19 11:21:53 INFO fs.TrashPolicyDefault: Namenode trash configuration: Deletion interval = 0 minutes, Emptier interval = 0 minutes.
Deleted sahad-output/miami/miami-u-cl7-4/40threads/1
use Local MultiThread? true
set Number of Map Tasks = 4
set number of threads: 40
17/03/19 11:21:54 WARN util.NativeCodeLoader: Unable to load native-hadoop library for your platform... using builtin-java classes where applicable
Get map collective runner
17/03/19 11:21:54 INFO client.RMProxy: Connecting to ResourceManager at j-011/172.16.0.11:8032
17/03/19 11:21:55 INFO input.FileInputFormat: Total input paths to process : 4
17/03/19 11:21:55 INFO fileformat.MultiFileInputFormat: NUMBER OF FILES: 4
17/03/19 11:21:55 INFO fileformat.MultiFileInputFormat: NUMBER OF MAPS: 4
17/03/19 11:21:55 INFO fileformat.MultiFileInputFormat: Split on host: j-066.juliet.futuresystems.org j-059.juliet.futuresystems.org j-063.juliet.futuresystems.org j-055.juliet.futuresystems.org j-012.juliet.futuresystems.org j-053.juliet.futuresystems.org j-064.juliet.futuresystems.org j-058.juliet.futuresystems.org j-054.juliet.futuresystems.org 
17/03/19 11:21:55 INFO fileformat.MultiFileInputFormat: Split on host: j-066.juliet.futuresystems.org j-056.juliet.futuresystems.org j-061.juliet.futuresystems.org j-055.juliet.futuresystems.org j-053.juliet.futuresystems.org j-012.juliet.futuresystems.org j-062.juliet.futuresystems.org j-065.juliet.futuresystems.org j-064.juliet.futuresystems.org j-058.juliet.futuresystems.org j-060.juliet.futuresystems.org j-054.juliet.futuresystems.org 
17/03/19 11:21:55 INFO fileformat.MultiFileInputFormat: Split on host: j-063.juliet.futuresystems.org j-061.juliet.futuresystems.org j-057.juliet.futuresystems.org j-053.juliet.futuresystems.org j-012.juliet.futuresystems.org j-062.juliet.futuresystems.org j-065.juliet.futuresystems.org j-064.juliet.futuresystems.org j-058.juliet.futuresystems.org j-013.juliet.futuresystems.org 
17/03/19 11:21:55 INFO fileformat.MultiFileInputFormat: Split on host: j-056.juliet.futuresystems.org j-063.juliet.futuresystems.org j-059.juliet.futuresystems.org j-055.juliet.futuresystems.org j-053.juliet.futuresystems.org j-062.juliet.futuresystems.org j-064.juliet.futuresystems.org j-058.juliet.futuresystems.org j-060.juliet.futuresystems.org j-054.juliet.futuresystems.org j-013.juliet.futuresystems.org 
17/03/19 11:21:55 INFO fileformat.MultiFileInputFormat: Total # of splits: 4
17/03/19 11:21:55 INFO mapreduce.JobSubmitter: number of splits:4
17/03/19 11:21:55 INFO mapreduce.JobSubmitter: Submitting tokens for job: job_1489165733656_0365
command: $JAVA_HOME/bin/java -Dlog4j.configuration=container-log4j.properties -Dyarn.app.container.log.dir=<LOG_DIR> -Dyarn.app.container.log.filesize=0 -Dhadoop.root.logger=INFO,CLA  -Xmx1024m org.apache.hadoop.mapreduce.v2.app.MapCollectiveAppMaster 1><LOG_DIR>/stdout 2><LOG_DIR>/stderr 
17/03/19 11:21:55 INFO impl.YarnClientImpl: Submitted application application_1489165733656_0365
17/03/19 11:21:55 INFO mapreduce.Job: The url to track the job: http://j-011:8088/proxy/application_1489165733656_0365/
17/03/19 11:21:55 INFO mapreduce.Job: Running job: job_1489165733656_0365
17/03/19 11:22:00 INFO mapreduce.Job: Job job_1489165733656_0365 running in uber mode : false
17/03/19 11:22:00 INFO mapreduce.Job:  map 0% reduce 0%
17/03/19 11:22:10 INFO mapreduce.Job:  map 100% reduce 0%
17/03/19 11:24:09 INFO mapreduce.Job: Job job_1489165733656_0365 completed successfully
17/03/19 11:24:09 INFO mapreduce.Job: Counters: 30
	File System Counters
		FILE: Number of bytes read=0
		FILE: Number of bytes written=425332
		FILE: Number of read operations=0
		FILE: Number of large read operations=0
		FILE: Number of write operations=0
		HDFS: Number of bytes read=1925439320
		HDFS: Number of bytes written=27
		HDFS: Number of read operations=32
		HDFS: Number of large read operations=0
		HDFS: Number of write operations=8
	Job Counters 
		Launched map tasks=4
		Other local map tasks=4
		Total time spent by all maps in occupied slots (ms)=505418
		Total time spent by all reduces in occupied slots (ms)=0
		Total time spent by all map tasks (ms)=505418
		Total vcore-seconds taken by all map tasks=505418
		Total megabyte-seconds taken by all map tasks=517548032
	Map-Reduce Framework
		Map input records=4
		Map output records=1
		Input split bytes=440
		Spilled Records=0
		Failed Shuffles=0
		Merged Map outputs=0
		GC time elapsed (ms)=5667
		CPU time spent (ms)=2226840
		Physical memory (bytes) snapshot=102039474176
		Virtual memory (bytes) snapshot=324652105728
		Total committed heap usage (bytes)=296352743424
	File Input Format Counters 
		Bytes Read=0
	File Output Format Counters 
		Bytes Written=27
135991ms
17/03/19 11:24:10 WARN util.NativeCodeLoader: Unable to load native-hadoop library for your platform... using builtin-java classes where applicable
finalCount	277975027870520
[The 1 times] Above experiment is: ./runHarpSgcr.sh /N/u/mengli/harp-sahad/experiments/template/u5-1.t sahad-data/miami/miami-u-cl7-4 sahad-output/miami/miami-u-cl7-4/40threads/1 4 40
17/03/19 11:24:12 WARN util.NativeCodeLoader: Unable to load native-hadoop library for your platform... using builtin-java classes where applicable
17/03/19 11:24:12 INFO fs.TrashPolicyDefault: Namenode trash configuration: Deletion interval = 0 minutes, Emptier interval = 0 minutes.
Deleted sahad-output/miami/miami-u-cl8-4/40threads/1
use Local MultiThread? true
set Number of Map Tasks = 4
set number of threads: 40
17/03/19 11:24:13 WARN util.NativeCodeLoader: Unable to load native-hadoop library for your platform... using builtin-java classes where applicable
Get map collective runner
17/03/19 11:24:14 INFO client.RMProxy: Connecting to ResourceManager at j-011/172.16.0.11:8032
17/03/19 11:24:15 INFO input.FileInputFormat: Total input paths to process : 4
17/03/19 11:24:15 INFO fileformat.MultiFileInputFormat: NUMBER OF FILES: 4
17/03/19 11:24:15 INFO fileformat.MultiFileInputFormat: NUMBER OF MAPS: 4
17/03/19 11:24:15 INFO fileformat.MultiFileInputFormat: Split on host: j-059.juliet.futuresystems.org j-057.juliet.futuresystems.org j-055.juliet.futuresystems.org j-012.juliet.futuresystems.org j-064.juliet.futuresystems.org j-058.juliet.futuresystems.org j-060.juliet.futuresystems.org j-054.juliet.futuresystems.org 
17/03/19 11:24:15 INFO fileformat.MultiFileInputFormat: Split on host: j-066.juliet.futuresystems.org j-056.juliet.futuresystems.org j-063.juliet.futuresystems.org j-059.juliet.futuresystems.org j-061.juliet.futuresystems.org j-053.juliet.futuresystems.org j-065.juliet.futuresystems.org j-058.juliet.futuresystems.org j-060.juliet.futuresystems.org j-013.juliet.futuresystems.org 
17/03/19 11:24:15 INFO fileformat.MultiFileInputFormat: Split on host: j-056.juliet.futuresystems.org j-061.juliet.futuresystems.org j-055.juliet.futuresystems.org j-057.juliet.futuresystems.org j-053.juliet.futuresystems.org j-065.juliet.futuresystems.org j-064.juliet.futuresystems.org j-058.juliet.futuresystems.org j-060.juliet.futuresystems.org j-013.juliet.futuresystems.org 
17/03/19 11:24:15 INFO fileformat.MultiFileInputFormat: Split on host: j-066.juliet.futuresystems.org j-059.juliet.futuresystems.org j-061.juliet.futuresystems.org j-012.juliet.futuresystems.org j-053.juliet.futuresystems.org j-065.juliet.futuresystems.org j-064.juliet.futuresystems.org j-060.juliet.futuresystems.org j-063.juliet.futuresystems.org j-055.juliet.futuresystems.org j-057.juliet.futuresystems.org j-062.juliet.futuresystems.org j-058.juliet.futuresystems.org j-013.juliet.futuresystems.org j-054.juliet.futuresystems.org 
17/03/19 11:24:15 INFO fileformat.MultiFileInputFormat: Total # of splits: 4
17/03/19 11:24:15 INFO mapreduce.JobSubmitter: number of splits:4
17/03/19 11:24:15 INFO mapreduce.JobSubmitter: Submitting tokens for job: job_1489165733656_0366
command: $JAVA_HOME/bin/java -Dlog4j.configuration=container-log4j.properties -Dyarn.app.container.log.dir=<LOG_DIR> -Dyarn.app.container.log.filesize=0 -Dhadoop.root.logger=INFO,CLA  -Xmx1024m org.apache.hadoop.mapreduce.v2.app.MapCollectiveAppMaster 1><LOG_DIR>/stdout 2><LOG_DIR>/stderr 
17/03/19 11:24:15 INFO impl.YarnClientImpl: Submitted application application_1489165733656_0366
17/03/19 11:24:15 INFO mapreduce.Job: The url to track the job: http://j-011:8088/proxy/application_1489165733656_0366/
17/03/19 11:24:15 INFO mapreduce.Job: Running job: job_1489165733656_0366
17/03/19 11:24:20 INFO mapreduce.Job: Job job_1489165733656_0366 running in uber mode : false
17/03/19 11:24:20 INFO mapreduce.Job:  map 0% reduce 0%
17/03/19 11:24:30 INFO mapreduce.Job:  map 100% reduce 0%
17/03/19 11:26:39 INFO mapreduce.Job: Job job_1489165733656_0366 completed successfully
17/03/19 11:26:39 INFO mapreduce.Job: Counters: 30
	File System Counters
		FILE: Number of bytes read=0
		FILE: Number of bytes written=425332
		FILE: Number of read operations=0
		FILE: Number of large read operations=0
		FILE: Number of write operations=0
		HDFS: Number of bytes read=2081596408
		HDFS: Number of bytes written=27
		HDFS: Number of read operations=32
		HDFS: Number of large read operations=0
		HDFS: Number of write operations=8
	Job Counters 
		Launched map tasks=4
		Other local map tasks=4
		Total time spent by all maps in occupied slots (ms)=547412
		Total time spent by all reduces in occupied slots (ms)=0
		Total time spent by all map tasks (ms)=547412
		Total vcore-seconds taken by all map tasks=547412
		Total megabyte-seconds taken by all map tasks=560549888
	Map-Reduce Framework
		Map input records=4
		Map output records=1
		Input split bytes=440
		Spilled Records=0
		Failed Shuffles=0
		Merged Map outputs=0
		GC time elapsed (ms)=7037
		CPU time spent (ms)=2342580
		Physical memory (bytes) snapshot=105019961344
		Virtual memory (bytes) snapshot=324546568192
		Total committed heap usage (bytes)=296352743424
	File Input Format Counters 
		Bytes Read=0
	File Output Format Counters 
		Bytes Written=27
146035ms
17/03/19 11:26:40 WARN util.NativeCodeLoader: Unable to load native-hadoop library for your platform... using builtin-java classes where applicable
finalCount	369663759048515
[The 1 times] Above experiment is: ./runHarpSgcr.sh /N/u/mengli/harp-sahad/experiments/template/u5-1.t sahad-data/miami/miami-u-cl8-4 sahad-output/miami/miami-u-cl8-4/40threads/1 4 40
17/03/19 11:26:42 WARN util.NativeCodeLoader: Unable to load native-hadoop library for your platform... using builtin-java classes where applicable
17/03/19 11:26:42 INFO fs.TrashPolicyDefault: Namenode trash configuration: Deletion interval = 0 minutes, Emptier interval = 0 minutes.
Deleted sahad-output/miami/miami-u-cl7-4/40threads/2
use Local MultiThread? true
set Number of Map Tasks = 4
set number of threads: 40
17/03/19 11:26:43 WARN util.NativeCodeLoader: Unable to load native-hadoop library for your platform... using builtin-java classes where applicable
Get map collective runner
17/03/19 11:26:44 INFO client.RMProxy: Connecting to ResourceManager at j-011/172.16.0.11:8032
17/03/19 11:26:45 INFO input.FileInputFormat: Total input paths to process : 4
17/03/19 11:26:45 INFO fileformat.MultiFileInputFormat: NUMBER OF FILES: 4
17/03/19 11:26:45 INFO fileformat.MultiFileInputFormat: NUMBER OF MAPS: 4
17/03/19 11:26:45 INFO fileformat.MultiFileInputFormat: Split on host: j-066.juliet.futuresystems.org j-059.juliet.futuresystems.org j-063.juliet.futuresystems.org j-055.juliet.futuresystems.org j-012.juliet.futuresystems.org j-053.juliet.futuresystems.org j-064.juliet.futuresystems.org j-058.juliet.futuresystems.org j-054.juliet.futuresystems.org 
17/03/19 11:26:45 INFO fileformat.MultiFileInputFormat: Split on host: j-066.juliet.futuresystems.org j-056.juliet.futuresystems.org j-061.juliet.futuresystems.org j-055.juliet.futuresystems.org j-053.juliet.futuresystems.org j-012.juliet.futuresystems.org j-062.juliet.futuresystems.org j-065.juliet.futuresystems.org j-064.juliet.futuresystems.org j-058.juliet.futuresystems.org j-060.juliet.futuresystems.org j-054.juliet.futuresystems.org 
17/03/19 11:26:45 INFO fileformat.MultiFileInputFormat: Split on host: j-063.juliet.futuresystems.org j-061.juliet.futuresystems.org j-057.juliet.futuresystems.org j-053.juliet.futuresystems.org j-012.juliet.futuresystems.org j-062.juliet.futuresystems.org j-065.juliet.futuresystems.org j-064.juliet.futuresystems.org j-058.juliet.futuresystems.org j-013.juliet.futuresystems.org 
17/03/19 11:26:45 INFO fileformat.MultiFileInputFormat: Split on host: j-056.juliet.futuresystems.org j-063.juliet.futuresystems.org j-059.juliet.futuresystems.org j-055.juliet.futuresystems.org j-053.juliet.futuresystems.org j-062.juliet.futuresystems.org j-064.juliet.futuresystems.org j-058.juliet.futuresystems.org j-060.juliet.futuresystems.org j-054.juliet.futuresystems.org j-013.juliet.futuresystems.org 
17/03/19 11:26:45 INFO fileformat.MultiFileInputFormat: Total # of splits: 4
17/03/19 11:26:45 INFO mapreduce.JobSubmitter: number of splits:4
17/03/19 11:26:45 INFO mapreduce.JobSubmitter: Submitting tokens for job: job_1489165733656_0367
command: $JAVA_HOME/bin/java -Dlog4j.configuration=container-log4j.properties -Dyarn.app.container.log.dir=<LOG_DIR> -Dyarn.app.container.log.filesize=0 -Dhadoop.root.logger=INFO,CLA  -Xmx1024m org.apache.hadoop.mapreduce.v2.app.MapCollectiveAppMaster 1><LOG_DIR>/stdout 2><LOG_DIR>/stderr 
17/03/19 11:26:45 INFO impl.YarnClientImpl: Submitted application application_1489165733656_0367
17/03/19 11:26:45 INFO mapreduce.Job: The url to track the job: http://j-011:8088/proxy/application_1489165733656_0367/
17/03/19 11:26:45 INFO mapreduce.Job: Running job: job_1489165733656_0367
17/03/19 11:26:50 INFO mapreduce.Job: Job job_1489165733656_0367 running in uber mode : false
17/03/19 11:26:50 INFO mapreduce.Job:  map 0% reduce 0%
17/03/19 11:27:00 INFO mapreduce.Job:  map 100% reduce 0%
17/03/19 11:29:08 INFO mapreduce.Job: Job job_1489165733656_0367 completed successfully
17/03/19 11:29:08 INFO mapreduce.Job: Counters: 30
	File System Counters
		FILE: Number of bytes read=0
		FILE: Number of bytes written=425332
		FILE: Number of read operations=0
		FILE: Number of large read operations=0
		FILE: Number of write operations=0
		HDFS: Number of bytes read=1925439320
		HDFS: Number of bytes written=27
		HDFS: Number of read operations=32
		HDFS: Number of large read operations=0
		HDFS: Number of write operations=8
	Job Counters 
		Launched map tasks=4
		Other local map tasks=4
		Total time spent by all maps in occupied slots (ms)=537310
		Total time spent by all reduces in occupied slots (ms)=0
		Total time spent by all map tasks (ms)=537310
		Total vcore-seconds taken by all map tasks=537310
		Total megabyte-seconds taken by all map tasks=550205440
	Map-Reduce Framework
		Map input records=4
		Map output records=1
		Input split bytes=440
		Spilled Records=0
		Failed Shuffles=0
		Merged Map outputs=0
		GC time elapsed (ms)=6307
		CPU time spent (ms)=2214630
		Physical memory (bytes) snapshot=102096945152
		Virtual memory (bytes) snapshot=324541431808
		Total committed heap usage (bytes)=296352743424
	File Input Format Counters 
		Bytes Read=0
	File Output Format Counters 
		Bytes Written=27
145009ms
17/03/19 11:29:09 WARN util.NativeCodeLoader: Unable to load native-hadoop library for your platform... using builtin-java classes where applicable
finalCount	277946532552317
[The 2 times] Above experiment is: ./runHarpSgcr.sh /N/u/mengli/harp-sahad/experiments/template/u5-1.t sahad-data/miami/miami-u-cl7-4 sahad-output/miami/miami-u-cl7-4/40threads/2 4 40
17/03/19 11:29:11 WARN util.NativeCodeLoader: Unable to load native-hadoop library for your platform... using builtin-java classes where applicable
17/03/19 11:29:11 INFO fs.TrashPolicyDefault: Namenode trash configuration: Deletion interval = 0 minutes, Emptier interval = 0 minutes.
Deleted sahad-output/miami/miami-u-cl8-4/40threads/2
use Local MultiThread? true
set Number of Map Tasks = 4
set number of threads: 40
17/03/19 11:29:12 WARN util.NativeCodeLoader: Unable to load native-hadoop library for your platform... using builtin-java classes where applicable
Get map collective runner
17/03/19 11:29:13 INFO client.RMProxy: Connecting to ResourceManager at j-011/172.16.0.11:8032
17/03/19 11:29:13 INFO input.FileInputFormat: Total input paths to process : 4
17/03/19 11:29:13 INFO fileformat.MultiFileInputFormat: NUMBER OF FILES: 4
17/03/19 11:29:13 INFO fileformat.MultiFileInputFormat: NUMBER OF MAPS: 4
17/03/19 11:29:13 INFO fileformat.MultiFileInputFormat: Split on host: j-059.juliet.futuresystems.org j-057.juliet.futuresystems.org j-055.juliet.futuresystems.org j-012.juliet.futuresystems.org j-064.juliet.futuresystems.org j-058.juliet.futuresystems.org j-060.juliet.futuresystems.org j-054.juliet.futuresystems.org 
17/03/19 11:29:13 INFO fileformat.MultiFileInputFormat: Split on host: j-066.juliet.futuresystems.org j-056.juliet.futuresystems.org j-063.juliet.futuresystems.org j-059.juliet.futuresystems.org j-061.juliet.futuresystems.org j-053.juliet.futuresystems.org j-065.juliet.futuresystems.org j-058.juliet.futuresystems.org j-060.juliet.futuresystems.org j-013.juliet.futuresystems.org 
17/03/19 11:29:13 INFO fileformat.MultiFileInputFormat: Split on host: j-056.juliet.futuresystems.org j-061.juliet.futuresystems.org j-055.juliet.futuresystems.org j-057.juliet.futuresystems.org j-053.juliet.futuresystems.org j-065.juliet.futuresystems.org j-064.juliet.futuresystems.org j-058.juliet.futuresystems.org j-060.juliet.futuresystems.org j-013.juliet.futuresystems.org 
17/03/19 11:29:13 INFO fileformat.MultiFileInputFormat: Split on host: j-066.juliet.futuresystems.org j-059.juliet.futuresystems.org j-061.juliet.futuresystems.org j-012.juliet.futuresystems.org j-053.juliet.futuresystems.org j-065.juliet.futuresystems.org j-064.juliet.futuresystems.org j-060.juliet.futuresystems.org j-063.juliet.futuresystems.org j-055.juliet.futuresystems.org j-057.juliet.futuresystems.org j-062.juliet.futuresystems.org j-058.juliet.futuresystems.org j-013.juliet.futuresystems.org j-054.juliet.futuresystems.org 
17/03/19 11:29:13 INFO fileformat.MultiFileInputFormat: Total # of splits: 4
17/03/19 11:29:13 INFO mapreduce.JobSubmitter: number of splits:4
17/03/19 11:29:13 INFO mapreduce.JobSubmitter: Submitting tokens for job: job_1489165733656_0368
command: $JAVA_HOME/bin/java -Dlog4j.configuration=container-log4j.properties -Dyarn.app.container.log.dir=<LOG_DIR> -Dyarn.app.container.log.filesize=0 -Dhadoop.root.logger=INFO,CLA  -Xmx1024m org.apache.hadoop.mapreduce.v2.app.MapCollectiveAppMaster 1><LOG_DIR>/stdout 2><LOG_DIR>/stderr 
17/03/19 11:29:14 INFO impl.YarnClientImpl: Submitted application application_1489165733656_0368
17/03/19 11:29:14 INFO mapreduce.Job: The url to track the job: http://j-011:8088/proxy/application_1489165733656_0368/
17/03/19 11:29:14 INFO mapreduce.Job: Running job: job_1489165733656_0368
17/03/19 11:29:19 INFO mapreduce.Job: Job job_1489165733656_0368 running in uber mode : false
17/03/19 11:29:19 INFO mapreduce.Job:  map 0% reduce 0%
17/03/19 11:29:29 INFO mapreduce.Job:  map 100% reduce 0%
17/03/19 11:31:40 INFO mapreduce.Job: Job job_1489165733656_0368 completed successfully
17/03/19 11:31:40 INFO mapreduce.Job: Counters: 30
	File System Counters
		FILE: Number of bytes read=0
		FILE: Number of bytes written=425332
		FILE: Number of read operations=0
		FILE: Number of large read operations=0
		FILE: Number of write operations=0
		HDFS: Number of bytes read=2081596408
		HDFS: Number of bytes written=27
		HDFS: Number of read operations=32
		HDFS: Number of large read operations=0
		HDFS: Number of write operations=8
	Job Counters 
		Launched map tasks=4
		Other local map tasks=4
		Total time spent by all maps in occupied slots (ms)=552745
		Total time spent by all reduces in occupied slots (ms)=0
		Total time spent by all map tasks (ms)=552745
		Total vcore-seconds taken by all map tasks=552745
		Total megabyte-seconds taken by all map tasks=566010880
	Map-Reduce Framework
		Map input records=4
		Map output records=1
		Input split bytes=440
		Spilled Records=0
		Failed Shuffles=0
		Merged Map outputs=0
		GC time elapsed (ms)=7187
		CPU time spent (ms)=2417550
		Physical memory (bytes) snapshot=105501278208
		Virtual memory (bytes) snapshot=324601544704
		Total committed heap usage (bytes)=296352743424
	File Input Format Counters 
		Bytes Read=0
	File Output Format Counters 
		Bytes Written=27
147960ms
17/03/19 11:31:41 WARN util.NativeCodeLoader: Unable to load native-hadoop library for your platform... using builtin-java classes where applicable
finalCount	369698022653880
[The 2 times] Above experiment is: ./runHarpSgcr.sh /N/u/mengli/harp-sahad/experiments/template/u5-1.t sahad-data/miami/miami-u-cl8-4 sahad-output/miami/miami-u-cl8-4/40threads/2 4 40
