17/03/16 23:12:03 WARN util.NativeCodeLoader: Unable to load native-hadoop library for your platform... using builtin-java classes where applicable
rm: `sahad-output/nyc/nyc-u-cl0-4/40threads/1': No such file or directory
use Local MultiThread? true
set Number of Map Tasks = 4
set number of threads: 40
17/03/16 23:12:05 WARN util.NativeCodeLoader: Unable to load native-hadoop library for your platform... using builtin-java classes where applicable
Get map collective runner
17/03/16 23:12:05 INFO client.RMProxy: Connecting to ResourceManager at j-011/172.16.0.11:8032
17/03/16 23:12:06 INFO input.FileInputFormat: Total input paths to process : 4
17/03/16 23:12:06 INFO fileformat.MultiFileInputFormat: NUMBER OF FILES: 4
17/03/16 23:12:06 INFO fileformat.MultiFileInputFormat: NUMBER OF MAPS: 4
17/03/16 23:12:06 INFO fileformat.MultiFileInputFormat: Split on host: j-063.juliet.futuresystems.org j-012.juliet.futuresystems.org j-053.juliet.futuresystems.org 
17/03/16 23:12:06 INFO fileformat.MultiFileInputFormat: Split on host: j-059.juliet.futuresystems.org j-061.juliet.futuresystems.org j-057.juliet.futuresystems.org j-055.juliet.futuresystems.org j-053.juliet.futuresystems.org j-060.juliet.futuresystems.org 
17/03/16 23:12:06 INFO fileformat.MultiFileInputFormat: Split on host: j-066.juliet.futuresystems.org j-056.juliet.futuresystems.org j-061.juliet.futuresystems.org j-053.juliet.futuresystems.org j-062.juliet.futuresystems.org j-065.juliet.futuresystems.org j-013.juliet.futuresystems.org 
17/03/16 23:12:06 INFO fileformat.MultiFileInputFormat: Split on host: j-066.juliet.futuresystems.org j-059.juliet.futuresystems.org j-061.juliet.futuresystems.org j-053.juliet.futuresystems.org j-012.juliet.futuresystems.org j-065.juliet.futuresystems.org j-064.juliet.futuresystems.org j-060.juliet.futuresystems.org j-056.juliet.futuresystems.org j-063.juliet.futuresystems.org j-055.juliet.futuresystems.org j-062.juliet.futuresystems.org j-058.juliet.futuresystems.org j-054.juliet.futuresystems.org j-013.juliet.futuresystems.org 
17/03/16 23:12:06 INFO fileformat.MultiFileInputFormat: Total # of splits: 4
17/03/16 23:12:06 INFO mapreduce.JobSubmitter: number of splits:4
17/03/16 23:12:06 INFO mapreduce.JobSubmitter: Submitting tokens for job: job_1489165733656_0302
command: $JAVA_HOME/bin/java -Dlog4j.configuration=container-log4j.properties -Dyarn.app.container.log.dir=<LOG_DIR> -Dyarn.app.container.log.filesize=0 -Dhadoop.root.logger=INFO,CLA  -Xmx1024m org.apache.hadoop.mapreduce.v2.app.MapCollectiveAppMaster 1><LOG_DIR>/stdout 2><LOG_DIR>/stderr 
17/03/16 23:12:06 INFO impl.YarnClientImpl: Submitted application application_1489165733656_0302
17/03/16 23:12:06 INFO mapreduce.Job: The url to track the job: http://j-011:8088/proxy/application_1489165733656_0302/
17/03/16 23:12:06 INFO mapreduce.Job: Running job: job_1489165733656_0302
17/03/16 23:12:11 INFO mapreduce.Job: Job job_1489165733656_0302 running in uber mode : false
17/03/16 23:12:11 INFO mapreduce.Job:  map 0% reduce 0%
17/03/16 23:12:21 INFO mapreduce.Job:  map 100% reduce 0%
17/03/16 23:27:00 INFO mapreduce.Job: Job job_1489165733656_0302 completed successfully
17/03/16 23:27:01 INFO mapreduce.Job: Counters: 30
	File System Counters
		FILE: Number of bytes read=0
		FILE: Number of bytes written=425284
		FILE: Number of read operations=0
		FILE: Number of large read operations=0
		FILE: Number of write operations=0
		HDFS: Number of bytes read=2042808801
		HDFS: Number of bytes written=26
		HDFS: Number of read operations=32
		HDFS: Number of large read operations=0
		HDFS: Number of write operations=8
	Job Counters 
		Launched map tasks=4
		Other local map tasks=4
		Total time spent by all maps in occupied slots (ms)=3544614
		Total time spent by all reduces in occupied slots (ms)=0
		Total time spent by all map tasks (ms)=3544614
		Total vcore-seconds taken by all map tasks=3544614
		Total megabyte-seconds taken by all map tasks=3629684736
	Map-Reduce Framework
		Map input records=4
		Map output records=1
		Input split bytes=424
		Spilled Records=0
		Failed Shuffles=0
		Merged Map outputs=0
		GC time elapsed (ms)=101610
		CPU time spent (ms)=8482050
		Physical memory (bytes) snapshot=233354510336
		Virtual memory (bytes) snapshot=324547346432
		Total committed heap usage (bytes)=274877906944
	File Input Format Counters 
		Bytes Read=0
	File Output Format Counters 
		Bytes Written=26
896374ms
17/03/16 23:27:02 WARN util.NativeCodeLoader: Unable to load native-hadoop library for your platform... using builtin-java classes where applicable
finalCount	15739408358281
[The 1 times] Above experiment is: ./runHarpSgcr.sh /N/u/mengli/harp-sahad/experiments/template/u5-1.t sahad-data/nyc/nyc-u-cl0-4 sahad-output/nyc/nyc-u-cl0-4/40threads/1 4 40
17/03/16 23:27:03 WARN util.NativeCodeLoader: Unable to load native-hadoop library for your platform... using builtin-java classes where applicable
rm: `sahad-output/nyc/nyc-u-cl1-4/40threads/1': No such file or directory
use Local MultiThread? true
set Number of Map Tasks = 4
set number of threads: 40
17/03/16 23:27:05 WARN util.NativeCodeLoader: Unable to load native-hadoop library for your platform... using builtin-java classes where applicable
Get map collective runner
17/03/16 23:27:05 INFO client.RMProxy: Connecting to ResourceManager at j-011/172.16.0.11:8032
17/03/16 23:27:06 INFO input.FileInputFormat: Total input paths to process : 4
17/03/16 23:27:06 INFO fileformat.MultiFileInputFormat: NUMBER OF FILES: 4
17/03/16 23:27:06 INFO fileformat.MultiFileInputFormat: NUMBER OF MAPS: 4
17/03/16 23:27:06 INFO fileformat.MultiFileInputFormat: Split on host: j-056.juliet.futuresystems.org j-057.juliet.futuresystems.org j-053.juliet.futuresystems.org j-062.juliet.futuresystems.org j-065.juliet.futuresystems.org j-064.juliet.futuresystems.org 
17/03/16 23:27:06 INFO fileformat.MultiFileInputFormat: Split on host: j-061.juliet.futuresystems.org j-055.juliet.futuresystems.org j-053.juliet.futuresystems.org j-065.juliet.futuresystems.org j-064.juliet.futuresystems.org 
17/03/16 23:27:06 INFO fileformat.MultiFileInputFormat: Split on host: j-059.juliet.futuresystems.org j-063.juliet.futuresystems.org j-061.juliet.futuresystems.org j-057.juliet.futuresystems.org j-060.juliet.futuresystems.org j-054.juliet.futuresystems.org j-013.juliet.futuresystems.org 
17/03/16 23:27:06 INFO fileformat.MultiFileInputFormat: Split on host: j-066.juliet.futuresystems.org j-059.juliet.futuresystems.org j-061.juliet.futuresystems.org j-053.juliet.futuresystems.org j-012.juliet.futuresystems.org j-065.juliet.futuresystems.org j-064.juliet.futuresystems.org j-060.juliet.futuresystems.org j-056.juliet.futuresystems.org j-063.juliet.futuresystems.org j-055.juliet.futuresystems.org j-057.juliet.futuresystems.org j-062.juliet.futuresystems.org j-058.juliet.futuresystems.org j-013.juliet.futuresystems.org j-054.juliet.futuresystems.org 
17/03/16 23:27:06 INFO fileformat.MultiFileInputFormat: Total # of splits: 4
17/03/16 23:27:06 INFO mapreduce.JobSubmitter: number of splits:4
17/03/16 23:27:06 INFO mapreduce.JobSubmitter: Submitting tokens for job: job_1489165733656_0303
command: $JAVA_HOME/bin/java -Dlog4j.configuration=container-log4j.properties -Dyarn.app.container.log.dir=<LOG_DIR> -Dyarn.app.container.log.filesize=0 -Dhadoop.root.logger=INFO,CLA  -Xmx1024m org.apache.hadoop.mapreduce.v2.app.MapCollectiveAppMaster 1><LOG_DIR>/stdout 2><LOG_DIR>/stderr 
17/03/16 23:27:06 INFO impl.YarnClientImpl: Submitted application application_1489165733656_0303
17/03/16 23:27:06 INFO mapreduce.Job: The url to track the job: http://j-011:8088/proxy/application_1489165733656_0303/
17/03/16 23:27:06 INFO mapreduce.Job: Running job: job_1489165733656_0303
17/03/16 23:27:11 INFO mapreduce.Job: Job job_1489165733656_0303 running in uber mode : false
17/03/16 23:27:11 INFO mapreduce.Job:  map 0% reduce 0%
17/03/16 23:27:22 INFO mapreduce.Job:  map 25% reduce 0%
17/03/16 23:27:23 INFO mapreduce.Job:  map 100% reduce 0%
17/03/17 00:24:44 INFO mapreduce.Job: Job job_1489165733656_0303 completed successfully
17/03/17 00:24:44 INFO mapreduce.Job: Counters: 30
	File System Counters
		FILE: Number of bytes read=0
		FILE: Number of bytes written=425284
		FILE: Number of read operations=0
		FILE: Number of large read operations=0
		FILE: Number of write operations=0
		HDFS: Number of bytes read=2152362308
		HDFS: Number of bytes written=26
		HDFS: Number of read operations=32
		HDFS: Number of large read operations=0
		HDFS: Number of write operations=8
	Job Counters 
		Launched map tasks=4
		Other local map tasks=4
		Total time spent by all maps in occupied slots (ms)=13798217
		Total time spent by all reduces in occupied slots (ms)=0
		Total time spent by all map tasks (ms)=13798217
		Total vcore-seconds taken by all map tasks=13798217
		Total megabyte-seconds taken by all map tasks=14129374208
	Map-Reduce Framework
		Map input records=4
		Map output records=1
		Input split bytes=424
		Spilled Records=0
		Failed Shuffles=0
		Merged Map outputs=0
		GC time elapsed (ms)=125707
		CPU time spent (ms)=15988170
		Physical memory (bytes) snapshot=242046988288
		Virtual memory (bytes) snapshot=324591374336
		Total committed heap usage (bytes)=274877906944
	File Input Format Counters 
		Bytes Read=0
	File Output Format Counters 
		Bytes Written=26
3459500ms
17/03/17 00:24:45 WARN util.NativeCodeLoader: Unable to load native-hadoop library for your platform... using builtin-java classes where applicable
finalCount	16596907130885
[The 1 times] Above experiment is: ./runHarpSgcr.sh /N/u/mengli/harp-sahad/experiments/template/u5-1.t sahad-data/nyc/nyc-u-cl1-4 sahad-output/nyc/nyc-u-cl1-4/40threads/1 4 40
17/03/17 00:24:47 WARN util.NativeCodeLoader: Unable to load native-hadoop library for your platform... using builtin-java classes where applicable
rm: `sahad-output/nyc/nyc-u-cl2-4/40threads/1': No such file or directory
use Local MultiThread? true
set Number of Map Tasks = 4
set number of threads: 40
17/03/17 00:24:48 WARN util.NativeCodeLoader: Unable to load native-hadoop library for your platform... using builtin-java classes where applicable
Get map collective runner
17/03/17 00:24:49 INFO client.RMProxy: Connecting to ResourceManager at j-011/172.16.0.11:8032
17/03/17 00:24:49 INFO input.FileInputFormat: Total input paths to process : 4
17/03/17 00:24:49 INFO fileformat.MultiFileInputFormat: NUMBER OF FILES: 4
17/03/17 00:24:49 INFO fileformat.MultiFileInputFormat: NUMBER OF MAPS: 4
17/03/17 00:24:49 INFO fileformat.MultiFileInputFormat: Split on host: j-055.juliet.futuresystems.org j-057.juliet.futuresystems.org j-062.juliet.futuresystems.org j-065.juliet.futuresystems.org j-054.juliet.futuresystems.org j-013.juliet.futuresystems.org 
17/03/17 00:24:49 INFO fileformat.MultiFileInputFormat: Split on host: j-056.juliet.futuresystems.org j-059.juliet.futuresystems.org j-063.juliet.futuresystems.org j-065.juliet.futuresystems.org j-060.juliet.futuresystems.org 
17/03/17 00:24:49 INFO fileformat.MultiFileInputFormat: Split on host: j-059.juliet.futuresystems.org j-053.juliet.futuresystems.org j-062.juliet.futuresystems.org j-065.juliet.futuresystems.org j-064.juliet.futuresystems.org 
17/03/17 00:24:49 INFO fileformat.MultiFileInputFormat: Split on host: j-066.juliet.futuresystems.org j-059.juliet.futuresystems.org j-061.juliet.futuresystems.org j-053.juliet.futuresystems.org j-012.juliet.futuresystems.org j-065.juliet.futuresystems.org j-064.juliet.futuresystems.org j-060.juliet.futuresystems.org j-056.juliet.futuresystems.org j-063.juliet.futuresystems.org j-055.juliet.futuresystems.org j-057.juliet.futuresystems.org j-062.juliet.futuresystems.org j-058.juliet.futuresystems.org j-054.juliet.futuresystems.org j-013.juliet.futuresystems.org 
17/03/17 00:24:49 INFO fileformat.MultiFileInputFormat: Total # of splits: 4
17/03/17 00:24:49 INFO mapreduce.JobSubmitter: number of splits:4
17/03/17 00:24:49 INFO mapreduce.JobSubmitter: Submitting tokens for job: job_1489165733656_0304
command: $JAVA_HOME/bin/java -Dlog4j.configuration=container-log4j.properties -Dyarn.app.container.log.dir=<LOG_DIR> -Dyarn.app.container.log.filesize=0 -Dhadoop.root.logger=INFO,CLA  -Xmx1024m org.apache.hadoop.mapreduce.v2.app.MapCollectiveAppMaster 1><LOG_DIR>/stdout 2><LOG_DIR>/stderr 
17/03/17 00:24:50 INFO impl.YarnClientImpl: Submitted application application_1489165733656_0304
17/03/17 00:24:50 INFO mapreduce.Job: The url to track the job: http://j-011:8088/proxy/application_1489165733656_0304/
17/03/17 00:24:50 INFO mapreduce.Job: Running job: job_1489165733656_0304
17/03/17 00:24:55 INFO mapreduce.Job: Job job_1489165733656_0304 running in uber mode : false
17/03/17 00:24:55 INFO mapreduce.Job:  map 0% reduce 0%
17/03/17 00:25:05 INFO mapreduce.Job:  map 100% reduce 0%
17/03/17 01:40:09 INFO mapreduce.Job: Job job_1489165733656_0304 completed successfully
17/03/17 01:40:09 INFO mapreduce.Job: Counters: 30
	File System Counters
		FILE: Number of bytes read=0
		FILE: Number of bytes written=425284
		FILE: Number of read operations=0
		FILE: Number of large read operations=0
		FILE: Number of write operations=0
		HDFS: Number of bytes read=2263641042
		HDFS: Number of bytes written=26
		HDFS: Number of read operations=32
		HDFS: Number of large read operations=0
		HDFS: Number of write operations=8
	Job Counters 
		Launched map tasks=4
		Other local map tasks=4
		Total time spent by all maps in occupied slots (ms)=18046912
		Total time spent by all reduces in occupied slots (ms)=0
		Total time spent by all map tasks (ms)=18046912
		Total vcore-seconds taken by all map tasks=18046912
		Total megabyte-seconds taken by all map tasks=18480037888
	Map-Reduce Framework
		Map input records=4
		Map output records=1
		Input split bytes=424
		Spilled Records=0
		Failed Shuffles=0
		Merged Map outputs=0
		GC time elapsed (ms)=135418
		CPU time spent (ms)=20064960
		Physical memory (bytes) snapshot=245944225792
		Virtual memory (bytes) snapshot=324584448000
		Total committed heap usage (bytes)=274877906944
	File Input Format Counters 
		Bytes Read=0
	File Output Format Counters 
		Bytes Written=26
4521129ms
17/03/17 01:40:10 WARN util.NativeCodeLoader: Unable to load native-hadoop library for your platform... using builtin-java classes where applicable
finalCount	18101012633333
[The 1 times] Above experiment is: ./runHarpSgcr.sh /N/u/mengli/harp-sahad/experiments/template/u5-1.t sahad-data/nyc/nyc-u-cl2-4 sahad-output/nyc/nyc-u-cl2-4/40threads/1 4 40
17/03/17 01:40:12 WARN util.NativeCodeLoader: Unable to load native-hadoop library for your platform... using builtin-java classes where applicable
rm: `sahad-output/nyc/nyc-u-cl3-4/40threads/1': No such file or directory
use Local MultiThread? true
set Number of Map Tasks = 4
set number of threads: 40
17/03/17 01:40:13 WARN util.NativeCodeLoader: Unable to load native-hadoop library for your platform... using builtin-java classes where applicable
Get map collective runner
17/03/17 01:40:14 INFO client.RMProxy: Connecting to ResourceManager at j-011/172.16.0.11:8032
17/03/17 01:40:14 INFO input.FileInputFormat: Total input paths to process : 4
17/03/17 01:40:14 INFO fileformat.MultiFileInputFormat: NUMBER OF FILES: 4
17/03/17 01:40:14 INFO fileformat.MultiFileInputFormat: NUMBER OF MAPS: 4
17/03/17 01:40:14 INFO fileformat.MultiFileInputFormat: Split on host: j-066.juliet.futuresystems.org j-012.juliet.futuresystems.org j-065.juliet.futuresystems.org j-064.juliet.futuresystems.org j-058.juliet.futuresystems.org j-013.juliet.futuresystems.org 
17/03/17 01:40:14 INFO fileformat.MultiFileInputFormat: Split on host: j-066.juliet.futuresystems.org j-061.juliet.futuresystems.org j-057.juliet.futuresystems.org j-062.juliet.futuresystems.org j-058.juliet.futuresystems.org j-060.juliet.futuresystems.org 
17/03/17 01:40:14 INFO fileformat.MultiFileInputFormat: Split on host: j-066.juliet.futuresystems.org j-056.juliet.futuresystems.org j-063.juliet.futuresystems.org j-059.juliet.futuresystems.org j-061.juliet.futuresystems.org j-055.juliet.futuresystems.org j-058.juliet.futuresystems.org 
17/03/17 01:40:14 INFO fileformat.MultiFileInputFormat: Split on host: j-066.juliet.futuresystems.org j-059.juliet.futuresystems.org j-061.juliet.futuresystems.org j-053.juliet.futuresystems.org j-012.juliet.futuresystems.org j-065.juliet.futuresystems.org j-064.juliet.futuresystems.org j-060.juliet.futuresystems.org j-056.juliet.futuresystems.org j-063.juliet.futuresystems.org j-057.juliet.futuresystems.org j-055.juliet.futuresystems.org j-062.juliet.futuresystems.org j-058.juliet.futuresystems.org j-013.juliet.futuresystems.org j-054.juliet.futuresystems.org 
17/03/17 01:40:14 INFO fileformat.MultiFileInputFormat: Total # of splits: 4
17/03/17 01:40:14 INFO mapreduce.JobSubmitter: number of splits:4
17/03/17 01:40:14 INFO mapreduce.JobSubmitter: Submitting tokens for job: job_1489165733656_0305
command: $JAVA_HOME/bin/java -Dlog4j.configuration=container-log4j.properties -Dyarn.app.container.log.dir=<LOG_DIR> -Dyarn.app.container.log.filesize=0 -Dhadoop.root.logger=INFO,CLA  -Xmx1024m org.apache.hadoop.mapreduce.v2.app.MapCollectiveAppMaster 1><LOG_DIR>/stdout 2><LOG_DIR>/stderr 
17/03/17 01:40:15 INFO impl.YarnClientImpl: Submitted application application_1489165733656_0305
17/03/17 01:40:15 INFO mapreduce.Job: The url to track the job: http://j-011:8088/proxy/application_1489165733656_0305/
17/03/17 01:40:15 INFO mapreduce.Job: Running job: job_1489165733656_0305
17/03/17 01:40:20 INFO mapreduce.Job: Job job_1489165733656_0305 running in uber mode : false
17/03/17 01:40:20 INFO mapreduce.Job:  map 0% reduce 0%
17/03/17 01:40:30 INFO mapreduce.Job:  map 100% reduce 0%
17/03/17 03:10:47 INFO mapreduce.Job: Job job_1489165733656_0305 completed successfully
17/03/17 03:10:47 INFO mapreduce.Job: Counters: 30
	File System Counters
		FILE: Number of bytes read=0
		FILE: Number of bytes written=425284
		FILE: Number of read operations=0
		FILE: Number of large read operations=0
		FILE: Number of write operations=0
		HDFS: Number of bytes read=2376792997
		HDFS: Number of bytes written=26
		HDFS: Number of read operations=32
		HDFS: Number of large read operations=0
		HDFS: Number of write operations=8
	Job Counters 
		Launched map tasks=4
		Other local map tasks=4
		Total time spent by all maps in occupied slots (ms)=21700618
		Total time spent by all reduces in occupied slots (ms)=0
		Total time spent by all map tasks (ms)=21700618
		Total vcore-seconds taken by all map tasks=21700618
		Total megabyte-seconds taken by all map tasks=22221432832
	Map-Reduce Framework
		Map input records=4
		Map output records=1
		Input split bytes=424
		Spilled Records=0
		Failed Shuffles=0
		Merged Map outputs=0
		GC time elapsed (ms)=139233
		CPU time spent (ms)=23839050
		Physical memory (bytes) snapshot=251005661184
		Virtual memory (bytes) snapshot=324579250176
		Total committed heap usage (bytes)=274877906944
	File Input Format Counters 
		Bytes Read=0
	File Output Format Counters 
		Bytes Written=26
5434308ms
17/03/17 03:10:48 WARN util.NativeCodeLoader: Unable to load native-hadoop library for your platform... using builtin-java classes where applicable
finalCount	20137903074817
[The 1 times] Above experiment is: ./runHarpSgcr.sh /N/u/mengli/harp-sahad/experiments/template/u5-1.t sahad-data/nyc/nyc-u-cl3-4 sahad-output/nyc/nyc-u-cl3-4/40threads/1 4 40
17/03/17 03:10:50 WARN util.NativeCodeLoader: Unable to load native-hadoop library for your platform... using builtin-java classes where applicable
rm: `sahad-output/nyc/nyc-u-cl4-4/40threads/1': No such file or directory
use Local MultiThread? true
set Number of Map Tasks = 4
set number of threads: 40
17/03/17 03:10:51 WARN util.NativeCodeLoader: Unable to load native-hadoop library for your platform... using builtin-java classes where applicable
Get map collective runner
17/03/17 03:10:52 INFO client.RMProxy: Connecting to ResourceManager at j-011/172.16.0.11:8032
17/03/17 03:10:52 INFO input.FileInputFormat: Total input paths to process : 4
17/03/17 03:10:52 INFO fileformat.MultiFileInputFormat: NUMBER OF FILES: 4
17/03/17 03:10:52 INFO fileformat.MultiFileInputFormat: NUMBER OF MAPS: 4
17/03/17 03:10:52 INFO fileformat.MultiFileInputFormat: Split on host: j-056.juliet.futuresystems.org j-063.juliet.futuresystems.org j-053.juliet.futuresystems.org j-062.juliet.futuresystems.org j-064.juliet.futuresystems.org j-054.juliet.futuresystems.org 
17/03/17 03:10:52 INFO fileformat.MultiFileInputFormat: Split on host: j-066.juliet.futuresystems.org j-055.juliet.futuresystems.org j-012.juliet.futuresystems.org j-013.juliet.futuresystems.org 
17/03/17 03:10:52 INFO fileformat.MultiFileInputFormat: Split on host: j-066.juliet.futuresystems.org j-056.juliet.futuresystems.org j-059.juliet.futuresystems.org j-061.juliet.futuresystems.org j-055.juliet.futuresystems.org j-057.juliet.futuresystems.org j-012.juliet.futuresystems.org j-064.juliet.futuresystems.org 
17/03/17 03:10:52 INFO fileformat.MultiFileInputFormat: Split on host: j-066.juliet.futuresystems.org j-059.juliet.futuresystems.org j-061.juliet.futuresystems.org j-012.juliet.futuresystems.org j-053.juliet.futuresystems.org j-065.juliet.futuresystems.org j-060.juliet.futuresystems.org j-056.juliet.futuresystems.org j-063.juliet.futuresystems.org j-055.juliet.futuresystems.org j-057.juliet.futuresystems.org j-062.juliet.futuresystems.org j-058.juliet.futuresystems.org j-054.juliet.futuresystems.org j-013.juliet.futuresystems.org 
17/03/17 03:10:52 INFO fileformat.MultiFileInputFormat: Total # of splits: 4
17/03/17 03:10:52 INFO mapreduce.JobSubmitter: number of splits:4
17/03/17 03:10:52 INFO mapreduce.JobSubmitter: Submitting tokens for job: job_1489165733656_0306
command: $JAVA_HOME/bin/java -Dlog4j.configuration=container-log4j.properties -Dyarn.app.container.log.dir=<LOG_DIR> -Dyarn.app.container.log.filesize=0 -Dhadoop.root.logger=INFO,CLA  -Xmx1024m org.apache.hadoop.mapreduce.v2.app.MapCollectiveAppMaster 1><LOG_DIR>/stdout 2><LOG_DIR>/stderr 
17/03/17 03:10:53 INFO impl.YarnClientImpl: Submitted application application_1489165733656_0306
17/03/17 03:10:53 INFO mapreduce.Job: The url to track the job: http://j-011:8088/proxy/application_1489165733656_0306/
17/03/17 03:10:53 INFO mapreduce.Job: Running job: job_1489165733656_0306
17/03/17 03:10:58 INFO mapreduce.Job: Job job_1489165733656_0306 running in uber mode : false
17/03/17 03:10:58 INFO mapreduce.Job:  map 0% reduce 0%
17/03/17 03:11:09 INFO mapreduce.Job:  map 100% reduce 0%
17/03/17 04:43:39 INFO mapreduce.Job: Job job_1489165733656_0306 completed successfully
17/03/17 04:43:39 INFO mapreduce.Job: Counters: 30
	File System Counters
		FILE: Number of bytes read=0
		FILE: Number of bytes written=425284
		FILE: Number of read operations=0
		FILE: Number of large read operations=0
		FILE: Number of write operations=0
		HDFS: Number of bytes read=2491413821
		HDFS: Number of bytes written=26
		HDFS: Number of read operations=32
		HDFS: Number of large read operations=0
		HDFS: Number of write operations=8
	Job Counters 
		Launched map tasks=4
		Other local map tasks=4
		Total time spent by all maps in occupied slots (ms)=22238214
		Total time spent by all reduces in occupied slots (ms)=0
		Total time spent by all map tasks (ms)=22238214
		Total vcore-seconds taken by all map tasks=22238214
		Total megabyte-seconds taken by all map tasks=22771931136
	Map-Reduce Framework
		Map input records=4
		Map output records=1
		Input split bytes=424
		Spilled Records=0
		Failed Shuffles=0
		Merged Map outputs=0
		GC time elapsed (ms)=139750
		CPU time spent (ms)=25684460
		Physical memory (bytes) snapshot=238413185024
		Virtual memory (bytes) snapshot=324615888896
		Total committed heap usage (bytes)=275085000704
	File Input Format Counters 
		Bytes Read=0
	File Output Format Counters 
		Bytes Written=26
5568840ms
17/03/17 04:43:40 WARN util.NativeCodeLoader: Unable to load native-hadoop library for your platform... using builtin-java classes where applicable
finalCount	22614717785208
[The 1 times] Above experiment is: ./runHarpSgcr.sh /N/u/mengli/harp-sahad/experiments/template/u5-1.t sahad-data/nyc/nyc-u-cl4-4 sahad-output/nyc/nyc-u-cl4-4/40threads/1 4 40
17/03/17 04:43:42 WARN util.NativeCodeLoader: Unable to load native-hadoop library for your platform... using builtin-java classes where applicable
rm: `sahad-output/nyc/nyc-u-cl0-4/40threads/2': No such file or directory
use Local MultiThread? true
set Number of Map Tasks = 4
set number of threads: 40
17/03/17 04:43:44 WARN util.NativeCodeLoader: Unable to load native-hadoop library for your platform... using builtin-java classes where applicable
Get map collective runner
17/03/17 04:43:44 INFO client.RMProxy: Connecting to ResourceManager at j-011/172.16.0.11:8032
17/03/17 04:43:45 INFO input.FileInputFormat: Total input paths to process : 4
17/03/17 04:43:45 INFO fileformat.MultiFileInputFormat: NUMBER OF FILES: 4
17/03/17 04:43:45 INFO fileformat.MultiFileInputFormat: NUMBER OF MAPS: 4
17/03/17 04:43:45 INFO fileformat.MultiFileInputFormat: Split on host: j-063.juliet.futuresystems.org j-053.juliet.futuresystems.org j-012.juliet.futuresystems.org 
17/03/17 04:43:45 INFO fileformat.MultiFileInputFormat: Split on host: j-059.juliet.futuresystems.org j-061.juliet.futuresystems.org j-057.juliet.futuresystems.org j-055.juliet.futuresystems.org j-053.juliet.futuresystems.org j-060.juliet.futuresystems.org 
17/03/17 04:43:45 INFO fileformat.MultiFileInputFormat: Split on host: j-066.juliet.futuresystems.org j-056.juliet.futuresystems.org j-061.juliet.futuresystems.org j-053.juliet.futuresystems.org j-062.juliet.futuresystems.org j-065.juliet.futuresystems.org j-013.juliet.futuresystems.org 
17/03/17 04:43:45 INFO fileformat.MultiFileInputFormat: Split on host: j-066.juliet.futuresystems.org j-059.juliet.futuresystems.org j-061.juliet.futuresystems.org j-053.juliet.futuresystems.org j-012.juliet.futuresystems.org j-065.juliet.futuresystems.org j-064.juliet.futuresystems.org j-060.juliet.futuresystems.org j-056.juliet.futuresystems.org j-063.juliet.futuresystems.org j-055.juliet.futuresystems.org j-062.juliet.futuresystems.org j-058.juliet.futuresystems.org j-054.juliet.futuresystems.org j-013.juliet.futuresystems.org 
17/03/17 04:43:45 INFO fileformat.MultiFileInputFormat: Total # of splits: 4
17/03/17 04:43:45 INFO mapreduce.JobSubmitter: number of splits:4
17/03/17 04:43:45 INFO mapreduce.JobSubmitter: Submitting tokens for job: job_1489165733656_0307
command: $JAVA_HOME/bin/java -Dlog4j.configuration=container-log4j.properties -Dyarn.app.container.log.dir=<LOG_DIR> -Dyarn.app.container.log.filesize=0 -Dhadoop.root.logger=INFO,CLA  -Xmx1024m org.apache.hadoop.mapreduce.v2.app.MapCollectiveAppMaster 1><LOG_DIR>/stdout 2><LOG_DIR>/stderr 
17/03/17 04:43:45 INFO impl.YarnClientImpl: Submitted application application_1489165733656_0307
17/03/17 04:43:45 INFO mapreduce.Job: The url to track the job: http://j-011:8088/proxy/application_1489165733656_0307/
17/03/17 04:43:45 INFO mapreduce.Job: Running job: job_1489165733656_0307
17/03/17 04:43:50 INFO mapreduce.Job: Job job_1489165733656_0307 running in uber mode : false
17/03/17 04:43:50 INFO mapreduce.Job:  map 0% reduce 0%
17/03/17 04:44:00 INFO mapreduce.Job:  map 100% reduce 0%
17/03/17 04:58:43 INFO mapreduce.Job: Job job_1489165733656_0307 completed successfully
17/03/17 04:58:43 INFO mapreduce.Job: Counters: 30
	File System Counters
		FILE: Number of bytes read=0
		FILE: Number of bytes written=425284
		FILE: Number of read operations=0
		FILE: Number of large read operations=0
		FILE: Number of write operations=0
		HDFS: Number of bytes read=2042808801
		HDFS: Number of bytes written=26
		HDFS: Number of read operations=32
		HDFS: Number of large read operations=0
		HDFS: Number of write operations=8
	Job Counters 
		Launched map tasks=4
		Other local map tasks=4
		Total time spent by all maps in occupied slots (ms)=3563813
		Total time spent by all reduces in occupied slots (ms)=0
		Total time spent by all map tasks (ms)=3563813
		Total vcore-seconds taken by all map tasks=3563813
		Total megabyte-seconds taken by all map tasks=3649344512
	Map-Reduce Framework
		Map input records=4
		Map output records=1
		Input split bytes=424
		Spilled Records=0
		Failed Shuffles=0
		Merged Map outputs=0
		GC time elapsed (ms)=99201
		CPU time spent (ms)=8578880
		Physical memory (bytes) snapshot=236611878912
		Virtual memory (bytes) snapshot=324560863232
		Total committed heap usage (bytes)=274877906944
	File Input Format Counters 
		Bytes Read=0
	File Output Format Counters 
		Bytes Written=26
900219ms
17/03/17 04:58:44 WARN util.NativeCodeLoader: Unable to load native-hadoop library for your platform... using builtin-java classes where applicable
finalCount	15740513533750
[The 2 times] Above experiment is: ./runHarpSgcr.sh /N/u/mengli/harp-sahad/experiments/template/u5-1.t sahad-data/nyc/nyc-u-cl0-4 sahad-output/nyc/nyc-u-cl0-4/40threads/2 4 40
17/03/17 04:58:46 WARN util.NativeCodeLoader: Unable to load native-hadoop library for your platform... using builtin-java classes where applicable
rm: `sahad-output/nyc/nyc-u-cl1-4/40threads/2': No such file or directory
use Local MultiThread? true
set Number of Map Tasks = 4
set number of threads: 40
17/03/17 04:58:48 WARN util.NativeCodeLoader: Unable to load native-hadoop library for your platform... using builtin-java classes where applicable
Get map collective runner
17/03/17 04:58:48 INFO client.RMProxy: Connecting to ResourceManager at j-011/172.16.0.11:8032
17/03/17 04:58:49 INFO input.FileInputFormat: Total input paths to process : 4
17/03/17 04:58:49 INFO fileformat.MultiFileInputFormat: NUMBER OF FILES: 4
17/03/17 04:58:49 INFO fileformat.MultiFileInputFormat: NUMBER OF MAPS: 4
17/03/17 04:58:49 INFO fileformat.MultiFileInputFormat: Split on host: j-056.juliet.futuresystems.org j-057.juliet.futuresystems.org j-053.juliet.futuresystems.org j-062.juliet.futuresystems.org j-065.juliet.futuresystems.org j-064.juliet.futuresystems.org 
17/03/17 04:58:49 INFO fileformat.MultiFileInputFormat: Split on host: j-061.juliet.futuresystems.org j-055.juliet.futuresystems.org j-053.juliet.futuresystems.org j-065.juliet.futuresystems.org j-064.juliet.futuresystems.org 
17/03/17 04:58:49 INFO fileformat.MultiFileInputFormat: Split on host: j-063.juliet.futuresystems.org j-059.juliet.futuresystems.org j-061.juliet.futuresystems.org j-057.juliet.futuresystems.org j-060.juliet.futuresystems.org j-054.juliet.futuresystems.org j-013.juliet.futuresystems.org 
17/03/17 04:58:49 INFO fileformat.MultiFileInputFormat: Split on host: j-066.juliet.futuresystems.org j-059.juliet.futuresystems.org j-061.juliet.futuresystems.org j-053.juliet.futuresystems.org j-012.juliet.futuresystems.org j-065.juliet.futuresystems.org j-064.juliet.futuresystems.org j-060.juliet.futuresystems.org j-056.juliet.futuresystems.org j-063.juliet.futuresystems.org j-055.juliet.futuresystems.org j-057.juliet.futuresystems.org j-062.juliet.futuresystems.org j-058.juliet.futuresystems.org j-054.juliet.futuresystems.org j-013.juliet.futuresystems.org 
17/03/17 04:58:49 INFO fileformat.MultiFileInputFormat: Total # of splits: 4
17/03/17 04:58:49 INFO mapreduce.JobSubmitter: number of splits:4
17/03/17 04:58:49 INFO mapreduce.JobSubmitter: Submitting tokens for job: job_1489165733656_0308
command: $JAVA_HOME/bin/java -Dlog4j.configuration=container-log4j.properties -Dyarn.app.container.log.dir=<LOG_DIR> -Dyarn.app.container.log.filesize=0 -Dhadoop.root.logger=INFO,CLA  -Xmx1024m org.apache.hadoop.mapreduce.v2.app.MapCollectiveAppMaster 1><LOG_DIR>/stdout 2><LOG_DIR>/stderr 
17/03/17 04:58:49 INFO impl.YarnClientImpl: Submitted application application_1489165733656_0308
17/03/17 04:58:49 INFO mapreduce.Job: The url to track the job: http://j-011:8088/proxy/application_1489165733656_0308/
17/03/17 04:58:49 INFO mapreduce.Job: Running job: job_1489165733656_0308
17/03/17 04:58:54 INFO mapreduce.Job: Job job_1489165733656_0308 running in uber mode : false
17/03/17 04:58:54 INFO mapreduce.Job:  map 0% reduce 0%
17/03/17 04:59:04 INFO mapreduce.Job:  map 100% reduce 0%
17/03/17 05:58:29 INFO mapreduce.Job: Job job_1489165733656_0308 completed successfully
17/03/17 05:58:29 INFO mapreduce.Job: Counters: 30
	File System Counters
		FILE: Number of bytes read=0
		FILE: Number of bytes written=425284
		FILE: Number of read operations=0
		FILE: Number of large read operations=0
		FILE: Number of write operations=0
		HDFS: Number of bytes read=2152362308
		HDFS: Number of bytes written=26
		HDFS: Number of read operations=32
		HDFS: Number of large read operations=0
		HDFS: Number of write operations=8
	Job Counters 
		Launched map tasks=4
		Other local map tasks=4
		Total time spent by all maps in occupied slots (ms)=14291745
		Total time spent by all reduces in occupied slots (ms)=0
		Total time spent by all map tasks (ms)=14291745
		Total vcore-seconds taken by all map tasks=14291745
		Total megabyte-seconds taken by all map tasks=14634746880
	Map-Reduce Framework
		Map input records=4
		Map output records=1
		Input split bytes=424
		Spilled Records=0
		Failed Shuffles=0
		Merged Map outputs=0
		GC time elapsed (ms)=118364
		CPU time spent (ms)=15953770
		Physical memory (bytes) snapshot=231843971072
		Virtual memory (bytes) snapshot=324566986752
		Total committed heap usage (bytes)=274877906944
	File Input Format Counters 
		Bytes Read=0
	File Output Format Counters 
		Bytes Written=26
3581972ms
17/03/17 05:58:30 WARN util.NativeCodeLoader: Unable to load native-hadoop library for your platform... using builtin-java classes where applicable
finalCount	16594925156536
[The 2 times] Above experiment is: ./runHarpSgcr.sh /N/u/mengli/harp-sahad/experiments/template/u5-1.t sahad-data/nyc/nyc-u-cl1-4 sahad-output/nyc/nyc-u-cl1-4/40threads/2 4 40
17/03/17 05:58:32 WARN util.NativeCodeLoader: Unable to load native-hadoop library for your platform... using builtin-java classes where applicable
rm: `sahad-output/nyc/nyc-u-cl2-4/40threads/2': No such file or directory
use Local MultiThread? true
set Number of Map Tasks = 4
set number of threads: 40
17/03/17 05:58:33 WARN util.NativeCodeLoader: Unable to load native-hadoop library for your platform... using builtin-java classes where applicable
Get map collective runner
17/03/17 05:58:34 INFO client.RMProxy: Connecting to ResourceManager at j-011/172.16.0.11:8032
17/03/17 05:58:34 INFO input.FileInputFormat: Total input paths to process : 4
17/03/17 05:58:34 INFO fileformat.MultiFileInputFormat: NUMBER OF FILES: 4
17/03/17 05:58:34 INFO fileformat.MultiFileInputFormat: NUMBER OF MAPS: 4
17/03/17 05:58:34 INFO fileformat.MultiFileInputFormat: Split on host: j-055.juliet.futuresystems.org j-057.juliet.futuresystems.org j-062.juliet.futuresystems.org j-065.juliet.futuresystems.org j-054.juliet.futuresystems.org j-013.juliet.futuresystems.org 
17/03/17 05:58:34 INFO fileformat.MultiFileInputFormat: Split on host: j-056.juliet.futuresystems.org j-059.juliet.futuresystems.org j-063.juliet.futuresystems.org j-065.juliet.futuresystems.org j-060.juliet.futuresystems.org 
17/03/17 05:58:34 INFO fileformat.MultiFileInputFormat: Split on host: j-059.juliet.futuresystems.org j-053.juliet.futuresystems.org j-062.juliet.futuresystems.org j-065.juliet.futuresystems.org j-064.juliet.futuresystems.org 
17/03/17 05:58:34 INFO fileformat.MultiFileInputFormat: Split on host: j-066.juliet.futuresystems.org j-059.juliet.futuresystems.org j-061.juliet.futuresystems.org j-053.juliet.futuresystems.org j-012.juliet.futuresystems.org j-065.juliet.futuresystems.org j-064.juliet.futuresystems.org j-060.juliet.futuresystems.org j-056.juliet.futuresystems.org j-063.juliet.futuresystems.org j-055.juliet.futuresystems.org j-057.juliet.futuresystems.org j-062.juliet.futuresystems.org j-058.juliet.futuresystems.org j-054.juliet.futuresystems.org j-013.juliet.futuresystems.org 
17/03/17 05:58:34 INFO fileformat.MultiFileInputFormat: Total # of splits: 4
17/03/17 05:58:35 INFO mapreduce.JobSubmitter: number of splits:4
17/03/17 05:58:35 INFO mapreduce.JobSubmitter: Submitting tokens for job: job_1489165733656_0309
command: $JAVA_HOME/bin/java -Dlog4j.configuration=container-log4j.properties -Dyarn.app.container.log.dir=<LOG_DIR> -Dyarn.app.container.log.filesize=0 -Dhadoop.root.logger=INFO,CLA  -Xmx1024m org.apache.hadoop.mapreduce.v2.app.MapCollectiveAppMaster 1><LOG_DIR>/stdout 2><LOG_DIR>/stderr 
17/03/17 05:58:35 INFO impl.YarnClientImpl: Submitted application application_1489165733656_0309
17/03/17 05:58:35 INFO mapreduce.Job: The url to track the job: http://j-011:8088/proxy/application_1489165733656_0309/
17/03/17 05:58:35 INFO mapreduce.Job: Running job: job_1489165733656_0309
17/03/17 05:58:40 INFO mapreduce.Job: Job job_1489165733656_0309 running in uber mode : false
17/03/17 05:58:40 INFO mapreduce.Job:  map 0% reduce 0%
17/03/17 05:58:50 INFO mapreduce.Job:  map 100% reduce 0%
17/03/17 07:19:37 INFO mapreduce.Job: Job job_1489165733656_0309 completed successfully
17/03/17 07:19:37 INFO mapreduce.Job: Counters: 30
	File System Counters
		FILE: Number of bytes read=0
		FILE: Number of bytes written=425284
		FILE: Number of read operations=0
		FILE: Number of large read operations=0
		FILE: Number of write operations=0
		HDFS: Number of bytes read=2263641042
		HDFS: Number of bytes written=26
		HDFS: Number of read operations=32
		HDFS: Number of large read operations=0
		HDFS: Number of write operations=8
	Job Counters 
		Launched map tasks=4
		Other local map tasks=4
		Total time spent by all maps in occupied slots (ms)=19418156
		Total time spent by all reduces in occupied slots (ms)=0
		Total time spent by all map tasks (ms)=19418156
		Total vcore-seconds taken by all map tasks=19418156
		Total megabyte-seconds taken by all map tasks=19884191744
	Map-Reduce Framework
		Map input records=4
		Map output records=1
		Input split bytes=424
		Spilled Records=0
		Failed Shuffles=0
		Merged Map outputs=0
		GC time elapsed (ms)=129225
		CPU time spent (ms)=20739300
		Physical memory (bytes) snapshot=250643562496
		Virtual memory (bytes) snapshot=324623192064
		Total committed heap usage (bytes)=274877906944
	File Input Format Counters 
		Bytes Read=0
	File Output Format Counters 
		Bytes Written=26
4864012ms
17/03/17 07:19:38 WARN util.NativeCodeLoader: Unable to load native-hadoop library for your platform... using builtin-java classes where applicable
finalCount	18108128017005
[The 2 times] Above experiment is: ./runHarpSgcr.sh /N/u/mengli/harp-sahad/experiments/template/u5-1.t sahad-data/nyc/nyc-u-cl2-4 sahad-output/nyc/nyc-u-cl2-4/40threads/2 4 40
17/03/17 07:19:40 WARN util.NativeCodeLoader: Unable to load native-hadoop library for your platform... using builtin-java classes where applicable
rm: `sahad-output/nyc/nyc-u-cl3-4/40threads/2': No such file or directory
use Local MultiThread? true
set Number of Map Tasks = 4
set number of threads: 40
17/03/17 07:19:41 WARN util.NativeCodeLoader: Unable to load native-hadoop library for your platform... using builtin-java classes where applicable
Get map collective runner
17/03/17 07:19:42 INFO client.RMProxy: Connecting to ResourceManager at j-011/172.16.0.11:8032
17/03/17 07:19:42 INFO input.FileInputFormat: Total input paths to process : 4
17/03/17 07:19:42 INFO fileformat.MultiFileInputFormat: NUMBER OF FILES: 4
17/03/17 07:19:42 INFO fileformat.MultiFileInputFormat: NUMBER OF MAPS: 4
17/03/17 07:19:42 INFO fileformat.MultiFileInputFormat: Split on host: j-066.juliet.futuresystems.org j-012.juliet.futuresystems.org j-065.juliet.futuresystems.org j-064.juliet.futuresystems.org j-058.juliet.futuresystems.org j-013.juliet.futuresystems.org 
17/03/17 07:19:42 INFO fileformat.MultiFileInputFormat: Split on host: j-066.juliet.futuresystems.org j-061.juliet.futuresystems.org j-057.juliet.futuresystems.org j-062.juliet.futuresystems.org j-058.juliet.futuresystems.org j-060.juliet.futuresystems.org 
17/03/17 07:19:42 INFO fileformat.MultiFileInputFormat: Split on host: j-066.juliet.futuresystems.org j-056.juliet.futuresystems.org j-059.juliet.futuresystems.org j-063.juliet.futuresystems.org j-061.juliet.futuresystems.org j-055.juliet.futuresystems.org j-058.juliet.futuresystems.org 
17/03/17 07:19:42 INFO fileformat.MultiFileInputFormat: Split on host: j-066.juliet.futuresystems.org j-059.juliet.futuresystems.org j-061.juliet.futuresystems.org j-053.juliet.futuresystems.org j-012.juliet.futuresystems.org j-065.juliet.futuresystems.org j-064.juliet.futuresystems.org j-060.juliet.futuresystems.org j-056.juliet.futuresystems.org j-063.juliet.futuresystems.org j-057.juliet.futuresystems.org j-055.juliet.futuresystems.org j-062.juliet.futuresystems.org j-058.juliet.futuresystems.org j-013.juliet.futuresystems.org j-054.juliet.futuresystems.org 
17/03/17 07:19:42 INFO fileformat.MultiFileInputFormat: Total # of splits: 4
17/03/17 07:19:42 INFO mapreduce.JobSubmitter: number of splits:4
17/03/17 07:19:42 INFO mapreduce.JobSubmitter: Submitting tokens for job: job_1489165733656_0310
command: $JAVA_HOME/bin/java -Dlog4j.configuration=container-log4j.properties -Dyarn.app.container.log.dir=<LOG_DIR> -Dyarn.app.container.log.filesize=0 -Dhadoop.root.logger=INFO,CLA  -Xmx1024m org.apache.hadoop.mapreduce.v2.app.MapCollectiveAppMaster 1><LOG_DIR>/stdout 2><LOG_DIR>/stderr 
17/03/17 07:19:43 INFO impl.YarnClientImpl: Submitted application application_1489165733656_0310
17/03/17 07:19:43 INFO mapreduce.Job: The url to track the job: http://j-011:8088/proxy/application_1489165733656_0310/
17/03/17 07:19:43 INFO mapreduce.Job: Running job: job_1489165733656_0310
17/03/17 07:19:48 INFO mapreduce.Job: Job job_1489165733656_0310 running in uber mode : false
17/03/17 07:19:48 INFO mapreduce.Job:  map 0% reduce 0%
17/03/17 07:19:58 INFO mapreduce.Job:  map 100% reduce 0%
17/03/17 08:49:55 INFO mapreduce.Job: Job job_1489165733656_0310 completed successfully
17/03/17 08:49:55 INFO mapreduce.Job: Counters: 30
	File System Counters
		FILE: Number of bytes read=0
		FILE: Number of bytes written=425284
		FILE: Number of read operations=0
		FILE: Number of large read operations=0
		FILE: Number of write operations=0
		HDFS: Number of bytes read=2376792997
		HDFS: Number of bytes written=26
		HDFS: Number of read operations=32
		HDFS: Number of large read operations=0
		HDFS: Number of write operations=8
	Job Counters 
		Launched map tasks=4
		Other local map tasks=4
		Total time spent by all maps in occupied slots (ms)=21618954
		Total time spent by all reduces in occupied slots (ms)=0
		Total time spent by all map tasks (ms)=21618954
		Total vcore-seconds taken by all map tasks=21618954
		Total megabyte-seconds taken by all map tasks=22137808896
	Map-Reduce Framework
		Map input records=4
		Map output records=1
		Input split bytes=424
		Spilled Records=0
		Failed Shuffles=0
		Merged Map outputs=0
		GC time elapsed (ms)=147334
		CPU time spent (ms)=24090440
		Physical memory (bytes) snapshot=255048929280
		Virtual memory (bytes) snapshot=324576477184
		Total committed heap usage (bytes)=274877906944
	File Input Format Counters 
		Bytes Read=0
	File Output Format Counters 
		Bytes Written=26
5414438ms
17/03/17 08:49:56 WARN util.NativeCodeLoader: Unable to load native-hadoop library for your platform... using builtin-java classes where applicable
finalCount	20129769777500
[The 2 times] Above experiment is: ./runHarpSgcr.sh /N/u/mengli/harp-sahad/experiments/template/u5-1.t sahad-data/nyc/nyc-u-cl3-4 sahad-output/nyc/nyc-u-cl3-4/40threads/2 4 40
17/03/17 08:49:58 WARN util.NativeCodeLoader: Unable to load native-hadoop library for your platform... using builtin-java classes where applicable
rm: `sahad-output/nyc/nyc-u-cl4-4/40threads/2': No such file or directory
use Local MultiThread? true
set Number of Map Tasks = 4
set number of threads: 40
17/03/17 08:49:59 WARN util.NativeCodeLoader: Unable to load native-hadoop library for your platform... using builtin-java classes where applicable
Get map collective runner
17/03/17 08:50:00 INFO client.RMProxy: Connecting to ResourceManager at j-011/172.16.0.11:8032
17/03/17 08:50:01 INFO input.FileInputFormat: Total input paths to process : 4
17/03/17 08:50:01 INFO fileformat.MultiFileInputFormat: NUMBER OF FILES: 4
17/03/17 08:50:01 INFO fileformat.MultiFileInputFormat: NUMBER OF MAPS: 4
17/03/17 08:50:01 INFO fileformat.MultiFileInputFormat: Split on host: j-056.juliet.futuresystems.org j-063.juliet.futuresystems.org j-053.juliet.futuresystems.org j-062.juliet.futuresystems.org j-064.juliet.futuresystems.org j-054.juliet.futuresystems.org 
17/03/17 08:50:01 INFO fileformat.MultiFileInputFormat: Split on host: j-066.juliet.futuresystems.org j-055.juliet.futuresystems.org j-012.juliet.futuresystems.org j-013.juliet.futuresystems.org 
17/03/17 08:50:01 INFO fileformat.MultiFileInputFormat: Split on host: j-066.juliet.futuresystems.org j-056.juliet.futuresystems.org j-059.juliet.futuresystems.org j-061.juliet.futuresystems.org j-055.juliet.futuresystems.org j-057.juliet.futuresystems.org j-012.juliet.futuresystems.org j-064.juliet.futuresystems.org 
17/03/17 08:50:01 INFO fileformat.MultiFileInputFormat: Split on host: j-066.juliet.futuresystems.org j-059.juliet.futuresystems.org j-061.juliet.futuresystems.org j-012.juliet.futuresystems.org j-053.juliet.futuresystems.org j-065.juliet.futuresystems.org j-060.juliet.futuresystems.org j-056.juliet.futuresystems.org j-063.juliet.futuresystems.org j-055.juliet.futuresystems.org j-057.juliet.futuresystems.org j-062.juliet.futuresystems.org j-058.juliet.futuresystems.org j-054.juliet.futuresystems.org j-013.juliet.futuresystems.org 
17/03/17 08:50:01 INFO fileformat.MultiFileInputFormat: Total # of splits: 4
17/03/17 08:50:01 INFO mapreduce.JobSubmitter: number of splits:4
17/03/17 08:50:01 INFO mapreduce.JobSubmitter: Submitting tokens for job: job_1489165733656_0311
command: $JAVA_HOME/bin/java -Dlog4j.configuration=container-log4j.properties -Dyarn.app.container.log.dir=<LOG_DIR> -Dyarn.app.container.log.filesize=0 -Dhadoop.root.logger=INFO,CLA  -Xmx1024m org.apache.hadoop.mapreduce.v2.app.MapCollectiveAppMaster 1><LOG_DIR>/stdout 2><LOG_DIR>/stderr 
17/03/17 08:50:01 INFO impl.YarnClientImpl: Submitted application application_1489165733656_0311
17/03/17 08:50:01 INFO mapreduce.Job: The url to track the job: http://j-011:8088/proxy/application_1489165733656_0311/
17/03/17 08:50:01 INFO mapreduce.Job: Running job: job_1489165733656_0311
17/03/17 08:50:06 INFO mapreduce.Job: Job job_1489165733656_0311 running in uber mode : false
17/03/17 08:50:06 INFO mapreduce.Job:  map 0% reduce 0%
17/03/17 08:50:16 INFO mapreduce.Job:  map 100% reduce 0%
17/03/17 10:25:24 INFO mapreduce.Job: Job job_1489165733656_0311 completed successfully
17/03/17 10:25:24 INFO mapreduce.Job: Counters: 30
	File System Counters
		FILE: Number of bytes read=0
		FILE: Number of bytes written=425284
		FILE: Number of read operations=0
		FILE: Number of large read operations=0
		FILE: Number of write operations=0
		HDFS: Number of bytes read=2491413821
		HDFS: Number of bytes written=26
		HDFS: Number of read operations=32
		HDFS: Number of large read operations=0
		HDFS: Number of write operations=8
	Job Counters 
		Launched map tasks=4
		Other local map tasks=4
		Total time spent by all maps in occupied slots (ms)=22863107
		Total time spent by all reduces in occupied slots (ms)=0
		Total time spent by all map tasks (ms)=22863107
		Total vcore-seconds taken by all map tasks=22863107
		Total megabyte-seconds taken by all map tasks=23411821568
	Map-Reduce Framework
		Map input records=4
		Map output records=1
		Input split bytes=424
		Spilled Records=0
		Failed Shuffles=0
		Merged Map outputs=0
		GC time elapsed (ms)=140329
		CPU time spent (ms)=25392870
		Physical memory (bytes) snapshot=235595341824
		Virtual memory (bytes) snapshot=324574412800
		Total committed heap usage (bytes)=274893111296
	File Input Format Counters 
		Bytes Read=0
	File Output Format Counters 
		Bytes Written=26
5724801ms
17/03/17 10:25:25 WARN util.NativeCodeLoader: Unable to load native-hadoop library for your platform... using builtin-java classes where applicable
finalCount	22620181861328
[The 2 times] Above experiment is: ./runHarpSgcr.sh /N/u/mengli/harp-sahad/experiments/template/u5-1.t sahad-data/nyc/nyc-u-cl4-4 sahad-output/nyc/nyc-u-cl4-4/40threads/2 4 40
