use Local MultiThread? true
set Number of Map Tasks = 4
set number of threads: 40
17/03/31 11:43:50 WARN util.NativeCodeLoader: Unable to load native-hadoop library for your platform... using builtin-java classes where applicable
Get map collective runner
17/03/31 11:43:50 INFO client.RMProxy: Connecting to ResourceManager at j-011/172.16.0.11:8032
17/03/31 11:43:51 INFO input.FileInputFormat: Total input paths to process : 4
17/03/31 11:43:51 INFO fileformat.MultiFileInputFormat: NUMBER OF FILES: 4
17/03/31 11:43:51 INFO fileformat.MultiFileInputFormat: NUMBER OF MAPS: 4
17/03/31 11:43:51 INFO fileformat.MultiFileInputFormat: Split on host: j-066.juliet.futuresystems.org j-059.juliet.futuresystems.org j-061.juliet.futuresystems.org j-053.juliet.futuresystems.org j-012.juliet.futuresystems.org j-065.juliet.futuresystems.org j-064.juliet.futuresystems.org j-056.juliet.futuresystems.org j-063.juliet.futuresystems.org j-055.juliet.futuresystems.org j-057.juliet.futuresystems.org j-062.juliet.futuresystems.org j-058.juliet.futuresystems.org j-013.juliet.futuresystems.org j-054.juliet.futuresystems.org 
17/03/31 11:43:51 INFO fileformat.MultiFileInputFormat: Split on host: j-066.juliet.futuresystems.org j-059.juliet.futuresystems.org j-061.juliet.futuresystems.org j-053.juliet.futuresystems.org j-012.juliet.futuresystems.org j-065.juliet.futuresystems.org j-064.juliet.futuresystems.org j-060.juliet.futuresystems.org j-056.juliet.futuresystems.org j-055.juliet.futuresystems.org j-057.juliet.futuresystems.org j-062.juliet.futuresystems.org j-058.juliet.futuresystems.org j-013.juliet.futuresystems.org j-054.juliet.futuresystems.org 
17/03/31 11:43:51 INFO fileformat.MultiFileInputFormat: Split on host: j-066.juliet.futuresystems.org j-059.juliet.futuresystems.org j-061.juliet.futuresystems.org j-053.juliet.futuresystems.org j-012.juliet.futuresystems.org j-065.juliet.futuresystems.org j-060.juliet.futuresystems.org j-056.juliet.futuresystems.org j-063.juliet.futuresystems.org j-055.juliet.futuresystems.org j-057.juliet.futuresystems.org j-062.juliet.futuresystems.org j-058.juliet.futuresystems.org j-054.juliet.futuresystems.org j-013.juliet.futuresystems.org 
17/03/31 11:43:51 INFO fileformat.MultiFileInputFormat: Split on host: j-066.juliet.futuresystems.org j-059.juliet.futuresystems.org j-061.juliet.futuresystems.org j-053.juliet.futuresystems.org j-012.juliet.futuresystems.org j-065.juliet.futuresystems.org j-064.juliet.futuresystems.org j-056.juliet.futuresystems.org j-063.juliet.futuresystems.org j-055.juliet.futuresystems.org j-057.juliet.futuresystems.org j-062.juliet.futuresystems.org j-058.juliet.futuresystems.org j-054.juliet.futuresystems.org j-013.juliet.futuresystems.org 
17/03/31 11:43:51 INFO fileformat.MultiFileInputFormat: Total # of splits: 4
17/03/31 11:43:51 INFO mapreduce.JobSubmitter: number of splits:4
17/03/31 11:43:51 INFO mapreduce.JobSubmitter: Submitting tokens for job: job_1490816615146_0037
command: $JAVA_HOME/bin/java -Dlog4j.configuration=container-log4j.properties -Dyarn.app.container.log.dir=<LOG_DIR> -Dyarn.app.container.log.filesize=0 -Dhadoop.root.logger=INFO,CLA  -Xmx1024m org.apache.hadoop.mapreduce.v2.app.MapCollectiveAppMaster 1><LOG_DIR>/stdout 2><LOG_DIR>/stderr 
17/03/31 11:43:51 INFO impl.YarnClientImpl: Submitted application application_1490816615146_0037
17/03/31 11:43:51 INFO mapreduce.Job: The url to track the job: http://j-011:8088/proxy/application_1490816615146_0037/
17/03/31 11:43:51 INFO mapreduce.Job: Running job: job_1490816615146_0037
17/03/31 11:43:56 INFO mapreduce.Job: Job job_1490816615146_0037 running in uber mode : false
17/03/31 11:43:56 INFO mapreduce.Job:  map 0% reduce 0%
17/03/31 11:44:06 INFO mapreduce.Job:  map 25% reduce 0%
17/03/31 11:44:07 INFO mapreduce.Job:  map 100% reduce 0%
17/03/31 12:25:23 INFO mapreduce.Job: Job job_1490816615146_0037 completed successfully
17/03/31 12:25:23 INFO mapreduce.Job: Counters: 30
	File System Counters
		FILE: Number of bytes read=0
		FILE: Number of bytes written=425252
		FILE: Number of read operations=0
		FILE: Number of large read operations=0
		FILE: Number of write operations=0
		HDFS: Number of bytes read=8237093851
		HDFS: Number of bytes written=23
		HDFS: Number of read operations=32
		HDFS: Number of large read operations=0
		HDFS: Number of write operations=8
	Job Counters 
		Launched map tasks=4
		Other local map tasks=4
		Total time spent by all maps in occupied slots (ms)=9936560
		Total time spent by all reduces in occupied slots (ms)=0
		Total time spent by all map tasks (ms)=9936560
		Total vcore-seconds taken by all map tasks=9936560
		Total megabyte-seconds taken by all map tasks=10175037440
	Map-Reduce Framework
		Map input records=4
		Map output records=1
		Input split bytes=424
		Spilled Records=0
		Failed Shuffles=0
		Merged Map outputs=0
		GC time elapsed (ms)=187375
		CPU time spent (ms)=28217170
		Physical memory (bytes) snapshot=277449539584
		Virtual memory (bytes) snapshot=324610293760
		Total committed heap usage (bytes)=274877906944
	File Input Format Counters 
		Bytes Read=0
	File Output Format Counters 
		Bytes Written=23
2493967ms
17/03/31 12:25:24 WARN util.NativeCodeLoader: Unable to load native-hadoop library for your platform... using builtin-java classes where applicable
finalCount	38327654416
[The 1 times] Above experiment is: ./runHarpSgcr2.sh /N/u/mengli/harp-sahad/experiments/template/u3-1.t sahad-data/nyc/nyc-u-d-4 sahad-output/nyc/nyc-u-d-4/40threads/1 4 40
use Local MultiThread? true
set Number of Map Tasks = 8
set number of threads: 40
17/03/31 12:25:26 WARN util.NativeCodeLoader: Unable to load native-hadoop library for your platform... using builtin-java classes where applicable
Get map collective runner
17/03/31 12:25:26 INFO client.RMProxy: Connecting to ResourceManager at j-011/172.16.0.11:8032
17/03/31 12:25:27 INFO input.FileInputFormat: Total input paths to process : 8
17/03/31 12:25:27 INFO fileformat.MultiFileInputFormat: NUMBER OF FILES: 8
17/03/31 12:25:27 INFO fileformat.MultiFileInputFormat: NUMBER OF MAPS: 8
17/03/31 12:25:27 INFO fileformat.MultiFileInputFormat: Split on host: j-066.juliet.futuresystems.org j-059.juliet.futuresystems.org j-061.juliet.futuresystems.org j-012.juliet.futuresystems.org j-065.juliet.futuresystems.org j-064.juliet.futuresystems.org j-060.juliet.futuresystems.org j-056.juliet.futuresystems.org j-063.juliet.futuresystems.org j-055.juliet.futuresystems.org j-062.juliet.futuresystems.org j-013.juliet.futuresystems.org j-054.juliet.futuresystems.org 
17/03/31 12:25:27 INFO fileformat.MultiFileInputFormat: Split on host: j-066.juliet.futuresystems.org j-059.juliet.futuresystems.org j-053.juliet.futuresystems.org j-012.juliet.futuresystems.org j-065.juliet.futuresystems.org j-064.juliet.futuresystems.org j-060.juliet.futuresystems.org j-056.juliet.futuresystems.org j-063.juliet.futuresystems.org j-055.juliet.futuresystems.org j-057.juliet.futuresystems.org j-062.juliet.futuresystems.org j-058.juliet.futuresystems.org j-013.juliet.futuresystems.org j-054.juliet.futuresystems.org 
17/03/31 12:25:27 INFO fileformat.MultiFileInputFormat: Split on host: j-066.juliet.futuresystems.org j-059.juliet.futuresystems.org j-012.juliet.futuresystems.org j-053.juliet.futuresystems.org j-065.juliet.futuresystems.org j-060.juliet.futuresystems.org j-056.juliet.futuresystems.org j-063.juliet.futuresystems.org j-057.juliet.futuresystems.org j-055.juliet.futuresystems.org j-062.juliet.futuresystems.org j-054.juliet.futuresystems.org j-013.juliet.futuresystems.org 
17/03/31 12:25:27 INFO fileformat.MultiFileInputFormat: Split on host: j-059.juliet.futuresystems.org j-061.juliet.futuresystems.org j-053.juliet.futuresystems.org j-012.juliet.futuresystems.org j-064.juliet.futuresystems.org j-060.juliet.futuresystems.org j-056.juliet.futuresystems.org j-063.juliet.futuresystems.org j-057.juliet.futuresystems.org j-055.juliet.futuresystems.org j-062.juliet.futuresystems.org j-058.juliet.futuresystems.org j-054.juliet.futuresystems.org j-013.juliet.futuresystems.org 
17/03/31 12:25:27 INFO fileformat.MultiFileInputFormat: Split on host: j-059.juliet.futuresystems.org j-061.juliet.futuresystems.org j-053.juliet.futuresystems.org j-012.juliet.futuresystems.org j-065.juliet.futuresystems.org j-060.juliet.futuresystems.org j-063.juliet.futuresystems.org j-057.juliet.futuresystems.org j-055.juliet.futuresystems.org j-062.juliet.futuresystems.org j-058.juliet.futuresystems.org j-013.juliet.futuresystems.org j-054.juliet.futuresystems.org 
17/03/31 12:25:27 INFO fileformat.MultiFileInputFormat: Split on host: j-066.juliet.futuresystems.org j-059.juliet.futuresystems.org j-061.juliet.futuresystems.org j-053.juliet.futuresystems.org j-012.juliet.futuresystems.org j-065.juliet.futuresystems.org j-064.juliet.futuresystems.org j-060.juliet.futuresystems.org j-056.juliet.futuresystems.org j-063.juliet.futuresystems.org j-055.juliet.futuresystems.org j-057.juliet.futuresystems.org j-062.juliet.futuresystems.org j-058.juliet.futuresystems.org j-013.juliet.futuresystems.org j-054.juliet.futuresystems.org 
17/03/31 12:25:27 INFO fileformat.MultiFileInputFormat: Split on host: j-066.juliet.futuresystems.org j-059.juliet.futuresystems.org j-012.juliet.futuresystems.org j-053.juliet.futuresystems.org j-065.juliet.futuresystems.org j-060.juliet.futuresystems.org j-056.juliet.futuresystems.org j-063.juliet.futuresystems.org j-055.juliet.futuresystems.org j-057.juliet.futuresystems.org j-062.juliet.futuresystems.org j-058.juliet.futuresystems.org j-013.juliet.futuresystems.org j-054.juliet.futuresystems.org 
17/03/31 12:25:27 INFO fileformat.MultiFileInputFormat: Split on host: j-066.juliet.futuresystems.org j-059.juliet.futuresystems.org j-061.juliet.futuresystems.org j-012.juliet.futuresystems.org j-053.juliet.futuresystems.org j-065.juliet.futuresystems.org j-064.juliet.futuresystems.org j-060.juliet.futuresystems.org j-056.juliet.futuresystems.org j-063.juliet.futuresystems.org j-055.juliet.futuresystems.org j-058.juliet.futuresystems.org j-054.juliet.futuresystems.org j-013.juliet.futuresystems.org 
17/03/31 12:25:27 INFO fileformat.MultiFileInputFormat: Total # of splits: 8
17/03/31 12:25:27 INFO mapreduce.JobSubmitter: number of splits:8
17/03/31 12:25:27 INFO mapreduce.JobSubmitter: Submitting tokens for job: job_1490816615146_0038
command: $JAVA_HOME/bin/java -Dlog4j.configuration=container-log4j.properties -Dyarn.app.container.log.dir=<LOG_DIR> -Dyarn.app.container.log.filesize=0 -Dhadoop.root.logger=INFO,CLA  -Xmx1024m org.apache.hadoop.mapreduce.v2.app.MapCollectiveAppMaster 1><LOG_DIR>/stdout 2><LOG_DIR>/stderr 
17/03/31 12:25:27 INFO impl.YarnClientImpl: Submitted application application_1490816615146_0038
17/03/31 12:25:27 INFO mapreduce.Job: The url to track the job: http://j-011:8088/proxy/application_1490816615146_0038/
17/03/31 12:25:27 INFO mapreduce.Job: Running job: job_1490816615146_0038
17/03/31 12:25:33 INFO mapreduce.Job: Job job_1490816615146_0038 running in uber mode : false
17/03/31 12:25:33 INFO mapreduce.Job:  map 0% reduce 0%
17/03/31 12:25:43 INFO mapreduce.Job:  map 100% reduce 0%
17/03/31 12:44:52 INFO mapreduce.Job: Job job_1490816615146_0038 completed successfully
17/03/31 12:44:52 INFO mapreduce.Job: Counters: 30
	File System Counters
		FILE: Number of bytes read=0
		FILE: Number of bytes written=850504
		FILE: Number of read operations=0
		FILE: Number of large read operations=0
		FILE: Number of write operations=0
		HDFS: Number of bytes read=8237096063
		HDFS: Number of bytes written=23
		HDFS: Number of read operations=64
		HDFS: Number of large read operations=0
		HDFS: Number of write operations=16
	Job Counters 
		Launched map tasks=8
		Other local map tasks=8
		Total time spent by all maps in occupied slots (ms)=9251038
		Total time spent by all reduces in occupied slots (ms)=0
		Total time spent by all map tasks (ms)=9251038
		Total vcore-seconds taken by all map tasks=9251038
		Total megabyte-seconds taken by all map tasks=9473062912
	Map-Reduce Framework
		Map input records=8
		Map output records=1
		Input split bytes=848
		Spilled Records=0
		Failed Shuffles=0
		Merged Map outputs=0
		GC time elapsed (ms)=150286
		CPU time spent (ms)=30631820
		Physical memory (bytes) snapshot=361656025088
		Virtual memory (bytes) snapshot=649113731072
		Total committed heap usage (bytes)=549755813888
	File Input Format Counters 
		Bytes Read=0
	File Output Format Counters 
		Bytes Written=23
1166813ms
17/03/31 12:44:53 WARN util.NativeCodeLoader: Unable to load native-hadoop library for your platform... using builtin-java classes where applicable
finalCount	38327654416
[The 1 times] Above experiment is: ./runHarpSgcr2.sh /N/u/mengli/harp-sahad/experiments/template/u3-1.t sahad-data/nyc/nyc-u-d-8 sahad-output/nyc/nyc-u-d-8/40threads/1 8 40
use Local MultiThread? true
set Number of Map Tasks = 16
set number of threads: 40
17/03/31 12:44:55 WARN util.NativeCodeLoader: Unable to load native-hadoop library for your platform... using builtin-java classes where applicable
Get map collective runner
17/03/31 12:44:55 INFO client.RMProxy: Connecting to ResourceManager at j-011/172.16.0.11:8032
17/03/31 12:44:56 INFO input.FileInputFormat: Total input paths to process : 16
17/03/31 12:44:56 INFO fileformat.MultiFileInputFormat: NUMBER OF FILES: 16
17/03/31 12:44:56 INFO fileformat.MultiFileInputFormat: NUMBER OF MAPS: 16
17/03/31 12:44:56 INFO fileformat.MultiFileInputFormat: Split on host: j-066.juliet.futuresystems.org j-061.juliet.futuresystems.org j-055.juliet.futuresystems.org j-057.juliet.futuresystems.org j-053.juliet.futuresystems.org j-012.juliet.futuresystems.org j-065.juliet.futuresystems.org j-064.juliet.futuresystems.org j-058.juliet.futuresystems.org 
17/03/31 12:44:56 INFO fileformat.MultiFileInputFormat: Split on host: j-056.juliet.futuresystems.org j-066.juliet.futuresystems.org j-063.juliet.futuresystems.org j-061.juliet.futuresystems.org j-057.juliet.futuresystems.org j-055.juliet.futuresystems.org j-065.juliet.futuresystems.org j-064.juliet.futuresystems.org j-058.juliet.futuresystems.org j-054.juliet.futuresystems.org 
17/03/31 12:44:56 INFO fileformat.MultiFileInputFormat: Split on host: j-061.juliet.futuresystems.org j-055.juliet.futuresystems.org j-012.juliet.futuresystems.org j-053.juliet.futuresystems.org j-062.juliet.futuresystems.org j-065.juliet.futuresystems.org j-064.juliet.futuresystems.org j-060.juliet.futuresystems.org j-054.juliet.futuresystems.org 
17/03/31 12:44:56 INFO fileformat.MultiFileInputFormat: Split on host: j-056.juliet.futuresystems.org j-066.juliet.futuresystems.org j-059.juliet.futuresystems.org j-063.juliet.futuresystems.org j-061.juliet.futuresystems.org j-057.juliet.futuresystems.org j-012.juliet.futuresystems.org j-062.juliet.futuresystems.org j-065.juliet.futuresystems.org j-064.juliet.futuresystems.org j-054.juliet.futuresystems.org j-013.juliet.futuresystems.org 
17/03/31 12:44:56 INFO fileformat.MultiFileInputFormat: Split on host: j-056.juliet.futuresystems.org j-059.juliet.futuresystems.org j-063.juliet.futuresystems.org j-055.juliet.futuresystems.org j-057.juliet.futuresystems.org j-012.juliet.futuresystems.org j-065.juliet.futuresystems.org j-060.juliet.futuresystems.org j-013.juliet.futuresystems.org 
17/03/31 12:44:56 INFO fileformat.MultiFileInputFormat: Split on host: j-066.juliet.futuresystems.org j-063.juliet.futuresystems.org j-059.juliet.futuresystems.org j-061.juliet.futuresystems.org j-055.juliet.futuresystems.org j-053.juliet.futuresystems.org j-060.juliet.futuresystems.org j-054.juliet.futuresystems.org j-013.juliet.futuresystems.org 
17/03/31 12:44:56 INFO fileformat.MultiFileInputFormat: Split on host: j-066.juliet.futuresystems.org j-056.juliet.futuresystems.org j-061.juliet.futuresystems.org j-057.juliet.futuresystems.org j-053.juliet.futuresystems.org j-012.juliet.futuresystems.org j-062.juliet.futuresystems.org j-065.juliet.futuresystems.org j-058.juliet.futuresystems.org j-060.juliet.futuresystems.org j-013.juliet.futuresystems.org 
17/03/31 12:44:56 INFO fileformat.MultiFileInputFormat: Split on host: j-056.juliet.futuresystems.org j-063.juliet.futuresystems.org j-061.juliet.futuresystems.org j-057.juliet.futuresystems.org j-053.juliet.futuresystems.org j-012.juliet.futuresystems.org j-065.juliet.futuresystems.org j-064.juliet.futuresystems.org j-058.juliet.futuresystems.org j-060.juliet.futuresystems.org j-013.juliet.futuresystems.org j-054.juliet.futuresystems.org 
17/03/31 12:44:56 INFO fileformat.MultiFileInputFormat: Split on host: j-056.juliet.futuresystems.org j-066.juliet.futuresystems.org j-063.juliet.futuresystems.org j-061.juliet.futuresystems.org j-057.juliet.futuresystems.org j-055.juliet.futuresystems.org j-053.juliet.futuresystems.org j-062.juliet.futuresystems.org j-065.juliet.futuresystems.org j-013.juliet.futuresystems.org j-054.juliet.futuresystems.org 
17/03/31 12:44:56 INFO fileformat.MultiFileInputFormat: Split on host: j-063.juliet.futuresystems.org j-061.juliet.futuresystems.org j-057.juliet.futuresystems.org j-055.juliet.futuresystems.org j-012.juliet.futuresystems.org j-053.juliet.futuresystems.org j-058.juliet.futuresystems.org j-013.juliet.futuresystems.org j-054.juliet.futuresystems.org 
17/03/31 12:44:56 INFO fileformat.MultiFileInputFormat: Split on host: j-066.juliet.futuresystems.org j-063.juliet.futuresystems.org j-059.juliet.futuresystems.org j-055.juliet.futuresystems.org j-057.juliet.futuresystems.org j-012.juliet.futuresystems.org j-064.juliet.futuresystems.org j-058.juliet.futuresystems.org j-060.juliet.futuresystems.org 
17/03/31 12:44:56 INFO fileformat.MultiFileInputFormat: Split on host: j-066.juliet.futuresystems.org j-059.juliet.futuresystems.org j-061.juliet.futuresystems.org j-057.juliet.futuresystems.org j-055.juliet.futuresystems.org j-012.juliet.futuresystems.org j-062.juliet.futuresystems.org j-065.juliet.futuresystems.org j-064.juliet.futuresystems.org j-058.juliet.futuresystems.org j-013.juliet.futuresystems.org 
17/03/31 12:44:56 INFO fileformat.MultiFileInputFormat: Split on host: j-063.juliet.futuresystems.org j-057.juliet.futuresystems.org j-055.juliet.futuresystems.org j-053.juliet.futuresystems.org j-012.juliet.futuresystems.org j-064.juliet.futuresystems.org j-013.juliet.futuresystems.org j-054.juliet.futuresystems.org 
17/03/31 12:44:56 INFO fileformat.MultiFileInputFormat: Split on host: j-056.juliet.futuresystems.org j-066.juliet.futuresystems.org j-063.juliet.futuresystems.org j-061.juliet.futuresystems.org j-057.juliet.futuresystems.org j-012.juliet.futuresystems.org j-053.juliet.futuresystems.org j-062.juliet.futuresystems.org j-065.juliet.futuresystems.org 
17/03/31 12:44:56 INFO fileformat.MultiFileInputFormat: Split on host: j-056.juliet.futuresystems.org j-066.juliet.futuresystems.org j-059.juliet.futuresystems.org j-055.juliet.futuresystems.org j-057.juliet.futuresystems.org j-012.juliet.futuresystems.org j-064.juliet.futuresystems.org j-058.juliet.futuresystems.org j-060.juliet.futuresystems.org 
17/03/31 12:44:56 INFO fileformat.MultiFileInputFormat: Split on host: j-066.juliet.futuresystems.org j-059.juliet.futuresystems.org j-057.juliet.futuresystems.org j-053.juliet.futuresystems.org j-062.juliet.futuresystems.org j-065.juliet.futuresystems.org j-060.juliet.futuresystems.org j-013.juliet.futuresystems.org 
17/03/31 12:44:56 INFO fileformat.MultiFileInputFormat: Total # of splits: 16
17/03/31 12:44:56 INFO mapreduce.JobSubmitter: number of splits:16
17/03/31 12:44:56 INFO mapreduce.JobSubmitter: Submitting tokens for job: job_1490816615146_0039
command: $JAVA_HOME/bin/java -Dlog4j.configuration=container-log4j.properties -Dyarn.app.container.log.dir=<LOG_DIR> -Dyarn.app.container.log.filesize=0 -Dhadoop.root.logger=INFO,CLA  -Xmx1024m org.apache.hadoop.mapreduce.v2.app.MapCollectiveAppMaster 1><LOG_DIR>/stdout 2><LOG_DIR>/stderr 
17/03/31 12:44:56 INFO impl.YarnClientImpl: Submitted application application_1490816615146_0039
17/03/31 12:44:56 INFO mapreduce.Job: The url to track the job: http://j-011:8088/proxy/application_1490816615146_0039/
17/03/31 12:44:56 INFO mapreduce.Job: Running job: job_1490816615146_0039
17/03/31 12:45:01 INFO mapreduce.Job: Job job_1490816615146_0039 running in uber mode : false
17/03/31 12:45:01 INFO mapreduce.Job:  map 0% reduce 0%
17/03/31 12:45:12 INFO mapreduce.Job:  map 88% reduce 0%
17/03/31 12:45:13 INFO mapreduce.Job:  map 100% reduce 0%
17/03/31 13:02:20 INFO mapreduce.Job: Job job_1490816615146_0039 completed successfully
17/03/31 13:02:20 INFO mapreduce.Job: Counters: 30
	File System Counters
		FILE: Number of bytes read=0
		FILE: Number of bytes written=1701110
		FILE: Number of read operations=0
		FILE: Number of large read operations=0
		FILE: Number of write operations=0
		HDFS: Number of bytes read=8237104253
		HDFS: Number of bytes written=23
		HDFS: Number of read operations=128
		HDFS: Number of large read operations=0
		HDFS: Number of write operations=32
	Job Counters 
		Launched map tasks=16
		Other local map tasks=16
		Total time spent by all maps in occupied slots (ms)=16558653
		Total time spent by all reduces in occupied slots (ms)=0
		Total time spent by all map tasks (ms)=16558653
		Total vcore-seconds taken by all map tasks=16558653
		Total megabyte-seconds taken by all map tasks=16956060672
	Map-Reduce Framework
		Map input records=16
		Map output records=1
		Input split bytes=1718
		Spilled Records=0
		Failed Shuffles=0
		Merged Map outputs=0
		GC time elapsed (ms)=253169
		CPU time spent (ms)=46721510
		Physical memory (bytes) snapshot=543340740608
		Virtual memory (bytes) snapshot=1298316787712
		Total committed heap usage (bytes)=1124064034816
	File Input Format Counters 
		Bytes Read=0
	File Output Format Counters 
		Bytes Written=23
1045300ms
17/03/31 13:02:21 WARN util.NativeCodeLoader: Unable to load native-hadoop library for your platform... using builtin-java classes where applicable
finalCount	38327654416
[The 1 times] Above experiment is: ./runHarpSgcr2.sh /N/u/mengli/harp-sahad/experiments/template/u3-1.t sahad-data/nyc/nyc-u-d-16 sahad-output/nyc/nyc-u-d-16/40threads/1 16 40
use Local MultiThread? true
set Number of Map Tasks = 4
set number of threads: 40
17/03/31 13:02:22 WARN util.NativeCodeLoader: Unable to load native-hadoop library for your platform... using builtin-java classes where applicable
Get map collective runner
17/03/31 13:02:23 INFO client.RMProxy: Connecting to ResourceManager at j-011/172.16.0.11:8032
17/03/31 13:02:24 INFO input.FileInputFormat: Total input paths to process : 4
17/03/31 13:02:24 INFO fileformat.MultiFileInputFormat: NUMBER OF FILES: 4
17/03/31 13:02:24 INFO fileformat.MultiFileInputFormat: NUMBER OF MAPS: 4
17/03/31 13:02:24 INFO fileformat.MultiFileInputFormat: Split on host: j-066.juliet.futuresystems.org j-059.juliet.futuresystems.org j-061.juliet.futuresystems.org j-053.juliet.futuresystems.org j-012.juliet.futuresystems.org j-065.juliet.futuresystems.org j-064.juliet.futuresystems.org j-056.juliet.futuresystems.org j-063.juliet.futuresystems.org j-055.juliet.futuresystems.org j-057.juliet.futuresystems.org j-062.juliet.futuresystems.org j-058.juliet.futuresystems.org j-013.juliet.futuresystems.org j-054.juliet.futuresystems.org 
17/03/31 13:02:24 INFO fileformat.MultiFileInputFormat: Split on host: j-066.juliet.futuresystems.org j-059.juliet.futuresystems.org j-061.juliet.futuresystems.org j-053.juliet.futuresystems.org j-012.juliet.futuresystems.org j-065.juliet.futuresystems.org j-064.juliet.futuresystems.org j-060.juliet.futuresystems.org j-056.juliet.futuresystems.org j-055.juliet.futuresystems.org j-057.juliet.futuresystems.org j-062.juliet.futuresystems.org j-058.juliet.futuresystems.org j-013.juliet.futuresystems.org j-054.juliet.futuresystems.org 
17/03/31 13:02:24 INFO fileformat.MultiFileInputFormat: Split on host: j-066.juliet.futuresystems.org j-059.juliet.futuresystems.org j-061.juliet.futuresystems.org j-053.juliet.futuresystems.org j-012.juliet.futuresystems.org j-065.juliet.futuresystems.org j-060.juliet.futuresystems.org j-056.juliet.futuresystems.org j-063.juliet.futuresystems.org j-055.juliet.futuresystems.org j-057.juliet.futuresystems.org j-062.juliet.futuresystems.org j-058.juliet.futuresystems.org j-054.juliet.futuresystems.org j-013.juliet.futuresystems.org 
17/03/31 13:02:24 INFO fileformat.MultiFileInputFormat: Split on host: j-066.juliet.futuresystems.org j-059.juliet.futuresystems.org j-061.juliet.futuresystems.org j-053.juliet.futuresystems.org j-012.juliet.futuresystems.org j-065.juliet.futuresystems.org j-064.juliet.futuresystems.org j-056.juliet.futuresystems.org j-063.juliet.futuresystems.org j-055.juliet.futuresystems.org j-057.juliet.futuresystems.org j-062.juliet.futuresystems.org j-058.juliet.futuresystems.org j-054.juliet.futuresystems.org j-013.juliet.futuresystems.org 
17/03/31 13:02:24 INFO fileformat.MultiFileInputFormat: Total # of splits: 4
17/03/31 13:02:24 INFO mapreduce.JobSubmitter: number of splits:4
17/03/31 13:02:24 INFO mapreduce.JobSubmitter: Submitting tokens for job: job_1490816615146_0040
command: $JAVA_HOME/bin/java -Dlog4j.configuration=container-log4j.properties -Dyarn.app.container.log.dir=<LOG_DIR> -Dyarn.app.container.log.filesize=0 -Dhadoop.root.logger=INFO,CLA  -Xmx1024m org.apache.hadoop.mapreduce.v2.app.MapCollectiveAppMaster 1><LOG_DIR>/stdout 2><LOG_DIR>/stderr 
17/03/31 13:02:24 INFO impl.YarnClientImpl: Submitted application application_1490816615146_0040
17/03/31 13:02:24 INFO mapreduce.Job: The url to track the job: http://j-011:8088/proxy/application_1490816615146_0040/
17/03/31 13:02:24 INFO mapreduce.Job: Running job: job_1490816615146_0040
17/03/31 13:02:29 INFO mapreduce.Job: Job job_1490816615146_0040 running in uber mode : false
17/03/31 13:02:29 INFO mapreduce.Job:  map 0% reduce 0%
17/03/31 13:02:39 INFO mapreduce.Job:  map 100% reduce 0%
17/03/31 14:20:05 INFO mapreduce.Job: Job job_1490816615146_0040 completed successfully
17/03/31 14:20:05 INFO mapreduce.Job: Counters: 30
	File System Counters
		FILE: Number of bytes read=0
		FILE: Number of bytes written=425252
		FILE: Number of read operations=0
		FILE: Number of large read operations=0
		FILE: Number of write operations=0
		HDFS: Number of bytes read=8237093851
		HDFS: Number of bytes written=27
		HDFS: Number of read operations=32
		HDFS: Number of large read operations=0
		HDFS: Number of write operations=8
	Job Counters 
		Launched map tasks=4
		Other local map tasks=4
		Total time spent by all maps in occupied slots (ms)=18613652
		Total time spent by all reduces in occupied slots (ms)=0
		Total time spent by all map tasks (ms)=18613652
		Total vcore-seconds taken by all map tasks=18613652
		Total megabyte-seconds taken by all map tasks=19060379648
	Map-Reduce Framework
		Map input records=4
		Map output records=1
		Input split bytes=424
		Spilled Records=0
		Failed Shuffles=0
		Merged Map outputs=0
		GC time elapsed (ms)=1571100
		CPU time spent (ms)=92206300
		Physical memory (bytes) snapshot=309272334336
		Virtual memory (bytes) snapshot=324599189504
		Total committed heap usage (bytes)=281494945792
	File Input Format Counters 
		Bytes Read=0
	File Output Format Counters 
		Bytes Written=27
4663212ms
17/03/31 14:20:06 WARN util.NativeCodeLoader: Unable to load native-hadoop library for your platform... using builtin-java classes where applicable
finalCount	279889912904765
[The 1 times] Above experiment is: ./runHarpSgcr2.sh /N/u/mengli/harp-sahad/experiments/template/u5-1.t sahad-data/nyc/nyc-u-d-4 sahad-output/nyc/nyc-u-d-4/40threads/1 4 40
use Local MultiThread? true
set Number of Map Tasks = 8
set number of threads: 40
17/03/31 14:20:08 WARN util.NativeCodeLoader: Unable to load native-hadoop library for your platform... using builtin-java classes where applicable
Get map collective runner
17/03/31 14:20:08 INFO client.RMProxy: Connecting to ResourceManager at j-011/172.16.0.11:8032
17/03/31 14:20:09 INFO input.FileInputFormat: Total input paths to process : 8
17/03/31 14:20:09 INFO fileformat.MultiFileInputFormat: NUMBER OF FILES: 8
17/03/31 14:20:09 INFO fileformat.MultiFileInputFormat: NUMBER OF MAPS: 8
17/03/31 14:20:09 INFO fileformat.MultiFileInputFormat: Split on host: j-066.juliet.futuresystems.org j-059.juliet.futuresystems.org j-061.juliet.futuresystems.org j-012.juliet.futuresystems.org j-065.juliet.futuresystems.org j-064.juliet.futuresystems.org j-060.juliet.futuresystems.org j-056.juliet.futuresystems.org j-063.juliet.futuresystems.org j-055.juliet.futuresystems.org j-062.juliet.futuresystems.org j-013.juliet.futuresystems.org j-054.juliet.futuresystems.org 
17/03/31 14:20:09 INFO fileformat.MultiFileInputFormat: Split on host: j-066.juliet.futuresystems.org j-059.juliet.futuresystems.org j-053.juliet.futuresystems.org j-012.juliet.futuresystems.org j-065.juliet.futuresystems.org j-064.juliet.futuresystems.org j-060.juliet.futuresystems.org j-056.juliet.futuresystems.org j-063.juliet.futuresystems.org j-055.juliet.futuresystems.org j-057.juliet.futuresystems.org j-062.juliet.futuresystems.org j-058.juliet.futuresystems.org j-013.juliet.futuresystems.org j-054.juliet.futuresystems.org 
17/03/31 14:20:09 INFO fileformat.MultiFileInputFormat: Split on host: j-066.juliet.futuresystems.org j-059.juliet.futuresystems.org j-012.juliet.futuresystems.org j-053.juliet.futuresystems.org j-065.juliet.futuresystems.org j-060.juliet.futuresystems.org j-056.juliet.futuresystems.org j-063.juliet.futuresystems.org j-057.juliet.futuresystems.org j-055.juliet.futuresystems.org j-062.juliet.futuresystems.org j-054.juliet.futuresystems.org j-013.juliet.futuresystems.org 
17/03/31 14:20:09 INFO fileformat.MultiFileInputFormat: Split on host: j-059.juliet.futuresystems.org j-061.juliet.futuresystems.org j-053.juliet.futuresystems.org j-012.juliet.futuresystems.org j-064.juliet.futuresystems.org j-060.juliet.futuresystems.org j-056.juliet.futuresystems.org j-063.juliet.futuresystems.org j-057.juliet.futuresystems.org j-055.juliet.futuresystems.org j-062.juliet.futuresystems.org j-058.juliet.futuresystems.org j-054.juliet.futuresystems.org j-013.juliet.futuresystems.org 
17/03/31 14:20:09 INFO fileformat.MultiFileInputFormat: Split on host: j-059.juliet.futuresystems.org j-061.juliet.futuresystems.org j-053.juliet.futuresystems.org j-012.juliet.futuresystems.org j-065.juliet.futuresystems.org j-060.juliet.futuresystems.org j-063.juliet.futuresystems.org j-055.juliet.futuresystems.org j-057.juliet.futuresystems.org j-062.juliet.futuresystems.org j-058.juliet.futuresystems.org j-013.juliet.futuresystems.org j-054.juliet.futuresystems.org 
17/03/31 14:20:09 INFO fileformat.MultiFileInputFormat: Split on host: j-066.juliet.futuresystems.org j-059.juliet.futuresystems.org j-061.juliet.futuresystems.org j-053.juliet.futuresystems.org j-012.juliet.futuresystems.org j-065.juliet.futuresystems.org j-064.juliet.futuresystems.org j-060.juliet.futuresystems.org j-056.juliet.futuresystems.org j-063.juliet.futuresystems.org j-055.juliet.futuresystems.org j-057.juliet.futuresystems.org j-062.juliet.futuresystems.org j-058.juliet.futuresystems.org j-013.juliet.futuresystems.org j-054.juliet.futuresystems.org 
17/03/31 14:20:09 INFO fileformat.MultiFileInputFormat: Split on host: j-066.juliet.futuresystems.org j-059.juliet.futuresystems.org j-012.juliet.futuresystems.org j-053.juliet.futuresystems.org j-065.juliet.futuresystems.org j-060.juliet.futuresystems.org j-056.juliet.futuresystems.org j-063.juliet.futuresystems.org j-055.juliet.futuresystems.org j-057.juliet.futuresystems.org j-062.juliet.futuresystems.org j-058.juliet.futuresystems.org j-013.juliet.futuresystems.org j-054.juliet.futuresystems.org 
17/03/31 14:20:09 INFO fileformat.MultiFileInputFormat: Split on host: j-066.juliet.futuresystems.org j-059.juliet.futuresystems.org j-061.juliet.futuresystems.org j-012.juliet.futuresystems.org j-053.juliet.futuresystems.org j-065.juliet.futuresystems.org j-064.juliet.futuresystems.org j-060.juliet.futuresystems.org j-056.juliet.futuresystems.org j-063.juliet.futuresystems.org j-055.juliet.futuresystems.org j-058.juliet.futuresystems.org j-054.juliet.futuresystems.org j-013.juliet.futuresystems.org 
17/03/31 14:20:09 INFO fileformat.MultiFileInputFormat: Total # of splits: 8
17/03/31 14:20:09 INFO mapreduce.JobSubmitter: number of splits:8
17/03/31 14:20:09 INFO mapreduce.JobSubmitter: Submitting tokens for job: job_1490816615146_0041
command: $JAVA_HOME/bin/java -Dlog4j.configuration=container-log4j.properties -Dyarn.app.container.log.dir=<LOG_DIR> -Dyarn.app.container.log.filesize=0 -Dhadoop.root.logger=INFO,CLA  -Xmx1024m org.apache.hadoop.mapreduce.v2.app.MapCollectiveAppMaster 1><LOG_DIR>/stdout 2><LOG_DIR>/stderr 
17/03/31 14:20:09 INFO impl.YarnClientImpl: Submitted application application_1490816615146_0041
17/03/31 14:20:09 INFO mapreduce.Job: The url to track the job: http://j-011:8088/proxy/application_1490816615146_0041/
17/03/31 14:20:09 INFO mapreduce.Job: Running job: job_1490816615146_0041
17/03/31 14:20:14 INFO mapreduce.Job: Job job_1490816615146_0041 running in uber mode : false
17/03/31 14:20:14 INFO mapreduce.Job:  map 0% reduce 0%
17/03/31 14:20:25 INFO mapreduce.Job:  map 100% reduce 0%
17/03/31 15:16:53 INFO mapreduce.Job: Job job_1490816615146_0041 completed successfully
17/03/31 15:16:53 INFO mapreduce.Job: Counters: 30
	File System Counters
		FILE: Number of bytes read=0
		FILE: Number of bytes written=850504
		FILE: Number of read operations=0
		FILE: Number of large read operations=0
		FILE: Number of write operations=0
		HDFS: Number of bytes read=8237096063
		HDFS: Number of bytes written=27
		HDFS: Number of read operations=64
		HDFS: Number of large read operations=0
		HDFS: Number of write operations=16
	Job Counters 
		Launched map tasks=8
		Other local map tasks=8
		Total time spent by all maps in occupied slots (ms)=27160575
		Total time spent by all reduces in occupied slots (ms)=0
		Total time spent by all map tasks (ms)=27160575
		Total vcore-seconds taken by all map tasks=27160575
		Total megabyte-seconds taken by all map tasks=27812428800
	Map-Reduce Framework
		Map input records=8
		Map output records=1
		Input split bytes=848
		Spilled Records=0
		Failed Shuffles=0
		Merged Map outputs=0
		GC time elapsed (ms)=641043
		CPU time spent (ms)=89109020
		Physical memory (bytes) snapshot=437696020480
		Virtual memory (bytes) snapshot=649154289664
		Total committed heap usage (bytes)=571290419200
	File Input Format Counters 
		Bytes Read=0
	File Output Format Counters 
		Bytes Written=27
3405404ms
17/03/31 15:16:54 WARN util.NativeCodeLoader: Unable to load native-hadoop library for your platform... using builtin-java classes where applicable
finalCount	279889912904765
[The 1 times] Above experiment is: ./runHarpSgcr2.sh /N/u/mengli/harp-sahad/experiments/template/u5-1.t sahad-data/nyc/nyc-u-d-8 sahad-output/nyc/nyc-u-d-8/40threads/1 8 40
use Local MultiThread? true
set Number of Map Tasks = 16
set number of threads: 40
17/03/31 15:16:56 WARN util.NativeCodeLoader: Unable to load native-hadoop library for your platform... using builtin-java classes where applicable
Get map collective runner
17/03/31 15:16:56 INFO client.RMProxy: Connecting to ResourceManager at j-011/172.16.0.11:8032
17/03/31 15:16:57 INFO input.FileInputFormat: Total input paths to process : 16
17/03/31 15:16:57 INFO fileformat.MultiFileInputFormat: NUMBER OF FILES: 16
17/03/31 15:16:57 INFO fileformat.MultiFileInputFormat: NUMBER OF MAPS: 16
17/03/31 15:16:57 INFO fileformat.MultiFileInputFormat: Split on host: j-066.juliet.futuresystems.org j-061.juliet.futuresystems.org j-055.juliet.futuresystems.org j-057.juliet.futuresystems.org j-012.juliet.futuresystems.org j-053.juliet.futuresystems.org j-065.juliet.futuresystems.org j-064.juliet.futuresystems.org j-058.juliet.futuresystems.org 
17/03/31 15:16:57 INFO fileformat.MultiFileInputFormat: Split on host: j-056.juliet.futuresystems.org j-066.juliet.futuresystems.org j-063.juliet.futuresystems.org j-061.juliet.futuresystems.org j-057.juliet.futuresystems.org j-055.juliet.futuresystems.org j-065.juliet.futuresystems.org j-064.juliet.futuresystems.org j-058.juliet.futuresystems.org j-054.juliet.futuresystems.org 
17/03/31 15:16:57 INFO fileformat.MultiFileInputFormat: Split on host: j-061.juliet.futuresystems.org j-055.juliet.futuresystems.org j-012.juliet.futuresystems.org j-053.juliet.futuresystems.org j-062.juliet.futuresystems.org j-065.juliet.futuresystems.org j-064.juliet.futuresystems.org j-060.juliet.futuresystems.org j-054.juliet.futuresystems.org 
17/03/31 15:16:57 INFO fileformat.MultiFileInputFormat: Split on host: j-056.juliet.futuresystems.org j-066.juliet.futuresystems.org j-059.juliet.futuresystems.org j-063.juliet.futuresystems.org j-061.juliet.futuresystems.org j-057.juliet.futuresystems.org j-012.juliet.futuresystems.org j-062.juliet.futuresystems.org j-065.juliet.futuresystems.org j-064.juliet.futuresystems.org j-054.juliet.futuresystems.org j-013.juliet.futuresystems.org 
17/03/31 15:16:57 INFO fileformat.MultiFileInputFormat: Split on host: j-056.juliet.futuresystems.org j-059.juliet.futuresystems.org j-063.juliet.futuresystems.org j-055.juliet.futuresystems.org j-057.juliet.futuresystems.org j-012.juliet.futuresystems.org j-065.juliet.futuresystems.org j-060.juliet.futuresystems.org j-013.juliet.futuresystems.org 
17/03/31 15:16:57 INFO fileformat.MultiFileInputFormat: Split on host: j-066.juliet.futuresystems.org j-063.juliet.futuresystems.org j-059.juliet.futuresystems.org j-061.juliet.futuresystems.org j-055.juliet.futuresystems.org j-053.juliet.futuresystems.org j-060.juliet.futuresystems.org j-054.juliet.futuresystems.org j-013.juliet.futuresystems.org 
17/03/31 15:16:57 INFO fileformat.MultiFileInputFormat: Split on host: j-056.juliet.futuresystems.org j-066.juliet.futuresystems.org j-061.juliet.futuresystems.org j-057.juliet.futuresystems.org j-053.juliet.futuresystems.org j-012.juliet.futuresystems.org j-062.juliet.futuresystems.org j-065.juliet.futuresystems.org j-058.juliet.futuresystems.org j-060.juliet.futuresystems.org j-013.juliet.futuresystems.org 
17/03/31 15:16:57 INFO fileformat.MultiFileInputFormat: Split on host: j-056.juliet.futuresystems.org j-063.juliet.futuresystems.org j-061.juliet.futuresystems.org j-057.juliet.futuresystems.org j-053.juliet.futuresystems.org j-012.juliet.futuresystems.org j-065.juliet.futuresystems.org j-064.juliet.futuresystems.org j-058.juliet.futuresystems.org j-060.juliet.futuresystems.org j-013.juliet.futuresystems.org j-054.juliet.futuresystems.org 
17/03/31 15:16:57 INFO fileformat.MultiFileInputFormat: Split on host: j-056.juliet.futuresystems.org j-066.juliet.futuresystems.org j-063.juliet.futuresystems.org j-061.juliet.futuresystems.org j-057.juliet.futuresystems.org j-055.juliet.futuresystems.org j-053.juliet.futuresystems.org j-062.juliet.futuresystems.org j-065.juliet.futuresystems.org j-013.juliet.futuresystems.org j-054.juliet.futuresystems.org 
17/03/31 15:16:57 INFO fileformat.MultiFileInputFormat: Split on host: j-063.juliet.futuresystems.org j-061.juliet.futuresystems.org j-057.juliet.futuresystems.org j-055.juliet.futuresystems.org j-012.juliet.futuresystems.org j-053.juliet.futuresystems.org j-058.juliet.futuresystems.org j-013.juliet.futuresystems.org j-054.juliet.futuresystems.org 
17/03/31 15:16:57 INFO fileformat.MultiFileInputFormat: Split on host: j-066.juliet.futuresystems.org j-063.juliet.futuresystems.org j-059.juliet.futuresystems.org j-055.juliet.futuresystems.org j-057.juliet.futuresystems.org j-012.juliet.futuresystems.org j-064.juliet.futuresystems.org j-058.juliet.futuresystems.org j-060.juliet.futuresystems.org 
17/03/31 15:16:57 INFO fileformat.MultiFileInputFormat: Split on host: j-066.juliet.futuresystems.org j-059.juliet.futuresystems.org j-061.juliet.futuresystems.org j-057.juliet.futuresystems.org j-055.juliet.futuresystems.org j-012.juliet.futuresystems.org j-062.juliet.futuresystems.org j-065.juliet.futuresystems.org j-064.juliet.futuresystems.org j-058.juliet.futuresystems.org j-013.juliet.futuresystems.org 
17/03/31 15:16:57 INFO fileformat.MultiFileInputFormat: Split on host: j-063.juliet.futuresystems.org j-057.juliet.futuresystems.org j-055.juliet.futuresystems.org j-053.juliet.futuresystems.org j-012.juliet.futuresystems.org j-064.juliet.futuresystems.org j-013.juliet.futuresystems.org j-054.juliet.futuresystems.org 
17/03/31 15:16:57 INFO fileformat.MultiFileInputFormat: Split on host: j-056.juliet.futuresystems.org j-066.juliet.futuresystems.org j-063.juliet.futuresystems.org j-061.juliet.futuresystems.org j-057.juliet.futuresystems.org j-012.juliet.futuresystems.org j-053.juliet.futuresystems.org j-062.juliet.futuresystems.org j-065.juliet.futuresystems.org 
17/03/31 15:16:57 INFO fileformat.MultiFileInputFormat: Split on host: j-056.juliet.futuresystems.org j-066.juliet.futuresystems.org j-059.juliet.futuresystems.org j-055.juliet.futuresystems.org j-057.juliet.futuresystems.org j-012.juliet.futuresystems.org j-064.juliet.futuresystems.org j-058.juliet.futuresystems.org j-060.juliet.futuresystems.org 
17/03/31 15:16:57 INFO fileformat.MultiFileInputFormat: Split on host: j-066.juliet.futuresystems.org j-059.juliet.futuresystems.org j-057.juliet.futuresystems.org j-053.juliet.futuresystems.org j-062.juliet.futuresystems.org j-065.juliet.futuresystems.org j-060.juliet.futuresystems.org j-013.juliet.futuresystems.org 
17/03/31 15:16:57 INFO fileformat.MultiFileInputFormat: Total # of splits: 16
17/03/31 15:16:57 INFO mapreduce.JobSubmitter: number of splits:16
17/03/31 15:16:57 INFO mapreduce.JobSubmitter: Submitting tokens for job: job_1490816615146_0042
command: $JAVA_HOME/bin/java -Dlog4j.configuration=container-log4j.properties -Dyarn.app.container.log.dir=<LOG_DIR> -Dyarn.app.container.log.filesize=0 -Dhadoop.root.logger=INFO,CLA  -Xmx1024m org.apache.hadoop.mapreduce.v2.app.MapCollectiveAppMaster 1><LOG_DIR>/stdout 2><LOG_DIR>/stderr 
17/03/31 15:16:57 INFO impl.YarnClientImpl: Submitted application application_1490816615146_0042
17/03/31 15:16:57 INFO mapreduce.Job: The url to track the job: http://j-011:8088/proxy/application_1490816615146_0042/
17/03/31 15:16:57 INFO mapreduce.Job: Running job: job_1490816615146_0042
17/03/31 15:17:02 INFO mapreduce.Job: Job job_1490816615146_0042 running in uber mode : false
17/03/31 15:17:02 INFO mapreduce.Job:  map 0% reduce 0%
17/03/31 15:17:12 INFO mapreduce.Job:  map 94% reduce 0%
17/03/31 15:17:13 INFO mapreduce.Job:  map 100% reduce 0%
17/03/31 15:53:24 INFO mapreduce.Job: Job job_1490816615146_0042 completed successfully
17/03/31 15:53:24 INFO mapreduce.Job: Counters: 30
	File System Counters
		FILE: Number of bytes read=0
		FILE: Number of bytes written=1701110
		FILE: Number of read operations=0
		FILE: Number of large read operations=0
		FILE: Number of write operations=0
		HDFS: Number of bytes read=8237104253
		HDFS: Number of bytes written=27
		HDFS: Number of read operations=128
		HDFS: Number of large read operations=0
		HDFS: Number of write operations=32
	Job Counters 
		Launched map tasks=16
		Other local map tasks=16
		Total time spent by all maps in occupied slots (ms)=34869444
		Total time spent by all reduces in occupied slots (ms)=0
		Total time spent by all map tasks (ms)=34869444
		Total vcore-seconds taken by all map tasks=34869444
		Total megabyte-seconds taken by all map tasks=35706310656
	Map-Reduce Framework
		Map input records=16
		Map output records=1
		Input split bytes=1718
		Spilled Records=0
		Failed Shuffles=0
		Merged Map outputs=0
		GC time elapsed (ms)=567830
		CPU time spent (ms)=97627900
		Physical memory (bytes) snapshot=613307707392
		Virtual memory (bytes) snapshot=1298319245312
		Total committed heap usage (bytes)=1117761568768
	File Input Format Counters 
		Bytes Read=0
	File Output Format Counters 
		Bytes Written=27
2188783ms
17/03/31 15:53:25 WARN util.NativeCodeLoader: Unable to load native-hadoop library for your platform... using builtin-java classes where applicable
finalCount	279889912904765
[The 1 times] Above experiment is: ./runHarpSgcr2.sh /N/u/mengli/harp-sahad/experiments/template/u5-1.t sahad-data/nyc/nyc-u-d-16 sahad-output/nyc/nyc-u-d-16/40threads/1 16 40
use Local MultiThread? true
set Number of Map Tasks = 4
set number of threads: 40
17/03/31 15:53:27 WARN util.NativeCodeLoader: Unable to load native-hadoop library for your platform... using builtin-java classes where applicable
Get map collective runner
17/03/31 15:53:27 INFO client.RMProxy: Connecting to ResourceManager at j-011/172.16.0.11:8032
17/03/31 15:53:28 INFO input.FileInputFormat: Total input paths to process : 4
17/03/31 15:53:28 INFO fileformat.MultiFileInputFormat: NUMBER OF FILES: 4
17/03/31 15:53:28 INFO fileformat.MultiFileInputFormat: NUMBER OF MAPS: 4
17/03/31 15:53:28 INFO fileformat.MultiFileInputFormat: Split on host: j-066.juliet.futuresystems.org j-059.juliet.futuresystems.org j-061.juliet.futuresystems.org j-053.juliet.futuresystems.org j-012.juliet.futuresystems.org j-065.juliet.futuresystems.org j-064.juliet.futuresystems.org j-056.juliet.futuresystems.org j-063.juliet.futuresystems.org j-055.juliet.futuresystems.org j-057.juliet.futuresystems.org j-062.juliet.futuresystems.org j-058.juliet.futuresystems.org j-013.juliet.futuresystems.org j-054.juliet.futuresystems.org 
17/03/31 15:53:28 INFO fileformat.MultiFileInputFormat: Split on host: j-066.juliet.futuresystems.org j-059.juliet.futuresystems.org j-061.juliet.futuresystems.org j-053.juliet.futuresystems.org j-012.juliet.futuresystems.org j-065.juliet.futuresystems.org j-064.juliet.futuresystems.org j-060.juliet.futuresystems.org j-056.juliet.futuresystems.org j-055.juliet.futuresystems.org j-057.juliet.futuresystems.org j-062.juliet.futuresystems.org j-058.juliet.futuresystems.org j-013.juliet.futuresystems.org j-054.juliet.futuresystems.org 
17/03/31 15:53:28 INFO fileformat.MultiFileInputFormat: Split on host: j-066.juliet.futuresystems.org j-059.juliet.futuresystems.org j-061.juliet.futuresystems.org j-053.juliet.futuresystems.org j-012.juliet.futuresystems.org j-065.juliet.futuresystems.org j-060.juliet.futuresystems.org j-056.juliet.futuresystems.org j-063.juliet.futuresystems.org j-055.juliet.futuresystems.org j-057.juliet.futuresystems.org j-062.juliet.futuresystems.org j-058.juliet.futuresystems.org j-054.juliet.futuresystems.org j-013.juliet.futuresystems.org 
17/03/31 15:53:28 INFO fileformat.MultiFileInputFormat: Split on host: j-066.juliet.futuresystems.org j-059.juliet.futuresystems.org j-061.juliet.futuresystems.org j-053.juliet.futuresystems.org j-012.juliet.futuresystems.org j-065.juliet.futuresystems.org j-064.juliet.futuresystems.org j-056.juliet.futuresystems.org j-063.juliet.futuresystems.org j-055.juliet.futuresystems.org j-057.juliet.futuresystems.org j-062.juliet.futuresystems.org j-058.juliet.futuresystems.org j-054.juliet.futuresystems.org j-013.juliet.futuresystems.org 
17/03/31 15:53:28 INFO fileformat.MultiFileInputFormat: Total # of splits: 4
17/03/31 15:53:28 INFO mapreduce.JobSubmitter: number of splits:4
17/03/31 15:53:28 INFO mapreduce.JobSubmitter: Submitting tokens for job: job_1490816615146_0043
command: $JAVA_HOME/bin/java -Dlog4j.configuration=container-log4j.properties -Dyarn.app.container.log.dir=<LOG_DIR> -Dyarn.app.container.log.filesize=0 -Dhadoop.root.logger=INFO,CLA  -Xmx1024m org.apache.hadoop.mapreduce.v2.app.MapCollectiveAppMaster 1><LOG_DIR>/stdout 2><LOG_DIR>/stderr 
17/03/31 15:53:28 INFO impl.YarnClientImpl: Submitted application application_1490816615146_0043
17/03/31 15:53:28 INFO mapreduce.Job: The url to track the job: http://j-011:8088/proxy/application_1490816615146_0043/
17/03/31 15:53:28 INFO mapreduce.Job: Running job: job_1490816615146_0043
17/03/31 15:53:33 INFO mapreduce.Job: Job job_1490816615146_0043 running in uber mode : false
17/03/31 15:53:33 INFO mapreduce.Job:  map 0% reduce 0%
17/03/31 15:53:44 INFO mapreduce.Job:  map 100% reduce 0%
17/03/31 17:11:10 INFO mapreduce.Job:  map 0% reduce 0%
17/03/31 17:11:10 INFO mapreduce.Job: Job job_1490816615146_0043 failed with state KILLED due to: Application killed by user.
17/03/31 17:11:10 INFO mapreduce.Job: Counters: 0
4663876ms
