use Local MultiThread? true
set Number of Map Tasks = 4
set number of threads: 40
17/03/29 13:10:25 WARN util.NativeCodeLoader: Unable to load native-hadoop library for your platform... using builtin-java classes where applicable
Get map collective runner
17/03/29 13:10:25 INFO client.RMProxy: Connecting to ResourceManager at j-011/172.16.0.11:8032
17/03/29 13:10:26 INFO input.FileInputFormat: Total input paths to process : 4
17/03/29 13:10:26 INFO fileformat.MultiFileInputFormat: NUMBER OF FILES: 4
17/03/29 13:10:26 INFO fileformat.MultiFileInputFormat: NUMBER OF MAPS: 4
17/03/29 13:10:26 INFO fileformat.MultiFileInputFormat: Split on host: j-066.juliet.futuresystems.org j-059.juliet.futuresystems.org j-061.juliet.futuresystems.org j-012.juliet.futuresystems.org j-053.juliet.futuresystems.org j-065.juliet.futuresystems.org j-064.juliet.futuresystems.org j-060.juliet.futuresystems.org j-056.juliet.futuresystems.org j-063.juliet.futuresystems.org j-055.juliet.futuresystems.org j-057.juliet.futuresystems.org j-062.juliet.futuresystems.org j-054.juliet.futuresystems.org j-013.juliet.futuresystems.org 
17/03/29 13:10:26 INFO fileformat.MultiFileInputFormat: Split on host: j-066.juliet.futuresystems.org j-059.juliet.futuresystems.org j-012.juliet.futuresystems.org j-053.juliet.futuresystems.org j-065.juliet.futuresystems.org j-064.juliet.futuresystems.org j-060.juliet.futuresystems.org j-056.juliet.futuresystems.org j-063.juliet.futuresystems.org j-055.juliet.futuresystems.org j-057.juliet.futuresystems.org j-062.juliet.futuresystems.org j-058.juliet.futuresystems.org j-054.juliet.futuresystems.org j-013.juliet.futuresystems.org 
17/03/29 13:10:26 INFO fileformat.MultiFileInputFormat: Split on host: j-066.juliet.futuresystems.org j-059.juliet.futuresystems.org j-061.juliet.futuresystems.org j-012.juliet.futuresystems.org j-053.juliet.futuresystems.org j-065.juliet.futuresystems.org j-064.juliet.futuresystems.org j-060.juliet.futuresystems.org j-056.juliet.futuresystems.org j-063.juliet.futuresystems.org j-057.juliet.futuresystems.org j-055.juliet.futuresystems.org j-062.juliet.futuresystems.org j-058.juliet.futuresystems.org j-013.juliet.futuresystems.org j-054.juliet.futuresystems.org 
17/03/29 13:10:26 INFO fileformat.MultiFileInputFormat: Split on host: j-066.juliet.futuresystems.org j-059.juliet.futuresystems.org j-061.juliet.futuresystems.org j-012.juliet.futuresystems.org j-053.juliet.futuresystems.org j-065.juliet.futuresystems.org j-060.juliet.futuresystems.org j-056.juliet.futuresystems.org j-063.juliet.futuresystems.org j-055.juliet.futuresystems.org j-057.juliet.futuresystems.org j-062.juliet.futuresystems.org j-058.juliet.futuresystems.org j-013.juliet.futuresystems.org j-054.juliet.futuresystems.org 
17/03/29 13:10:26 INFO fileformat.MultiFileInputFormat: Total # of splits: 4
17/03/29 13:10:26 INFO mapreduce.JobSubmitter: number of splits:4
17/03/29 13:10:26 INFO mapreduce.JobSubmitter: Submitting tokens for job: job_1489165733656_0526
command: $JAVA_HOME/bin/java -Dlog4j.configuration=container-log4j.properties -Dyarn.app.container.log.dir=<LOG_DIR> -Dyarn.app.container.log.filesize=0 -Dhadoop.root.logger=INFO,CLA  -Xmx1024m org.apache.hadoop.mapreduce.v2.app.MapCollectiveAppMaster 1><LOG_DIR>/stdout 2><LOG_DIR>/stderr 
17/03/29 13:10:26 INFO impl.YarnClientImpl: Submitted application application_1489165733656_0526
17/03/29 13:10:26 INFO mapreduce.Job: The url to track the job: http://j-011:8088/proxy/application_1489165733656_0526/
17/03/29 13:10:26 INFO mapreduce.Job: Running job: job_1489165733656_0526
17/03/29 13:10:31 INFO mapreduce.Job: Job job_1489165733656_0526 running in uber mode : false
17/03/29 13:10:31 INFO mapreduce.Job:  map 0% reduce 0%
17/03/29 13:10:41 INFO mapreduce.Job:  map 100% reduce 0%
17/03/29 13:37:42 INFO mapreduce.Job:  map 0% reduce 0%
17/03/29 13:37:42 INFO mapreduce.Job: Job job_1489165733656_0526 failed with state KILLED due to: Application killed by user.
17/03/29 13:37:42 INFO mapreduce.Job: Counters: 0
1638119ms
