use Local MultiThread? true
set Number of Map Tasks = 1
set number of threads: 40
17/03/16 00:50:08 WARN util.NativeCodeLoader: Unable to load native-hadoop library for your platform... using builtin-java classes where applicable
Get map collective runner
17/03/16 00:50:08 INFO client.RMProxy: Connecting to ResourceManager at j-011/172.16.0.11:8032
17/03/16 00:50:09 INFO input.FileInputFormat: Total input paths to process : 1
17/03/16 00:50:09 INFO fileformat.MultiFileInputFormat: NUMBER OF FILES: 1
17/03/16 00:50:09 INFO fileformat.MultiFileInputFormat: NUMBER OF MAPS: 1
17/03/16 00:50:09 INFO fileformat.MultiFileInputFormat: Split on host: j-061.juliet.futuresystems.org j-053.juliet.futuresystems.org j-065.juliet.futuresystems.org 
17/03/16 00:50:09 INFO fileformat.MultiFileInputFormat: Total # of splits: 1
17/03/16 00:50:09 INFO mapreduce.JobSubmitter: number of splits:1
17/03/16 00:50:09 INFO mapreduce.JobSubmitter: Submitting tokens for job: job_1489165733656_0184
command: $JAVA_HOME/bin/java -Dlog4j.configuration=container-log4j.properties -Dyarn.app.container.log.dir=<LOG_DIR> -Dyarn.app.container.log.filesize=0 -Dhadoop.root.logger=INFO,CLA  -Xmx1024m org.apache.hadoop.mapreduce.v2.app.MapCollectiveAppMaster 1><LOG_DIR>/stdout 2><LOG_DIR>/stderr 
17/03/16 00:50:09 INFO impl.YarnClientImpl: Submitted application application_1489165733656_0184
17/03/16 00:50:09 INFO mapreduce.Job: The url to track the job: http://j-011:8088/proxy/application_1489165733656_0184/
17/03/16 00:50:09 INFO mapreduce.Job: Running job: job_1489165733656_0184
17/03/16 00:50:14 INFO mapreduce.Job: Job job_1489165733656_0184 running in uber mode : false
17/03/16 00:50:14 INFO mapreduce.Job:  map 0% reduce 0%
17/03/16 00:50:26 INFO mapreduce.Job:  map 100% reduce 0%
17/03/16 00:50:55 INFO mapreduce.Job: Job job_1489165733656_0184 completed successfully
17/03/16 00:50:55 INFO mapreduce.Job: Counters: 30
	File System Counters
		FILE: Number of bytes read=0
		FILE: Number of bytes written=106358
		FILE: Number of read operations=0
		FILE: Number of large read operations=0
		FILE: Number of write operations=0
		HDFS: Number of bytes read=67216597
		HDFS: Number of bytes written=21
		HDFS: Number of read operations=8
		HDFS: Number of large read operations=0
		HDFS: Number of write operations=2
	Job Counters 
		Launched map tasks=1
		Other local map tasks=1
		Total time spent by all maps in occupied slots (ms)=37591
		Total time spent by all reduces in occupied slots (ms)=0
		Total time spent by all map tasks (ms)=37591
		Total vcore-seconds taken by all map tasks=37591
		Total megabyte-seconds taken by all map tasks=38493184
	Map-Reduce Framework
		Map input records=1
		Map output records=1
		Input split bytes=131
		Spilled Records=0
		Failed Shuffles=0
		Merged Map outputs=0
		GC time elapsed (ms)=697
		CPU time spent (ms)=125710
		Physical memory (bytes) snapshot=13033488384
		Virtual memory (bytes) snapshot=81182408704
		Total committed heap usage (bytes)=74088185856
	File Input Format Counters 
		Bytes Read=0
	File Output Format Counters 
		Bytes Written=21
47561ms
17/03/16 00:50:56 WARN util.NativeCodeLoader: Unable to load native-hadoop library for your platform... using builtin-java classes where applicable
finalCount	727385184
[The 1 times] Above experiment is: ./runHarpSgcr.sh /N/u/mengli/harp-sahad/experiments/template/u3-1.t sahad-data/web-google/web-google-u-e-1 sahad-output/web-google/web-google-u-e-1/40threads/1 1 40
use Local MultiThread? true
set Number of Map Tasks = 2
set number of threads: 40
17/03/16 00:50:57 WARN util.NativeCodeLoader: Unable to load native-hadoop library for your platform... using builtin-java classes where applicable
Get map collective runner
17/03/16 00:50:58 INFO client.RMProxy: Connecting to ResourceManager at j-011/172.16.0.11:8032
17/03/16 00:50:59 INFO input.FileInputFormat: Total input paths to process : 2
17/03/16 00:50:59 INFO fileformat.MultiFileInputFormat: NUMBER OF FILES: 2
17/03/16 00:50:59 INFO fileformat.MultiFileInputFormat: NUMBER OF MAPS: 2
17/03/16 00:50:59 INFO fileformat.MultiFileInputFormat: Split on host: j-066.juliet.futuresystems.org j-056.juliet.futuresystems.org j-054.juliet.futuresystems.org 
17/03/16 00:50:59 INFO fileformat.MultiFileInputFormat: Split on host: j-057.juliet.futuresystems.org j-012.juliet.futuresystems.org j-053.juliet.futuresystems.org 
17/03/16 00:50:59 INFO fileformat.MultiFileInputFormat: Total # of splits: 2
17/03/16 00:50:59 INFO mapreduce.JobSubmitter: number of splits:2
17/03/16 00:50:59 INFO mapreduce.JobSubmitter: Submitting tokens for job: job_1489165733656_0185
command: $JAVA_HOME/bin/java -Dlog4j.configuration=container-log4j.properties -Dyarn.app.container.log.dir=<LOG_DIR> -Dyarn.app.container.log.filesize=0 -Dhadoop.root.logger=INFO,CLA  -Xmx1024m org.apache.hadoop.mapreduce.v2.app.MapCollectiveAppMaster 1><LOG_DIR>/stdout 2><LOG_DIR>/stderr 
17/03/16 00:50:59 INFO impl.YarnClientImpl: Submitted application application_1489165733656_0185
17/03/16 00:50:59 INFO mapreduce.Job: The url to track the job: http://j-011:8088/proxy/application_1489165733656_0185/
17/03/16 00:50:59 INFO mapreduce.Job: Running job: job_1489165733656_0185
17/03/16 00:51:04 INFO mapreduce.Job: Job job_1489165733656_0185 running in uber mode : false
17/03/16 00:51:04 INFO mapreduce.Job:  map 0% reduce 0%
17/03/16 00:51:14 INFO mapreduce.Job:  map 100% reduce 0%
17/03/16 00:51:47 INFO mapreduce.Job: Job job_1489165733656_0185 completed successfully
17/03/16 00:51:47 INFO mapreduce.Job: Counters: 30
	File System Counters
		FILE: Number of bytes read=0
		FILE: Number of bytes written=212716
		FILE: Number of read operations=0
		FILE: Number of large read operations=0
		FILE: Number of write operations=0
		HDFS: Number of bytes read=67216810
		HDFS: Number of bytes written=21
		HDFS: Number of read operations=16
		HDFS: Number of large read operations=0
		HDFS: Number of write operations=4
	Job Counters 
		Launched map tasks=2
		Other local map tasks=2
		Total time spent by all maps in occupied slots (ms)=81431
		Total time spent by all reduces in occupied slots (ms)=0
		Total time spent by all map tasks (ms)=81431
		Total vcore-seconds taken by all map tasks=81431
		Total megabyte-seconds taken by all map tasks=83385344
	Map-Reduce Framework
		Map input records=2
		Map output records=1
		Input split bytes=236
		Spilled Records=0
		Failed Shuffles=0
		Merged Map outputs=0
		GC time elapsed (ms)=1083
		CPU time spent (ms)=201850
		Physical memory (bytes) snapshot=19960840192
		Virtual memory (bytes) snapshot=162267406336
		Total committed heap usage (bytes)=148176371712
	File Input Format Counters 
		Bytes Read=0
	File Output Format Counters 
		Bytes Written=21
50488ms
17/03/16 00:51:48 WARN util.NativeCodeLoader: Unable to load native-hadoop library for your platform... using builtin-java classes where applicable
finalCount	727385184
[The 1 times] Above experiment is: ./runHarpSgcr.sh /N/u/mengli/harp-sahad/experiments/template/u3-1.t sahad-data/web-google/web-google-u-e-2 sahad-output/web-google/web-google-u-e-2/40threads/1 2 40
use Local MultiThread? true
set Number of Map Tasks = 4
set number of threads: 40
17/03/16 00:51:50 WARN util.NativeCodeLoader: Unable to load native-hadoop library for your platform... using builtin-java classes where applicable
Get map collective runner
17/03/16 00:51:51 INFO client.RMProxy: Connecting to ResourceManager at j-011/172.16.0.11:8032
17/03/16 00:51:51 INFO input.FileInputFormat: Total input paths to process : 4
17/03/16 00:51:51 INFO fileformat.MultiFileInputFormat: NUMBER OF FILES: 4
17/03/16 00:51:51 INFO fileformat.MultiFileInputFormat: NUMBER OF MAPS: 4
17/03/16 00:51:51 INFO fileformat.MultiFileInputFormat: Split on host: j-059.juliet.futuresystems.org j-055.juliet.futuresystems.org j-058.juliet.futuresystems.org 
17/03/16 00:51:51 INFO fileformat.MultiFileInputFormat: Split on host: j-059.juliet.futuresystems.org j-053.juliet.futuresystems.org j-065.juliet.futuresystems.org 
17/03/16 00:51:51 INFO fileformat.MultiFileInputFormat: Split on host: j-063.juliet.futuresystems.org j-061.juliet.futuresystems.org j-065.juliet.futuresystems.org 
17/03/16 00:51:51 INFO fileformat.MultiFileInputFormat: Split on host: j-053.juliet.futuresystems.org j-012.juliet.futuresystems.org j-065.juliet.futuresystems.org 
17/03/16 00:51:51 INFO fileformat.MultiFileInputFormat: Total # of splits: 4
17/03/16 00:51:51 INFO mapreduce.JobSubmitter: number of splits:4
17/03/16 00:51:52 INFO mapreduce.JobSubmitter: Submitting tokens for job: job_1489165733656_0186
command: $JAVA_HOME/bin/java -Dlog4j.configuration=container-log4j.properties -Dyarn.app.container.log.dir=<LOG_DIR> -Dyarn.app.container.log.filesize=0 -Dhadoop.root.logger=INFO,CLA  -Xmx1024m org.apache.hadoop.mapreduce.v2.app.MapCollectiveAppMaster 1><LOG_DIR>/stdout 2><LOG_DIR>/stderr 
17/03/16 00:51:52 INFO impl.YarnClientImpl: Submitted application application_1489165733656_0186
17/03/16 00:51:52 INFO mapreduce.Job: The url to track the job: http://j-011:8088/proxy/application_1489165733656_0186/
17/03/16 00:51:52 INFO mapreduce.Job: Running job: job_1489165733656_0186
17/03/16 00:51:57 INFO mapreduce.Job: Job job_1489165733656_0186 running in uber mode : false
17/03/16 00:51:57 INFO mapreduce.Job:  map 0% reduce 0%
17/03/16 00:52:07 INFO mapreduce.Job:  map 75% reduce 0%
17/03/16 00:52:08 INFO mapreduce.Job:  map 100% reduce 0%
17/03/16 00:52:37 INFO mapreduce.Job: Job job_1489165733656_0186 completed successfully
17/03/16 00:52:37 INFO mapreduce.Job: Counters: 30
	File System Counters
		FILE: Number of bytes read=0
		FILE: Number of bytes written=425432
		FILE: Number of read operations=0
		FILE: Number of large read operations=0
		FILE: Number of write operations=0
		HDFS: Number of bytes read=67217472
		HDFS: Number of bytes written=21
		HDFS: Number of read operations=32
		HDFS: Number of large read operations=0
		HDFS: Number of write operations=8
	Job Counters 
		Launched map tasks=4
		Other local map tasks=4
		Total time spent by all maps in occupied slots (ms)=149713
		Total time spent by all reduces in occupied slots (ms)=0
		Total time spent by all map tasks (ms)=149713
		Total vcore-seconds taken by all map tasks=149713
		Total megabyte-seconds taken by all map tasks=153306112
	Map-Reduce Framework
		Map input records=4
		Map output records=1
		Input split bytes=472
		Spilled Records=0
		Failed Shuffles=0
		Merged Map outputs=0
		GC time elapsed (ms)=1313
		CPU time spent (ms)=299080
		Physical memory (bytes) snapshot=26951159808
		Virtual memory (bytes) snapshot=324589395968
		Total committed heap usage (bytes)=296352743424
	File Input Format Counters 
		Bytes Read=0
	File Output Format Counters 
		Bytes Written=21
47662ms
17/03/16 00:52:38 WARN util.NativeCodeLoader: Unable to load native-hadoop library for your platform... using builtin-java classes where applicable
finalCount	727385184
[The 1 times] Above experiment is: ./runHarpSgcr.sh /N/u/mengli/harp-sahad/experiments/template/u3-1.t sahad-data/web-google/web-google-u-e-4 sahad-output/web-google/web-google-u-e-4/40threads/1 4 40
use Local MultiThread? true
set Number of Map Tasks = 8
set number of threads: 40
17/03/16 00:52:40 WARN util.NativeCodeLoader: Unable to load native-hadoop library for your platform... using builtin-java classes where applicable
Get map collective runner
17/03/16 00:52:40 INFO client.RMProxy: Connecting to ResourceManager at j-011/172.16.0.11:8032
17/03/16 00:52:41 INFO input.FileInputFormat: Total input paths to process : 8
17/03/16 00:52:41 INFO fileformat.MultiFileInputFormat: NUMBER OF FILES: 8
17/03/16 00:52:41 INFO fileformat.MultiFileInputFormat: NUMBER OF MAPS: 8
17/03/16 00:52:41 INFO fileformat.MultiFileInputFormat: Split on host: j-059.juliet.futuresystems.org j-062.juliet.futuresystems.org j-065.juliet.futuresystems.org 
17/03/16 00:52:41 INFO fileformat.MultiFileInputFormat: Split on host: j-061.juliet.futuresystems.org j-064.juliet.futuresystems.org j-060.juliet.futuresystems.org 
17/03/16 00:52:41 INFO fileformat.MultiFileInputFormat: Split on host: j-053.juliet.futuresystems.org j-058.juliet.futuresystems.org j-054.juliet.futuresystems.org 
17/03/16 00:52:41 INFO fileformat.MultiFileInputFormat: Split on host: j-057.juliet.futuresystems.org j-060.juliet.futuresystems.org j-054.juliet.futuresystems.org 
17/03/16 00:52:41 INFO fileformat.MultiFileInputFormat: Split on host: j-055.juliet.futuresystems.org j-012.juliet.futuresystems.org j-054.juliet.futuresystems.org 
17/03/16 00:52:41 INFO fileformat.MultiFileInputFormat: Split on host: j-063.juliet.futuresystems.org j-053.juliet.futuresystems.org j-013.juliet.futuresystems.org 
17/03/16 00:52:41 INFO fileformat.MultiFileInputFormat: Split on host: j-056.juliet.futuresystems.org j-057.juliet.futuresystems.org j-013.juliet.futuresystems.org 
17/03/16 00:52:41 INFO fileformat.MultiFileInputFormat: Split on host: j-064.juliet.futuresystems.org j-060.juliet.futuresystems.org j-054.juliet.futuresystems.org 
17/03/16 00:52:41 INFO fileformat.MultiFileInputFormat: Total # of splits: 8
17/03/16 00:52:41 INFO mapreduce.JobSubmitter: number of splits:8
17/03/16 00:52:41 INFO mapreduce.JobSubmitter: Submitting tokens for job: job_1489165733656_0187
command: $JAVA_HOME/bin/java -Dlog4j.configuration=container-log4j.properties -Dyarn.app.container.log.dir=<LOG_DIR> -Dyarn.app.container.log.filesize=0 -Dhadoop.root.logger=INFO,CLA  -Xmx1024m org.apache.hadoop.mapreduce.v2.app.MapCollectiveAppMaster 1><LOG_DIR>/stdout 2><LOG_DIR>/stderr 
17/03/16 00:52:41 INFO impl.YarnClientImpl: Submitted application application_1489165733656_0187
17/03/16 00:52:41 INFO mapreduce.Job: The url to track the job: http://j-011:8088/proxy/application_1489165733656_0187/
17/03/16 00:52:41 INFO mapreduce.Job: Running job: job_1489165733656_0187
17/03/16 00:52:46 INFO mapreduce.Job: Job job_1489165733656_0187 running in uber mode : false
17/03/16 00:52:46 INFO mapreduce.Job:  map 0% reduce 0%
17/03/16 00:52:57 INFO mapreduce.Job:  map 88% reduce 0%
17/03/16 00:52:58 INFO mapreduce.Job:  map 100% reduce 0%
17/03/16 00:53:38 INFO mapreduce.Job: Job job_1489165733656_0187 completed successfully
17/03/16 00:53:38 INFO mapreduce.Job: Counters: 30
	File System Counters
		FILE: Number of bytes read=0
		FILE: Number of bytes written=850864
		FILE: Number of read operations=0
		FILE: Number of large read operations=0
		FILE: Number of write operations=0
		HDFS: Number of bytes read=67219636
		HDFS: Number of bytes written=21
		HDFS: Number of read operations=64
		HDFS: Number of large read operations=0
		HDFS: Number of write operations=16
	Job Counters 
		Launched map tasks=8
		Other local map tasks=8
		Total time spent by all maps in occupied slots (ms)=381823
		Total time spent by all reduces in occupied slots (ms)=0
		Total time spent by all map tasks (ms)=381823
		Total vcore-seconds taken by all map tasks=381823
		Total megabyte-seconds taken by all map tasks=390986752
	Map-Reduce Framework
		Map input records=8
		Map output records=1
		Input split bytes=944
		Spilled Records=0
		Failed Shuffles=0
		Merged Map outputs=0
		GC time elapsed (ms)=3113
		CPU time spent (ms)=607270
		Physical memory (bytes) snapshot=49955823616
		Virtual memory (bytes) snapshot=649083637760
		Total committed heap usage (bytes)=592705486848
	File Input Format Counters 
		Bytes Read=0
	File Output Format Counters 
		Bytes Written=21
58586ms
17/03/16 00:53:39 WARN util.NativeCodeLoader: Unable to load native-hadoop library for your platform... using builtin-java classes where applicable
finalCount	727385184
[The 1 times] Above experiment is: ./runHarpSgcr.sh /N/u/mengli/harp-sahad/experiments/template/u3-1.t sahad-data/web-google/web-google-u-e-8 sahad-output/web-google/web-google-u-e-8/40threads/1 8 40
use Local MultiThread? true
set Number of Map Tasks = 16
set number of threads: 40
17/03/16 00:53:41 WARN util.NativeCodeLoader: Unable to load native-hadoop library for your platform... using builtin-java classes where applicable
Get map collective runner
17/03/16 00:53:41 INFO client.RMProxy: Connecting to ResourceManager at j-011/172.16.0.11:8032
17/03/16 00:53:42 INFO input.FileInputFormat: Total input paths to process : 16
17/03/16 00:53:42 INFO fileformat.MultiFileInputFormat: NUMBER OF FILES: 16
17/03/16 00:53:42 INFO fileformat.MultiFileInputFormat: NUMBER OF MAPS: 16
17/03/16 00:53:42 INFO fileformat.MultiFileInputFormat: Split on host: j-066.juliet.futuresystems.org j-056.juliet.futuresystems.org j-057.juliet.futuresystems.org 
17/03/16 00:53:42 INFO fileformat.MultiFileInputFormat: Split on host: j-059.juliet.futuresystems.org j-055.juliet.futuresystems.org j-053.juliet.futuresystems.org 
17/03/16 00:53:42 INFO fileformat.MultiFileInputFormat: Split on host: j-053.juliet.futuresystems.org j-065.juliet.futuresystems.org j-054.juliet.futuresystems.org 
17/03/16 00:53:42 INFO fileformat.MultiFileInputFormat: Split on host: j-012.juliet.futuresystems.org j-062.juliet.futuresystems.org j-060.juliet.futuresystems.org 
17/03/16 00:53:42 INFO fileformat.MultiFileInputFormat: Split on host: j-063.juliet.futuresystems.org j-065.juliet.futuresystems.org j-013.juliet.futuresystems.org 
17/03/16 00:53:42 INFO fileformat.MultiFileInputFormat: Split on host: j-061.juliet.futuresystems.org j-064.juliet.futuresystems.org j-054.juliet.futuresystems.org 
17/03/16 00:53:42 INFO fileformat.MultiFileInputFormat: Split on host: j-061.juliet.futuresystems.org j-053.juliet.futuresystems.org j-060.juliet.futuresystems.org 
17/03/16 00:53:42 INFO fileformat.MultiFileInputFormat: Split on host: j-056.juliet.futuresystems.org j-057.juliet.futuresystems.org j-062.juliet.futuresystems.org 
17/03/16 00:53:42 INFO fileformat.MultiFileInputFormat: Split on host: j-059.juliet.futuresystems.org j-061.juliet.futuresystems.org j-060.juliet.futuresystems.org 
17/03/16 00:53:42 INFO fileformat.MultiFileInputFormat: Split on host: j-059.juliet.futuresystems.org j-057.juliet.futuresystems.org j-054.juliet.futuresystems.org 
17/03/16 00:53:42 INFO fileformat.MultiFileInputFormat: Split on host: j-063.juliet.futuresystems.org j-059.juliet.futuresystems.org j-057.juliet.futuresystems.org 
17/03/16 00:53:42 INFO fileformat.MultiFileInputFormat: Split on host: j-056.juliet.futuresystems.org j-061.juliet.futuresystems.org j-065.juliet.futuresystems.org 
17/03/16 00:53:42 INFO fileformat.MultiFileInputFormat: Split on host: j-053.juliet.futuresystems.org j-012.juliet.futuresystems.org j-064.juliet.futuresystems.org 
17/03/16 00:53:42 INFO fileformat.MultiFileInputFormat: Split on host: j-063.juliet.futuresystems.org j-062.juliet.futuresystems.org j-064.juliet.futuresystems.org 
17/03/16 00:53:42 INFO fileformat.MultiFileInputFormat: Split on host: j-057.juliet.futuresystems.org j-053.juliet.futuresystems.org j-058.juliet.futuresystems.org 
17/03/16 00:53:42 INFO fileformat.MultiFileInputFormat: Split on host: j-056.juliet.futuresystems.org j-057.juliet.futuresystems.org j-064.juliet.futuresystems.org 
17/03/16 00:53:42 INFO fileformat.MultiFileInputFormat: Total # of splits: 16
17/03/16 00:53:42 INFO mapreduce.JobSubmitter: number of splits:16
17/03/16 00:53:42 INFO mapreduce.JobSubmitter: Submitting tokens for job: job_1489165733656_0188
command: $JAVA_HOME/bin/java -Dlog4j.configuration=container-log4j.properties -Dyarn.app.container.log.dir=<LOG_DIR> -Dyarn.app.container.log.filesize=0 -Dhadoop.root.logger=INFO,CLA  -Xmx1024m org.apache.hadoop.mapreduce.v2.app.MapCollectiveAppMaster 1><LOG_DIR>/stdout 2><LOG_DIR>/stderr 
17/03/16 00:53:42 INFO impl.YarnClientImpl: Submitted application application_1489165733656_0188
17/03/16 00:53:42 INFO mapreduce.Job: The url to track the job: http://j-011:8088/proxy/application_1489165733656_0188/
17/03/16 00:53:42 INFO mapreduce.Job: Running job: job_1489165733656_0188
17/03/16 00:53:47 INFO mapreduce.Job: Job job_1489165733656_0188 running in uber mode : false
17/03/16 00:53:47 INFO mapreduce.Job:  map 0% reduce 0%
17/03/16 00:53:58 INFO mapreduce.Job:  map 50% reduce 0%
17/03/16 00:53:59 INFO mapreduce.Job:  map 100% reduce 0%
17/03/16 00:54:35 INFO mapreduce.Job: Job job_1489165733656_0188 completed successfully
17/03/16 00:54:35 INFO mapreduce.Job: Counters: 30
	File System Counters
		FILE: Number of bytes read=0
		FILE: Number of bytes written=1701830
		FILE: Number of read operations=0
		FILE: Number of large read operations=0
		FILE: Number of write operations=0
		HDFS: Number of bytes read=67227532
		HDFS: Number of bytes written=21
		HDFS: Number of read operations=128
		HDFS: Number of large read operations=0
		HDFS: Number of write operations=32
	Job Counters 
		Launched map tasks=16
		Other local map tasks=16
		Total time spent by all maps in occupied slots (ms)=705098
		Total time spent by all reduces in occupied slots (ms)=0
		Total time spent by all map tasks (ms)=705098
		Total vcore-seconds taken by all map tasks=705098
		Total megabyte-seconds taken by all map tasks=722020352
	Map-Reduce Framework
		Map input records=16
		Map output records=1
		Input split bytes=1904
		Spilled Records=0
		Failed Shuffles=0
		Merged Map outputs=0
		GC time elapsed (ms)=5256
		CPU time spent (ms)=1087760
		Physical memory (bytes) snapshot=98190483456
		Virtual memory (bytes) snapshot=1298271010816
		Total committed heap usage (bytes)=1185410973696
	File Input Format Counters 
		Bytes Read=0
	File Output Format Counters 
		Bytes Written=21
54608ms
17/03/16 00:54:36 WARN util.NativeCodeLoader: Unable to load native-hadoop library for your platform... using builtin-java classes where applicable
finalCount	727385184
[The 1 times] Above experiment is: ./runHarpSgcr.sh /N/u/mengli/harp-sahad/experiments/template/u3-1.t sahad-data/web-google/web-google-u-e-16 sahad-output/web-google/web-google-u-e-16/40threads/1 16 40
