use Local MultiThread? true
set Number of Map Tasks = 4
set number of threads: 40
17/03/17 10:38:51 WARN util.NativeCodeLoader: Unable to load native-hadoop library for your platform... using builtin-java classes where applicable
Get map collective runner
17/03/17 10:38:51 INFO client.RMProxy: Connecting to ResourceManager at j-011/172.16.0.11:8032
17/03/17 10:38:52 INFO input.FileInputFormat: Total input paths to process : 4
17/03/17 10:38:52 INFO fileformat.MultiFileInputFormat: NUMBER OF FILES: 4
17/03/17 10:38:52 INFO fileformat.MultiFileInputFormat: NUMBER OF MAPS: 4
17/03/17 10:38:52 INFO fileformat.MultiFileInputFormat: Split on host: j-066.juliet.futuresystems.org j-059.juliet.futuresystems.org j-061.juliet.futuresystems.org j-012.juliet.futuresystems.org j-053.juliet.futuresystems.org j-065.juliet.futuresystems.org j-064.juliet.futuresystems.org j-060.juliet.futuresystems.org j-056.juliet.futuresystems.org j-063.juliet.futuresystems.org j-055.juliet.futuresystems.org j-057.juliet.futuresystems.org j-062.juliet.futuresystems.org j-054.juliet.futuresystems.org j-013.juliet.futuresystems.org 
17/03/17 10:38:52 INFO fileformat.MultiFileInputFormat: Split on host: j-066.juliet.futuresystems.org j-059.juliet.futuresystems.org j-012.juliet.futuresystems.org j-053.juliet.futuresystems.org j-065.juliet.futuresystems.org j-064.juliet.futuresystems.org j-060.juliet.futuresystems.org j-056.juliet.futuresystems.org j-063.juliet.futuresystems.org j-055.juliet.futuresystems.org j-057.juliet.futuresystems.org j-062.juliet.futuresystems.org j-058.juliet.futuresystems.org j-054.juliet.futuresystems.org j-013.juliet.futuresystems.org 
17/03/17 10:38:52 INFO fileformat.MultiFileInputFormat: Split on host: j-066.juliet.futuresystems.org j-059.juliet.futuresystems.org j-061.juliet.futuresystems.org j-012.juliet.futuresystems.org j-053.juliet.futuresystems.org j-065.juliet.futuresystems.org j-064.juliet.futuresystems.org j-060.juliet.futuresystems.org j-056.juliet.futuresystems.org j-063.juliet.futuresystems.org j-057.juliet.futuresystems.org j-055.juliet.futuresystems.org j-062.juliet.futuresystems.org j-058.juliet.futuresystems.org j-013.juliet.futuresystems.org j-054.juliet.futuresystems.org 
17/03/17 10:38:52 INFO fileformat.MultiFileInputFormat: Split on host: j-066.juliet.futuresystems.org j-059.juliet.futuresystems.org j-061.juliet.futuresystems.org j-012.juliet.futuresystems.org j-053.juliet.futuresystems.org j-065.juliet.futuresystems.org j-060.juliet.futuresystems.org j-056.juliet.futuresystems.org j-063.juliet.futuresystems.org j-055.juliet.futuresystems.org j-057.juliet.futuresystems.org j-062.juliet.futuresystems.org j-058.juliet.futuresystems.org j-013.juliet.futuresystems.org j-054.juliet.futuresystems.org 
17/03/17 10:38:52 INFO fileformat.MultiFileInputFormat: Total # of splits: 4
17/03/17 10:38:52 INFO mapreduce.JobSubmitter: number of splits:4
17/03/17 10:38:52 INFO mapreduce.JobSubmitter: Submitting tokens for job: job_1489165733656_0312
command: $JAVA_HOME/bin/java -Dlog4j.configuration=container-log4j.properties -Dyarn.app.container.log.dir=<LOG_DIR> -Dyarn.app.container.log.filesize=0 -Dhadoop.root.logger=INFO,CLA  -Xmx1024m org.apache.hadoop.mapreduce.v2.app.MapCollectiveAppMaster 1><LOG_DIR>/stdout 2><LOG_DIR>/stderr 
17/03/17 10:38:52 INFO impl.YarnClientImpl: Submitted application application_1489165733656_0312
17/03/17 10:38:52 INFO mapreduce.Job: The url to track the job: http://j-011:8088/proxy/application_1489165733656_0312/
17/03/17 10:38:52 INFO mapreduce.Job: Running job: job_1489165733656_0312
17/03/17 10:38:58 INFO mapreduce.Job: Job job_1489165733656_0312 running in uber mode : false
17/03/17 10:38:58 INFO mapreduce.Job:  map 0% reduce 0%
17/03/17 10:39:08 INFO mapreduce.Job:  map 100% reduce 0%
17/03/17 11:44:51 INFO mapreduce.Job: Job job_1489165733656_0312 completed successfully
17/03/17 11:44:51 INFO mapreduce.Job: Counters: 30
	File System Counters
		FILE: Number of bytes read=0
		FILE: Number of bytes written=425264
		FILE: Number of read operations=0
		FILE: Number of large read operations=0
		FILE: Number of write operations=0
		HDFS: Number of bytes read=8237093811
		HDFS: Number of bytes written=23
		HDFS: Number of read operations=32
		HDFS: Number of large read operations=0
		HDFS: Number of write operations=8
	Job Counters 
		Launched map tasks=4
		Other local map tasks=4
		Total time spent by all maps in occupied slots (ms)=15795917
		Total time spent by all reduces in occupied slots (ms)=0
		Total time spent by all map tasks (ms)=15795917
		Total vcore-seconds taken by all map tasks=15795917
		Total megabyte-seconds taken by all map tasks=16175019008
	Map-Reduce Framework
		Map input records=4
		Map output records=1
		Input split bytes=416
		Spilled Records=0
		Failed Shuffles=0
		Merged Map outputs=0
		GC time elapsed (ms)=274944
		CPU time spent (ms)=131602630
		Physical memory (bytes) snapshot=291082694656
		Virtual memory (bytes) snapshot=324637110272
		Total committed heap usage (bytes)=274877906944
	File Input Format Counters 
		Bytes Read=0
	File Output Format Counters 
		Bytes Written=23
3960859ms
17/03/17 11:44:53 WARN util.NativeCodeLoader: Unable to load native-hadoop library for your platform... using builtin-java classes where applicable
finalCount	46979991423
[The 1 times] Above experiment is: ./runHarpSgcr2.sh /N/u/mengli/harp-sahad/experiments/template/u3-1.t sahad-data/nyc/nyc-u-e-4 sahad-output/nyc/nyc-u-e-4/40threads/1 4 40
use Local MultiThread? true
set Number of Map Tasks = 8
set number of threads: 40
17/03/17 11:45:00 WARN util.NativeCodeLoader: Unable to load native-hadoop library for your platform... using builtin-java classes where applicable
Get map collective runner
17/03/17 11:45:01 INFO client.RMProxy: Connecting to ResourceManager at j-011/172.16.0.11:8032
17/03/17 11:45:02 INFO input.FileInputFormat: Total input paths to process : 8
17/03/17 11:45:02 INFO fileformat.MultiFileInputFormat: NUMBER OF FILES: 8
17/03/17 11:45:02 INFO fileformat.MultiFileInputFormat: NUMBER OF MAPS: 8
17/03/17 11:45:02 INFO fileformat.MultiFileInputFormat: Split on host: j-066.juliet.futuresystems.org j-059.juliet.futuresystems.org j-061.juliet.futuresystems.org j-053.juliet.futuresystems.org j-012.juliet.futuresystems.org j-064.juliet.futuresystems.org j-060.juliet.futuresystems.org j-056.juliet.futuresystems.org j-063.juliet.futuresystems.org j-057.juliet.futuresystems.org j-062.juliet.futuresystems.org j-058.juliet.futuresystems.org j-013.juliet.futuresystems.org j-054.juliet.futuresystems.org 
17/03/17 11:45:02 INFO fileformat.MultiFileInputFormat: Split on host: j-066.juliet.futuresystems.org j-059.juliet.futuresystems.org j-061.juliet.futuresystems.org j-012.juliet.futuresystems.org j-053.juliet.futuresystems.org j-065.juliet.futuresystems.org j-064.juliet.futuresystems.org j-060.juliet.futuresystems.org j-056.juliet.futuresystems.org j-063.juliet.futuresystems.org j-057.juliet.futuresystems.org j-062.juliet.futuresystems.org j-058.juliet.futuresystems.org j-054.juliet.futuresystems.org j-013.juliet.futuresystems.org 
17/03/17 11:45:02 INFO fileformat.MultiFileInputFormat: Split on host: j-056.juliet.futuresystems.org j-066.juliet.futuresystems.org j-063.juliet.futuresystems.org j-061.juliet.futuresystems.org j-057.juliet.futuresystems.org j-055.juliet.futuresystems.org j-012.juliet.futuresystems.org j-053.juliet.futuresystems.org j-062.juliet.futuresystems.org j-065.juliet.futuresystems.org j-058.juliet.futuresystems.org j-054.juliet.futuresystems.org 
17/03/17 11:45:02 INFO fileformat.MultiFileInputFormat: Split on host: j-066.juliet.futuresystems.org j-056.juliet.futuresystems.org j-063.juliet.futuresystems.org j-057.juliet.futuresystems.org j-055.juliet.futuresystems.org j-053.juliet.futuresystems.org j-062.juliet.futuresystems.org j-065.juliet.futuresystems.org j-064.juliet.futuresystems.org j-058.juliet.futuresystems.org j-060.juliet.futuresystems.org j-013.juliet.futuresystems.org 
17/03/17 11:45:02 INFO fileformat.MultiFileInputFormat: Split on host: j-066.juliet.futuresystems.org j-059.juliet.futuresystems.org j-061.juliet.futuresystems.org j-053.juliet.futuresystems.org j-012.juliet.futuresystems.org j-065.juliet.futuresystems.org j-064.juliet.futuresystems.org j-060.juliet.futuresystems.org j-056.juliet.futuresystems.org j-063.juliet.futuresystems.org j-055.juliet.futuresystems.org j-057.juliet.futuresystems.org j-062.juliet.futuresystems.org j-058.juliet.futuresystems.org j-054.juliet.futuresystems.org 
17/03/17 11:45:02 INFO fileformat.MultiFileInputFormat: Split on host: j-066.juliet.futuresystems.org j-059.juliet.futuresystems.org j-061.juliet.futuresystems.org j-053.juliet.futuresystems.org j-065.juliet.futuresystems.org j-064.juliet.futuresystems.org j-060.juliet.futuresystems.org j-056.juliet.futuresystems.org j-063.juliet.futuresystems.org j-055.juliet.futuresystems.org j-057.juliet.futuresystems.org j-062.juliet.futuresystems.org j-058.juliet.futuresystems.org j-013.juliet.futuresystems.org j-054.juliet.futuresystems.org 
17/03/17 11:45:02 INFO fileformat.MultiFileInputFormat: Split on host: j-066.juliet.futuresystems.org j-059.juliet.futuresystems.org j-061.juliet.futuresystems.org j-053.juliet.futuresystems.org j-012.juliet.futuresystems.org j-065.juliet.futuresystems.org j-064.juliet.futuresystems.org j-060.juliet.futuresystems.org j-056.juliet.futuresystems.org j-063.juliet.futuresystems.org j-055.juliet.futuresystems.org j-057.juliet.futuresystems.org j-062.juliet.futuresystems.org j-013.juliet.futuresystems.org j-054.juliet.futuresystems.org 
17/03/17 11:45:02 INFO fileformat.MultiFileInputFormat: Split on host: j-066.juliet.futuresystems.org j-059.juliet.futuresystems.org j-063.juliet.futuresystems.org j-061.juliet.futuresystems.org j-012.juliet.futuresystems.org j-053.juliet.futuresystems.org j-062.juliet.futuresystems.org j-065.juliet.futuresystems.org j-064.juliet.futuresystems.org j-058.juliet.futuresystems.org j-013.juliet.futuresystems.org 
17/03/17 11:45:02 INFO fileformat.MultiFileInputFormat: Total # of splits: 8
17/03/17 11:45:02 INFO mapreduce.JobSubmitter: number of splits:8
17/03/17 11:45:02 INFO mapreduce.JobSubmitter: Submitting tokens for job: job_1489165733656_0313
command: $JAVA_HOME/bin/java -Dlog4j.configuration=container-log4j.properties -Dyarn.app.container.log.dir=<LOG_DIR> -Dyarn.app.container.log.filesize=0 -Dhadoop.root.logger=INFO,CLA  -Xmx1024m org.apache.hadoop.mapreduce.v2.app.MapCollectiveAppMaster 1><LOG_DIR>/stdout 2><LOG_DIR>/stderr 
17/03/17 11:45:02 INFO impl.YarnClientImpl: Submitted application application_1489165733656_0313
17/03/17 11:45:02 INFO mapreduce.Job: The url to track the job: http://j-011:8088/proxy/application_1489165733656_0313/
17/03/17 11:45:02 INFO mapreduce.Job: Running job: job_1489165733656_0313
17/03/17 11:45:10 INFO mapreduce.Job: Job job_1489165733656_0313 running in uber mode : false
17/03/17 11:45:10 INFO mapreduce.Job:  map 0% reduce 0%
17/03/17 11:45:28 INFO mapreduce.Job:  map 13% reduce 0%
17/03/17 11:45:29 INFO mapreduce.Job:  map 38% reduce 0%
17/03/17 11:45:32 INFO mapreduce.Job:  map 75% reduce 0%
17/03/17 11:45:33 INFO mapreduce.Job:  map 100% reduce 0%
17/03/17 12:28:18 INFO mapreduce.Job: Job job_1489165733656_0313 completed successfully
17/03/17 12:28:19 INFO mapreduce.Job: Counters: 30
	File System Counters
		FILE: Number of bytes read=0
		FILE: Number of bytes written=850528
		FILE: Number of read operations=0
		FILE: Number of large read operations=0
		FILE: Number of write operations=0
		HDFS: Number of bytes read=8237095919
		HDFS: Number of bytes written=23
		HDFS: Number of read operations=64
		HDFS: Number of large read operations=0
		HDFS: Number of write operations=16
	Job Counters 
		Launched map tasks=8
		Other local map tasks=8
		Total time spent by all maps in occupied slots (ms)=20684111
		Total time spent by all reduces in occupied slots (ms)=0
		Total time spent by all map tasks (ms)=20684111
		Total vcore-seconds taken by all map tasks=20684111
		Total megabyte-seconds taken by all map tasks=21180529664
	Map-Reduce Framework
		Map input records=8
		Map output records=1
		Input split bytes=832
		Spilled Records=0
		Failed Shuffles=0
		Merged Map outputs=0
		GC time elapsed (ms)=502791
		CPU time spent (ms)=150803820
		Physical memory (bytes) snapshot=388818571264
		Virtual memory (bytes) snapshot=649161506816
		Total committed heap usage (bytes)=549755813888
	File Input Format Counters 
		Bytes Read=0
	File Output Format Counters 
		Bytes Written=23
2599120ms
17/03/17 12:28:21 WARN util.NativeCodeLoader: Unable to load native-hadoop library for your platform... using builtin-java classes where applicable
finalCount	46578209355
[The 1 times] Above experiment is: ./runHarpSgcr2.sh /N/u/mengli/harp-sahad/experiments/template/u3-1.t sahad-data/nyc/nyc-u-e-8 sahad-output/nyc/nyc-u-e-8/40threads/1 8 40
use Local MultiThread? true
set Number of Map Tasks = 16
set number of threads: 40
17/03/17 12:28:24 WARN util.NativeCodeLoader: Unable to load native-hadoop library for your platform... using builtin-java classes where applicable
Get map collective runner
17/03/17 12:28:25 INFO client.RMProxy: Connecting to ResourceManager at j-011/172.16.0.11:8032
17/03/17 12:28:25 INFO input.FileInputFormat: Total input paths to process : 16
17/03/17 12:28:25 INFO fileformat.MultiFileInputFormat: NUMBER OF FILES: 16
17/03/17 12:28:25 INFO fileformat.MultiFileInputFormat: NUMBER OF MAPS: 16
17/03/17 12:28:25 INFO fileformat.MultiFileInputFormat: Split on host: j-056.juliet.futuresystems.org j-066.juliet.futuresystems.org j-059.juliet.futuresystems.org j-063.juliet.futuresystems.org j-055.juliet.futuresystems.org j-053.juliet.futuresystems.org j-062.juliet.futuresystems.org j-065.juliet.futuresystems.org j-064.juliet.futuresystems.org j-060.juliet.futuresystems.org 
17/03/17 12:28:25 INFO fileformat.MultiFileInputFormat: Split on host: j-066.juliet.futuresystems.org j-063.juliet.futuresystems.org j-061.juliet.futuresystems.org j-055.juliet.futuresystems.org j-053.juliet.futuresystems.org j-012.juliet.futuresystems.org j-058.juliet.futuresystems.org j-054.juliet.futuresystems.org j-013.juliet.futuresystems.org 
17/03/17 12:28:25 INFO fileformat.MultiFileInputFormat: Split on host: j-056.juliet.futuresystems.org j-063.juliet.futuresystems.org j-059.juliet.futuresystems.org j-061.juliet.futuresystems.org j-057.juliet.futuresystems.org j-012.juliet.futuresystems.org j-053.juliet.futuresystems.org j-065.juliet.futuresystems.org j-058.juliet.futuresystems.org j-013.juliet.futuresystems.org 
17/03/17 12:28:25 INFO fileformat.MultiFileInputFormat: Split on host: j-066.juliet.futuresystems.org j-059.juliet.futuresystems.org j-063.juliet.futuresystems.org j-055.juliet.futuresystems.org j-057.juliet.futuresystems.org j-065.juliet.futuresystems.org j-064.juliet.futuresystems.org j-058.juliet.futuresystems.org j-060.juliet.futuresystems.org 
17/03/17 12:28:25 INFO fileformat.MultiFileInputFormat: Split on host: j-056.juliet.futuresystems.org j-063.juliet.futuresystems.org j-055.juliet.futuresystems.org j-057.juliet.futuresystems.org j-012.juliet.futuresystems.org j-053.juliet.futuresystems.org j-065.juliet.futuresystems.org j-064.juliet.futuresystems.org j-058.juliet.futuresystems.org j-060.juliet.futuresystems.org 
17/03/17 12:28:26 INFO fileformat.MultiFileInputFormat: Split on host: j-056.juliet.futuresystems.org j-066.juliet.futuresystems.org j-063.juliet.futuresystems.org j-061.juliet.futuresystems.org j-055.juliet.futuresystems.org j-053.juliet.futuresystems.org j-012.juliet.futuresystems.org j-062.juliet.futuresystems.org j-058.juliet.futuresystems.org j-060.juliet.futuresystems.org j-013.juliet.futuresystems.org 
17/03/17 12:28:26 INFO fileformat.MultiFileInputFormat: Split on host: j-066.juliet.futuresystems.org j-056.juliet.futuresystems.org j-063.juliet.futuresystems.org j-061.juliet.futuresystems.org j-055.juliet.futuresystems.org j-053.juliet.futuresystems.org j-062.juliet.futuresystems.org j-065.juliet.futuresystems.org j-060.juliet.futuresystems.org j-013.juliet.futuresystems.org 
17/03/17 12:28:26 INFO fileformat.MultiFileInputFormat: Split on host: j-066.juliet.futuresystems.org j-063.juliet.futuresystems.org j-061.juliet.futuresystems.org j-057.juliet.futuresystems.org j-055.juliet.futuresystems.org j-053.juliet.futuresystems.org j-012.juliet.futuresystems.org j-058.juliet.futuresystems.org j-060.juliet.futuresystems.org j-013.juliet.futuresystems.org 
17/03/17 12:28:26 INFO fileformat.MultiFileInputFormat: Split on host: j-066.juliet.futuresystems.org j-061.juliet.futuresystems.org j-053.juliet.futuresystems.org j-062.juliet.futuresystems.org j-065.juliet.futuresystems.org j-064.juliet.futuresystems.org j-058.juliet.futuresystems.org j-060.juliet.futuresystems.org j-054.juliet.futuresystems.org j-013.juliet.futuresystems.org 
17/03/17 12:28:26 INFO fileformat.MultiFileInputFormat: Split on host: j-056.juliet.futuresystems.org j-063.juliet.futuresystems.org j-059.juliet.futuresystems.org j-061.juliet.futuresystems.org j-057.juliet.futuresystems.org j-053.juliet.futuresystems.org j-012.juliet.futuresystems.org j-064.juliet.futuresystems.org j-058.juliet.futuresystems.org j-060.juliet.futuresystems.org 
17/03/17 12:28:26 INFO fileformat.MultiFileInputFormat: Split on host: j-066.juliet.futuresystems.org j-063.juliet.futuresystems.org j-057.juliet.futuresystems.org j-055.juliet.futuresystems.org j-053.juliet.futuresystems.org j-012.juliet.futuresystems.org j-065.juliet.futuresystems.org j-058.juliet.futuresystems.org j-060.juliet.futuresystems.org j-013.juliet.futuresystems.org j-054.juliet.futuresystems.org 
17/03/17 12:28:26 INFO fileformat.MultiFileInputFormat: Split on host: j-056.juliet.futuresystems.org j-066.juliet.futuresystems.org j-063.juliet.futuresystems.org j-061.juliet.futuresystems.org j-057.juliet.futuresystems.org j-053.juliet.futuresystems.org j-062.juliet.futuresystems.org j-065.juliet.futuresystems.org j-060.juliet.futuresystems.org j-013.juliet.futuresystems.org j-054.juliet.futuresystems.org 
17/03/17 12:28:26 INFO fileformat.MultiFileInputFormat: Split on host: j-066.juliet.futuresystems.org j-056.juliet.futuresystems.org j-059.juliet.futuresystems.org j-055.juliet.futuresystems.org j-053.juliet.futuresystems.org j-012.juliet.futuresystems.org j-062.juliet.futuresystems.org j-064.juliet.futuresystems.org j-058.juliet.futuresystems.org j-060.juliet.futuresystems.org j-054.juliet.futuresystems.org j-013.juliet.futuresystems.org 
17/03/17 12:28:26 INFO fileformat.MultiFileInputFormat: Split on host: j-056.juliet.futuresystems.org j-066.juliet.futuresystems.org j-059.juliet.futuresystems.org j-063.juliet.futuresystems.org j-061.juliet.futuresystems.org j-057.juliet.futuresystems.org j-053.juliet.futuresystems.org j-065.juliet.futuresystems.org j-060.juliet.futuresystems.org j-013.juliet.futuresystems.org j-054.juliet.futuresystems.org 
17/03/17 12:28:26 INFO fileformat.MultiFileInputFormat: Split on host: j-059.juliet.futuresystems.org j-063.juliet.futuresystems.org j-061.juliet.futuresystems.org j-057.juliet.futuresystems.org j-062.juliet.futuresystems.org j-065.juliet.futuresystems.org j-064.juliet.futuresystems.org j-060.juliet.futuresystems.org j-013.juliet.futuresystems.org 
17/03/17 12:28:26 INFO fileformat.MultiFileInputFormat: Split on host: j-066.juliet.futuresystems.org j-056.juliet.futuresystems.org j-061.juliet.futuresystems.org j-055.juliet.futuresystems.org j-012.juliet.futuresystems.org j-058.juliet.futuresystems.org j-054.juliet.futuresystems.org j-013.juliet.futuresystems.org 
17/03/17 12:28:26 INFO fileformat.MultiFileInputFormat: Total # of splits: 16
17/03/17 12:28:26 INFO mapreduce.JobSubmitter: number of splits:16
17/03/17 12:28:26 INFO mapreduce.JobSubmitter: Submitting tokens for job: job_1489165733656_0314
command: $JAVA_HOME/bin/java -Dlog4j.configuration=container-log4j.properties -Dyarn.app.container.log.dir=<LOG_DIR> -Dyarn.app.container.log.filesize=0 -Dhadoop.root.logger=INFO,CLA  -Xmx1024m org.apache.hadoop.mapreduce.v2.app.MapCollectiveAppMaster 1><LOG_DIR>/stdout 2><LOG_DIR>/stderr 
17/03/17 12:28:26 INFO impl.YarnClientImpl: Submitted application application_1489165733656_0314
17/03/17 12:28:26 INFO mapreduce.Job: The url to track the job: http://j-011:8088/proxy/application_1489165733656_0314/
17/03/17 12:28:26 INFO mapreduce.Job: Running job: job_1489165733656_0314
17/03/17 12:28:31 INFO mapreduce.Job: Job job_1489165733656_0314 running in uber mode : false
17/03/17 12:28:31 INFO mapreduce.Job:  map 0% reduce 0%
17/03/17 12:28:42 INFO mapreduce.Job:  map 100% reduce 0%
17/03/17 12:54:56 INFO mapreduce.Job: Job job_1489165733656_0314 completed successfully
17/03/17 12:54:57 INFO mapreduce.Job: Counters: 30
	File System Counters
		FILE: Number of bytes read=0
		FILE: Number of bytes written=1701158
		FILE: Number of read operations=0
		FILE: Number of large read operations=0
		FILE: Number of write operations=0
		HDFS: Number of bytes read=8237103703
		HDFS: Number of bytes written=23
		HDFS: Number of read operations=128
		HDFS: Number of large read operations=0
		HDFS: Number of write operations=32
	Job Counters 
		Launched map tasks=16
		Other local map tasks=16
		Total time spent by all maps in occupied slots (ms)=25315958
		Total time spent by all reduces in occupied slots (ms)=0
		Total time spent by all map tasks (ms)=25315958
		Total vcore-seconds taken by all map tasks=25315958
		Total megabyte-seconds taken by all map tasks=25923540992
	Map-Reduce Framework
		Map input records=16
		Map output records=1
		Input split bytes=1680
		Spilled Records=0
		Failed Shuffles=0
		Merged Map outputs=0
		GC time elapsed (ms)=286908
		CPU time spent (ms)=151234300
		Physical memory (bytes) snapshot=548499021824
		Virtual memory (bytes) snapshot=1298324402176
		Total committed heap usage (bytes)=1119431426048
	File Input Format Counters 
		Bytes Read=0
	File Output Format Counters 
		Bytes Written=23
1592692ms
17/03/17 12:54:58 WARN util.NativeCodeLoader: Unable to load native-hadoop library for your platform... using builtin-java classes where applicable
finalCount	40716013405
[The 1 times] Above experiment is: ./runHarpSgcr2.sh /N/u/mengli/harp-sahad/experiments/template/u3-1.t sahad-data/nyc/nyc-u-e-16 sahad-output/nyc/nyc-u-e-16/40threads/1 16 40
use Local MultiThread? true
set Number of Map Tasks = 4
set number of threads: 40
17/03/17 12:54:59 WARN util.NativeCodeLoader: Unable to load native-hadoop library for your platform... using builtin-java classes where applicable
Get map collective runner
17/03/17 12:55:00 INFO client.RMProxy: Connecting to ResourceManager at j-011/172.16.0.11:8032
17/03/17 12:55:00 INFO input.FileInputFormat: Total input paths to process : 4
17/03/17 12:55:00 INFO fileformat.MultiFileInputFormat: NUMBER OF FILES: 4
17/03/17 12:55:00 INFO fileformat.MultiFileInputFormat: NUMBER OF MAPS: 4
17/03/17 12:55:00 INFO fileformat.MultiFileInputFormat: Split on host: j-066.juliet.futuresystems.org j-059.juliet.futuresystems.org j-061.juliet.futuresystems.org j-012.juliet.futuresystems.org j-053.juliet.futuresystems.org j-065.juliet.futuresystems.org j-064.juliet.futuresystems.org j-060.juliet.futuresystems.org j-056.juliet.futuresystems.org j-063.juliet.futuresystems.org j-055.juliet.futuresystems.org j-057.juliet.futuresystems.org j-062.juliet.futuresystems.org j-054.juliet.futuresystems.org j-013.juliet.futuresystems.org 
17/03/17 12:55:00 INFO fileformat.MultiFileInputFormat: Split on host: j-066.juliet.futuresystems.org j-059.juliet.futuresystems.org j-012.juliet.futuresystems.org j-053.juliet.futuresystems.org j-065.juliet.futuresystems.org j-064.juliet.futuresystems.org j-060.juliet.futuresystems.org j-056.juliet.futuresystems.org j-063.juliet.futuresystems.org j-055.juliet.futuresystems.org j-057.juliet.futuresystems.org j-062.juliet.futuresystems.org j-058.juliet.futuresystems.org j-054.juliet.futuresystems.org j-013.juliet.futuresystems.org 
17/03/17 12:55:00 INFO fileformat.MultiFileInputFormat: Split on host: j-066.juliet.futuresystems.org j-059.juliet.futuresystems.org j-061.juliet.futuresystems.org j-012.juliet.futuresystems.org j-053.juliet.futuresystems.org j-065.juliet.futuresystems.org j-064.juliet.futuresystems.org j-060.juliet.futuresystems.org j-056.juliet.futuresystems.org j-063.juliet.futuresystems.org j-057.juliet.futuresystems.org j-055.juliet.futuresystems.org j-062.juliet.futuresystems.org j-058.juliet.futuresystems.org j-013.juliet.futuresystems.org j-054.juliet.futuresystems.org 
17/03/17 12:55:00 INFO fileformat.MultiFileInputFormat: Split on host: j-066.juliet.futuresystems.org j-059.juliet.futuresystems.org j-061.juliet.futuresystems.org j-012.juliet.futuresystems.org j-053.juliet.futuresystems.org j-065.juliet.futuresystems.org j-060.juliet.futuresystems.org j-056.juliet.futuresystems.org j-063.juliet.futuresystems.org j-055.juliet.futuresystems.org j-057.juliet.futuresystems.org j-062.juliet.futuresystems.org j-058.juliet.futuresystems.org j-013.juliet.futuresystems.org j-054.juliet.futuresystems.org 
17/03/17 12:55:00 INFO fileformat.MultiFileInputFormat: Total # of splits: 4
17/03/17 12:55:01 INFO mapreduce.JobSubmitter: number of splits:4
17/03/17 12:55:01 INFO mapreduce.JobSubmitter: Submitting tokens for job: job_1489165733656_0315
command: $JAVA_HOME/bin/java -Dlog4j.configuration=container-log4j.properties -Dyarn.app.container.log.dir=<LOG_DIR> -Dyarn.app.container.log.filesize=0 -Dhadoop.root.logger=INFO,CLA  -Xmx1024m org.apache.hadoop.mapreduce.v2.app.MapCollectiveAppMaster 1><LOG_DIR>/stdout 2><LOG_DIR>/stderr 
17/03/17 12:55:01 INFO impl.YarnClientImpl: Submitted application application_1489165733656_0315
17/03/17 12:55:01 INFO mapreduce.Job: The url to track the job: http://j-011:8088/proxy/application_1489165733656_0315/
17/03/17 12:55:01 INFO mapreduce.Job: Running job: job_1489165733656_0315
17/03/17 12:55:07 INFO mapreduce.Job: Job job_1489165733656_0315 running in uber mode : false
17/03/17 12:55:07 INFO mapreduce.Job:  map 0% reduce 0%
17/03/17 12:55:17 INFO mapreduce.Job:  map 100% reduce 0%
17/03/17 14:56:27 INFO mapreduce.Job: Job job_1489165733656_0315 completed successfully
17/03/17 14:56:27 INFO mapreduce.Job: Counters: 30
	File System Counters
		FILE: Number of bytes read=0
		FILE: Number of bytes written=425264
		FILE: Number of read operations=0
		FILE: Number of large read operations=0
		FILE: Number of write operations=0
		HDFS: Number of bytes read=8237093811
		HDFS: Number of bytes written=27
		HDFS: Number of read operations=32
		HDFS: Number of large read operations=0
		HDFS: Number of write operations=8
	Job Counters 
		Launched map tasks=4
		Other local map tasks=4
		Total time spent by all maps in occupied slots (ms)=29114679
		Total time spent by all reduces in occupied slots (ms)=0
		Total time spent by all map tasks (ms)=29114679
		Total vcore-seconds taken by all map tasks=29114679
		Total megabyte-seconds taken by all map tasks=29813431296
	Map-Reduce Framework
		Map input records=4
		Map output records=1
		Input split bytes=416
		Spilled Records=0
		Failed Shuffles=0
		Merged Map outputs=0
		GC time elapsed (ms)=2388738
		CPU time spent (ms)=292764230
		Physical memory (bytes) snapshot=320816111616
		Virtual memory (bytes) snapshot=324686954496
		Total committed heap usage (bytes)=282050691072
	File Input Format Counters 
		Bytes Read=0
	File Output Format Counters 
		Bytes Written=27
7288708ms
17/03/17 14:56:29 WARN util.NativeCodeLoader: Unable to load native-hadoop library for your platform... using builtin-java classes where applicable
finalCount	422454503863880
[The 1 times] Above experiment is: ./runHarpSgcr2.sh /N/u/mengli/harp-sahad/experiments/template/u5-1.t sahad-data/nyc/nyc-u-e-4 sahad-output/nyc/nyc-u-e-4/40threads/1 4 40
use Local MultiThread? true
set Number of Map Tasks = 8
set number of threads: 40
17/03/17 14:56:30 WARN util.NativeCodeLoader: Unable to load native-hadoop library for your platform... using builtin-java classes where applicable
Get map collective runner
17/03/17 14:56:31 INFO client.RMProxy: Connecting to ResourceManager at j-011/172.16.0.11:8032
17/03/17 14:56:32 INFO input.FileInputFormat: Total input paths to process : 8
17/03/17 14:56:32 INFO fileformat.MultiFileInputFormat: NUMBER OF FILES: 8
17/03/17 14:56:32 INFO fileformat.MultiFileInputFormat: NUMBER OF MAPS: 8
17/03/17 14:56:32 INFO fileformat.MultiFileInputFormat: Split on host: j-066.juliet.futuresystems.org j-059.juliet.futuresystems.org j-061.juliet.futuresystems.org j-053.juliet.futuresystems.org j-012.juliet.futuresystems.org j-064.juliet.futuresystems.org j-060.juliet.futuresystems.org j-056.juliet.futuresystems.org j-063.juliet.futuresystems.org j-057.juliet.futuresystems.org j-062.juliet.futuresystems.org j-058.juliet.futuresystems.org j-013.juliet.futuresystems.org j-054.juliet.futuresystems.org 
17/03/17 14:56:32 INFO fileformat.MultiFileInputFormat: Split on host: j-066.juliet.futuresystems.org j-059.juliet.futuresystems.org j-061.juliet.futuresystems.org j-012.juliet.futuresystems.org j-053.juliet.futuresystems.org j-065.juliet.futuresystems.org j-064.juliet.futuresystems.org j-060.juliet.futuresystems.org j-056.juliet.futuresystems.org j-063.juliet.futuresystems.org j-057.juliet.futuresystems.org j-062.juliet.futuresystems.org j-058.juliet.futuresystems.org j-054.juliet.futuresystems.org j-013.juliet.futuresystems.org 
17/03/17 14:56:32 INFO fileformat.MultiFileInputFormat: Split on host: j-056.juliet.futuresystems.org j-066.juliet.futuresystems.org j-063.juliet.futuresystems.org j-061.juliet.futuresystems.org j-057.juliet.futuresystems.org j-055.juliet.futuresystems.org j-012.juliet.futuresystems.org j-053.juliet.futuresystems.org j-062.juliet.futuresystems.org j-065.juliet.futuresystems.org j-058.juliet.futuresystems.org j-054.juliet.futuresystems.org 
17/03/17 14:56:32 INFO fileformat.MultiFileInputFormat: Split on host: j-066.juliet.futuresystems.org j-056.juliet.futuresystems.org j-063.juliet.futuresystems.org j-057.juliet.futuresystems.org j-055.juliet.futuresystems.org j-053.juliet.futuresystems.org j-062.juliet.futuresystems.org j-065.juliet.futuresystems.org j-064.juliet.futuresystems.org j-058.juliet.futuresystems.org j-060.juliet.futuresystems.org j-013.juliet.futuresystems.org 
17/03/17 14:56:32 INFO fileformat.MultiFileInputFormat: Split on host: j-066.juliet.futuresystems.org j-059.juliet.futuresystems.org j-061.juliet.futuresystems.org j-053.juliet.futuresystems.org j-012.juliet.futuresystems.org j-065.juliet.futuresystems.org j-064.juliet.futuresystems.org j-060.juliet.futuresystems.org j-056.juliet.futuresystems.org j-063.juliet.futuresystems.org j-055.juliet.futuresystems.org j-057.juliet.futuresystems.org j-062.juliet.futuresystems.org j-058.juliet.futuresystems.org j-054.juliet.futuresystems.org 
17/03/17 14:56:32 INFO fileformat.MultiFileInputFormat: Split on host: j-066.juliet.futuresystems.org j-059.juliet.futuresystems.org j-061.juliet.futuresystems.org j-053.juliet.futuresystems.org j-065.juliet.futuresystems.org j-064.juliet.futuresystems.org j-060.juliet.futuresystems.org j-056.juliet.futuresystems.org j-063.juliet.futuresystems.org j-055.juliet.futuresystems.org j-057.juliet.futuresystems.org j-062.juliet.futuresystems.org j-058.juliet.futuresystems.org j-013.juliet.futuresystems.org j-054.juliet.futuresystems.org 
17/03/17 14:56:32 INFO fileformat.MultiFileInputFormat: Split on host: j-066.juliet.futuresystems.org j-059.juliet.futuresystems.org j-061.juliet.futuresystems.org j-053.juliet.futuresystems.org j-012.juliet.futuresystems.org j-065.juliet.futuresystems.org j-064.juliet.futuresystems.org j-060.juliet.futuresystems.org j-056.juliet.futuresystems.org j-063.juliet.futuresystems.org j-057.juliet.futuresystems.org j-055.juliet.futuresystems.org j-062.juliet.futuresystems.org j-013.juliet.futuresystems.org j-054.juliet.futuresystems.org 
17/03/17 14:56:32 INFO fileformat.MultiFileInputFormat: Split on host: j-066.juliet.futuresystems.org j-059.juliet.futuresystems.org j-063.juliet.futuresystems.org j-061.juliet.futuresystems.org j-012.juliet.futuresystems.org j-053.juliet.futuresystems.org j-062.juliet.futuresystems.org j-065.juliet.futuresystems.org j-064.juliet.futuresystems.org j-058.juliet.futuresystems.org j-013.juliet.futuresystems.org 
17/03/17 14:56:32 INFO fileformat.MultiFileInputFormat: Total # of splits: 8
17/03/17 14:56:32 INFO mapreduce.JobSubmitter: number of splits:8
17/03/17 14:56:32 INFO mapreduce.JobSubmitter: Submitting tokens for job: job_1489165733656_0316
command: $JAVA_HOME/bin/java -Dlog4j.configuration=container-log4j.properties -Dyarn.app.container.log.dir=<LOG_DIR> -Dyarn.app.container.log.filesize=0 -Dhadoop.root.logger=INFO,CLA  -Xmx1024m org.apache.hadoop.mapreduce.v2.app.MapCollectiveAppMaster 1><LOG_DIR>/stdout 2><LOG_DIR>/stderr 
17/03/17 14:56:32 INFO impl.YarnClientImpl: Submitted application application_1489165733656_0316
17/03/17 14:56:32 INFO mapreduce.Job: The url to track the job: http://j-011:8088/proxy/application_1489165733656_0316/
17/03/17 14:56:32 INFO mapreduce.Job: Running job: job_1489165733656_0316
17/03/17 14:56:37 INFO mapreduce.Job: Job job_1489165733656_0316 running in uber mode : false
17/03/17 14:56:37 INFO mapreduce.Job:  map 0% reduce 0%
17/03/17 14:56:47 INFO mapreduce.Job:  map 100% reduce 0%
17/03/17 15:17:40 INFO mapreduce.Job:  map 88% reduce 0%
17/03/17 15:17:40 INFO mapreduce.Job:  map 0% reduce 0%
17/03/17 15:17:40 INFO mapreduce.Job: Job job_1489165733656_0316 failed with state KILLED due to: Application killed by user.
17/03/17 15:17:40 INFO mapreduce.Job: Counters: 0
1270249ms
