Loading graph takes: 37290ms
time: 3840ms
time: 1971ms
time: 2950ms
time: 1838ms
time: 2220ms
time: 2170ms
time: 3682ms
time: 1193ms
time: 2111ms
time: 2292ms
time: 3238ms
time: 1744ms
time: 2248ms
time: 2140ms
time: 2968ms
time: 1507ms
time: 2155ms
time: 2110ms
time: 3202ms
time: 1361ms
time: 2134ms
time: 2155ms
time: 2853ms
time: 1551ms
time: 2277ms
time: 2234ms
time: 3342ms
time: 1401ms
time: 2465ms
time: 2187ms
time: 2820ms
time: 1337ms
time: 2332ms
time: 2171ms
time: 3152ms
time: 1416ms
time: 2147ms
time: 2270ms
time: 3042ms
time: 1461ms
Count: 2.3063005354667E13
Total time (real computation):97234ms
Total time (from beginning to end): 134590ms
