Loading graph takes: 53ms
time: 107ms
time: 9ms
time: 20ms
time: 16ms
time: 16ms
time: 24ms
time: 16ms
time: 14ms
time: 16ms
time: 15ms
time: 15ms
time: 14ms
time: 16ms
time: 14ms
time: 16ms
time: 20ms
time: 15ms
time: 5ms
time: 3ms
time: 4ms
time: 4ms
time: 7ms
time: 5ms
time: 7ms
time: 2ms
time: 2ms
time: 4ms
time: 2ms
time: 3ms
time: 3ms
time: 12ms
time: 4ms
time: 4ms
time: 4ms
time: 3ms
time: 5ms
time: 4ms
time: 4ms
time: 4ms
time: 4ms
time: 3ms
time: 2ms
time: 3ms
time: 3ms
time: 3ms
time: 4ms
time: 20ms
time: 4ms
time: 4ms
time: 3ms
time: 5ms
time: 4ms
time: 5ms
time: 3ms
time: 2ms
time: 3ms
time: 3ms
time: 3ms
time: 3ms
time: 3ms
time: 3ms
time: 4ms
time: 3ms
time: 3ms
time: 3ms
time: 4ms
time: 3ms
time: 3ms
time: 4ms
time: 3ms
time: 4ms
time: 4ms
time: 3ms
time: 4ms
time: 4ms
time: 4ms
time: 4ms
time: 4ms
time: 3ms
time: 4ms
time: 3ms
time: 4ms
time: 3ms
time: 4ms
time: 4ms
time: 3ms
time: 6ms
time: 4ms
time: 3ms
time: 4ms
time: 4ms
time: 4ms
time: 3ms
time: 4ms
time: 3ms
time: 3ms
time: 3ms
time: 3ms
time: 9ms
time: 4ms
time: 4ms
time: 4ms
time: 4ms
time: 3ms
time: 3ms
time: 3ms
time: 2ms
time: 2ms
time: 3ms
time: 3ms
time: 2ms
time: 3ms
time: 6ms
time: 3ms
time: 7ms
time: 3ms
time: 4ms
time: 4ms
time: 3ms
time: 4ms
time: 3ms
time: 3ms
time: 3ms
time: 6ms
time: 3ms
time: 4ms
time: 3ms
time: 4ms
time: 3ms
time: 3ms
time: 4ms
time: 4ms
time: 3ms
time: 4ms
time: 3ms
time: 4ms
time: 4ms
time: 4ms
time: 5ms
time: 4ms
time: 4ms
time: 4ms
time: 6ms
time: 4ms
time: 4ms
time: 4ms
time: 4ms
time: 5ms
time: 6ms
time: 4ms
time: 4ms
time: 4ms
time: 4ms
time: 5ms
time: 4ms
time: 4ms
time: 3ms
time: 4ms
time: 10ms
time: 4ms
time: 4ms
time: 3ms
time: 4ms
time: 4ms
time: 4ms
time: 4ms
time: 4ms
time: 3ms
time: 4ms
time: 4ms
time: 4ms
time: 4ms
time: 3ms
time: 4ms
time: 4ms
time: 4ms
time: 4ms
time: 4ms
time: 3ms
time: 3ms
time: 3ms
time: 4ms
time: 3ms
time: 3ms
time: 3ms
time: 7ms
time: 4ms
time: 5ms
time: 3ms
time: 3ms
time: 3ms
time: 5ms
time: 4ms
time: 4ms
time: 3ms
time: 4ms
time: 4ms
time: 4ms
time: 3ms
time: 4ms
Count: 200160.0
Total time (real computation):2001ms
Total time (from beginning to end): 2105ms
