Loading graph takes: 34228ms
[Continuations] ERROR: Unable to instrument
java.lang.ArrayIndexOutOfBoundsException: 44032
	at org.objectweb.asm.ClassReader.<init>(Unknown Source)
	at org.objectweb.asm.ClassReader.<init>(Unknown Source)
	at edu.rice.hj.continuation.instrument.JavaAgent.instrumentClass(JavaAgent.java:112)
	at edu.rice.hj.continuation.instrument.JavaAgent.access$000(JavaAgent.java:79)
	at edu.rice.hj.continuation.instrument.JavaAgent$Transformer.transform(JavaAgent.java:103)
	at sun.instrument.TransformerManager.transform(TransformerManager.java:188)
	at sun.instrument.InstrumentationImpl.transform(InstrumentationImpl.java:428)
	at java.lang.ClassLoader.defineClass1(Native Method)
	at java.lang.ClassLoader.defineClass(ClassLoader.java:763)
	at java.security.SecureClassLoader.defineClass(SecureClassLoader.java:142)
	at java.net.URLClassLoader.defineClass(URLClassLoader.java:467)
	at java.net.URLClassLoader.access$100(URLClassLoader.java:73)
	at java.net.URLClassLoader$1.run(URLClassLoader.java:368)
	at java.net.URLClassLoader$1.run(URLClassLoader.java:362)
	at java.security.AccessController.doPrivileged(Native Method)
	at java.net.URLClassLoader.findClass(URLClassLoader.java:361)
	at java.lang.ClassLoader.loadClass(ClassLoader.java:424)
	at sun.misc.Launcher$AppClassLoader.loadClass(Launcher.java:331)
	at java.lang.ClassLoader.loadClass(ClassLoader.java:357)
	at fascia.Fascia.run_single(Fascia.java:119)
	at fascia.Fascia.<init>(Fascia.java:80)
	at fascia.Fascia.main(Fascia.java:137)
[Continuations] ERROR: Unable to instrument
java.lang.ArrayIndexOutOfBoundsException: 122
	at org.objectweb.asm.ClassReader.a(Unknown Source)
	at org.objectweb.asm.ClassReader.readUTF8(Unknown Source)
	at org.objectweb.asm.ClassReader.readClass(Unknown Source)
	at org.objectweb.asm.ClassReader.a(Unknown Source)
	at org.objectweb.asm.ClassWriter.<init>(Unknown Source)
	at edu.rice.hj.continuation.instrument.DBClassWriter.<init>(DBClassWriter.java:43)
	at edu.rice.hj.continuation.instrument.JavaAgent.instrumentClass(JavaAgent.java:113)
	at edu.rice.hj.continuation.instrument.JavaAgent.access$000(JavaAgent.java:79)
	at edu.rice.hj.continuation.instrument.JavaAgent$Transformer.transform(JavaAgent.java:103)
	at sun.instrument.TransformerManager.transform(TransformerManager.java:188)
	at sun.instrument.InstrumentationImpl.transform(InstrumentationImpl.java:428)
	at java.lang.ClassLoader.defineClass1(Native Method)
	at java.lang.ClassLoader.defineClass(ClassLoader.java:763)
	at java.security.SecureClassLoader.defineClass(SecureClassLoader.java:142)
	at java.net.URLClassLoader.defineClass(URLClassLoader.java:467)
	at java.net.URLClassLoader.access$100(URLClassLoader.java:73)
	at java.net.URLClassLoader$1.run(URLClassLoader.java:368)
	at java.net.URLClassLoader$1.run(URLClassLoader.java:362)
	at java.security.AccessController.doPrivileged(Native Method)
	at java.net.URLClassLoader.findClass(URLClassLoader.java:361)
	at java.lang.ClassLoader.loadClass(ClassLoader.java:424)
	at sun.misc.Launcher$AppClassLoader.loadClass(Launcher.java:331)
	at java.lang.ClassLoader.loadClass(ClassLoader.java:357)
	at edu.rice.hj.runtime.baseruntime.BaseRuntime.<init>(BaseRuntime.java:134)
	at edu.rice.hj.runtime.forkjoin.ForkJoinRuntime.<init>(ForkJoinRuntime.java:17)
	at sun.reflect.NativeConstructorAccessorImpl.newInstance0(Native Method)
	at sun.reflect.NativeConstructorAccessorImpl.newInstance(NativeConstructorAccessorImpl.java:62)
	at sun.reflect.DelegatingConstructorAccessorImpl.newInstance(DelegatingConstructorAccessorImpl.java:45)
	at java.lang.reflect.Constructor.newInstance(Constructor.java:423)
	at java.lang.Class.newInstance(Class.java:442)
	at edu.rice.hj.runtime.config.RuntimeType.createRuntimeInstance(RuntimeType.java:88)
	at edu.rice.hj.runtime.config.RuntimeType.access$100(RuntimeType.java:10)
	at edu.rice.hj.runtime.config.RuntimeType$2.initializeRuntime(RuntimeType.java:31)
	at edu.rice.hj.runtime.config.HjConfiguration.createRuntimeInstance(HjConfiguration.java:119)
	at edu.rice.hj.runtime.config.HjConfiguration.initializeRuntime(HjConfiguration.java:83)
	at edu.rice.hj.Module0.initializeHabanero(Module0.java:111)
	at edu.rice.hj.Module0.launchHabaneroApp(Module0.java:59)
	at edu.rice.hj.Module0.launchHabaneroApp(Module0.java:49)
	at fascia.colorcount_HJ.colorful_count(colorcount_HJ.java:386)
	at fascia.colorcount_HJ.template_count(colorcount_HJ.java:242)
	at fascia.colorcount_HJ.do_full_count(colorcount_HJ.java:120)
	at fascia.Fascia.run_single(Fascia.java:121)
	at fascia.Fascia.<init>(Fascia.java:80)
	at fascia.Fascia.main(Fascia.java:137)
time: 97ms
time: 4ms
time: 5ms
time: 80ms
Count: 0.0
Total time (real computation):1795ms
Total time (from beginning to end): 36062ms
